2017-12-19 19:07:11,472 : -----------------------------------------------------------------
2017-12-19 19:07:11,472 : Namespace(batch_size=256, epochs=50, log_interval=500, lr=0.01, momentum=0.9, seed=1, weight_decay=1e-06)
2017-12-19 19:09:59,689 : Train [1|128000] lr: 0.010000 Loss: 5.9186 Acc: 0.1250 UseTime: 74.188668
2017-12-19 19:11:03,114 : Train [1|256000] lr: 0.010000 Loss: 3.7564 Acc: 0.2891 UseTime: 137.614053
2017-12-19 19:12:06,750 : Train [1|384000] lr: 0.010000 Loss: 3.2596 Acc: 0.3789 UseTime: 201.250424
2017-12-19 19:13:10,568 : Train [1|512000] lr: 0.010000 Loss: 2.6784 Acc: 0.4688 UseTime: 265.068440
2017-12-19 19:14:14,221 : Train [1|640000] lr: 0.010000 Loss: 2.3274 Acc: 0.4609 UseTime: 328.721239
2017-12-19 19:15:17,977 : Train [1|768000] lr: 0.010000 Loss: 2.2641 Acc: 0.5117 UseTime: 392.477120
2017-12-19 19:16:21,755 : Train [1|896000] lr: 0.010000 Loss: 1.9505 Acc: 0.5820 UseTime: 456.254664
2017-12-19 19:17:25,437 : Train [1|1024000] lr: 0.010000 Loss: 1.6455 Acc: 0.6602 UseTime: 519.937317
2017-12-19 19:18:29,065 : Train [1|1152000] lr: 0.010000 Loss: 1.3160 Acc: 0.6953 UseTime: 583.565187
2017-12-19 19:19:32,674 : Train [1|1280000] lr: 0.010000 Loss: 1.5383 Acc: 0.6602 UseTime: 647.174108
2017-12-19 19:20:36,431 : Train [1|1408000] lr: 0.010000 Loss: 1.5656 Acc: 0.6719 UseTime: 710.930855
2017-12-19 19:21:39,954 : Train [1|1536000] lr: 0.010000 Loss: 1.3596 Acc: 0.6836 UseTime: 774.454071
2017-12-19 19:22:43,886 : Train [1|1664000] lr: 0.010000 Loss: 1.1340 Acc: 0.7422 UseTime: 838.385815
2017-12-19 19:23:47,262 : Train [1|1792000] lr: 0.010000 Loss: 1.4203 Acc: 0.6797 UseTime: 901.762594
2017-12-19 19:24:50,562 : Train [1|1920000] lr: 0.010000 Loss: 1.3479 Acc: 0.6797 UseTime: 965.062167
2017-12-19 19:25:54,132 : Train [1|2048000] lr: 0.010000 Loss: 0.9365 Acc: 0.7695 UseTime: 1028.632059
2017-12-19 19:26:57,998 : Train [1|2176000] lr: 0.010000 Loss: 1.1335 Acc: 0.7305 UseTime: 1092.498490
2017-12-19 19:28:01,349 : Train [1|2304000] lr: 0.010000 Loss: 1.0423 Acc: 0.7383 UseTime: 1155.849356
2017-12-19 19:30:23,344 : EvalTotal acc: 0.637414 loss: 1.837468
2017-12-19 19:30:23,345 : -----------------------------------------------------------------
2017-12-19 19:31:30,131 : Train [2|128000] lr: 0.010000 Loss: 0.6441 Acc: 0.8320 UseTime: 66.784894
2017-12-19 19:32:33,734 : Train [2|256000] lr: 0.010000 Loss: 0.8912 Acc: 0.7852 UseTime: 130.388161
2017-12-19 19:33:37,457 : Train [2|384000] lr: 0.010000 Loss: 0.8545 Acc: 0.8125 UseTime: 194.110700
2017-12-19 19:34:41,106 : Train [2|512000] lr: 0.010000 Loss: 0.8422 Acc: 0.8008 UseTime: 257.760213
2017-12-19 19:35:44,653 : Train [2|640000] lr: 0.010000 Loss: 0.6842 Acc: 0.8320 UseTime: 321.307407
2017-12-19 19:36:48,632 : Train [2|768000] lr: 0.010000 Loss: 0.7124 Acc: 0.8125 UseTime: 385.285748
2017-12-19 19:37:52,885 : Train [2|896000] lr: 0.010000 Loss: 0.7123 Acc: 0.8516 UseTime: 449.539044
2017-12-19 19:38:57,088 : Train [2|1024000] lr: 0.010000 Loss: 0.6487 Acc: 0.8594 UseTime: 513.741705
2017-12-19 19:40:01,264 : Train [2|1152000] lr: 0.010000 Loss: 0.5387 Acc: 0.8594 UseTime: 577.918278
2017-12-19 19:41:05,645 : Train [2|1280000] lr: 0.010000 Loss: 0.5862 Acc: 0.8359 UseTime: 642.298653
2017-12-19 19:42:09,792 : Train [2|1408000] lr: 0.010000 Loss: 0.6157 Acc: 0.8477 UseTime: 706.445664
2017-12-19 19:43:13,922 : Train [2|1536000] lr: 0.010000 Loss: 0.5543 Acc: 0.8672 UseTime: 770.576133
2017-12-19 19:44:18,088 : Train [2|1664000] lr: 0.010000 Loss: 0.6481 Acc: 0.8516 UseTime: 834.741825
2017-12-19 19:45:22,356 : Train [2|1792000] lr: 0.010000 Loss: 0.5183 Acc: 0.8711 UseTime: 899.010203
2017-12-19 19:46:26,635 : Train [2|1920000] lr: 0.010000 Loss: 0.4937 Acc: 0.8594 UseTime: 963.288613
2017-12-19 19:47:30,784 : Train [2|2048000] lr: 0.010000 Loss: 0.5499 Acc: 0.8398 UseTime: 1027.438253
2017-12-19 19:48:34,937 : Train [2|2176000] lr: 0.010000 Loss: 0.4910 Acc: 0.8867 UseTime: 1091.591096
2017-12-19 19:49:38,998 : Train [2|2304000] lr: 0.010000 Loss: 0.5982 Acc: 0.8711 UseTime: 1155.651952
2017-12-19 19:52:04,545 : EvalTotal acc: 0.689998 loss: 1.644639
2017-12-19 19:52:04,546 : -----------------------------------------------------------------
2017-12-19 19:53:11,403 : Train [3|128000] lr: 0.010000 Loss: 0.3526 Acc: 0.9062 UseTime: 66.856082
2017-12-19 19:54:15,447 : Train [3|256000] lr: 0.010000 Loss: 0.6497 Acc: 0.8242 UseTime: 130.899545
2017-12-19 19:55:19,410 : Train [3|384000] lr: 0.010000 Loss: 0.3517 Acc: 0.8984 UseTime: 194.862743
2017-12-19 19:56:23,710 : Train [3|512000] lr: 0.010000 Loss: 0.4533 Acc: 0.8906 UseTime: 259.163232
2017-12-19 19:57:27,952 : Train [3|640000] lr: 0.010000 Loss: 0.3686 Acc: 0.8906 UseTime: 323.404442
2017-12-19 19:58:31,950 : Train [3|768000] lr: 0.010000 Loss: 0.4506 Acc: 0.8750 UseTime: 387.403019
2017-12-19 19:59:35,945 : Train [3|896000] lr: 0.010000 Loss: 0.5003 Acc: 0.8750 UseTime: 451.397481
2017-12-19 20:00:39,814 : Train [3|1024000] lr: 0.010000 Loss: 0.4064 Acc: 0.8984 UseTime: 515.266463
2017-12-19 20:01:44,090 : Train [3|1152000] lr: 0.010000 Loss: 0.3577 Acc: 0.8984 UseTime: 579.542307
2017-12-19 20:02:48,316 : Train [3|1280000] lr: 0.010000 Loss: 0.4290 Acc: 0.8906 UseTime: 643.768584
2017-12-19 20:03:52,601 : Train [3|1408000] lr: 0.010000 Loss: 0.3846 Acc: 0.9023 UseTime: 708.053817
2017-12-19 20:04:56,497 : Train [3|1536000] lr: 0.010000 Loss: 0.3556 Acc: 0.9023 UseTime: 771.950000
2017-12-19 20:06:00,837 : Train [3|1664000] lr: 0.010000 Loss: 0.2247 Acc: 0.9375 UseTime: 836.289231
2017-12-19 20:07:04,742 : Train [3|1792000] lr: 0.010000 Loss: 0.3636 Acc: 0.8828 UseTime: 900.195138
2017-12-19 20:08:08,842 : Train [3|1920000] lr: 0.010000 Loss: 0.3669 Acc: 0.8828 UseTime: 964.294460
2017-12-19 20:09:12,977 : Train [3|2048000] lr: 0.010000 Loss: 0.3351 Acc: 0.9062 UseTime: 1028.429717
2017-12-19 20:10:17,708 : Train [3|2176000] lr: 0.010000 Loss: 0.2303 Acc: 0.9414 UseTime: 1093.160256
2017-12-19 20:11:21,912 : Train [3|2304000] lr: 0.010000 Loss: 0.2904 Acc: 0.9180 UseTime: 1157.364571
2017-12-19 20:13:47,594 : EvalTotal acc: 0.707992 loss: 1.695918
2017-12-19 20:13:47,595 : -----------------------------------------------------------------
2017-12-19 20:14:54,466 : Train [4|128000] lr: 0.010000 Loss: 0.2589 Acc: 0.9414 UseTime: 66.869709
2017-12-19 20:15:58,574 : Train [4|256000] lr: 0.010000 Loss: 0.1329 Acc: 0.9570 UseTime: 130.977592
2017-12-19 20:17:02,603 : Train [4|384000] lr: 0.010000 Loss: 0.2128 Acc: 0.9414 UseTime: 195.006625
2017-12-19 20:18:07,085 : Train [4|512000] lr: 0.010000 Loss: 0.2447 Acc: 0.9375 UseTime: 259.488972
2017-12-19 20:19:11,249 : Train [4|640000] lr: 0.010000 Loss: 0.2011 Acc: 0.9414 UseTime: 323.652569
2017-12-19 20:20:15,477 : Train [4|768000] lr: 0.010000 Loss: 0.1625 Acc: 0.9688 UseTime: 387.880571
2017-12-19 20:21:19,762 : Train [4|896000] lr: 0.010000 Loss: 0.2156 Acc: 0.9336 UseTime: 452.165326
2017-12-19 20:22:23,806 : Train [4|1024000] lr: 0.010000 Loss: 0.3164 Acc: 0.9062 UseTime: 516.209686
2017-12-19 20:23:27,966 : Train [4|1152000] lr: 0.010000 Loss: 0.1980 Acc: 0.9531 UseTime: 580.369345
2017-12-19 20:24:32,021 : Train [4|1280000] lr: 0.010000 Loss: 0.1305 Acc: 0.9531 UseTime: 644.424621
2017-12-19 20:25:36,366 : Train [4|1408000] lr: 0.010000 Loss: 0.1753 Acc: 0.9531 UseTime: 708.769497
2017-12-19 20:26:40,842 : Train [4|1536000] lr: 0.010000 Loss: 0.2646 Acc: 0.9297 UseTime: 773.245592
2017-12-19 20:27:45,079 : Train [4|1664000] lr: 0.010000 Loss: 0.2418 Acc: 0.9375 UseTime: 837.482817
2017-12-19 20:28:49,300 : Train [4|1792000] lr: 0.010000 Loss: 0.2188 Acc: 0.9375 UseTime: 901.703605
2017-12-19 20:29:53,442 : Train [4|1920000] lr: 0.010000 Loss: 0.1946 Acc: 0.9336 UseTime: 965.845486
2017-12-19 20:30:57,738 : Train [4|2048000] lr: 0.010000 Loss: 0.1495 Acc: 0.9531 UseTime: 1030.142048
2017-12-19 20:32:02,139 : Train [4|2176000] lr: 0.010000 Loss: 0.2312 Acc: 0.9453 UseTime: 1094.542852
2017-12-19 20:33:06,469 : Train [4|2304000] lr: 0.010000 Loss: 0.2008 Acc: 0.9414 UseTime: 1158.872915
2017-12-19 20:35:32,303 : EvalTotal acc: 0.717271 loss: 1.777699
2017-12-19 20:35:32,304 : -----------------------------------------------------------------
2017-12-19 20:36:39,290 : Train [5|128000] lr: 0.010000 Loss: 0.1019 Acc: 0.9727 UseTime: 66.984967
2017-12-19 20:37:43,538 : Train [5|256000] lr: 0.010000 Loss: 0.0678 Acc: 0.9844 UseTime: 131.233044
2017-12-19 20:38:47,596 : Train [5|384000] lr: 0.010000 Loss: 0.1112 Acc: 0.9688 UseTime: 195.291287
2017-12-19 20:39:51,646 : Train [5|512000] lr: 0.010000 Loss: 0.1264 Acc: 0.9570 UseTime: 259.340463
2017-12-19 20:40:55,651 : Train [5|640000] lr: 0.010000 Loss: 0.1125 Acc: 0.9609 UseTime: 323.346330
2017-12-19 20:41:59,837 : Train [5|768000] lr: 0.010000 Loss: 0.0850 Acc: 0.9805 UseTime: 387.531635
2017-12-19 20:43:04,087 : Train [5|896000] lr: 0.010000 Loss: 0.1213 Acc: 0.9570 UseTime: 451.782089
2017-12-19 20:44:07,426 : Train [5|1024000] lr: 0.010000 Loss: 0.1061 Acc: 0.9766 UseTime: 515.120757
2017-12-19 20:45:10,702 : Train [5|1152000] lr: 0.010000 Loss: 0.1461 Acc: 0.9492 UseTime: 578.397247
2017-12-19 20:46:13,904 : Train [5|1280000] lr: 0.010000 Loss: 0.0887 Acc: 0.9844 UseTime: 641.598606
2017-12-19 20:47:17,878 : Train [5|1408000] lr: 0.010000 Loss: 0.0916 Acc: 0.9844 UseTime: 705.573077
2017-12-19 20:48:22,078 : Train [5|1536000] lr: 0.010000 Loss: 0.0704 Acc: 0.9688 UseTime: 769.772514
2017-12-19 20:49:26,030 : Train [5|1664000] lr: 0.010000 Loss: 0.1241 Acc: 0.9609 UseTime: 833.724832
2017-12-19 20:50:30,440 : Train [5|1792000] lr: 0.010000 Loss: 0.0524 Acc: 0.9883 UseTime: 898.134793
2017-12-19 20:51:34,552 : Train [5|1920000] lr: 0.010000 Loss: 0.1304 Acc: 0.9492 UseTime: 962.246961
2017-12-19 20:52:38,736 : Train [5|2048000] lr: 0.010000 Loss: 0.1635 Acc: 0.9570 UseTime: 1026.430533
2017-12-19 20:53:43,174 : Train [5|2176000] lr: 0.010000 Loss: 0.1395 Acc: 0.9570 UseTime: 1090.868639
2017-12-19 20:54:47,495 : Train [5|2304000] lr: 0.010000 Loss: 0.1112 Acc: 0.9727 UseTime: 1155.189661
2017-12-19 20:57:11,073 : EvalTotal acc: 0.726347 loss: 1.842359
2017-12-19 20:57:11,074 : -----------------------------------------------------------------
2017-12-19 20:58:17,392 : Train [6|128000] lr: 0.010000 Loss: 0.0814 Acc: 0.9805 UseTime: 66.316034
2017-12-19 20:59:21,135 : Train [6|256000] lr: 0.010000 Loss: 0.0966 Acc: 0.9688 UseTime: 130.059381
2017-12-19 21:00:25,286 : Train [6|384000] lr: 0.010000 Loss: 0.0671 Acc: 0.9648 UseTime: 194.210505
2017-12-19 21:01:29,089 : Train [6|512000] lr: 0.010000 Loss: 0.0665 Acc: 0.9844 UseTime: 258.012622
2017-12-19 21:02:32,471 : Train [6|640000] lr: 0.010000 Loss: 0.0756 Acc: 0.9844 UseTime: 321.395202
2017-12-19 21:03:35,919 : Train [6|768000] lr: 0.010000 Loss: 0.0828 Acc: 0.9727 UseTime: 384.843599
2017-12-19 21:04:39,619 : Train [6|896000] lr: 0.010000 Loss: 0.0761 Acc: 0.9727 UseTime: 448.542927
2017-12-19 21:05:44,169 : Train [6|1024000] lr: 0.010000 Loss: 0.1118 Acc: 0.9648 UseTime: 513.093526
2017-12-19 21:06:47,590 : Train [6|1152000] lr: 0.010000 Loss: 0.0569 Acc: 0.9805 UseTime: 576.514458
2017-12-19 21:07:51,492 : Train [6|1280000] lr: 0.010000 Loss: 0.0326 Acc: 0.9922 UseTime: 640.416628
2017-12-19 21:08:55,140 : Train [6|1408000] lr: 0.010000 Loss: 0.1254 Acc: 0.9727 UseTime: 704.064127
2017-12-19 21:09:58,993 : Train [6|1536000] lr: 0.010000 Loss: 0.0888 Acc: 0.9609 UseTime: 767.916720
2017-12-19 21:11:02,729 : Train [6|1664000] lr: 0.010000 Loss: 0.0766 Acc: 0.9766 UseTime: 831.652868
2017-12-19 21:12:06,164 : Train [6|1792000] lr: 0.010000 Loss: 0.0642 Acc: 0.9844 UseTime: 895.088570
2017-12-19 21:13:09,907 : Train [6|1920000] lr: 0.010000 Loss: 0.0484 Acc: 0.9844 UseTime: 958.831420
2017-12-19 21:14:13,514 : Train [6|2048000] lr: 0.010000 Loss: 0.0564 Acc: 0.9805 UseTime: 1022.437666
2017-12-19 21:15:17,281 : Train [6|2176000] lr: 0.010000 Loss: 0.0702 Acc: 0.9844 UseTime: 1086.205219
2017-12-19 21:16:21,099 : Train [6|2304000] lr: 0.010000 Loss: 0.0786 Acc: 0.9609 UseTime: 1150.023157
2017-12-19 21:18:43,061 : EvalTotal acc: 0.728549 loss: 1.965540
2017-12-19 21:18:43,062 : -----------------------------------------------------------------
2017-12-19 21:19:49,084 : Train [7|128000] lr: 0.010000 Loss: 0.0483 Acc: 0.9766 UseTime: 66.019701
2017-12-19 21:20:52,664 : Train [7|256000] lr: 0.010000 Loss: 0.0291 Acc: 0.9883 UseTime: 129.599927
2017-12-19 21:21:56,052 : Train [7|384000] lr: 0.010000 Loss: 0.0155 Acc: 0.9961 UseTime: 192.988020
2017-12-19 21:22:59,718 : Train [7|512000] lr: 0.010000 Loss: 0.0219 Acc: 0.9922 UseTime: 256.654297
2017-12-19 21:24:03,144 : Train [7|640000] lr: 0.010000 Loss: 0.0123 Acc: 0.9961 UseTime: 320.080571
2017-12-19 21:25:06,768 : Train [7|768000] lr: 0.010000 Loss: 0.0257 Acc: 0.9961 UseTime: 383.704100
2017-12-19 21:26:10,150 : Train [7|896000] lr: 0.010000 Loss: 0.0334 Acc: 0.9883 UseTime: 447.086493
2017-12-19 21:27:13,669 : Train [7|1024000] lr: 0.010000 Loss: 0.0708 Acc: 0.9766 UseTime: 510.605302
2017-12-19 21:28:17,228 : Train [7|1152000] lr: 0.010000 Loss: 0.0694 Acc: 0.9883 UseTime: 574.164361
2017-12-19 21:29:20,792 : Train [7|1280000] lr: 0.010000 Loss: 0.0431 Acc: 0.9883 UseTime: 637.728248
2017-12-19 21:30:24,275 : Train [7|1408000] lr: 0.010000 Loss: 0.0301 Acc: 0.9922 UseTime: 701.210980
2017-12-19 21:31:27,915 : Train [7|1536000] lr: 0.010000 Loss: 0.0536 Acc: 0.9805 UseTime: 764.851095
2017-12-19 21:32:31,601 : Train [7|1664000] lr: 0.010000 Loss: 0.0286 Acc: 0.9922 UseTime: 828.537688
2017-12-19 21:33:35,267 : Train [7|1792000] lr: 0.010000 Loss: 0.0596 Acc: 0.9805 UseTime: 892.203408
2017-12-19 21:34:38,959 : Train [7|1920000] lr: 0.010000 Loss: 0.0347 Acc: 0.9922 UseTime: 955.895043
2017-12-19 21:35:42,556 : Train [7|2048000] lr: 0.010000 Loss: 0.0266 Acc: 0.9922 UseTime: 1019.492241
2017-12-19 21:36:46,169 : Train [7|2176000] lr: 0.010000 Loss: 0.0528 Acc: 0.9883 UseTime: 1083.105468
2017-12-19 21:37:49,697 : Train [7|2304000] lr: 0.010000 Loss: 0.0540 Acc: 0.9844 UseTime: 1146.633023
2017-12-19 21:40:11,816 : EvalTotal acc: 0.736588 loss: 2.030707
2017-12-19 21:40:11,817 : -----------------------------------------------------------------
2017-12-19 21:41:17,851 : Train [8|128000] lr: 0.010000 Loss: 0.0469 Acc: 0.9766 UseTime: 66.031948
2017-12-19 21:42:21,687 : Train [8|256000] lr: 0.010000 Loss: 0.0211 Acc: 0.9961 UseTime: 129.868112
2017-12-19 21:43:25,286 : Train [8|384000] lr: 0.010000 Loss: 0.0098 Acc: 1.0000 UseTime: 193.467067
2017-12-19 21:44:28,664 : Train [8|512000] lr: 0.010000 Loss: 0.0115 Acc: 1.0000 UseTime: 256.845194
2017-12-19 21:45:32,230 : Train [8|640000] lr: 0.010000 Loss: 0.0400 Acc: 0.9844 UseTime: 320.410507
2017-12-19 21:46:36,068 : Train [8|768000] lr: 0.010000 Loss: 0.0144 Acc: 0.9961 UseTime: 384.248996
2017-12-19 21:47:39,595 : Train [8|896000] lr: 0.010000 Loss: 0.0203 Acc: 0.9961 UseTime: 447.775932
2017-12-19 21:48:43,159 : Train [8|1024000] lr: 0.010000 Loss: 0.0553 Acc: 0.9844 UseTime: 511.340232
2017-12-19 21:49:46,796 : Train [8|1152000] lr: 0.010000 Loss: 0.0195 Acc: 1.0000 UseTime: 574.976518
2017-12-19 21:50:50,591 : Train [8|1280000] lr: 0.010000 Loss: 0.0089 Acc: 1.0000 UseTime: 638.771627
2017-12-19 21:51:54,114 : Train [8|1408000] lr: 0.010000 Loss: 0.0341 Acc: 0.9922 UseTime: 702.294910
2017-12-19 21:52:57,711 : Train [8|1536000] lr: 0.010000 Loss: 0.0245 Acc: 0.9883 UseTime: 765.892238
2017-12-19 21:54:01,652 : Train [8|1664000] lr: 0.010000 Loss: 0.0231 Acc: 0.9961 UseTime: 829.832837
2017-12-19 21:55:05,347 : Train [8|1792000] lr: 0.010000 Loss: 0.0278 Acc: 0.9883 UseTime: 893.527523
2017-12-19 21:56:08,952 : Train [8|1920000] lr: 0.010000 Loss: 0.0577 Acc: 0.9805 UseTime: 957.132556
2017-12-19 21:57:13,036 : Train [8|2048000] lr: 0.010000 Loss: 0.0541 Acc: 0.9883 UseTime: 1021.217011
2017-12-19 21:58:17,403 : Train [8|2176000] lr: 0.010000 Loss: 0.0284 Acc: 0.9961 UseTime: 1085.583787
2017-12-19 21:59:21,580 : Train [8|2304000] lr: 0.010000 Loss: 0.0589 Acc: 0.9844 UseTime: 1149.761237
2017-12-19 22:01:45,051 : EvalTotal acc: 0.740932 loss: 2.099073
2017-12-19 22:01:45,052 : -----------------------------------------------------------------
2017-12-19 22:02:51,646 : Train [9|128000] lr: 0.007000 Loss: 0.0180 Acc: 0.9961 UseTime: 66.592520
2017-12-19 22:03:55,639 : Train [9|256000] lr: 0.007000 Loss: 0.0158 Acc: 0.9961 UseTime: 130.585419
2017-12-19 22:04:59,327 : Train [9|384000] lr: 0.007000 Loss: 0.0039 Acc: 1.0000 UseTime: 194.273662
2017-12-19 22:06:03,016 : Train [9|512000] lr: 0.007000 Loss: 0.0092 Acc: 1.0000 UseTime: 257.962830
2017-12-19 22:07:07,113 : Train [9|640000] lr: 0.007000 Loss: 0.0067 Acc: 1.0000 UseTime: 322.059331
2017-12-19 22:08:10,981 : Train [9|768000] lr: 0.007000 Loss: 0.0198 Acc: 0.9922 UseTime: 385.927329
2017-12-19 22:09:14,651 : Train [9|896000] lr: 0.007000 Loss: 0.0079 Acc: 0.9961 UseTime: 449.597429
2017-12-19 22:10:18,366 : Train [9|1024000] lr: 0.007000 Loss: 0.0011 Acc: 1.0000 UseTime: 513.312995
2017-12-19 22:11:22,065 : Train [9|1152000] lr: 0.007000 Loss: 0.0048 Acc: 1.0000 UseTime: 577.011703
2017-12-19 22:12:25,687 : Train [9|1280000] lr: 0.007000 Loss: 0.0025 Acc: 1.0000 UseTime: 640.633875
2017-12-19 22:13:29,154 : Train [9|1408000] lr: 0.007000 Loss: 0.0050 Acc: 1.0000 UseTime: 704.100311
2017-12-19 22:14:35,041 : Train [9|1536000] lr: 0.007000 Loss: 0.0030 Acc: 1.0000 UseTime: 769.987349
2017-12-19 22:15:38,869 : Train [9|1664000] lr: 0.007000 Loss: 0.0017 Acc: 1.0000 UseTime: 833.815520
2017-12-19 22:16:42,529 : Train [9|1792000] lr: 0.007000 Loss: 0.0038 Acc: 1.0000 UseTime: 897.475790
2017-12-19 22:17:46,238 : Train [9|1920000] lr: 0.007000 Loss: 0.0017 Acc: 1.0000 UseTime: 961.185088
2017-12-19 22:18:49,904 : Train [9|2048000] lr: 0.007000 Loss: 0.0052 Acc: 1.0000 UseTime: 1024.850884
2017-12-19 22:19:53,593 : Train [9|2176000] lr: 0.007000 Loss: 0.0036 Acc: 1.0000 UseTime: 1088.539579
2017-12-19 22:20:57,505 : Train [9|2304000] lr: 0.007000 Loss: 0.0024 Acc: 1.0000 UseTime: 1152.451685
2017-12-19 22:23:19,312 : EvalTotal acc: 0.757729 loss: 2.035720
2017-12-19 22:23:19,314 : -----------------------------------------------------------------
2017-12-19 22:24:25,955 : Train [10|128000] lr: 0.007000 Loss: 0.0008 Acc: 1.0000 UseTime: 66.639196
2017-12-19 22:25:29,617 : Train [10|256000] lr: 0.007000 Loss: 0.0009 Acc: 1.0000 UseTime: 130.301127
2017-12-19 22:26:33,184 : Train [10|384000] lr: 0.007000 Loss: 0.0013 Acc: 1.0000 UseTime: 193.868471
2017-12-19 22:27:36,635 : Train [10|512000] lr: 0.007000 Loss: 0.0095 Acc: 0.9961 UseTime: 257.319212
2017-12-19 22:28:40,513 : Train [10|640000] lr: 0.007000 Loss: 0.0011 Acc: 1.0000 UseTime: 321.197923
2017-12-19 22:29:44,501 : Train [10|768000] lr: 0.007000 Loss: 0.0009 Acc: 1.0000 UseTime: 385.185271
2017-12-19 22:30:48,259 : Train [10|896000] lr: 0.007000 Loss: 0.0017 Acc: 1.0000 UseTime: 448.943148
2017-12-19 22:31:51,792 : Train [10|1024000] lr: 0.007000 Loss: 0.0015 Acc: 1.0000 UseTime: 512.476848
2017-12-19 22:32:55,534 : Train [10|1152000] lr: 0.007000 Loss: 0.0017 Acc: 1.0000 UseTime: 576.218925
2017-12-19 22:33:59,195 : Train [10|1280000] lr: 0.007000 Loss: 0.0011 Acc: 1.0000 UseTime: 639.879792
2017-12-19 22:35:02,662 : Train [10|1408000] lr: 0.007000 Loss: 0.0010 Acc: 1.0000 UseTime: 703.346223
2017-12-19 22:36:06,417 : Train [10|1536000] lr: 0.007000 Loss: 0.0018 Acc: 1.0000 UseTime: 767.101547
2017-12-19 22:37:09,774 : Train [10|1664000] lr: 0.007000 Loss: 0.0009 Acc: 1.0000 UseTime: 830.458914
2017-12-19 22:38:13,107 : Train [10|1792000] lr: 0.007000 Loss: 0.0022 Acc: 1.0000 UseTime: 893.791184
2017-12-19 22:39:16,701 : Train [10|1920000] lr: 0.007000 Loss: 0.0010 Acc: 1.0000 UseTime: 957.385523
2017-12-19 22:40:20,241 : Train [10|2048000] lr: 0.007000 Loss: 0.0009 Acc: 1.0000 UseTime: 1020.925092
2017-12-19 22:41:23,954 : Train [10|2176000] lr: 0.007000 Loss: 0.0007 Acc: 1.0000 UseTime: 1084.638761
2017-12-19 22:42:27,548 : Train [10|2304000] lr: 0.007000 Loss: 0.0030 Acc: 1.0000 UseTime: 1148.232836
2017-12-19 22:44:49,129 : EvalTotal acc: 0.761442 loss: 2.053801
2017-12-19 22:44:49,130 : -----------------------------------------------------------------
2017-12-19 22:45:54,982 : Train [11|128000] lr: 0.007000 Loss: 0.0010 Acc: 1.0000 UseTime: 65.849850
2017-12-19 22:46:58,401 : Train [11|256000] lr: 0.007000 Loss: 0.0034 Acc: 1.0000 UseTime: 129.269545
2017-12-19 22:48:02,098 : Train [11|384000] lr: 0.007000 Loss: 0.0016 Acc: 1.0000 UseTime: 192.966750
2017-12-19 22:49:05,844 : Train [11|512000] lr: 0.007000 Loss: 0.0055 Acc: 1.0000 UseTime: 256.712647
2017-12-19 22:50:09,736 : Train [11|640000] lr: 0.007000 Loss: 0.0007 Acc: 1.0000 UseTime: 320.603870
2017-12-19 22:51:13,795 : Train [11|768000] lr: 0.007000 Loss: 0.0006 Acc: 1.0000 UseTime: 384.662772
2017-12-19 22:52:17,762 : Train [11|896000] lr: 0.007000 Loss: 0.0003 Acc: 1.0000 UseTime: 448.630767
2017-12-19 22:53:21,997 : Train [11|1024000] lr: 0.007000 Loss: 0.0004 Acc: 1.0000 UseTime: 512.864873
2017-12-19 22:54:25,944 : Train [11|1152000] lr: 0.007000 Loss: 0.0005 Acc: 1.0000 UseTime: 576.812406
2017-12-19 22:55:29,703 : Train [11|1280000] lr: 0.007000 Loss: 0.0005 Acc: 1.0000 UseTime: 640.571555
2017-12-19 22:56:33,336 : Train [11|1408000] lr: 0.007000 Loss: 0.0006 Acc: 1.0000 UseTime: 704.204221
2017-12-19 22:57:36,893 : Train [11|1536000] lr: 0.007000 Loss: 0.0076 Acc: 0.9961 UseTime: 767.761035
2017-12-19 22:58:40,597 : Train [11|1664000] lr: 0.007000 Loss: 0.0010 Acc: 1.0000 UseTime: 831.465183
2017-12-19 22:59:44,218 : Train [11|1792000] lr: 0.007000 Loss: 0.0010 Acc: 1.0000 UseTime: 895.085816
2017-12-19 23:00:47,800 : Train [11|1920000] lr: 0.007000 Loss: 0.0004 Acc: 1.0000 UseTime: 958.668229
2017-12-19 23:01:51,812 : Train [11|2048000] lr: 0.007000 Loss: 0.0012 Acc: 1.0000 UseTime: 1022.680043
2017-12-19 23:02:55,552 : Train [11|2176000] lr: 0.007000 Loss: 0.0006 Acc: 1.0000 UseTime: 1086.419715
2017-12-19 23:03:59,311 : Train [11|2304000] lr: 0.007000 Loss: 0.0009 Acc: 1.0000 UseTime: 1150.178999
2017-12-19 23:06:19,004 : EvalTotal acc: 0.763711 loss: 2.064131
2017-12-19 23:06:19,005 : -----------------------------------------------------------------
2017-12-19 23:07:24,164 : Train [12|128000] lr: 0.007000 Loss: 0.0004 Acc: 1.0000 UseTime: 65.157065
2017-12-19 23:08:26,966 : Train [12|256000] lr: 0.007000 Loss: 0.0007 Acc: 1.0000 UseTime: 127.959775
2017-12-19 23:09:29,613 : Train [12|384000] lr: 0.007000 Loss: 0.0009 Acc: 1.0000 UseTime: 190.605804
2017-12-19 23:10:32,380 : Train [12|512000] lr: 0.007000 Loss: 0.0005 Acc: 1.0000 UseTime: 253.372932
2017-12-19 23:11:35,118 : Train [12|640000] lr: 0.007000 Loss: 0.0004 Acc: 1.0000 UseTime: 316.111168
2017-12-19 23:12:37,860 : Train [12|768000] lr: 0.007000 Loss: 0.0005 Acc: 1.0000 UseTime: 378.852901
2017-12-19 23:13:40,584 : Train [12|896000] lr: 0.007000 Loss: 0.0004 Acc: 1.0000 UseTime: 441.577135
2017-12-19 23:14:43,295 : Train [12|1024000] lr: 0.007000 Loss: 0.0005 Acc: 1.0000 UseTime: 504.288072
2017-12-19 23:15:46,016 : Train [12|1152000] lr: 0.007000 Loss: 0.0006 Acc: 1.0000 UseTime: 567.009155
2017-12-19 23:16:48,693 : Train [12|1280000] lr: 0.007000 Loss: 0.0003 Acc: 1.0000 UseTime: 629.686295
2017-12-19 23:17:51,403 : Train [12|1408000] lr: 0.007000 Loss: 0.0008 Acc: 1.0000 UseTime: 692.396394
2017-12-19 23:18:54,167 : Train [12|1536000] lr: 0.007000 Loss: 0.0004 Acc: 1.0000 UseTime: 755.160313
2017-12-19 23:19:57,005 : Train [12|1664000] lr: 0.007000 Loss: 0.0026 Acc: 1.0000 UseTime: 817.998374
2017-12-19 23:20:59,792 : Train [12|1792000] lr: 0.007000 Loss: 0.0005 Acc: 1.0000 UseTime: 880.785451
2017-12-19 23:22:02,442 : Train [12|1920000] lr: 0.007000 Loss: 0.0006 Acc: 1.0000 UseTime: 943.435427
2017-12-19 23:23:05,290 : Train [12|2048000] lr: 0.007000 Loss: 0.0011 Acc: 1.0000 UseTime: 1006.283693
2017-12-19 23:24:08,125 : Train [12|2176000] lr: 0.007000 Loss: 0.0009 Acc: 1.0000 UseTime: 1069.117911
2017-12-19 23:25:10,831 : Train [12|2304000] lr: 0.007000 Loss: 0.0014 Acc: 1.0000 UseTime: 1131.824798
2017-12-19 23:27:30,629 : EvalTotal acc: 0.764919 loss: 2.084198
2017-12-19 23:27:30,631 : -----------------------------------------------------------------
2017-12-19 23:28:35,034 : Train [13|128000] lr: 0.007000 Loss: 0.0007 Acc: 1.0000 UseTime: 64.402331
2017-12-19 23:29:37,886 : Train [13|256000] lr: 0.007000 Loss: 0.0003 Acc: 1.0000 UseTime: 127.254824
2017-12-19 23:30:40,658 : Train [13|384000] lr: 0.007000 Loss: 0.0003 Acc: 1.0000 UseTime: 190.026949
2017-12-19 23:31:43,482 : Train [13|512000] lr: 0.007000 Loss: 0.0003 Acc: 1.0000 UseTime: 252.850552
2017-12-19 23:32:46,265 : Train [13|640000] lr: 0.007000 Loss: 0.0004 Acc: 1.0000 UseTime: 315.633130
2017-12-19 23:33:49,001 : Train [13|768000] lr: 0.007000 Loss: 0.0069 Acc: 0.9961 UseTime: 378.369438
2017-12-19 23:34:51,752 : Train [13|896000] lr: 0.007000 Loss: 0.0005 Acc: 1.0000 UseTime: 441.120811
2017-12-19 23:35:54,328 : Train [13|1024000] lr: 0.007000 Loss: 0.0006 Acc: 1.0000 UseTime: 503.696715
2017-12-19 23:36:57,143 : Train [13|1152000] lr: 0.007000 Loss: 0.0004 Acc: 1.0000 UseTime: 566.511235
2017-12-19 23:37:59,985 : Train [13|1280000] lr: 0.007000 Loss: 0.0007 Acc: 1.0000 UseTime: 629.353085
2017-12-19 23:39:02,686 : Train [13|1408000] lr: 0.007000 Loss: 0.0007 Acc: 1.0000 UseTime: 692.054134
2017-12-19 23:40:05,387 : Train [13|1536000] lr: 0.007000 Loss: 0.0004 Acc: 1.0000 UseTime: 754.755143
2017-12-19 23:41:08,029 : Train [13|1664000] lr: 0.007000 Loss: 0.0002 Acc: 1.0000 UseTime: 817.397518
2017-12-19 23:42:10,680 : Train [13|1792000] lr: 0.007000 Loss: 0.0003 Acc: 1.0000 UseTime: 880.048836
2017-12-19 23:43:13,420 : Train [13|1920000] lr: 0.007000 Loss: 0.0009 Acc: 1.0000 UseTime: 942.788799
2017-12-19 23:44:16,403 : Train [13|2048000] lr: 0.007000 Loss: 0.0003 Acc: 1.0000 UseTime: 1005.771203
2017-12-19 23:45:19,218 : Train [13|2176000] lr: 0.007000 Loss: 0.0019 Acc: 1.0000 UseTime: 1068.586165
2017-12-19 23:46:22,032 : Train [13|2304000] lr: 0.007000 Loss: 0.0005 Acc: 1.0000 UseTime: 1131.400813
2017-12-19 23:48:40,459 : EvalTotal acc: 0.764819 loss: 2.101318
2017-12-19 23:48:40,460 : -----------------------------------------------------------------
2017-12-19 23:49:45,268 : Train [14|128000] lr: 0.007000 Loss: 0.0003 Acc: 1.0000 UseTime: 64.804923
2017-12-19 23:50:48,004 : Train [14|256000] lr: 0.007000 Loss: 0.0005 Acc: 1.0000 UseTime: 127.541124
2017-12-19 23:51:50,598 : Train [14|384000] lr: 0.007000 Loss: 0.0008 Acc: 1.0000 UseTime: 190.135054
2017-12-19 23:52:53,365 : Train [14|512000] lr: 0.007000 Loss: 0.0006 Acc: 1.0000 UseTime: 252.902018
2017-12-19 23:53:56,141 : Train [14|640000] lr: 0.007000 Loss: 0.0004 Acc: 1.0000 UseTime: 315.677634
2017-12-19 23:54:58,917 : Train [14|768000] lr: 0.007000 Loss: 0.0008 Acc: 1.0000 UseTime: 378.453675
2017-12-19 23:56:01,837 : Train [14|896000] lr: 0.007000 Loss: 0.0005 Acc: 1.0000 UseTime: 441.374106
2017-12-19 23:57:04,585 : Train [14|1024000] lr: 0.007000 Loss: 0.0068 Acc: 0.9961 UseTime: 504.121858
2017-12-19 23:58:07,248 : Train [14|1152000] lr: 0.007000 Loss: 0.0004 Acc: 1.0000 UseTime: 566.785506
2017-12-19 23:59:10,362 : Train [14|1280000] lr: 0.007000 Loss: 0.0002 Acc: 1.0000 UseTime: 629.899133
2017-12-20 00:00:13,947 : Train [14|1408000] lr: 0.007000 Loss: 0.0002 Acc: 1.0000 UseTime: 693.484273
2017-12-20 00:01:18,826 : Train [14|1536000] lr: 0.007000 Loss: 0.0021 Acc: 1.0000 UseTime: 758.362688
2017-12-20 00:02:23,036 : Train [14|1664000] lr: 0.007000 Loss: 0.0004 Acc: 1.0000 UseTime: 822.573084
2017-12-20 00:03:25,939 : Train [14|1792000] lr: 0.007000 Loss: 0.0006 Acc: 1.0000 UseTime: 885.475746
2017-12-20 00:04:29,616 : Train [14|1920000] lr: 0.007000 Loss: 0.0004 Acc: 1.0000 UseTime: 949.153269
2017-12-20 00:05:34,226 : Train [14|2048000] lr: 0.007000 Loss: 0.0006 Acc: 1.0000 UseTime: 1013.762891
2017-12-20 00:06:40,413 : Train [14|2176000] lr: 0.007000 Loss: 0.0009 Acc: 1.0000 UseTime: 1079.950441
2017-12-20 00:07:45,190 : Train [14|2304000] lr: 0.007000 Loss: 0.0004 Acc: 1.0000 UseTime: 1144.726995
2017-12-20 00:10:27,320 : EvalTotal acc: 0.765726 loss: 2.114545
2017-12-20 00:10:27,336 : -----------------------------------------------------------------
2017-12-20 00:11:39,754 : Train [15|128000] lr: 0.004900 Loss: 0.0004 Acc: 1.0000 UseTime: 72.415441
2017-12-20 00:12:49,690 : Train [15|256000] lr: 0.004900 Loss: 0.0003 Acc: 1.0000 UseTime: 142.351221
2017-12-20 00:13:54,702 : Train [15|384000] lr: 0.004900 Loss: 0.0002 Acc: 1.0000 UseTime: 207.363353
2017-12-20 00:14:59,245 : Train [15|512000] lr: 0.004900 Loss: 0.0002 Acc: 1.0000 UseTime: 271.907017
2017-12-20 00:16:02,858 : Train [15|640000] lr: 0.004900 Loss: 0.0003 Acc: 1.0000 UseTime: 335.519884
2017-12-20 00:17:07,041 : Train [15|768000] lr: 0.004900 Loss: 0.0002 Acc: 1.0000 UseTime: 399.702979
2017-12-20 00:18:12,658 : Train [15|896000] lr: 0.004900 Loss: 0.0004 Acc: 1.0000 UseTime: 465.320032
2017-12-20 00:19:19,757 : Train [15|1024000] lr: 0.004900 Loss: 0.0003 Acc: 1.0000 UseTime: 532.418298
2017-12-20 00:20:26,445 : Train [15|1152000] lr: 0.004900 Loss: 0.0007 Acc: 1.0000 UseTime: 599.106563
2017-12-20 00:21:34,972 : Train [15|1280000] lr: 0.004900 Loss: 0.0005 Acc: 1.0000 UseTime: 667.633621
2017-12-20 00:22:39,108 : Train [15|1408000] lr: 0.004900 Loss: 0.0004 Acc: 1.0000 UseTime: 731.769301
2017-12-20 00:23:42,824 : Train [15|1536000] lr: 0.004900 Loss: 0.0004 Acc: 1.0000 UseTime: 795.486058
2017-12-20 00:24:47,175 : Train [15|1664000] lr: 0.004900 Loss: 0.0004 Acc: 1.0000 UseTime: 859.836236
2017-12-20 00:25:53,893 : Train [15|1792000] lr: 0.004900 Loss: 0.0003 Acc: 1.0000 UseTime: 926.554551
2017-12-20 00:27:00,081 : Train [15|1920000] lr: 0.004900 Loss: 0.0009 Acc: 1.0000 UseTime: 992.742165
2017-12-20 00:28:07,483 : Train [15|2048000] lr: 0.004900 Loss: 0.0005 Acc: 1.0000 UseTime: 1060.144989
2017-12-20 00:29:17,504 : Train [15|2176000] lr: 0.004900 Loss: 0.0002 Acc: 1.0000 UseTime: 1130.165346
2017-12-20 00:30:25,780 : Train [15|2304000] lr: 0.004900 Loss: 0.0002 Acc: 1.0000 UseTime: 1198.441261
2017-12-20 00:33:15,952 : EvalTotal acc: 0.766377 loss: 2.110875
2017-12-20 00:33:15,962 : -----------------------------------------------------------------
2017-12-20 00:34:27,307 : Train [16|128000] lr: 0.004900 Loss: 0.0002 Acc: 1.0000 UseTime: 71.342795
2017-12-20 00:35:35,745 : Train [16|256000] lr: 0.004900 Loss: 0.0002 Acc: 1.0000 UseTime: 139.781036
2017-12-20 00:36:42,829 : Train [16|384000] lr: 0.004900 Loss: 0.0003 Acc: 1.0000 UseTime: 206.864938
2017-12-20 00:37:49,789 : Train [16|512000] lr: 0.004900 Loss: 0.0004 Acc: 1.0000 UseTime: 273.824867
2017-12-20 00:38:54,487 : Train [16|640000] lr: 0.004900 Loss: 0.0002 Acc: 1.0000 UseTime: 338.522856
2017-12-20 00:39:58,048 : Train [16|768000] lr: 0.004900 Loss: 0.0003 Acc: 1.0000 UseTime: 402.083575
2017-12-20 00:41:01,115 : Train [16|896000] lr: 0.004900 Loss: 0.0002 Acc: 1.0000 UseTime: 465.150649
2017-12-20 00:42:04,414 : Train [16|1024000] lr: 0.004900 Loss: 0.0004 Acc: 1.0000 UseTime: 528.449859
2017-12-20 00:43:07,955 : Train [16|1152000] lr: 0.004900 Loss: 0.0003 Acc: 1.0000 UseTime: 591.990626
2017-12-20 00:44:11,969 : Train [16|1280000] lr: 0.004900 Loss: 0.0002 Acc: 1.0000 UseTime: 656.004652
2017-12-20 00:45:16,700 : Train [16|1408000] lr: 0.004900 Loss: 0.0007 Acc: 1.0000 UseTime: 720.735516
2017-12-20 00:46:22,695 : Train [16|1536000] lr: 0.004900 Loss: 0.0003 Acc: 1.0000 UseTime: 786.731300
2017-12-20 00:47:27,472 : Train [16|1664000] lr: 0.004900 Loss: 0.0004 Acc: 1.0000 UseTime: 851.507525
2017-12-20 00:48:31,465 : Train [16|1792000] lr: 0.004900 Loss: 0.0005 Acc: 1.0000 UseTime: 915.500450
2017-12-20 00:49:36,023 : Train [16|1920000] lr: 0.004900 Loss: 0.0005 Acc: 1.0000 UseTime: 980.058609
2017-12-20 00:50:40,296 : Train [16|2048000] lr: 0.004900 Loss: 0.0004 Acc: 1.0000 UseTime: 1044.331759
2017-12-20 00:51:44,615 : Train [16|2176000] lr: 0.004900 Loss: 0.0004 Acc: 1.0000 UseTime: 1108.650856
2017-12-20 00:52:48,594 : Train [16|2304000] lr: 0.004900 Loss: 0.0003 Acc: 1.0000 UseTime: 1172.629677
2017-12-20 00:55:21,289 : EvalTotal acc: 0.765644 loss: 2.143604
2017-12-20 00:55:21,291 : -----------------------------------------------------------------
2017-12-20 00:56:31,909 : Train [17|128000] lr: 0.004900 Loss: 0.0002 Acc: 1.0000 UseTime: 70.615207
2017-12-20 00:57:39,199 : Train [17|256000] lr: 0.004900 Loss: 0.0003 Acc: 1.0000 UseTime: 137.905781
2017-12-20 00:58:43,690 : Train [17|384000] lr: 0.004900 Loss: 0.0003 Acc: 1.0000 UseTime: 202.396233
2017-12-20 00:59:46,675 : Train [17|512000] lr: 0.004900 Loss: 0.0002 Acc: 1.0000 UseTime: 265.381210
2017-12-20 01:00:49,506 : Train [17|640000] lr: 0.004900 Loss: 0.0002 Acc: 1.0000 UseTime: 328.212906
2017-12-20 01:01:52,465 : Train [17|768000] lr: 0.004900 Loss: 0.0006 Acc: 1.0000 UseTime: 391.171482
2017-12-20 01:02:55,734 : Train [17|896000] lr: 0.004900 Loss: 0.0002 Acc: 1.0000 UseTime: 454.440911
2017-12-20 01:03:59,368 : Train [17|1024000] lr: 0.004900 Loss: 0.0002 Acc: 1.0000 UseTime: 518.074327
2017-12-20 01:05:04,013 : Train [17|1152000] lr: 0.004900 Loss: 0.0007 Acc: 1.0000 UseTime: 582.718977
2017-12-20 01:06:09,498 : Train [17|1280000] lr: 0.004900 Loss: 0.0004 Acc: 1.0000 UseTime: 648.204697
2017-12-20 01:07:15,103 : Train [17|1408000] lr: 0.004900 Loss: 0.0002 Acc: 1.0000 UseTime: 713.809723
2017-12-20 01:08:21,249 : Train [17|1536000] lr: 0.004900 Loss: 0.0002 Acc: 1.0000 UseTime: 779.955491
2017-12-20 01:09:28,545 : Train [17|1664000] lr: 0.004900 Loss: 0.0002 Acc: 1.0000 UseTime: 847.251126
2017-12-20 01:10:38,219 : Train [17|1792000] lr: 0.004900 Loss: 0.0002 Acc: 1.0000 UseTime: 916.925516
2017-12-20 01:11:47,120 : Train [17|1920000] lr: 0.004900 Loss: 0.0002 Acc: 1.0000 UseTime: 985.826080
2017-12-20 01:12:54,409 : Train [17|2048000] lr: 0.004900 Loss: 0.0003 Acc: 1.0000 UseTime: 1053.114995
2017-12-20 01:14:03,399 : Train [17|2176000] lr: 0.004900 Loss: 0.0002 Acc: 1.0000 UseTime: 1122.105453
2017-12-20 01:15:11,039 : Train [17|2304000] lr: 0.004900 Loss: 0.0003 Acc: 1.0000 UseTime: 1189.744951
2017-12-20 01:18:03,667 : EvalTotal acc: 0.766413 loss: 2.130589
2017-12-20 01:18:03,697 : -----------------------------------------------------------------
2017-12-20 01:19:16,207 : Train [18|128000] lr: 0.004900 Loss: 0.0002 Acc: 1.0000 UseTime: 72.506696
2017-12-20 01:20:25,223 : Train [18|256000] lr: 0.004900 Loss: 0.0003 Acc: 1.0000 UseTime: 141.523445
2017-12-20 01:21:34,752 : Train [18|384000] lr: 0.004900 Loss: 0.0003 Acc: 1.0000 UseTime: 211.051736
2017-12-20 01:22:41,615 : Train [18|512000] lr: 0.004900 Loss: 0.0002 Acc: 1.0000 UseTime: 277.915071
2017-12-20 01:23:45,089 : Train [18|640000] lr: 0.004900 Loss: 0.0003 Acc: 1.0000 UseTime: 341.389147
2017-12-20 01:24:48,524 : Train [18|768000] lr: 0.004900 Loss: 0.0004 Acc: 1.0000 UseTime: 404.824113
2017-12-20 01:25:51,463 : Train [18|896000] lr: 0.004900 Loss: 0.0006 Acc: 1.0000 UseTime: 467.762818
2017-12-20 01:26:54,082 : Train [18|1024000] lr: 0.004900 Loss: 0.0003 Acc: 1.0000 UseTime: 530.381682
2017-12-20 01:27:56,839 : Train [18|1152000] lr: 0.004900 Loss: 0.0003 Acc: 1.0000 UseTime: 593.138834
2017-12-20 01:28:59,364 : Train [18|1280000] lr: 0.004900 Loss: 0.0004 Acc: 1.0000 UseTime: 655.664265
2017-12-20 01:30:02,155 : Train [18|1408000] lr: 0.004900 Loss: 0.0003 Acc: 1.0000 UseTime: 718.455070
2017-12-20 01:31:04,850 : Train [18|1536000] lr: 0.004900 Loss: 0.0006 Acc: 1.0000 UseTime: 781.150377
2017-12-20 01:32:07,491 : Train [18|1664000] lr: 0.004900 Loss: 0.0002 Acc: 1.0000 UseTime: 843.790913
2017-12-20 01:33:10,186 : Train [18|1792000] lr: 0.004900 Loss: 0.0003 Acc: 1.0000 UseTime: 906.485843
2017-12-20 01:34:13,067 : Train [18|1920000] lr: 0.004900 Loss: 0.0003 Acc: 1.0000 UseTime: 969.367207
2017-12-20 01:35:15,753 : Train [18|2048000] lr: 0.004900 Loss: 0.0005 Acc: 1.0000 UseTime: 1032.053488
2017-12-20 01:36:18,428 : Train [18|2176000] lr: 0.004900 Loss: 0.0002 Acc: 1.0000 UseTime: 1094.728488
2017-12-20 01:37:21,007 : Train [18|2304000] lr: 0.004900 Loss: 0.0002 Acc: 1.0000 UseTime: 1157.306852
2017-12-20 01:39:38,869 : EvalTotal acc: 0.766761 loss: 2.133344
2017-12-20 01:39:38,870 : -----------------------------------------------------------------
2017-12-20 01:40:43,367 : Train [19|128000] lr: 0.004900 Loss: 0.0003 Acc: 1.0000 UseTime: 64.494446
2017-12-20 01:41:46,005 : Train [19|256000] lr: 0.004900 Loss: 0.0004 Acc: 1.0000 UseTime: 127.133109
2017-12-20 01:42:48,716 : Train [19|384000] lr: 0.004900 Loss: 0.0006 Acc: 1.0000 UseTime: 189.844044
2017-12-20 01:43:51,436 : Train [19|512000] lr: 0.004900 Loss: 0.0003 Acc: 1.0000 UseTime: 252.564012
2017-12-20 01:44:53,958 : Train [19|640000] lr: 0.004900 Loss: 0.0007 Acc: 1.0000 UseTime: 315.086356
2017-12-20 01:45:56,602 : Train [19|768000] lr: 0.004900 Loss: 0.0005 Acc: 1.0000 UseTime: 377.730482
2017-12-20 01:46:59,294 : Train [19|896000] lr: 0.004900 Loss: 0.0003 Acc: 1.0000 UseTime: 440.422232
2017-12-20 01:48:02,068 : Train [19|1024000] lr: 0.004900 Loss: 0.0007 Acc: 1.0000 UseTime: 503.195781
2017-12-20 01:49:04,915 : Train [19|1152000] lr: 0.004900 Loss: 0.0003 Acc: 1.0000 UseTime: 566.042781
2017-12-20 01:50:07,543 : Train [19|1280000] lr: 0.004900 Loss: 0.0007 Acc: 1.0000 UseTime: 628.670845
2017-12-20 01:51:10,151 : Train [19|1408000] lr: 0.004900 Loss: 0.0005 Acc: 1.0000 UseTime: 691.279175
2017-12-20 01:52:12,749 : Train [19|1536000] lr: 0.004900 Loss: 0.0003 Acc: 1.0000 UseTime: 753.876751
2017-12-20 01:53:15,527 : Train [19|1664000] lr: 0.004900 Loss: 0.0003 Acc: 1.0000 UseTime: 816.655003
2017-12-20 01:54:18,453 : Train [19|1792000] lr: 0.004900 Loss: 0.0003 Acc: 1.0000 UseTime: 879.581421
2017-12-20 01:55:21,141 : Train [19|1920000] lr: 0.004900 Loss: 0.0003 Acc: 1.0000 UseTime: 942.269275
2017-12-20 01:56:23,930 : Train [19|2048000] lr: 0.004900 Loss: 0.0002 Acc: 1.0000 UseTime: 1005.058054
2017-12-20 01:57:26,638 : Train [19|2176000] lr: 0.004900 Loss: 0.0002 Acc: 1.0000 UseTime: 1067.765532
2017-12-20 01:58:29,300 : Train [19|2304000] lr: 0.004900 Loss: 0.0002 Acc: 1.0000 UseTime: 1130.427870
2017-12-20 02:00:47,243 : EvalTotal acc: 0.766605 loss: 2.140494
2017-12-20 02:00:47,245 : -----------------------------------------------------------------
2017-12-20 02:01:51,918 : Train [20|128000] lr: 0.004900 Loss: 0.0001 Acc: 1.0000 UseTime: 64.671133
2017-12-20 02:02:54,559 : Train [20|256000] lr: 0.004900 Loss: 0.0002 Acc: 1.0000 UseTime: 127.311587
2017-12-20 02:03:57,390 : Train [20|384000] lr: 0.004900 Loss: 0.0005 Acc: 1.0000 UseTime: 190.143018
2017-12-20 02:05:00,347 : Train [20|512000] lr: 0.004900 Loss: 0.0001 Acc: 1.0000 UseTime: 253.099887
2017-12-20 02:06:03,062 : Train [20|640000] lr: 0.004900 Loss: 0.0002 Acc: 1.0000 UseTime: 315.815074
2017-12-20 02:07:05,536 : Train [20|768000] lr: 0.004900 Loss: 0.0007 Acc: 1.0000 UseTime: 378.289362
2017-12-20 02:08:08,327 : Train [20|896000] lr: 0.004900 Loss: 0.0003 Acc: 1.0000 UseTime: 441.079562
2017-12-20 02:09:11,035 : Train [20|1024000] lr: 0.004900 Loss: 0.0004 Acc: 1.0000 UseTime: 503.787636
2017-12-20 02:10:13,731 : Train [20|1152000] lr: 0.004900 Loss: 0.0003 Acc: 1.0000 UseTime: 566.484228
2017-12-20 02:11:16,509 : Train [20|1280000] lr: 0.004900 Loss: 0.0003 Acc: 1.0000 UseTime: 629.262416
2017-12-20 02:12:19,389 : Train [20|1408000] lr: 0.004900 Loss: 0.0003 Acc: 1.0000 UseTime: 692.142440
2017-12-20 02:13:22,078 : Train [20|1536000] lr: 0.004900 Loss: 0.0003 Acc: 1.0000 UseTime: 754.831256
2017-12-20 02:14:24,681 : Train [20|1664000] lr: 0.004900 Loss: 0.0005 Acc: 1.0000 UseTime: 817.434248
2017-12-20 02:15:27,335 : Train [20|1792000] lr: 0.004900 Loss: 0.0004 Acc: 1.0000 UseTime: 880.088412
2017-12-20 02:16:29,883 : Train [20|1920000] lr: 0.004900 Loss: 0.0003 Acc: 1.0000 UseTime: 942.636090
2017-12-20 02:17:32,515 : Train [20|2048000] lr: 0.004900 Loss: 0.0003 Acc: 1.0000 UseTime: 1005.267768
2017-12-20 02:18:35,131 : Train [20|2176000] lr: 0.004900 Loss: 0.0002 Acc: 1.0000 UseTime: 1067.884125
2017-12-20 02:19:37,935 : Train [20|2304000] lr: 0.004900 Loss: 0.0007 Acc: 1.0000 UseTime: 1130.687519
2017-12-20 02:21:56,439 : EvalTotal acc: 0.766984 loss: 2.141298
2017-12-20 02:21:56,441 : -----------------------------------------------------------------
2017-12-20 02:23:01,071 : Train [21|128000] lr: 0.003430 Loss: 0.0013 Acc: 1.0000 UseTime: 64.628551
2017-12-20 02:24:03,737 : Train [21|256000] lr: 0.003430 Loss: 0.0005 Acc: 1.0000 UseTime: 127.294487
2017-12-20 02:25:06,566 : Train [21|384000] lr: 0.003430 Loss: 0.0005 Acc: 1.0000 UseTime: 190.123900
2017-12-20 02:26:09,264 : Train [21|512000] lr: 0.003430 Loss: 0.0003 Acc: 1.0000 UseTime: 252.821860
2017-12-20 02:27:12,136 : Train [21|640000] lr: 0.003430 Loss: 0.0002 Acc: 1.0000 UseTime: 315.693651
2017-12-20 02:28:14,964 : Train [21|768000] lr: 0.003430 Loss: 0.0002 Acc: 1.0000 UseTime: 378.521521
2017-12-20 02:29:17,728 : Train [21|896000] lr: 0.003430 Loss: 0.0003 Acc: 1.0000 UseTime: 441.285196
2017-12-20 02:30:20,388 : Train [21|1024000] lr: 0.003430 Loss: 0.0005 Acc: 1.0000 UseTime: 503.945273
2017-12-20 02:31:23,160 : Train [21|1152000] lr: 0.003430 Loss: 0.0003 Acc: 1.0000 UseTime: 566.717704
2017-12-20 02:32:25,727 : Train [21|1280000] lr: 0.003430 Loss: 0.0003 Acc: 1.0000 UseTime: 629.284935
2017-12-20 02:33:28,409 : Train [21|1408000] lr: 0.003430 Loss: 0.0002 Acc: 1.0000 UseTime: 691.966023
2017-12-20 02:34:31,127 : Train [21|1536000] lr: 0.003430 Loss: 0.0008 Acc: 1.0000 UseTime: 754.684702
2017-12-20 02:35:33,863 : Train [21|1664000] lr: 0.003430 Loss: 0.0003 Acc: 1.0000 UseTime: 817.420101
2017-12-20 02:36:36,433 : Train [21|1792000] lr: 0.003430 Loss: 0.0004 Acc: 1.0000 UseTime: 879.990532
2017-12-20 02:37:39,036 : Train [21|1920000] lr: 0.003430 Loss: 0.0003 Acc: 1.0000 UseTime: 942.593443
2017-12-20 02:38:41,910 : Train [21|2048000] lr: 0.003430 Loss: 0.0003 Acc: 1.0000 UseTime: 1005.467834
2017-12-20 02:39:44,878 : Train [21|2176000] lr: 0.003430 Loss: 0.0002 Acc: 1.0000 UseTime: 1068.435971
2017-12-20 02:40:47,613 : Train [21|2304000] lr: 0.003430 Loss: 0.0002 Acc: 1.0000 UseTime: 1131.170554
2017-12-20 02:43:06,045 : EvalTotal acc: 0.766973 loss: 2.146053
2017-12-20 02:43:06,046 : -----------------------------------------------------------------
2017-12-20 02:44:10,791 : Train [22|128000] lr: 0.003430 Loss: 0.0004 Acc: 1.0000 UseTime: 64.743265
2017-12-20 02:45:13,555 : Train [22|256000] lr: 0.003430 Loss: 0.0003 Acc: 1.0000 UseTime: 127.507380
2017-12-20 02:46:16,469 : Train [22|384000] lr: 0.003430 Loss: 0.0005 Acc: 1.0000 UseTime: 190.421737
2017-12-20 02:47:19,137 : Train [22|512000] lr: 0.003430 Loss: 0.0041 Acc: 0.9961 UseTime: 253.089270
2017-12-20 02:48:21,724 : Train [22|640000] lr: 0.003430 Loss: 0.0008 Acc: 1.0000 UseTime: 315.676107
2017-12-20 02:49:24,267 : Train [22|768000] lr: 0.003430 Loss: 0.0005 Acc: 1.0000 UseTime: 378.219770
2017-12-20 02:50:26,916 : Train [22|896000] lr: 0.003430 Loss: 0.0003 Acc: 1.0000 UseTime: 440.868229
2017-12-20 02:51:29,826 : Train [22|1024000] lr: 0.003430 Loss: 0.0003 Acc: 1.0000 UseTime: 503.778221
2017-12-20 02:52:32,783 : Train [22|1152000] lr: 0.003430 Loss: 0.0001 Acc: 1.0000 UseTime: 566.735204
2017-12-20 02:53:35,572 : Train [22|1280000] lr: 0.003430 Loss: 0.0002 Acc: 1.0000 UseTime: 629.524707
2017-12-20 02:54:38,168 : Train [22|1408000] lr: 0.003430 Loss: 0.0003 Acc: 1.0000 UseTime: 692.120275
2017-12-20 02:55:40,854 : Train [22|1536000] lr: 0.003430 Loss: 0.0001 Acc: 1.0000 UseTime: 754.806473
2017-12-20 02:56:43,692 : Train [22|1664000] lr: 0.003430 Loss: 0.0004 Acc: 1.0000 UseTime: 817.644055
2017-12-20 02:57:46,670 : Train [22|1792000] lr: 0.003430 Loss: 0.0002 Acc: 1.0000 UseTime: 880.622504
2017-12-20 02:58:49,474 : Train [22|1920000] lr: 0.003430 Loss: 0.0003 Acc: 1.0000 UseTime: 943.426708
2017-12-20 02:59:52,031 : Train [22|2048000] lr: 0.003430 Loss: 0.0002 Acc: 1.0000 UseTime: 1005.983674
2017-12-20 03:00:54,786 : Train [22|2176000] lr: 0.003430 Loss: 0.0007 Acc: 1.0000 UseTime: 1068.738526
2017-12-20 03:01:57,453 : Train [22|2304000] lr: 0.003430 Loss: 0.0004 Acc: 1.0000 UseTime: 1131.405731
2017-12-20 03:04:15,495 : EvalTotal acc: 0.767090 loss: 2.149662
2017-12-20 03:04:15,497 : -----------------------------------------------------------------
2017-12-20 03:05:20,315 : Train [23|128000] lr: 0.003430 Loss: 0.0004 Acc: 1.0000 UseTime: 64.815937
2017-12-20 03:06:22,973 : Train [23|256000] lr: 0.003430 Loss: 0.0001 Acc: 1.0000 UseTime: 127.474694
2017-12-20 03:07:25,669 : Train [23|384000] lr: 0.003430 Loss: 0.0002 Acc: 1.0000 UseTime: 190.170265
2017-12-20 03:08:28,319 : Train [23|512000] lr: 0.003430 Loss: 0.0002 Acc: 1.0000 UseTime: 252.820499
2017-12-20 03:09:30,925 : Train [23|640000] lr: 0.003430 Loss: 0.0003 Acc: 1.0000 UseTime: 315.426613
2017-12-20 03:10:33,931 : Train [23|768000] lr: 0.003430 Loss: 0.0002 Acc: 1.0000 UseTime: 378.432566
2017-12-20 03:11:36,675 : Train [23|896000] lr: 0.003430 Loss: 0.0002 Acc: 1.0000 UseTime: 441.176432
2017-12-20 03:12:39,207 : Train [23|1024000] lr: 0.003430 Loss: 0.0002 Acc: 1.0000 UseTime: 503.708529
2017-12-20 03:13:41,741 : Train [23|1152000] lr: 0.003430 Loss: 0.0002 Acc: 1.0000 UseTime: 566.242262
2017-12-20 03:14:44,448 : Train [23|1280000] lr: 0.003430 Loss: 0.0003 Acc: 1.0000 UseTime: 628.949542
2017-12-20 03:15:47,025 : Train [23|1408000] lr: 0.003430 Loss: 0.0001 Acc: 1.0000 UseTime: 691.526606
2017-12-20 03:16:49,537 : Train [23|1536000] lr: 0.003430 Loss: 0.0002 Acc: 1.0000 UseTime: 754.038738
2017-12-20 03:17:52,253 : Train [23|1664000] lr: 0.003430 Loss: 0.0002 Acc: 1.0000 UseTime: 816.754073
2017-12-20 03:18:55,094 : Train [23|1792000] lr: 0.003430 Loss: 0.0002 Acc: 1.0000 UseTime: 879.595298
2017-12-20 03:19:57,812 : Train [23|1920000] lr: 0.003430 Loss: 0.0002 Acc: 1.0000 UseTime: 942.313453
2017-12-20 03:21:00,529 : Train [23|2048000] lr: 0.003430 Loss: 0.0002 Acc: 1.0000 UseTime: 1005.030692
2017-12-20 03:22:03,303 : Train [23|2176000] lr: 0.003430 Loss: 0.0002 Acc: 1.0000 UseTime: 1067.803974
2017-12-20 03:23:06,088 : Train [23|2304000] lr: 0.003430 Loss: 0.0004 Acc: 1.0000 UseTime: 1130.589779
2017-12-20 03:25:25,124 : EvalTotal acc: 0.767391 loss: 2.146488
2017-12-20 03:25:25,127 : -----------------------------------------------------------------
2017-12-20 03:26:29,640 : Train [24|128000] lr: 0.003430 Loss: 0.0002 Acc: 1.0000 UseTime: 64.510236
2017-12-20 03:27:32,309 : Train [24|256000] lr: 0.003430 Loss: 0.0001 Acc: 1.0000 UseTime: 127.179797
2017-12-20 03:28:34,956 : Train [24|384000] lr: 0.003430 Loss: 0.0002 Acc: 1.0000 UseTime: 189.826182
2017-12-20 03:29:37,569 : Train [24|512000] lr: 0.003430 Loss: 0.0003 Acc: 1.0000 UseTime: 252.439349
2017-12-20 03:30:40,335 : Train [24|640000] lr: 0.003430 Loss: 0.0003 Acc: 1.0000 UseTime: 315.205303
2017-12-20 03:31:43,161 : Train [24|768000] lr: 0.003430 Loss: 0.0002 Acc: 1.0000 UseTime: 378.032146
2017-12-20 03:32:46,032 : Train [24|896000] lr: 0.003430 Loss: 0.0006 Acc: 1.0000 UseTime: 440.902441
2017-12-20 03:33:48,629 : Train [24|1024000] lr: 0.003430 Loss: 0.0003 Acc: 1.0000 UseTime: 503.499903
2017-12-20 03:34:51,353 : Train [24|1152000] lr: 0.003430 Loss: 0.0001 Acc: 1.0000 UseTime: 566.224155
2017-12-20 03:35:54,116 : Train [24|1280000] lr: 0.003430 Loss: 0.0003 Acc: 1.0000 UseTime: 628.986922
2017-12-20 03:36:56,825 : Train [24|1408000] lr: 0.003430 Loss: 0.0005 Acc: 1.0000 UseTime: 691.695359
2017-12-20 03:37:59,666 : Train [24|1536000] lr: 0.003430 Loss: 0.0002 Acc: 1.0000 UseTime: 754.536385
2017-12-20 03:39:02,686 : Train [24|1664000] lr: 0.003430 Loss: 0.0003 Acc: 1.0000 UseTime: 817.556376
2017-12-20 03:40:05,569 : Train [24|1792000] lr: 0.003430 Loss: 0.0002 Acc: 1.0000 UseTime: 880.439778
2017-12-20 03:41:08,267 : Train [24|1920000] lr: 0.003430 Loss: 0.0002 Acc: 1.0000 UseTime: 943.137610
2017-12-20 03:42:11,059 : Train [24|2048000] lr: 0.003430 Loss: 0.0002 Acc: 1.0000 UseTime: 1005.929239
2017-12-20 03:43:13,750 : Train [24|2176000] lr: 0.003430 Loss: 0.0002 Acc: 1.0000 UseTime: 1068.620528
2017-12-20 03:44:16,374 : Train [24|2304000] lr: 0.003430 Loss: 0.0002 Acc: 1.0000 UseTime: 1131.245103
2017-12-20 03:46:34,264 : EvalTotal acc: 0.766917 loss: 2.161150
2017-12-20 03:46:34,265 : -----------------------------------------------------------------
2017-12-20 03:47:38,696 : Train [25|128000] lr: 0.003430 Loss: 0.0002 Acc: 1.0000 UseTime: 64.428669
2017-12-20 03:48:41,474 : Train [25|256000] lr: 0.003430 Loss: 0.0003 Acc: 1.0000 UseTime: 127.207353
2017-12-20 03:49:43,886 : Train [25|384000] lr: 0.003430 Loss: 0.0002 Acc: 1.0000 UseTime: 189.619224
2017-12-20 03:50:46,384 : Train [25|512000] lr: 0.003430 Loss: 0.0002 Acc: 1.0000 UseTime: 252.116991
2017-12-20 03:51:49,086 : Train [25|640000] lr: 0.003430 Loss: 0.0002 Acc: 1.0000 UseTime: 314.819030
2017-12-20 03:52:51,575 : Train [25|768000] lr: 0.003430 Loss: 0.0003 Acc: 1.0000 UseTime: 377.308582
2017-12-20 03:53:54,265 : Train [25|896000] lr: 0.003430 Loss: 0.0001 Acc: 1.0000 UseTime: 439.998105
2017-12-20 03:54:56,886 : Train [25|1024000] lr: 0.003430 Loss: 0.0002 Acc: 1.0000 UseTime: 502.618966
2017-12-20 03:55:59,719 : Train [25|1152000] lr: 0.003430 Loss: 0.0002 Acc: 1.0000 UseTime: 565.452647
2017-12-20 03:57:02,508 : Train [25|1280000] lr: 0.003430 Loss: 0.0002 Acc: 1.0000 UseTime: 628.241413
2017-12-20 03:58:05,327 : Train [25|1408000] lr: 0.003430 Loss: 0.0001 Acc: 1.0000 UseTime: 691.060046
2017-12-20 03:59:08,287 : Train [25|1536000] lr: 0.003430 Loss: 0.0002 Acc: 1.0000 UseTime: 754.020082
2017-12-20 04:00:11,135 : Train [25|1664000] lr: 0.003430 Loss: 0.0004 Acc: 1.0000 UseTime: 816.868631
2017-12-20 04:01:13,993 : Train [25|1792000] lr: 0.003430 Loss: 0.0002 Acc: 1.0000 UseTime: 879.726195
2017-12-20 04:02:16,889 : Train [25|1920000] lr: 0.003430 Loss: 0.0003 Acc: 1.0000 UseTime: 942.621949
2017-12-20 04:03:19,709 : Train [25|2048000] lr: 0.003430 Loss: 0.0001 Acc: 1.0000 UseTime: 1005.442741
2017-12-20 04:04:22,651 : Train [25|2176000] lr: 0.003430 Loss: 0.0003 Acc: 1.0000 UseTime: 1068.383965
2017-12-20 04:05:25,559 : Train [25|2304000] lr: 0.003430 Loss: 0.0002 Acc: 1.0000 UseTime: 1131.291910
2017-12-20 04:07:44,617 : EvalTotal acc: 0.767139 loss: 2.155457
2017-12-20 04:07:44,619 : -----------------------------------------------------------------
2017-12-20 04:08:49,780 : Train [26|128000] lr: 0.003430 Loss: 0.0002 Acc: 1.0000 UseTime: 65.159536
2017-12-20 04:09:52,386 : Train [26|256000] lr: 0.003430 Loss: 0.0004 Acc: 1.0000 UseTime: 127.766123
2017-12-20 04:10:54,962 : Train [26|384000] lr: 0.003430 Loss: 0.0002 Acc: 1.0000 UseTime: 190.341559
2017-12-20 04:11:57,607 : Train [26|512000] lr: 0.003430 Loss: 0.0002 Acc: 1.0000 UseTime: 252.987242
2017-12-20 04:13:00,228 : Train [26|640000] lr: 0.003430 Loss: 0.0002 Acc: 1.0000 UseTime: 315.607705
2017-12-20 04:14:02,891 : Train [26|768000] lr: 0.003430 Loss: 0.0002 Acc: 1.0000 UseTime: 378.270870
2017-12-20 04:15:05,828 : Train [26|896000] lr: 0.003430 Loss: 0.0002 Acc: 1.0000 UseTime: 441.207720
2017-12-20 04:16:08,699 : Train [26|1024000] lr: 0.003430 Loss: 0.0002 Acc: 1.0000 UseTime: 504.079107
2017-12-20 04:17:11,445 : Train [26|1152000] lr: 0.003430 Loss: 0.0002 Acc: 1.0000 UseTime: 566.824793
2017-12-20 04:18:14,308 : Train [26|1280000] lr: 0.003430 Loss: 0.0003 Acc: 1.0000 UseTime: 629.688264
2017-12-20 04:19:16,989 : Train [26|1408000] lr: 0.003430 Loss: 0.0002 Acc: 1.0000 UseTime: 692.368334
2017-12-20 04:20:19,672 : Train [26|1536000] lr: 0.003430 Loss: 0.0002 Acc: 1.0000 UseTime: 755.052065
2017-12-20 04:21:22,228 : Train [26|1664000] lr: 0.003430 Loss: 0.0002 Acc: 1.0000 UseTime: 817.607909
2017-12-20 04:22:24,954 : Train [26|1792000] lr: 0.003430 Loss: 0.0002 Acc: 1.0000 UseTime: 880.333907
2017-12-20 04:23:27,900 : Train [26|1920000] lr: 0.003430 Loss: 0.0003 Acc: 1.0000 UseTime: 943.279725
2017-12-20 04:24:30,601 : Train [26|2048000] lr: 0.003430 Loss: 0.0002 Acc: 1.0000 UseTime: 1005.980903
2017-12-20 04:25:33,352 : Train [26|2176000] lr: 0.003430 Loss: 0.0002 Acc: 1.0000 UseTime: 1068.731603
2017-12-20 04:26:36,053 : Train [26|2304000] lr: 0.003430 Loss: 0.0003 Acc: 1.0000 UseTime: 1131.432818
2017-12-20 04:28:55,224 : EvalTotal acc: 0.767949 loss: 2.147618
2017-12-20 04:28:55,225 : -----------------------------------------------------------------
2017-12-20 04:30:00,710 : Train [27|128000] lr: 0.002401 Loss: 0.0004 Acc: 1.0000 UseTime: 65.483300
2017-12-20 04:31:03,536 : Train [27|256000] lr: 0.002401 Loss: 0.0002 Acc: 1.0000 UseTime: 128.308839
2017-12-20 04:32:06,499 : Train [27|384000] lr: 0.002401 Loss: 0.0003 Acc: 1.0000 UseTime: 191.272232
2017-12-20 04:33:09,187 : Train [27|512000] lr: 0.002401 Loss: 0.0003 Acc: 1.0000 UseTime: 253.959984
2017-12-20 04:34:11,806 : Train [27|640000] lr: 0.002401 Loss: 0.0003 Acc: 1.0000 UseTime: 316.579272
2017-12-20 04:35:14,410 : Train [27|768000] lr: 0.002401 Loss: 0.0003 Acc: 1.0000 UseTime: 379.182734
2017-12-20 04:36:17,129 : Train [27|896000] lr: 0.002401 Loss: 0.0002 Acc: 1.0000 UseTime: 441.902584
2017-12-20 04:37:19,807 : Train [27|1024000] lr: 0.002401 Loss: 0.0002 Acc: 1.0000 UseTime: 504.580314
2017-12-20 04:38:22,322 : Train [27|1152000] lr: 0.002401 Loss: 0.0002 Acc: 1.0000 UseTime: 567.095488
2017-12-20 04:39:24,819 : Train [27|1280000] lr: 0.002401 Loss: 0.0002 Acc: 1.0000 UseTime: 629.591940
2017-12-20 04:40:27,352 : Train [27|1408000] lr: 0.002401 Loss: 0.0003 Acc: 1.0000 UseTime: 692.125169
2017-12-20 04:41:30,010 : Train [27|1536000] lr: 0.002401 Loss: 0.0002 Acc: 1.0000 UseTime: 754.783467
2017-12-20 04:42:32,494 : Train [27|1664000] lr: 0.002401 Loss: 0.0003 Acc: 1.0000 UseTime: 817.267306
2017-12-20 04:43:35,197 : Train [27|1792000] lr: 0.002401 Loss: 0.0001 Acc: 1.0000 UseTime: 879.970454
2017-12-20 04:44:37,883 : Train [27|1920000] lr: 0.002401 Loss: 0.0002 Acc: 1.0000 UseTime: 942.656006
2017-12-20 04:45:40,695 : Train [27|2048000] lr: 0.002401 Loss: 0.0002 Acc: 1.0000 UseTime: 1005.467980
2017-12-20 04:46:43,548 : Train [27|2176000] lr: 0.002401 Loss: 0.0011 Acc: 1.0000 UseTime: 1068.321305
2017-12-20 04:47:46,087 : Train [27|2304000] lr: 0.002401 Loss: 0.0004 Acc: 1.0000 UseTime: 1130.860377
2017-12-20 04:50:04,587 : EvalTotal acc: 0.767324 loss: 2.160746
2017-12-20 04:50:04,589 : -----------------------------------------------------------------
2017-12-20 04:51:09,496 : Train [28|128000] lr: 0.002401 Loss: 0.0002 Acc: 1.0000 UseTime: 64.906485
2017-12-20 04:52:12,232 : Train [28|256000] lr: 0.002401 Loss: 0.0006 Acc: 1.0000 UseTime: 127.642485
2017-12-20 04:53:14,919 : Train [28|384000] lr: 0.002401 Loss: 0.0003 Acc: 1.0000 UseTime: 190.329072
2017-12-20 04:54:17,617 : Train [28|512000] lr: 0.002401 Loss: 0.0002 Acc: 1.0000 UseTime: 253.027657
2017-12-20 04:55:20,259 : Train [28|640000] lr: 0.002401 Loss: 0.0003 Acc: 1.0000 UseTime: 315.668894
2017-12-20 04:56:22,783 : Train [28|768000] lr: 0.002401 Loss: 0.0003 Acc: 1.0000 UseTime: 378.193355
2017-12-20 04:57:25,341 : Train [28|896000] lr: 0.002401 Loss: 0.0003 Acc: 1.0000 UseTime: 440.751538
2017-12-20 04:58:27,967 : Train [28|1024000] lr: 0.002401 Loss: 0.0003 Acc: 1.0000 UseTime: 503.376864
2017-12-20 04:59:30,807 : Train [28|1152000] lr: 0.002401 Loss: 0.0005 Acc: 1.0000 UseTime: 566.217328
2017-12-20 05:00:33,500 : Train [28|1280000] lr: 0.002401 Loss: 0.0003 Acc: 1.0000 UseTime: 628.910299
2017-12-20 05:01:36,255 : Train [28|1408000] lr: 0.002401 Loss: 0.0002 Acc: 1.0000 UseTime: 691.664839
2017-12-20 05:02:38,946 : Train [28|1536000] lr: 0.002401 Loss: 0.0004 Acc: 1.0000 UseTime: 754.356279
2017-12-20 05:03:41,492 : Train [28|1664000] lr: 0.002401 Loss: 0.0001 Acc: 1.0000 UseTime: 816.902092
2017-12-20 05:04:44,059 : Train [28|1792000] lr: 0.002401 Loss: 0.0003 Acc: 1.0000 UseTime: 879.469291
2017-12-20 05:05:46,626 : Train [28|1920000] lr: 0.002401 Loss: 0.0002 Acc: 1.0000 UseTime: 942.036021
2017-12-20 05:06:49,294 : Train [28|2048000] lr: 0.002401 Loss: 0.0005 Acc: 1.0000 UseTime: 1004.704189
2017-12-20 05:07:52,088 : Train [28|2176000] lr: 0.002401 Loss: 0.0002 Acc: 1.0000 UseTime: 1067.498489
2017-12-20 05:08:54,916 : Train [28|2304000] lr: 0.002401 Loss: 0.0002 Acc: 1.0000 UseTime: 1130.326155
2017-12-20 05:11:14,037 : EvalTotal acc: 0.767166 loss: 2.164533
2017-12-20 05:11:14,038 : -----------------------------------------------------------------
2017-12-20 05:12:18,823 : Train [29|128000] lr: 0.002401 Loss: 0.0001 Acc: 1.0000 UseTime: 64.782841
2017-12-20 05:13:21,536 : Train [29|256000] lr: 0.002401 Loss: 0.0002 Acc: 1.0000 UseTime: 127.495573
2017-12-20 05:14:24,370 : Train [29|384000] lr: 0.002401 Loss: 0.0002 Acc: 1.0000 UseTime: 190.330259
2017-12-20 05:15:27,195 : Train [29|512000] lr: 0.002401 Loss: 0.0002 Acc: 1.0000 UseTime: 253.155476
2017-12-20 05:16:30,232 : Train [29|640000] lr: 0.002401 Loss: 0.0003 Acc: 1.0000 UseTime: 316.192158
2017-12-20 05:17:33,090 : Train [29|768000] lr: 0.002401 Loss: 0.0001 Acc: 1.0000 UseTime: 379.049628
2017-12-20 05:18:36,006 : Train [29|896000] lr: 0.002401 Loss: 0.0002 Acc: 1.0000 UseTime: 441.965591
2017-12-20 05:19:38,807 : Train [29|1024000] lr: 0.002401 Loss: 0.0003 Acc: 1.0000 UseTime: 504.767298
2017-12-20 05:20:41,702 : Train [29|1152000] lr: 0.002401 Loss: 0.0002 Acc: 1.0000 UseTime: 567.662106
2017-12-20 05:21:44,650 : Train [29|1280000] lr: 0.002401 Loss: 0.0002 Acc: 1.0000 UseTime: 630.610471
2017-12-20 05:22:47,333 : Train [29|1408000] lr: 0.002401 Loss: 0.0001 Acc: 1.0000 UseTime: 693.292978
2017-12-20 05:23:49,982 : Train [29|1536000] lr: 0.002401 Loss: 0.0005 Acc: 1.0000 UseTime: 755.942222
2017-12-20 05:24:52,611 : Train [29|1664000] lr: 0.002401 Loss: 0.0003 Acc: 1.0000 UseTime: 818.570770
2017-12-20 05:25:55,188 : Train [29|1792000] lr: 0.002401 Loss: 0.0001 Acc: 1.0000 UseTime: 881.148420
2017-12-20 05:26:57,784 : Train [29|1920000] lr: 0.002401 Loss: 0.0003 Acc: 1.0000 UseTime: 943.744525
2017-12-20 05:28:00,474 : Train [29|2048000] lr: 0.002401 Loss: 0.0002 Acc: 1.0000 UseTime: 1006.433704
2017-12-20 05:29:03,084 : Train [29|2176000] lr: 0.002401 Loss: 0.0002 Acc: 1.0000 UseTime: 1069.043733
2017-12-20 05:30:05,705 : Train [29|2304000] lr: 0.002401 Loss: 0.0005 Acc: 1.0000 UseTime: 1131.665401
2017-12-20 05:32:24,633 : EvalTotal acc: 0.767447 loss: 2.159800
2017-12-20 05:32:24,634 : -----------------------------------------------------------------
2017-12-20 05:33:29,521 : Train [30|128000] lr: 0.002401 Loss: 0.0001 Acc: 1.0000 UseTime: 64.885977
2017-12-20 05:34:32,087 : Train [30|256000] lr: 0.002401 Loss: 0.0005 Acc: 1.0000 UseTime: 127.451586
2017-12-20 05:35:34,756 : Train [30|384000] lr: 0.002401 Loss: 0.0003 Acc: 1.0000 UseTime: 190.120600
2017-12-20 05:36:37,409 : Train [30|512000] lr: 0.002401 Loss: 0.0002 Acc: 1.0000 UseTime: 252.773541
2017-12-20 05:37:40,277 : Train [30|640000] lr: 0.002401 Loss: 0.0001 Acc: 1.0000 UseTime: 315.642058
2017-12-20 05:38:43,049 : Train [30|768000] lr: 0.002401 Loss: 0.0003 Acc: 1.0000 UseTime: 378.414080
2017-12-20 05:39:45,740 : Train [30|896000] lr: 0.002401 Loss: 0.0002 Acc: 1.0000 UseTime: 441.105032
2017-12-20 05:40:48,433 : Train [30|1024000] lr: 0.002401 Loss: 0.0002 Acc: 1.0000 UseTime: 503.797842
2017-12-20 05:41:51,219 : Train [30|1152000] lr: 0.002401 Loss: 0.0001 Acc: 1.0000 UseTime: 566.583211
2017-12-20 05:42:54,025 : Train [30|1280000] lr: 0.002401 Loss: 0.0002 Acc: 1.0000 UseTime: 629.389276
2017-12-20 05:43:56,571 : Train [30|1408000] lr: 0.002401 Loss: 0.0002 Acc: 1.0000 UseTime: 691.935776
2017-12-20 05:44:59,206 : Train [30|1536000] lr: 0.002401 Loss: 0.0002 Acc: 1.0000 UseTime: 754.571111
2017-12-20 05:46:01,878 : Train [30|1664000] lr: 0.002401 Loss: 0.0005 Acc: 1.0000 UseTime: 817.242487
2017-12-20 05:47:04,808 : Train [30|1792000] lr: 0.002401 Loss: 0.0002 Acc: 1.0000 UseTime: 880.172745
2017-12-20 05:48:07,774 : Train [30|1920000] lr: 0.002401 Loss: 0.0004 Acc: 1.0000 UseTime: 943.138849
2017-12-20 05:49:10,588 : Train [30|2048000] lr: 0.002401 Loss: 0.0002 Acc: 1.0000 UseTime: 1005.952240
2017-12-20 05:50:13,548 : Train [30|2176000] lr: 0.002401 Loss: 0.0005 Acc: 1.0000 UseTime: 1068.912568
2017-12-20 05:51:16,206 : Train [30|2304000] lr: 0.002401 Loss: 0.0002 Acc: 1.0000 UseTime: 1131.570690
2017-12-20 05:53:33,489 : EvalTotal acc: 0.767902 loss: 2.157648
2017-12-20 05:53:33,490 : -----------------------------------------------------------------
2017-12-20 05:54:38,520 : Train [31|128000] lr: 0.002401 Loss: 0.0002 Acc: 1.0000 UseTime: 65.028258
2017-12-20 05:55:41,222 : Train [31|256000] lr: 0.002401 Loss: 0.0001 Acc: 1.0000 UseTime: 127.730432
2017-12-20 05:56:43,987 : Train [31|384000] lr: 0.002401 Loss: 0.0002 Acc: 1.0000 UseTime: 190.495490
2017-12-20 05:57:46,602 : Train [31|512000] lr: 0.002401 Loss: 0.0002 Acc: 1.0000 UseTime: 253.110248
2017-12-20 05:58:49,460 : Train [31|640000] lr: 0.002401 Loss: 0.0002 Acc: 1.0000 UseTime: 315.968922
2017-12-20 05:59:52,393 : Train [31|768000] lr: 0.002401 Loss: 0.0002 Acc: 1.0000 UseTime: 378.901819
2017-12-20 06:00:55,328 : Train [31|896000] lr: 0.002401 Loss: 0.0001 Acc: 1.0000 UseTime: 441.836834
2017-12-20 06:01:58,110 : Train [31|1024000] lr: 0.002401 Loss: 0.0002 Acc: 1.0000 UseTime: 504.618152
2017-12-20 06:03:01,069 : Train [31|1152000] lr: 0.002401 Loss: 0.0004 Acc: 1.0000 UseTime: 567.577523
2017-12-20 06:04:03,687 : Train [31|1280000] lr: 0.002401 Loss: 0.0001 Acc: 1.0000 UseTime: 630.195256
2017-12-20 06:05:06,554 : Train [31|1408000] lr: 0.002401 Loss: 0.0002 Acc: 1.0000 UseTime: 693.062340
2017-12-20 06:06:09,200 : Train [31|1536000] lr: 0.002401 Loss: 0.0002 Acc: 1.0000 UseTime: 755.708081
2017-12-20 06:07:12,011 : Train [31|1664000] lr: 0.002401 Loss: 0.0003 Acc: 1.0000 UseTime: 818.519592
2017-12-20 06:08:14,791 : Train [31|1792000] lr: 0.002401 Loss: 0.0001 Acc: 1.0000 UseTime: 881.299261
2017-12-20 06:09:17,627 : Train [31|1920000] lr: 0.002401 Loss: 0.0002 Acc: 1.0000 UseTime: 944.135037
2017-12-20 06:10:20,612 : Train [31|2048000] lr: 0.002401 Loss: 0.0002 Acc: 1.0000 UseTime: 1007.120424
2017-12-20 06:11:23,492 : Train [31|2176000] lr: 0.002401 Loss: 0.0002 Acc: 1.0000 UseTime: 1070.000066
2017-12-20 06:12:26,326 : Train [31|2304000] lr: 0.002401 Loss: 0.0002 Acc: 1.0000 UseTime: 1132.834640
2017-12-20 06:14:46,029 : EvalTotal acc: 0.767668 loss: 2.160816
2017-12-20 06:14:46,031 : -----------------------------------------------------------------
2017-12-20 06:15:51,259 : Train [32|128000] lr: 0.002401 Loss: 0.0002 Acc: 1.0000 UseTime: 65.226697
2017-12-20 06:16:53,943 : Train [32|256000] lr: 0.002401 Loss: 0.0003 Acc: 1.0000 UseTime: 127.911189
2017-12-20 06:17:56,738 : Train [32|384000] lr: 0.002401 Loss: 0.0002 Acc: 1.0000 UseTime: 190.706412
2017-12-20 06:18:59,556 : Train [32|512000] lr: 0.002401 Loss: 0.0004 Acc: 1.0000 UseTime: 253.524123
2017-12-20 06:20:02,338 : Train [32|640000] lr: 0.002401 Loss: 0.0002 Acc: 1.0000 UseTime: 316.305676
2017-12-20 06:21:04,920 : Train [32|768000] lr: 0.002401 Loss: 0.0003 Acc: 1.0000 UseTime: 378.887937
2017-12-20 06:22:07,604 : Train [32|896000] lr: 0.002401 Loss: 0.0003 Acc: 1.0000 UseTime: 441.571619
2017-12-20 06:23:10,479 : Train [32|1024000] lr: 0.002401 Loss: 0.0002 Acc: 1.0000 UseTime: 504.446949
2017-12-20 06:24:13,180 : Train [32|1152000] lr: 0.002401 Loss: 0.0002 Acc: 1.0000 UseTime: 567.148204
2017-12-20 06:25:15,919 : Train [32|1280000] lr: 0.002401 Loss: 0.0002 Acc: 1.0000 UseTime: 629.887243
2017-12-20 06:26:18,582 : Train [32|1408000] lr: 0.002401 Loss: 0.0003 Acc: 1.0000 UseTime: 692.550300
2017-12-20 06:27:21,276 : Train [32|1536000] lr: 0.002401 Loss: 0.0003 Acc: 1.0000 UseTime: 755.244332
2017-12-20 06:28:24,146 : Train [32|1664000] lr: 0.002401 Loss: 0.0002 Acc: 1.0000 UseTime: 818.114139
2017-12-20 06:29:26,854 : Train [32|1792000] lr: 0.002401 Loss: 0.0002 Acc: 1.0000 UseTime: 880.822276
2017-12-20 06:30:29,513 : Train [32|1920000] lr: 0.002401 Loss: 0.0002 Acc: 1.0000 UseTime: 943.480649
2017-12-20 06:31:32,198 : Train [32|2048000] lr: 0.002401 Loss: 0.0002 Acc: 1.0000 UseTime: 1006.165562
2017-12-20 06:32:34,750 : Train [32|2176000] lr: 0.002401 Loss: 0.0002 Acc: 1.0000 UseTime: 1068.717752
2017-12-20 06:33:37,303 : Train [32|2304000] lr: 0.002401 Loss: 0.0002 Acc: 1.0000 UseTime: 1131.270548
2017-12-20 06:35:54,753 : EvalTotal acc: 0.767964 loss: 2.162773
2017-12-20 06:35:54,755 : -----------------------------------------------------------------
2017-12-20 06:36:59,563 : Train [33|128000] lr: 0.001681 Loss: 0.0003 Acc: 1.0000 UseTime: 64.806837
2017-12-20 06:38:02,154 : Train [33|256000] lr: 0.001681 Loss: 0.0002 Acc: 1.0000 UseTime: 127.397406
2017-12-20 06:39:04,983 : Train [33|384000] lr: 0.001681 Loss: 0.0001 Acc: 1.0000 UseTime: 190.226225
2017-12-20 06:40:07,954 : Train [33|512000] lr: 0.001681 Loss: 0.0002 Acc: 1.0000 UseTime: 253.197133
2017-12-20 06:41:10,944 : Train [33|640000] lr: 0.001681 Loss: 0.0001 Acc: 1.0000 UseTime: 316.187253
2017-12-20 06:42:13,941 : Train [33|768000] lr: 0.001681 Loss: 0.0002 Acc: 1.0000 UseTime: 379.185051
2017-12-20 06:43:16,870 : Train [33|896000] lr: 0.001681 Loss: 0.0003 Acc: 1.0000 UseTime: 442.113422
2017-12-20 06:44:19,666 : Train [33|1024000] lr: 0.001681 Loss: 0.0002 Acc: 1.0000 UseTime: 504.909780
2017-12-20 06:45:22,267 : Train [33|1152000] lr: 0.001681 Loss: 0.0001 Acc: 1.0000 UseTime: 567.510720
2017-12-20 06:46:24,896 : Train [33|1280000] lr: 0.001681 Loss: 0.0002 Acc: 1.0000 UseTime: 630.139887
2017-12-20 06:47:27,493 : Train [33|1408000] lr: 0.001681 Loss: 0.0002 Acc: 1.0000 UseTime: 692.736888
2017-12-20 06:48:30,022 : Train [33|1536000] lr: 0.001681 Loss: 0.0001 Acc: 1.0000 UseTime: 755.265321
2017-12-20 06:49:32,575 : Train [33|1664000] lr: 0.001681 Loss: 0.0002 Acc: 1.0000 UseTime: 817.818856
2017-12-20 06:50:35,167 : Train [33|1792000] lr: 0.001681 Loss: 0.0002 Acc: 1.0000 UseTime: 880.410471
2017-12-20 06:51:37,936 : Train [33|1920000] lr: 0.001681 Loss: 0.0002 Acc: 1.0000 UseTime: 943.179810
2017-12-20 06:52:40,737 : Train [33|2048000] lr: 0.001681 Loss: 0.0003 Acc: 1.0000 UseTime: 1005.980081
2017-12-20 06:53:43,581 : Train [33|2176000] lr: 0.001681 Loss: 0.0004 Acc: 1.0000 UseTime: 1068.824875
2017-12-20 06:54:46,344 : Train [33|2304000] lr: 0.001681 Loss: 0.0003 Acc: 1.0000 UseTime: 1131.588031
2017-12-20 06:57:04,390 : EvalTotal acc: 0.768074 loss: 2.157886
2017-12-20 06:57:04,391 : -----------------------------------------------------------------
2017-12-20 06:58:09,198 : Train [34|128000] lr: 0.001681 Loss: 0.0001 Acc: 1.0000 UseTime: 64.805015
2017-12-20 06:59:11,913 : Train [34|256000] lr: 0.001681 Loss: 0.0001 Acc: 1.0000 UseTime: 127.519771
2017-12-20 07:00:14,449 : Train [34|384000] lr: 0.001681 Loss: 0.0004 Acc: 1.0000 UseTime: 190.055939
2017-12-20 07:01:17,051 : Train [34|512000] lr: 0.001681 Loss: 0.0002 Acc: 1.0000 UseTime: 252.657797
2017-12-20 07:02:19,588 : Train [34|640000] lr: 0.001681 Loss: 0.0003 Acc: 1.0000 UseTime: 315.194592
2017-12-20 07:03:22,230 : Train [34|768000] lr: 0.001681 Loss: 0.0003 Acc: 1.0000 UseTime: 377.837487
2017-12-20 07:04:24,900 : Train [34|896000] lr: 0.001681 Loss: 0.0003 Acc: 1.0000 UseTime: 440.506802
2017-12-20 07:05:27,520 : Train [34|1024000] lr: 0.001681 Loss: 0.0001 Acc: 1.0000 UseTime: 503.127211
2017-12-20 07:06:30,333 : Train [34|1152000] lr: 0.001681 Loss: 0.0001 Acc: 1.0000 UseTime: 565.939799
2017-12-20 07:07:33,118 : Train [34|1280000] lr: 0.001681 Loss: 0.0003 Acc: 1.0000 UseTime: 628.725370
2017-12-20 07:08:35,927 : Train [34|1408000] lr: 0.001681 Loss: 0.0002 Acc: 1.0000 UseTime: 691.534416
2017-12-20 07:09:38,758 : Train [34|1536000] lr: 0.001681 Loss: 0.0002 Acc: 1.0000 UseTime: 754.364670
2017-12-20 07:10:41,578 : Train [34|1664000] lr: 0.001681 Loss: 0.0003 Acc: 1.0000 UseTime: 817.185438
2017-12-20 07:11:44,269 : Train [34|1792000] lr: 0.001681 Loss: 0.0003 Acc: 1.0000 UseTime: 879.875905
2017-12-20 07:12:47,015 : Train [34|1920000] lr: 0.001681 Loss: 0.0002 Acc: 1.0000 UseTime: 942.622007
2017-12-20 07:13:49,692 : Train [34|2048000] lr: 0.001681 Loss: 0.0002 Acc: 1.0000 UseTime: 1005.299534
2017-12-20 07:14:52,418 : Train [34|2176000] lr: 0.001681 Loss: 0.0002 Acc: 1.0000 UseTime: 1068.025133
2017-12-20 07:15:55,127 : Train [34|2304000] lr: 0.001681 Loss: 0.0002 Acc: 1.0000 UseTime: 1130.734622
2017-12-20 07:18:13,593 : EvalTotal acc: 0.767918 loss: 2.163986
2017-12-20 07:18:13,594 : -----------------------------------------------------------------
2017-12-20 07:19:18,238 : Train [35|128000] lr: 0.001681 Loss: 0.0003 Acc: 1.0000 UseTime: 64.641849
2017-12-20 07:20:21,011 : Train [35|256000] lr: 0.001681 Loss: 0.0001 Acc: 1.0000 UseTime: 127.414312
2017-12-20 07:21:23,865 : Train [35|384000] lr: 0.001681 Loss: 0.0002 Acc: 1.0000 UseTime: 190.269098
2017-12-20 07:22:26,676 : Train [35|512000] lr: 0.001681 Loss: 0.0003 Acc: 1.0000 UseTime: 253.079848
2017-12-20 07:23:29,348 : Train [35|640000] lr: 0.001681 Loss: 0.0003 Acc: 1.0000 UseTime: 315.751441
2017-12-20 07:24:32,223 : Train [35|768000] lr: 0.001681 Loss: 0.0001 Acc: 1.0000 UseTime: 378.626615
2017-12-20 07:25:34,941 : Train [35|896000] lr: 0.001681 Loss: 0.0002 Acc: 1.0000 UseTime: 441.345099
2017-12-20 07:26:37,710 : Train [35|1024000] lr: 0.001681 Loss: 0.0001 Acc: 1.0000 UseTime: 504.113687
2017-12-20 07:27:40,363 : Train [35|1152000] lr: 0.001681 Loss: 0.0002 Acc: 1.0000 UseTime: 566.767009
2017-12-20 07:28:42,969 : Train [35|1280000] lr: 0.001681 Loss: 0.0002 Acc: 1.0000 UseTime: 629.372643
2017-12-20 07:29:45,588 : Train [35|1408000] lr: 0.001681 Loss: 0.0002 Acc: 1.0000 UseTime: 691.991605
2017-12-20 07:30:48,246 : Train [35|1536000] lr: 0.001681 Loss: 0.0004 Acc: 1.0000 UseTime: 754.650119
2017-12-20 07:31:50,872 : Train [35|1664000] lr: 0.001681 Loss: 0.0001 Acc: 1.0000 UseTime: 817.275652
2017-12-20 07:32:53,553 : Train [35|1792000] lr: 0.001681 Loss: 0.0001 Acc: 1.0000 UseTime: 879.957026
2017-12-20 07:33:56,234 : Train [35|1920000] lr: 0.001681 Loss: 0.0002 Acc: 1.0000 UseTime: 942.637839
2017-12-20 07:34:58,877 : Train [35|2048000] lr: 0.001681 Loss: 0.0001 Acc: 1.0000 UseTime: 1005.280920
2017-12-20 07:36:01,668 : Train [35|2176000] lr: 0.001681 Loss: 0.0002 Acc: 1.0000 UseTime: 1068.071951
2017-12-20 07:37:04,527 : Train [35|2304000] lr: 0.001681 Loss: 0.0001 Acc: 1.0000 UseTime: 1130.930634
2017-12-20 07:39:24,260 : EvalTotal acc: 0.768553 loss: 2.153700
2017-12-20 07:39:24,264 : -----------------------------------------------------------------
2017-12-20 07:40:28,862 : Train [36|128000] lr: 0.001681 Loss: 0.0003 Acc: 1.0000 UseTime: 64.596261
2017-12-20 07:41:31,752 : Train [36|256000] lr: 0.001681 Loss: 0.0001 Acc: 1.0000 UseTime: 127.486978
2017-12-20 07:42:34,520 : Train [36|384000] lr: 0.001681 Loss: 0.0002 Acc: 1.0000 UseTime: 190.254613
2017-12-20 07:43:37,424 : Train [36|512000] lr: 0.001681 Loss: 0.0002 Acc: 1.0000 UseTime: 253.158533
2017-12-20 07:44:40,238 : Train [36|640000] lr: 0.001681 Loss: 0.0001 Acc: 1.0000 UseTime: 315.972796
2017-12-20 07:45:42,788 : Train [36|768000] lr: 0.001681 Loss: 0.0002 Acc: 1.0000 UseTime: 378.523328
2017-12-20 07:46:45,617 : Train [36|896000] lr: 0.001681 Loss: 0.0002 Acc: 1.0000 UseTime: 441.352036
2017-12-20 07:47:48,399 : Train [36|1024000] lr: 0.001681 Loss: 0.0002 Acc: 1.0000 UseTime: 504.133435
2017-12-20 07:48:51,231 : Train [36|1152000] lr: 0.001681 Loss: 0.0001 Acc: 1.0000 UseTime: 566.965800
2017-12-20 07:49:54,054 : Train [36|1280000] lr: 0.001681 Loss: 0.0002 Acc: 1.0000 UseTime: 629.788716
2017-12-20 07:50:56,854 : Train [36|1408000] lr: 0.001681 Loss: 0.0002 Acc: 1.0000 UseTime: 692.589121
2017-12-20 07:51:59,440 : Train [36|1536000] lr: 0.001681 Loss: 0.0002 Acc: 1.0000 UseTime: 755.174962
2017-12-20 07:53:02,225 : Train [36|1664000] lr: 0.001681 Loss: 0.0002 Acc: 1.0000 UseTime: 817.959779
2017-12-20 07:54:05,093 : Train [36|1792000] lr: 0.001681 Loss: 0.0002 Acc: 1.0000 UseTime: 880.828202
2017-12-20 07:55:07,751 : Train [36|1920000] lr: 0.001681 Loss: 0.0001 Acc: 1.0000 UseTime: 943.485900
2017-12-20 07:56:10,507 : Train [36|2048000] lr: 0.001681 Loss: 0.0006 Acc: 1.0000 UseTime: 1006.241442
2017-12-20 07:57:13,392 : Train [36|2176000] lr: 0.001681 Loss: 0.0002 Acc: 1.0000 UseTime: 1069.126568
2017-12-20 07:58:16,023 : Train [36|2304000] lr: 0.001681 Loss: 0.0002 Acc: 1.0000 UseTime: 1131.758060
2017-12-20 08:00:33,828 : EvalTotal acc: 0.767915 loss: 2.164914
2017-12-20 08:00:33,829 : -----------------------------------------------------------------
2017-12-20 08:01:38,398 : Train [37|128000] lr: 0.001681 Loss: 0.0002 Acc: 1.0000 UseTime: 64.568044
2017-12-20 08:02:41,267 : Train [37|256000] lr: 0.001681 Loss: 0.0017 Acc: 1.0000 UseTime: 127.437072
2017-12-20 08:03:43,951 : Train [37|384000] lr: 0.001681 Loss: 0.0002 Acc: 1.0000 UseTime: 190.120783
2017-12-20 08:04:46,606 : Train [37|512000] lr: 0.001681 Loss: 0.0002 Acc: 1.0000 UseTime: 252.775499
2017-12-20 08:05:49,325 : Train [37|640000] lr: 0.001681 Loss: 0.0001 Acc: 1.0000 UseTime: 315.494829
2017-12-20 08:06:53,186 : Train [37|768000] lr: 0.001681 Loss: 0.0001 Acc: 1.0000 UseTime: 379.355852
2017-12-20 08:07:56,823 : Train [37|896000] lr: 0.001681 Loss: 0.0002 Acc: 1.0000 UseTime: 442.992749
2017-12-20 08:09:00,551 : Train [37|1024000] lr: 0.001681 Loss: 0.0001 Acc: 1.0000 UseTime: 506.720942
2017-12-20 08:10:04,095 : Train [37|1152000] lr: 0.001681 Loss: 0.0004 Acc: 1.0000 UseTime: 570.264679
2017-12-20 08:11:07,699 : Train [37|1280000] lr: 0.001681 Loss: 0.0002 Acc: 1.0000 UseTime: 633.868886
2017-12-20 08:12:11,428 : Train [37|1408000] lr: 0.001681 Loss: 0.0003 Acc: 1.0000 UseTime: 697.597665
2017-12-20 08:13:14,967 : Train [37|1536000] lr: 0.001681 Loss: 0.0002 Acc: 1.0000 UseTime: 761.137254
2017-12-20 08:14:18,557 : Train [37|1664000] lr: 0.001681 Loss: 0.0001 Acc: 1.0000 UseTime: 824.726393
2017-12-20 08:15:22,374 : Train [37|1792000] lr: 0.001681 Loss: 0.0002 Acc: 1.0000 UseTime: 888.544112
2017-12-20 08:16:25,914 : Train [37|1920000] lr: 0.001681 Loss: 0.0002 Acc: 1.0000 UseTime: 952.084213
2017-12-20 08:17:29,354 : Train [37|2048000] lr: 0.001681 Loss: 0.0001 Acc: 1.0000 UseTime: 1015.523508
2017-12-20 08:18:32,791 : Train [37|2176000] lr: 0.001681 Loss: 0.0004 Acc: 1.0000 UseTime: 1078.960716
2017-12-20 08:19:36,476 : Train [37|2304000] lr: 0.001681 Loss: 0.0002 Acc: 1.0000 UseTime: 1142.645648
2017-12-20 08:21:57,242 : EvalTotal acc: 0.767853 loss: 2.166865
2017-12-20 08:21:57,243 : -----------------------------------------------------------------
2017-12-20 08:23:02,924 : Train [38|128000] lr: 0.001681 Loss: 0.0002 Acc: 1.0000 UseTime: 65.679298
2017-12-20 08:24:06,352 : Train [38|256000] lr: 0.001681 Loss: 0.0002 Acc: 1.0000 UseTime: 129.107591
2017-12-20 08:25:09,754 : Train [38|384000] lr: 0.001681 Loss: 0.0001 Acc: 1.0000 UseTime: 192.509561
2017-12-20 08:26:13,212 : Train [38|512000] lr: 0.001681 Loss: 0.0002 Acc: 1.0000 UseTime: 255.967800
2017-12-20 08:27:16,718 : Train [38|640000] lr: 0.001681 Loss: 0.0004 Acc: 1.0000 UseTime: 319.473247
2017-12-20 08:28:20,197 : Train [38|768000] lr: 0.001681 Loss: 0.0003 Acc: 1.0000 UseTime: 382.952011
2017-12-20 08:29:23,703 : Train [38|896000] lr: 0.001681 Loss: 0.0002 Acc: 1.0000 UseTime: 446.458385
2017-12-20 08:30:27,085 : Train [38|1024000] lr: 0.001681 Loss: 0.0002 Acc: 1.0000 UseTime: 509.840291
2017-12-20 08:31:30,780 : Train [38|1152000] lr: 0.001681 Loss: 0.0001 Acc: 1.0000 UseTime: 573.535705
2017-12-20 08:32:34,681 : Train [38|1280000] lr: 0.001681 Loss: 0.0002 Acc: 1.0000 UseTime: 637.436788
2017-12-20 08:33:38,111 : Train [38|1408000] lr: 0.001681 Loss: 0.0002 Acc: 1.0000 UseTime: 700.866285
2017-12-20 08:34:41,913 : Train [38|1536000] lr: 0.001681 Loss: 0.0003 Acc: 1.0000 UseTime: 764.668301
2017-12-20 08:35:45,459 : Train [38|1664000] lr: 0.001681 Loss: 0.0013 Acc: 1.0000 UseTime: 828.214932
2017-12-20 08:36:49,025 : Train [38|1792000] lr: 0.001681 Loss: 0.0003 Acc: 1.0000 UseTime: 891.780404
2017-12-20 08:37:52,572 : Train [38|1920000] lr: 0.001681 Loss: 0.0002 Acc: 1.0000 UseTime: 955.327306
2017-12-20 08:38:56,153 : Train [38|2048000] lr: 0.001681 Loss: 0.0001 Acc: 1.0000 UseTime: 1018.908057
2017-12-20 08:39:59,834 : Train [38|2176000] lr: 0.001681 Loss: 0.0001 Acc: 1.0000 UseTime: 1082.589746
2017-12-20 08:41:03,489 : Train [38|2304000] lr: 0.001681 Loss: 0.0002 Acc: 1.0000 UseTime: 1146.244489
2017-12-20 08:43:24,357 : EvalTotal acc: 0.767525 loss: 2.174434
2017-12-20 08:43:24,359 : -----------------------------------------------------------------
2017-12-20 08:44:32,045 : Train [39|128000] lr: 0.001176 Loss: 0.0002 Acc: 1.0000 UseTime: 67.684490
2017-12-20 08:45:35,599 : Train [39|256000] lr: 0.001176 Loss: 0.0002 Acc: 1.0000 UseTime: 131.238769
2017-12-20 08:46:39,255 : Train [39|384000] lr: 0.001176 Loss: 0.0002 Acc: 1.0000 UseTime: 194.894391
2017-12-20 08:47:42,610 : Train [39|512000] lr: 0.001176 Loss: 0.0002 Acc: 1.0000 UseTime: 258.249070
2017-12-20 08:48:46,112 : Train [39|640000] lr: 0.001176 Loss: 0.0002 Acc: 1.0000 UseTime: 321.751213
2017-12-20 08:49:49,935 : Train [39|768000] lr: 0.001176 Loss: 0.0003 Acc: 1.0000 UseTime: 385.574602
2017-12-20 08:50:53,457 : Train [39|896000] lr: 0.001176 Loss: 0.0001 Acc: 1.0000 UseTime: 449.095982
2017-12-20 08:51:57,017 : Train [39|1024000] lr: 0.001176 Loss: 0.0002 Acc: 1.0000 UseTime: 512.656188
2017-12-20 08:53:00,538 : Train [39|1152000] lr: 0.001176 Loss: 0.0002 Acc: 1.0000 UseTime: 576.177910
2017-12-20 08:54:04,178 : Train [39|1280000] lr: 0.001176 Loss: 0.0003 Acc: 1.0000 UseTime: 639.817343
2017-12-20 08:55:07,947 : Train [39|1408000] lr: 0.001176 Loss: 0.0001 Acc: 1.0000 UseTime: 703.586488
2017-12-20 08:56:11,254 : Train [39|1536000] lr: 0.001176 Loss: 0.0002 Acc: 1.0000 UseTime: 766.893611
2017-12-20 08:57:14,781 : Train [39|1664000] lr: 0.001176 Loss: 0.0001 Acc: 1.0000 UseTime: 830.420872
2017-12-20 08:58:18,241 : Train [39|1792000] lr: 0.001176 Loss: 0.0002 Acc: 1.0000 UseTime: 893.880525
2017-12-20 08:59:21,672 : Train [39|1920000] lr: 0.001176 Loss: 0.0002 Acc: 1.0000 UseTime: 957.310989
2017-12-20 09:00:25,209 : Train [39|2048000] lr: 0.001176 Loss: 0.0001 Acc: 1.0000 UseTime: 1020.848273
2017-12-20 09:01:28,914 : Train [39|2176000] lr: 0.001176 Loss: 0.0002 Acc: 1.0000 UseTime: 1084.553781
2017-12-20 09:02:32,423 : Train [39|2304000] lr: 0.001176 Loss: 0.0002 Acc: 1.0000 UseTime: 1148.062613
2017-12-20 09:04:54,151 : EvalTotal acc: 0.767850 loss: 2.170290
2017-12-20 09:04:54,152 : -----------------------------------------------------------------
2017-12-20 09:06:00,438 : Train [40|128000] lr: 0.001176 Loss: 0.0001 Acc: 1.0000 UseTime: 66.284764
2017-12-20 09:07:04,189 : Train [40|256000] lr: 0.001176 Loss: 0.0002 Acc: 1.0000 UseTime: 130.035274
2017-12-20 09:08:07,686 : Train [40|384000] lr: 0.001176 Loss: 0.0002 Acc: 1.0000 UseTime: 193.532813
2017-12-20 09:09:11,137 : Train [40|512000] lr: 0.001176 Loss: 0.0002 Acc: 1.0000 UseTime: 256.983946
2017-12-20 09:10:14,628 : Train [40|640000] lr: 0.001176 Loss: 0.0002 Acc: 1.0000 UseTime: 320.474766
2017-12-20 09:11:18,030 : Train [40|768000] lr: 0.001176 Loss: 0.0003 Acc: 1.0000 UseTime: 383.876343
2017-12-20 09:12:21,283 : Train [40|896000] lr: 0.001176 Loss: 0.0001 Acc: 1.0000 UseTime: 447.128982
2017-12-20 09:13:24,880 : Train [40|1024000] lr: 0.001176 Loss: 0.0002 Acc: 1.0000 UseTime: 510.726163
2017-12-20 09:14:28,583 : Train [40|1152000] lr: 0.001176 Loss: 0.0004 Acc: 1.0000 UseTime: 574.429045
2017-12-20 09:15:31,869 : Train [40|1280000] lr: 0.001176 Loss: 0.0002 Acc: 1.0000 UseTime: 637.715535
2017-12-20 09:16:35,567 : Train [40|1408000] lr: 0.001176 Loss: 0.0003 Acc: 1.0000 UseTime: 701.413598
2017-12-20 09:17:39,130 : Train [40|1536000] lr: 0.001176 Loss: 0.0002 Acc: 1.0000 UseTime: 764.976041
2017-12-20 09:18:42,619 : Train [40|1664000] lr: 0.001176 Loss: 0.0004 Acc: 1.0000 UseTime: 828.465295
2017-12-20 09:19:46,390 : Train [40|1792000] lr: 0.001176 Loss: 0.0001 Acc: 1.0000 UseTime: 892.236256
2017-12-20 09:20:49,869 : Train [40|1920000] lr: 0.001176 Loss: 0.0002 Acc: 1.0000 UseTime: 955.715847
2017-12-20 09:21:53,587 : Train [40|2048000] lr: 0.001176 Loss: 0.0002 Acc: 1.0000 UseTime: 1019.433837
2017-12-20 09:22:57,010 : Train [40|2176000] lr: 0.001176 Loss: 0.0001 Acc: 1.0000 UseTime: 1082.856366
2017-12-20 09:24:00,563 : Train [40|2304000] lr: 0.001176 Loss: 0.0002 Acc: 1.0000 UseTime: 1146.409455
2017-12-20 09:26:21,230 : EvalTotal acc: 0.767960 loss: 2.167469
2017-12-20 09:26:21,231 : -----------------------------------------------------------------
2017-12-20 09:27:27,184 : Train [41|128000] lr: 0.001176 Loss: 0.0002 Acc: 1.0000 UseTime: 65.951664
2017-12-20 09:28:30,832 : Train [41|256000] lr: 0.001176 Loss: 0.0004 Acc: 1.0000 UseTime: 129.599089
2017-12-20 09:29:34,406 : Train [41|384000] lr: 0.001176 Loss: 0.0005 Acc: 1.0000 UseTime: 193.173959
2017-12-20 09:30:37,992 : Train [41|512000] lr: 0.001176 Loss: 0.0002 Acc: 1.0000 UseTime: 256.759970
2017-12-20 09:31:41,573 : Train [41|640000] lr: 0.001176 Loss: 0.0002 Acc: 1.0000 UseTime: 320.340801
2017-12-20 09:32:45,087 : Train [41|768000] lr: 0.001176 Loss: 0.0001 Acc: 1.0000 UseTime: 383.854905
2017-12-20 09:33:49,082 : Train [41|896000] lr: 0.001176 Loss: 0.0002 Acc: 1.0000 UseTime: 447.849780
2017-12-20 09:34:52,951 : Train [41|1024000] lr: 0.001176 Loss: 0.0002 Acc: 1.0000 UseTime: 511.718866
2017-12-20 09:35:56,504 : Train [41|1152000] lr: 0.001176 Loss: 0.0003 Acc: 1.0000 UseTime: 575.271700
2017-12-20 09:37:00,035 : Train [41|1280000] lr: 0.001176 Loss: 0.0005 Acc: 1.0000 UseTime: 638.802848
2017-12-20 09:38:03,313 : Train [41|1408000] lr: 0.001176 Loss: 0.0003 Acc: 1.0000 UseTime: 702.080280
2017-12-20 09:39:06,792 : Train [41|1536000] lr: 0.001176 Loss: 0.0002 Acc: 1.0000 UseTime: 765.559491
2017-12-20 09:40:10,244 : Train [41|1664000] lr: 0.001176 Loss: 0.0002 Acc: 1.0000 UseTime: 829.011590
2017-12-20 09:41:13,775 : Train [41|1792000] lr: 0.001176 Loss: 0.0003 Acc: 1.0000 UseTime: 892.542782
2017-12-20 09:42:17,331 : Train [41|1920000] lr: 0.001176 Loss: 0.0002 Acc: 1.0000 UseTime: 956.099011
2017-12-20 09:43:20,929 : Train [41|2048000] lr: 0.001176 Loss: 0.0002 Acc: 1.0000 UseTime: 1019.697012
2017-12-20 09:44:24,615 : Train [41|2176000] lr: 0.001176 Loss: 0.0001 Acc: 1.0000 UseTime: 1083.382225
2017-12-20 09:45:28,163 : Train [41|2304000] lr: 0.001176 Loss: 0.0003 Acc: 1.0000 UseTime: 1146.930330
2017-12-20 09:47:49,328 : EvalTotal acc: 0.767581 loss: 2.179999
2017-12-20 09:47:49,329 : -----------------------------------------------------------------
2017-12-20 09:48:55,465 : Train [42|128000] lr: 0.001176 Loss: 0.0003 Acc: 1.0000 UseTime: 66.133571
2017-12-20 09:49:59,013 : Train [42|256000] lr: 0.001176 Loss: 0.0003 Acc: 1.0000 UseTime: 129.681204
2017-12-20 09:51:02,344 : Train [42|384000] lr: 0.001176 Loss: 0.0004 Acc: 1.0000 UseTime: 193.012330
2017-12-20 09:52:06,199 : Train [42|512000] lr: 0.001176 Loss: 0.0002 Acc: 1.0000 UseTime: 256.867218
2017-12-20 09:53:09,902 : Train [42|640000] lr: 0.001176 Loss: 0.0003 Acc: 1.0000 UseTime: 320.570715
2017-12-20 09:54:13,451 : Train [42|768000] lr: 0.001176 Loss: 0.0002 Acc: 1.0000 UseTime: 384.119510
2017-12-20 09:55:16,909 : Train [42|896000] lr: 0.001176 Loss: 0.0002 Acc: 1.0000 UseTime: 447.577242
2017-12-20 09:56:20,492 : Train [42|1024000] lr: 0.001176 Loss: 0.0002 Acc: 1.0000 UseTime: 511.160900
2017-12-20 09:57:24,225 : Train [42|1152000] lr: 0.001176 Loss: 0.0002 Acc: 1.0000 UseTime: 574.893849
2017-12-20 09:58:27,779 : Train [42|1280000] lr: 0.001176 Loss: 0.0002 Acc: 1.0000 UseTime: 638.447844
2017-12-20 09:59:31,219 : Train [42|1408000] lr: 0.001176 Loss: 0.0004 Acc: 1.0000 UseTime: 701.887449
2017-12-20 10:00:34,474 : Train [42|1536000] lr: 0.001176 Loss: 0.0001 Acc: 1.0000 UseTime: 765.142742
2017-12-20 10:01:38,055 : Train [42|1664000] lr: 0.001176 Loss: 0.0001 Acc: 1.0000 UseTime: 828.723405
2017-12-20 10:02:41,627 : Train [42|1792000] lr: 0.001176 Loss: 0.0003 Acc: 1.0000 UseTime: 892.295814
2017-12-20 10:03:45,172 : Train [42|1920000] lr: 0.001176 Loss: 0.0002 Acc: 1.0000 UseTime: 955.840215
2017-12-20 10:04:48,823 : Train [42|2048000] lr: 0.001176 Loss: 0.0002 Acc: 1.0000 UseTime: 1019.491016
2017-12-20 10:05:52,506 : Train [42|2176000] lr: 0.001176 Loss: 0.0001 Acc: 1.0000 UseTime: 1083.174915
2017-12-20 10:06:56,112 : Train [42|2304000] lr: 0.001176 Loss: 0.0002 Acc: 1.0000 UseTime: 1146.780908
2017-12-20 10:09:17,928 : EvalTotal acc: 0.768287 loss: 2.160047
2017-12-20 10:09:17,931 : -----------------------------------------------------------------
2017-12-20 10:10:23,515 : Train [43|128000] lr: 0.001176 Loss: 0.0002 Acc: 1.0000 UseTime: 65.582766
2017-12-20 10:11:27,235 : Train [43|256000] lr: 0.001176 Loss: 0.0002 Acc: 1.0000 UseTime: 129.303270
2017-12-20 10:12:30,930 : Train [43|384000] lr: 0.001176 Loss: 0.0002 Acc: 1.0000 UseTime: 192.997545
2017-12-20 10:13:34,605 : Train [43|512000] lr: 0.001176 Loss: 0.0002 Acc: 1.0000 UseTime: 256.672821
2017-12-20 10:14:38,086 : Train [43|640000] lr: 0.001176 Loss: 0.0002 Acc: 1.0000 UseTime: 320.153612
2017-12-20 10:15:41,831 : Train [43|768000] lr: 0.001176 Loss: 0.0001 Acc: 1.0000 UseTime: 383.899160
2017-12-20 10:16:45,262 : Train [43|896000] lr: 0.001176 Loss: 0.0005 Acc: 1.0000 UseTime: 447.329540
2017-12-20 10:17:48,998 : Train [43|1024000] lr: 0.001176 Loss: 0.0002 Acc: 1.0000 UseTime: 511.065518
2017-12-20 10:18:52,633 : Train [43|1152000] lr: 0.001176 Loss: 0.0003 Acc: 1.0000 UseTime: 574.701134
2017-12-20 10:19:56,141 : Train [43|1280000] lr: 0.001176 Loss: 0.0001 Acc: 1.0000 UseTime: 638.208900
2017-12-20 10:20:59,732 : Train [43|1408000] lr: 0.001176 Loss: 0.0001 Acc: 1.0000 UseTime: 701.800301
2017-12-20 10:22:03,785 : Train [43|1536000] lr: 0.001176 Loss: 0.0004 Acc: 1.0000 UseTime: 765.852386
2017-12-20 10:23:07,358 : Train [43|1664000] lr: 0.001176 Loss: 0.0001 Acc: 1.0000 UseTime: 829.425868
2017-12-20 10:24:10,989 : Train [43|1792000] lr: 0.001176 Loss: 0.0001 Acc: 1.0000 UseTime: 893.056470
2017-12-20 10:25:14,590 : Train [43|1920000] lr: 0.001176 Loss: 0.0002 Acc: 1.0000 UseTime: 956.657605
2017-12-20 10:26:18,342 : Train [43|2048000] lr: 0.001176 Loss: 0.0002 Acc: 1.0000 UseTime: 1020.410205
2017-12-20 10:27:21,539 : Train [43|2176000] lr: 0.001176 Loss: 0.0001 Acc: 1.0000 UseTime: 1083.607291
2017-12-20 10:28:24,255 : Train [43|2304000] lr: 0.001176 Loss: 0.0001 Acc: 1.0000 UseTime: 1146.323297
2017-12-20 10:30:45,472 : EvalTotal acc: 0.767951 loss: 2.174433
2017-12-20 10:30:45,474 : -----------------------------------------------------------------
2017-12-20 10:31:51,116 : Train [44|128000] lr: 0.001176 Loss: 0.0002 Acc: 1.0000 UseTime: 65.635911
2017-12-20 10:32:54,844 : Train [44|256000] lr: 0.001176 Loss: 0.0005 Acc: 1.0000 UseTime: 129.364061
2017-12-20 10:33:58,634 : Train [44|384000] lr: 0.001176 Loss: 0.0004 Acc: 1.0000 UseTime: 193.154338
2017-12-20 10:35:02,310 : Train [44|512000] lr: 0.001176 Loss: 0.0002 Acc: 1.0000 UseTime: 256.829768
2017-12-20 10:36:05,871 : Train [44|640000] lr: 0.001176 Loss: 0.0001 Acc: 1.0000 UseTime: 320.391607
2017-12-20 10:37:09,504 : Train [44|768000] lr: 0.001176 Loss: 0.0003 Acc: 1.0000 UseTime: 384.023921
2017-12-20 10:38:12,990 : Train [44|896000] lr: 0.001176 Loss: 0.0002 Acc: 1.0000 UseTime: 447.510039
2017-12-20 10:39:16,604 : Train [44|1024000] lr: 0.001176 Loss: 0.0003 Acc: 1.0000 UseTime: 511.123729
2017-12-20 10:40:20,304 : Train [44|1152000] lr: 0.001176 Loss: 0.0001 Acc: 1.0000 UseTime: 574.824301
2017-12-20 10:41:24,149 : Train [44|1280000] lr: 0.001176 Loss: 0.0004 Acc: 1.0000 UseTime: 638.669135
2017-12-20 10:42:28,110 : Train [44|1408000] lr: 0.001176 Loss: 0.0002 Acc: 1.0000 UseTime: 702.629928
2017-12-20 10:43:31,931 : Train [44|1536000] lr: 0.001176 Loss: 0.0002 Acc: 1.0000 UseTime: 766.450916
2017-12-20 10:44:35,561 : Train [44|1664000] lr: 0.001176 Loss: 0.0002 Acc: 1.0000 UseTime: 830.080854
2017-12-20 10:45:39,337 : Train [44|1792000] lr: 0.001176 Loss: 0.0002 Acc: 1.0000 UseTime: 893.856902
2017-12-20 10:46:43,302 : Train [44|1920000] lr: 0.001176 Loss: 0.0002 Acc: 1.0000 UseTime: 957.822621
2017-12-20 10:47:46,821 : Train [44|2048000] lr: 0.001176 Loss: 0.0002 Acc: 1.0000 UseTime: 1021.341150
2017-12-20 10:48:50,535 : Train [44|2176000] lr: 0.001176 Loss: 0.0002 Acc: 1.0000 UseTime: 1085.055352
2017-12-20 10:49:54,369 : Train [44|2304000] lr: 0.001176 Loss: 0.0004 Acc: 1.0000 UseTime: 1148.888893
2017-12-20 10:52:18,807 : EvalTotal acc: 0.768363 loss: 2.162245
2017-12-20 10:52:18,808 : -----------------------------------------------------------------
2017-12-20 10:53:25,476 : Train [45|128000] lr: 0.000824 Loss: 0.0001 Acc: 1.0000 UseTime: 66.666201
2017-12-20 10:54:29,347 : Train [45|256000] lr: 0.000824 Loss: 0.0002 Acc: 1.0000 UseTime: 130.537211
2017-12-20 10:55:33,155 : Train [45|384000] lr: 0.000824 Loss: 0.0002 Acc: 1.0000 UseTime: 194.345143
2017-12-20 10:56:37,028 : Train [45|512000] lr: 0.000824 Loss: 0.0003 Acc: 1.0000 UseTime: 258.217928
2017-12-20 10:57:41,255 : Train [45|640000] lr: 0.000824 Loss: 0.0003 Acc: 1.0000 UseTime: 322.445115
2017-12-20 10:58:45,174 : Train [45|768000] lr: 0.000824 Loss: 0.0002 Acc: 1.0000 UseTime: 386.364366
2017-12-20 10:59:49,125 : Train [45|896000] lr: 0.000824 Loss: 0.0003 Acc: 1.0000 UseTime: 450.314701
2017-12-20 11:00:53,093 : Train [45|1024000] lr: 0.000824 Loss: 0.0002 Acc: 1.0000 UseTime: 514.283159
2017-12-20 11:01:57,213 : Train [45|1152000] lr: 0.000824 Loss: 0.0001 Acc: 1.0000 UseTime: 578.403244
2017-12-20 11:03:01,292 : Train [45|1280000] lr: 0.000824 Loss: 0.0002 Acc: 1.0000 UseTime: 642.481709
2017-12-20 11:04:05,252 : Train [45|1408000] lr: 0.000824 Loss: 0.0002 Acc: 1.0000 UseTime: 706.441922
2017-12-20 11:05:08,687 : Train [45|1536000] lr: 0.000824 Loss: 0.0002 Acc: 1.0000 UseTime: 769.876915
2017-12-20 11:06:12,680 : Train [45|1664000] lr: 0.000824 Loss: 0.0001 Acc: 1.0000 UseTime: 833.870138
2017-12-20 11:07:16,733 : Train [45|1792000] lr: 0.000824 Loss: 0.0002 Acc: 1.0000 UseTime: 897.922438
2017-12-20 11:08:20,826 : Train [45|1920000] lr: 0.000824 Loss: 0.0002 Acc: 1.0000 UseTime: 962.016349
2017-12-20 11:09:24,872 : Train [45|2048000] lr: 0.000824 Loss: 0.0004 Acc: 1.0000 UseTime: 1026.062270
2017-12-20 11:10:28,908 : Train [45|2176000] lr: 0.000824 Loss: 0.0002 Acc: 1.0000 UseTime: 1090.097899
2017-12-20 11:11:32,908 : Train [45|2304000] lr: 0.000824 Loss: 0.0002 Acc: 1.0000 UseTime: 1154.097864
2017-12-20 11:13:56,561 : EvalTotal acc: 0.768152 loss: 2.165536
2017-12-20 11:13:56,562 : -----------------------------------------------------------------
2017-12-20 11:15:02,739 : Train [46|128000] lr: 0.000824 Loss: 0.0002 Acc: 1.0000 UseTime: 66.174814
2017-12-20 11:16:06,468 : Train [46|256000] lr: 0.000824 Loss: 0.0001 Acc: 1.0000 UseTime: 129.904261
2017-12-20 11:17:10,077 : Train [46|384000] lr: 0.000824 Loss: 0.0001 Acc: 1.0000 UseTime: 193.513498
