Tue 26/Dec/2017 17:33:55: ('',)
Tue 26/Dec/2017 17:33:55: ('-------------------------------------------------------------------------------------',)
Tue 26/Dec/2017 17:33:55: ('  [log save in train-resnet34-far-am-speech-novad.log]',)
Tue 26/Dec/2017 17:33:55: ("  [Namespace(alpha=0.5, batch_size=512, epochs=50, factor=0.7, fea_type='far-am-speech-novad', gpu='5', log_interval=200, lr=0.01, model='resnet34', model_file='epoch.{:d}.model', model_path='/home/lj/work/voice/model', momentum=0.9, num_classes=8470, patience=7, seed=1, split_num=5, train_file='train.{:d}.dict', train_mean='/home/lj/work/voice/data/far-am-speech-novad/train/train.mean', train_path='/home/lj/work/voice/data/far-am-speech-novad/train', train_std='/home/lj/work/voice/data/far-am-speech-novad/train/train.std', vad_file='/home/lj/work/voice/data/far-am-speech-novad/train/vad.dict', valid_file='train.{:d}.dict', valid_path='/home/lj/work/voice/data/far-am-speech-novad/train', weight_decay=1e-06)]",)
Tue 26/Dec/2017 17:33:55: ('',)
Tue 26/Dec/2017 17:33:55: ('-------------------------------------------------------------------------------------',)
Tue 26/Dec/2017 17:34:05: ('  [LoadModelData /home/lj/work/voice/data/far-am-speech-novad/train/train.4.dict]',)
Tue 26/Dec/2017 17:37:23: ('  [Create model: resnet34 num_classes: 8470]',)
Tue 26/Dec/2017 17:37:38: ('',)
Tue 26/Dec/2017 17:37:38: ('-------------------------------------------------------------------------------------',)
Tue 26/Dec/2017 17:37:38: ('  [Train resnet34]',)
Tue 26/Dec/2017 17:37:38: ('-------------------------------------------------------------------------------------',)
Tue 26/Dec/2017 17:37:38: ('  [LoadModelData /home/lj/work/voice/data/far-am-speech-novad/train/train.0.dict]',)
Tue 26/Dec/2017 18:58:41: ('',)
Tue 26/Dec/2017 18:58:41: ('-------------------------------------------------------------------------------------',)
Tue 26/Dec/2017 18:58:41: ('  [log save in train-resnet34-far-am-speech-novad.log]',)
Tue 26/Dec/2017 18:58:41: ("  [Namespace(alpha=0.5, batch_size=512, epochs=50, factor=0.7, fea_type='far-am-speech-novad', gpu='5', log_interval=200, lr=0.01, model='resnet34', model_file='epoch.{:d}.model', model_path='/home/lj/work/voice/model', momentum=0.9, num_classes=8470, patience=7, seed=1, split_num=5, train_file='train.{:d}.dict', train_mean='/home/lj/work/voice/data/far-am-speech-novad/train/train.mean', train_path='/home/lj/work/voice/data/far-am-speech-novad/train', train_std='/home/lj/work/voice/data/far-am-speech-novad/train/train.std', vad_file='/home/lj/work/voice/data/far-am-speech-novad/train/vad.dict', valid_file='train.{:d}.dict', valid_path='/home/lj/work/voice/data/far-am-speech-novad/train', weight_decay=1e-06)]",)
Tue 26/Dec/2017 18:58:41: ('',)
Tue 26/Dec/2017 18:58:41: ('-------------------------------------------------------------------------------------',)
Tue 26/Dec/2017 18:58:52: ('  [LoadModelData /home/lj/work/voice/data/far-am-speech-novad/train/train.4.dict]',)
Tue 26/Dec/2017 19:01:46: ('  [Create model: resnet34 num_classes: 8470]',)
Tue 26/Dec/2017 19:01:58: ('',)
Tue 26/Dec/2017 19:01:58: ('-------------------------------------------------------------------------------------',)
Tue 26/Dec/2017 19:01:58: ('  [Train resnet34]',)
Tue 26/Dec/2017 19:01:58: ('-------------------------------------------------------------------------------------',)
Tue 26/Dec/2017 19:01:58: ('  [LoadModelData /home/lj/work/voice/data/far-am-speech-novad/train/train.0.dict]',)
Tue 26/Dec/2017 19:05:18: ('\n=================================================================',)
Tue 26/Dec/2017 19:05:18: ('    [ ResNet 34 Model ]',)
Tue 26/Dec/2017 19:05:18: ('=================================================================\n',)
Tue 26/Dec/2017 19:05:18: ('input x: ', torch.Size([512, 1, 40, 40]))
Tue 26/Dec/2017 19:05:20: ('conv1 x: ', torch.Size([512, 64, 20, 20]))
Tue 26/Dec/2017 19:05:20: ('maxpl x: ', torch.Size([512, 64, 10, 10]))
Tue 26/Dec/2017 19:05:20: ('layer1 x: ', torch.Size([512, 64, 10, 10]))
Tue 26/Dec/2017 19:05:20: ('layer2 x: ', torch.Size([512, 128, 5, 5]))
Tue 26/Dec/2017 19:05:20: ('layer3 x: ', torch.Size([512, 256, 3, 3]))
Tue 26/Dec/2017 19:05:20: ('layer4 x: ', torch.Size([512, 512, 2, 2]))
Tue 26/Dec/2017 19:05:20: ('avgpl x: ', torch.Size([512, 512, 1, 1]))
Tue 26/Dec/2017 19:05:20: ('xview x: ', torch.Size([512, 512]))
Tue 26/Dec/2017 19:05:20: ('yview y: ', torch.Size([512, 512]))
Tue 26/Dec/2017 19:05:20: ('fc x: ', torch.Size([512, 8470]))
Tue 26/Dec/2017 19:05:20: ('return y(feature), x(predict)',)
Tue 26/Dec/2017 19:05:20: ('\n=================================================================\n',)
Tue 26/Dec/2017 19:05:49: ('Train [1|102400] lr: 0.010000 Loss: 8.7186 Acc: 0.0020 UseTime: 38.459474',)
Tue 26/Dec/2017 19:06:17: ('Train [1|204800] lr: 0.010000 Loss: 8.6031 Acc: 0.0000 UseTime: 66.981472',)
Tue 26/Dec/2017 19:06:46: ('Train [1|307200] lr: 0.010000 Loss: 8.4745 Acc: 0.0000 UseTime: 95.826166',)
Tue 26/Dec/2017 19:07:14: ('Train [1|409600] lr: 0.010000 Loss: 8.3598 Acc: 0.0000 UseTime: 124.368415',)
Tue 26/Dec/2017 19:07:43: ('Train [1|512000] lr: 0.010000 Loss: 8.3004 Acc: 0.0000 UseTime: 153.014860',)
