Tue 26/Dec/2017 15:13:26: ('-------------------------------------------------------------------------------------',)
Tue 26/Dec/2017 15:13:26: ('  [log save in train-resnet34-far-accent-speech-novad.log]',)
Tue 26/Dec/2017 15:13:26: ("  [Namespace(alpha=0.5, batch_size=512, epochs=50, factor=0.7, fea_type='far-accent-speech-novad', gpu='7', log_interval=200, lr=0.01, model='resnet34', model_file='epoch.{:d}.model', model_path='/home/lj/work/voice/model', momentum=0.9, num_classes=2425, patience=7, seed=1, split_num=5, train_file='train.{:d}.dict', train_mean='/home/lj/work/voice/data/far-accent-speech-novad/train/train.mean', train_path='/home/lj/work/voice/data/far-accent-speech-novad/train', train_std='/home/lj/work/voice/data/far-accent-speech-novad/train/train.std', vad_file='/home/lj/work/voice/data/far-accent-speech-novad/train/vad.dict', valid_file='train.{:d}.dict', valid_path='/home/lj/work/voice/data/far-accent-speech-novad/train', weight_decay=1e-06)]",)
Tue 26/Dec/2017 15:13:26: ('',)
Tue 26/Dec/2017 15:13:26: ('-------------------------------------------------------------------------------------',)
Tue 26/Dec/2017 15:13:31: ('  [LoadModelData /home/lj/work/voice/data/far-accent-speech-novad/train/train.4.dict]',)
Tue 26/Dec/2017 15:13:31: ('----------------------------------------------------------------',)
Tue 26/Dec/2017 15:13:31: ('  Load Dataset from [/home/lj/work/voice/data/far-accent-speech-novad/train/train.4.dict] & mode:valid',)
Tue 26/Dec/2017 15:13:41: ('  Load Dataset [usetime: 10.256036] & [length: 2426] & slip-window-sample...',)
Tue 26/Dec/2017 15:14:26: ('  Slip-window-sample usetime: 44.120376',)
Tue 26/Dec/2017 15:14:26: ('  [data: 1002517  shape: (1, 40, 40)]',)
Tue 26/Dec/2017 15:14:26: ('  [labs: 1002517  minVal:0  maxVal:2425',)
Tue 26/Dec/2017 15:14:26: ('',)
Tue 26/Dec/2017 15:14:26: ('  [Create model: resnet34 num_classes: 2425]',)
Tue 26/Dec/2017 15:14:39: ('',)
Tue 26/Dec/2017 15:14:39: ('-------------------------------------------------------------------------------------',)
Tue 26/Dec/2017 15:14:39: ('  [Train resnet34]',)
Tue 26/Dec/2017 15:14:39: ('-------------------------------------------------------------------------------------',)
Tue 26/Dec/2017 15:14:39: ('  [LoadModelData /home/lj/work/voice/data/far-accent-speech-novad/train/train.0.dict]',)
Tue 26/Dec/2017 15:14:39: ('----------------------------------------------------------------',)
Tue 26/Dec/2017 15:14:39: ('  Load Dataset from [/home/lj/work/voice/data/far-accent-speech-novad/train/train.0.dict] & mode:train',)
Tue 26/Dec/2017 15:14:49: ('  Load Dataset [usetime: 10.647604] & [length: 2426] & slip-window-sample...',)
Tue 26/Dec/2017 15:15:33: ('  Slip-window-sample usetime: 43.945370',)
Tue 26/Dec/2017 15:15:33: ('  [data: 1021133  shape: (1, 40, 40)]',)
Tue 26/Dec/2017 15:15:33: ('  [labs: 1021133  minVal:0  maxVal:2425',)
Tue 26/Dec/2017 15:15:33: ('',)
Tue 26/Dec/2017 15:15:36: ('\n=================================================================',)
Tue 26/Dec/2017 15:15:36: ('    [ ResNet 34 Model ]',)
Tue 26/Dec/2017 15:15:36: ('=================================================================\n',)
Tue 26/Dec/2017 15:15:36: ('input x: ', torch.Size([512, 1, 40, 40]))
Tue 26/Dec/2017 15:15:37: ('conv1 x: ', torch.Size([512, 64, 20, 20]))
Tue 26/Dec/2017 15:15:37: ('maxpl x: ', torch.Size([512, 64, 10, 10]))
Tue 26/Dec/2017 15:15:37: ('layer1 x: ', torch.Size([512, 64, 10, 10]))
Tue 26/Dec/2017 15:15:37: ('layer2 x: ', torch.Size([512, 128, 5, 5]))
Tue 26/Dec/2017 15:15:37: ('layer3 x: ', torch.Size([512, 256, 3, 3]))
Tue 26/Dec/2017 15:15:37: ('layer4 x: ', torch.Size([512, 512, 2, 2]))
Tue 26/Dec/2017 15:15:37: ('avgpl x: ', torch.Size([512, 512, 1, 1]))
Tue 26/Dec/2017 15:15:37: ('xview x: ', torch.Size([512, 512]))
Tue 26/Dec/2017 15:15:37: ('yview y: ', torch.Size([512, 512]))
Tue 26/Dec/2017 15:15:43: ('fc x: ', torch.Size([512, 2425]))
Tue 26/Dec/2017 15:15:43: ('return y(feature), x(predict)',)
Tue 26/Dec/2017 15:15:43: ('\n=================================================================\n',)
Tue 26/Dec/2017 15:16:26: ('\n-------------------------------------------------------------------------------------',)
Tue 26/Dec/2017 15:16:26: ('  [log save in train-resnet34-far-accent-speech-novad.log]',)
Tue 26/Dec/2017 15:16:26: ("  [Namespace(alpha=0.5, batch_size=512, epochs=50, factor=0.7, fea_type='far-accent-speech-novad', gpu='7', log_interval=200, lr=0.01, model='resnet34', model_file='epoch.{:d}.model', model_path='/home/lj/work/voice/model', momentum=0.9, num_classes=2426, patience=7, seed=1, split_num=5, train_file='train.{:d}.dict', train_mean='/home/lj/work/voice/data/far-accent-speech-novad/train/train.mean', train_path='/home/lj/work/voice/data/far-accent-speech-novad/train', train_std='/home/lj/work/voice/data/far-accent-speech-novad/train/train.std', vad_file='/home/lj/work/voice/data/far-accent-speech-novad/train/vad.dict', valid_file='train.{:d}.dict', valid_path='/home/lj/work/voice/data/far-accent-speech-novad/train', weight_decay=1e-06)]",)
Tue 26/Dec/2017 15:16:26: ('',)
Tue 26/Dec/2017 15:16:26: ('-------------------------------------------------------------------------------------',)
Tue 26/Dec/2017 15:16:30: ('  [LoadModelData /home/lj/work/voice/data/far-accent-speech-novad/train/train.4.dict]',)
Tue 26/Dec/2017 15:16:30: ('----------------------------------------------------------------',)
Tue 26/Dec/2017 15:16:30: ('  Load Dataset from [/home/lj/work/voice/data/far-accent-speech-novad/train/train.4.dict] & mode:valid',)
Tue 26/Dec/2017 15:16:36: ('  Load Dataset [usetime: 5.725586] & [length: 2426] & slip-window-sample...',)
Tue 26/Dec/2017 15:17:19: ('  Slip-window-sample usetime: 43.526071',)
Tue 26/Dec/2017 15:17:19: ('  [data: 1002517  shape: (1, 40, 40)]',)
Tue 26/Dec/2017 15:17:19: ('  [labs: 1002517  minVal:0  maxVal:2425',)
Tue 26/Dec/2017 15:17:19: ('',)
Tue 26/Dec/2017 15:17:19: ('  [Create model: resnet34 num_classes: 2426]',)
Tue 26/Dec/2017 15:17:27: ('',)
Tue 26/Dec/2017 15:17:27: ('-------------------------------------------------------------------------------------',)
Tue 26/Dec/2017 15:17:27: ('  [Train resnet34]',)
Tue 26/Dec/2017 15:17:27: ('-------------------------------------------------------------------------------------',)
Tue 26/Dec/2017 15:17:27: ('  [LoadModelData /home/lj/work/voice/data/far-accent-speech-novad/train/train.0.dict]',)
Tue 26/Dec/2017 15:17:27: ('----------------------------------------------------------------',)
Tue 26/Dec/2017 15:17:27: ('  Load Dataset from [/home/lj/work/voice/data/far-accent-speech-novad/train/train.0.dict] & mode:train',)
Tue 26/Dec/2017 15:17:31: ('  Load Dataset [usetime: 3.618155] & [length: 2426] & slip-window-sample...',)
Tue 26/Dec/2017 15:18:10: ('  Slip-window-sample usetime: 39.368401',)
Tue 26/Dec/2017 15:18:10: ('  [data: 1021133  shape: (1, 40, 40)]',)
Tue 26/Dec/2017 15:18:10: ('  [labs: 1021133  minVal:0  maxVal:2425',)
Tue 26/Dec/2017 15:18:10: ('',)
Tue 26/Dec/2017 15:18:13: ('\n=================================================================',)
Tue 26/Dec/2017 15:18:13: ('    [ ResNet 34 Model ]',)
Tue 26/Dec/2017 15:18:13: ('=================================================================\n',)
Tue 26/Dec/2017 15:18:13: ('input x: ', torch.Size([512, 1, 40, 40]))
Tue 26/Dec/2017 15:18:14: ('conv1 x: ', torch.Size([512, 64, 20, 20]))
Tue 26/Dec/2017 15:18:14: ('maxpl x: ', torch.Size([512, 64, 10, 10]))
Tue 26/Dec/2017 15:18:14: ('layer1 x: ', torch.Size([512, 64, 10, 10]))
Tue 26/Dec/2017 15:18:14: ('layer2 x: ', torch.Size([512, 128, 5, 5]))
Tue 26/Dec/2017 15:18:14: ('layer3 x: ', torch.Size([512, 256, 3, 3]))
Tue 26/Dec/2017 15:18:14: ('layer4 x: ', torch.Size([512, 512, 2, 2]))
Tue 26/Dec/2017 15:18:14: ('avgpl x: ', torch.Size([512, 512, 1, 1]))
Tue 26/Dec/2017 15:18:14: ('xview x: ', torch.Size([512, 512]))
Tue 26/Dec/2017 15:18:14: ('yview y: ', torch.Size([512, 512]))
Tue 26/Dec/2017 15:18:14: ('fc x: ', torch.Size([512, 2426]))
Tue 26/Dec/2017 15:18:14: ('return y(feature), x(predict)',)
Tue 26/Dec/2017 15:18:14: ('\n=================================================================\n',)
Tue 26/Dec/2017 15:18:42: ('Train [1|102400] lr: 0.010000 Loss: 7.5264 Acc: 0.0020 UseTime: 32.111442',)
Tue 26/Dec/2017 15:19:11: ('Train [1|204800] lr: 0.010000 Loss: 7.1729 Acc: 0.0039 UseTime: 60.341549',)
Tue 26/Dec/2017 15:19:39: ('Train [1|307200] lr: 0.010000 Loss: 7.0869 Acc: 0.0059 UseTime: 88.601243',)
Tue 26/Dec/2017 15:20:07: ('Train [1|409600] lr: 0.010000 Loss: 6.7481 Acc: 0.0117 UseTime: 116.913417',)
Tue 26/Dec/2017 15:20:36: ('Train [1|512000] lr: 0.010000 Loss: 6.1725 Acc: 0.0176 UseTime: 145.190678',)
Tue 26/Dec/2017 15:21:04: ('Train [1|614400] lr: 0.010000 Loss: 5.8106 Acc: 0.0449 UseTime: 173.444598',)
Tue 26/Dec/2017 15:21:32: ('Train [1|716800] lr: 0.010000 Loss: 5.5477 Acc: 0.0312 UseTime: 201.592403',)
Tue 26/Dec/2017 15:22:00: ('Train [1|819200] lr: 0.010000 Loss: 5.4501 Acc: 0.0410 UseTime: 229.941233',)
Tue 26/Dec/2017 15:22:29: ('Train [1|921600] lr: 0.010000 Loss: 4.9698 Acc: 0.0664 UseTime: 258.306586',)
Tue 26/Dec/2017 15:22:56: ('  [LoadModelData /home/lj/work/voice/data/far-accent-speech-novad/train/train.1.dict]',)
Tue 26/Dec/2017 15:22:56: ('----------------------------------------------------------------',)
Tue 26/Dec/2017 15:22:56: ('  Load Dataset from [/home/lj/work/voice/data/far-accent-speech-novad/train/train.1.dict] & mode:train',)
Tue 26/Dec/2017 15:23:07: ('  Load Dataset [usetime: 10.459457] & [length: 2426] & slip-window-sample...',)
Tue 26/Dec/2017 15:23:46: ('  Slip-window-sample usetime: 39.073998',)
Tue 26/Dec/2017 15:23:46: ('  [data: 1004973  shape: (1, 40, 40)]',)
Tue 26/Dec/2017 15:23:46: ('  [labs: 1004973  minVal:0  maxVal:2425',)
Tue 26/Dec/2017 15:23:46: ('',)
Tue 26/Dec/2017 15:24:19: ('Train [1|102400] lr: 0.010000 Loss: 4.6632 Acc: 0.0918 UseTime: 32.937518',)
Tue 26/Dec/2017 15:24:47: ('Train [1|204800] lr: 0.010000 Loss: 4.4451 Acc: 0.1426 UseTime: 61.230974',)
Tue 26/Dec/2017 15:25:16: ('Train [1|307200] lr: 0.010000 Loss: 4.2311 Acc: 0.1621 UseTime: 89.629533',)
Tue 26/Dec/2017 15:25:44: ('Train [1|409600] lr: 0.010000 Loss: 3.9309 Acc: 0.1836 UseTime: 118.384061',)
Tue 26/Dec/2017 15:26:13: ('Train [1|512000] lr: 0.010000 Loss: 3.8452 Acc: 0.1797 UseTime: 146.999367',)
Tue 26/Dec/2017 15:26:42: ('Train [1|614400] lr: 0.010000 Loss: 3.6541 Acc: 0.2344 UseTime: 175.847379',)
Tue 26/Dec/2017 15:27:10: ('Train [1|716800] lr: 0.010000 Loss: 3.3463 Acc: 0.2832 UseTime: 204.230832',)
Tue 26/Dec/2017 15:27:39: ('Train [1|819200] lr: 0.010000 Loss: 3.1744 Acc: 0.3027 UseTime: 232.590216',)
Tue 26/Dec/2017 15:28:07: ('Train [1|921600] lr: 0.010000 Loss: 3.1889 Acc: 0.2773 UseTime: 261.093914',)
Tue 26/Dec/2017 15:28:30: ('  [LoadModelData /home/lj/work/voice/data/far-accent-speech-novad/train/train.2.dict]',)
Tue 26/Dec/2017 15:28:30: ('----------------------------------------------------------------',)
Tue 26/Dec/2017 15:28:30: ('  Load Dataset from [/home/lj/work/voice/data/far-accent-speech-novad/train/train.2.dict] & mode:train',)
Tue 26/Dec/2017 15:28:41: ('  Load Dataset [usetime: 10.552233] & [length: 2426] & slip-window-sample...',)
Tue 26/Dec/2017 15:29:21: ('  Slip-window-sample usetime: 39.816817',)
Tue 26/Dec/2017 15:29:21: ('  [data: 1008883  shape: (1, 40, 40)]',)
Tue 26/Dec/2017 15:29:21: ('  [labs: 1008883  minVal:0  maxVal:2425',)
Tue 26/Dec/2017 15:29:21: ('',)
Tue 26/Dec/2017 15:29:53: ('Train [1|102400] lr: 0.010000 Loss: 3.0693 Acc: 0.3320 UseTime: 31.923004',)
Tue 26/Dec/2017 15:30:21: ('Train [1|204800] lr: 0.010000 Loss: 2.8194 Acc: 0.3242 UseTime: 60.369669',)
Tue 26/Dec/2017 15:30:42: ('',)
Tue 26/Dec/2017 15:30:42: ('-------------------------------------------------------------------------------------',)
Tue 26/Dec/2017 15:30:42: ('  [log save in train-resnet34-far-accent-speech-novad.log]',)
Tue 26/Dec/2017 15:30:42: ("  [Namespace(alpha=0.5, batch_size=512, epochs=50, factor=0.7, fea_type='far-accent-speech-novad', gpu='7', log_interval=200, lr=0.01, model='resnet34', model_file='epoch.{:d}.model', model_path='/home/lj/work/voice/model', momentum=0.9, num_classes=2426, patience=7, seed=1, split_num=5, train_file='train.{:d}.dict', train_mean='/home/lj/work/voice/data/far-accent-speech-novad/train/train.mean', train_path='/home/lj/work/voice/data/far-accent-speech-novad/train', train_std='/home/lj/work/voice/data/far-accent-speech-novad/train/train.std', vad_file='/home/lj/work/voice/data/far-accent-speech-novad/train/vad.dict', valid_file='train.{:d}.dict', valid_path='/home/lj/work/voice/data/far-accent-speech-novad/train', weight_decay=1e-06)]",)
Tue 26/Dec/2017 15:30:42: ('',)
Tue 26/Dec/2017 15:30:42: ('-------------------------------------------------------------------------------------',)
Tue 26/Dec/2017 15:30:47: ('  [LoadModelData /home/lj/work/voice/data/far-accent-speech-novad/train/train.4.dict]',)
Tue 26/Dec/2017 15:31:35: ('  [Create model: resnet34 num_classes: 2426]',)
Tue 26/Dec/2017 15:31:40: ('',)
Tue 26/Dec/2017 15:31:40: ('-------------------------------------------------------------------------------------',)
Tue 26/Dec/2017 15:31:40: ('  [Train resnet34]',)
Tue 26/Dec/2017 15:31:40: ('-------------------------------------------------------------------------------------',)
Tue 26/Dec/2017 15:31:40: ('  [LoadModelData /home/lj/work/voice/data/far-accent-speech-novad/train/train.0.dict]',)
Tue 26/Dec/2017 15:32:26: ('\n=================================================================',)
Tue 26/Dec/2017 15:32:26: ('    [ ResNet 34 Model ]',)
Tue 26/Dec/2017 15:32:26: ('=================================================================\n',)
Tue 26/Dec/2017 15:32:26: ('input x: ', torch.Size([512, 1, 40, 40]))
Tue 26/Dec/2017 15:32:28: ('conv1 x: ', torch.Size([512, 64, 20, 20]))
Tue 26/Dec/2017 15:32:28: ('maxpl x: ', torch.Size([512, 64, 10, 10]))
Tue 26/Dec/2017 15:32:28: ('layer1 x: ', torch.Size([512, 64, 10, 10]))
Tue 26/Dec/2017 15:32:28: ('layer2 x: ', torch.Size([512, 128, 5, 5]))
Tue 26/Dec/2017 15:32:28: ('layer3 x: ', torch.Size([512, 256, 3, 3]))
Tue 26/Dec/2017 15:32:28: ('layer4 x: ', torch.Size([512, 512, 2, 2]))
Tue 26/Dec/2017 15:32:28: ('avgpl x: ', torch.Size([512, 512, 1, 1]))
Tue 26/Dec/2017 15:32:28: ('xview x: ', torch.Size([512, 512]))
Tue 26/Dec/2017 15:32:28: ('yview y: ', torch.Size([512, 512]))
Tue 26/Dec/2017 15:32:29: ('fc x: ', torch.Size([512, 2426]))
Tue 26/Dec/2017 15:32:29: ('return y(feature), x(predict)',)
Tue 26/Dec/2017 15:32:29: ('\n=================================================================\n',)
Tue 26/Dec/2017 15:32:57: ('Train [1|102400] lr: 0.010000 Loss: 7.5990 Acc: 0.0020 UseTime: 33.449160',)
Tue 26/Dec/2017 15:33:25: ('Train [1|204800] lr: 0.010000 Loss: 7.3500 Acc: 0.0039 UseTime: 61.719349',)
Tue 26/Dec/2017 15:33:53: ('Train [1|307200] lr: 0.010000 Loss: 7.1691 Acc: 0.0020 UseTime: 89.827578',)
Tue 26/Dec/2017 15:34:22: ('Train [1|409600] lr: 0.010000 Loss: 6.7749 Acc: 0.0098 UseTime: 118.211817',)
Tue 26/Dec/2017 15:34:50: ('Train [1|512000] lr: 0.010000 Loss: 6.4604 Acc: 0.0059 UseTime: 146.661092',)
Tue 26/Dec/2017 15:35:18: ('Train [1|614400] lr: 0.010000 Loss: 6.0377 Acc: 0.0312 UseTime: 175.038525',)
Tue 26/Dec/2017 15:35:47: ('Train [1|716800] lr: 0.010000 Loss: 5.7474 Acc: 0.0215 UseTime: 203.656089',)
Tue 26/Dec/2017 15:36:16: ('Train [1|819200] lr: 0.010000 Loss: 5.4185 Acc: 0.0488 UseTime: 232.401016',)
Tue 26/Dec/2017 15:36:44: ('Train [1|921600] lr: 0.010000 Loss: 5.2409 Acc: 0.0410 UseTime: 261.035849',)
Tue 26/Dec/2017 15:37:12: ('  [LoadModelData /home/lj/work/voice/data/far-accent-speech-novad/train/train.1.dict]',)
Tue 26/Dec/2017 15:38:29: ('Train [1|102400] lr: 0.010000 Loss: 4.8092 Acc: 0.0820 UseTime: 32.171715',)
Tue 26/Dec/2017 15:38:57: ('Train [1|204800] lr: 0.010000 Loss: 4.4196 Acc: 0.1191 UseTime: 60.643345',)
Tue 26/Dec/2017 15:39:26: ('Train [1|307200] lr: 0.010000 Loss: 4.1467 Acc: 0.1465 UseTime: 88.973215',)
Tue 26/Dec/2017 15:39:54: ('Train [1|409600] lr: 0.010000 Loss: 4.0357 Acc: 0.1777 UseTime: 117.402273',)
Tue 26/Dec/2017 15:40:22: ('Train [1|512000] lr: 0.010000 Loss: 3.8699 Acc: 0.1699 UseTime: 145.724041',)
Tue 26/Dec/2017 15:40:51: ('Train [1|614400] lr: 0.010000 Loss: 3.4708 Acc: 0.2422 UseTime: 174.566738',)
Tue 26/Dec/2017 15:41:19: ('Train [1|716800] lr: 0.010000 Loss: 3.4304 Acc: 0.2051 UseTime: 202.910841',)
Tue 26/Dec/2017 15:41:48: ('Train [1|819200] lr: 0.010000 Loss: 3.1877 Acc: 0.3047 UseTime: 231.364719',)
Tue 26/Dec/2017 15:42:16: ('Train [1|921600] lr: 0.010000 Loss: 3.2499 Acc: 0.2559 UseTime: 259.919026',)
Tue 26/Dec/2017 15:42:40: ('  [LoadModelData /home/lj/work/voice/data/far-accent-speech-novad/train/train.2.dict]',)
Tue 26/Dec/2017 15:44:05: ('Train [1|102400] lr: 0.010000 Loss: 3.0417 Acc: 0.3242 UseTime: 31.795785',)
Tue 26/Dec/2017 15:44:33: ('Train [1|204800] lr: 0.010000 Loss: 2.8878 Acc: 0.3496 UseTime: 60.180763',)
Tue 26/Dec/2017 15:45:02: ('Train [1|307200] lr: 0.010000 Loss: 2.7940 Acc: 0.3418 UseTime: 88.636055',)
Tue 26/Dec/2017 15:45:30: ('Train [1|409600] lr: 0.010000 Loss: 2.6436 Acc: 0.3750 UseTime: 117.055357',)
Tue 26/Dec/2017 15:45:59: ('Train [1|512000] lr: 0.010000 Loss: 2.5445 Acc: 0.3984 UseTime: 145.808275',)
Tue 26/Dec/2017 15:46:27: ('Train [1|614400] lr: 0.010000 Loss: 2.5284 Acc: 0.4121 UseTime: 174.208897',)
Tue 26/Dec/2017 15:46:56: ('Train [1|716800] lr: 0.010000 Loss: 2.4727 Acc: 0.4160 UseTime: 202.723713',)
Tue 26/Dec/2017 15:47:24: ('Train [1|819200] lr: 0.010000 Loss: 2.3574 Acc: 0.4473 UseTime: 231.178790',)
Tue 26/Dec/2017 15:47:53: ('Train [1|921600] lr: 0.010000 Loss: 2.3564 Acc: 0.4297 UseTime: 259.618266',)
Tue 26/Dec/2017 15:48:17: ('  [LoadModelData /home/lj/work/voice/data/far-accent-speech-novad/train/train.3.dict]',)
Tue 26/Dec/2017 15:49:41: ('Train [1|102400] lr: 0.010000 Loss: 2.1771 Acc: 0.4688 UseTime: 33.594971',)
Tue 26/Dec/2017 15:50:09: ('Train [1|204800] lr: 0.010000 Loss: 2.3471 Acc: 0.4375 UseTime: 62.029686',)
Tue 26/Dec/2017 15:50:37: ('Train [1|307200] lr: 0.010000 Loss: 2.0623 Acc: 0.5059 UseTime: 90.378273',)
Tue 26/Dec/2017 15:51:06: ('Train [1|409600] lr: 0.010000 Loss: 2.2225 Acc: 0.4648 UseTime: 118.688007',)
Tue 26/Dec/2017 15:51:35: ('Train [1|512000] lr: 0.010000 Loss: 1.9071 Acc: 0.5137 UseTime: 148.185265',)
Tue 26/Dec/2017 15:52:04: ('Train [1|614400] lr: 0.010000 Loss: 2.3283 Acc: 0.4492 UseTime: 176.789791',)
Tue 26/Dec/2017 15:52:32: ('Train [1|716800] lr: 0.010000 Loss: 1.9524 Acc: 0.4961 UseTime: 205.208220',)
Tue 26/Dec/2017 15:53:01: ('Train [1|819200] lr: 0.010000 Loss: 1.8489 Acc: 0.5703 UseTime: 233.732069',)
Tue 26/Dec/2017 15:53:29: ('Train [1|921600] lr: 0.010000 Loss: 1.8285 Acc: 0.5215 UseTime: 262.244769',)
Tue 26/Dec/2017 15:53:51: ('/home/lj/work/voice/model/resnet34far-accent-speech-novad/epoch.0.model',)
Tue 26/Dec/2017 15:55:30: ('EvalTotal acc: 0.452899 loss: 2.238087 usetime: 99.347948',)
Tue 26/Dec/2017 15:55:30: ('-------------------------------------------------------------------------------------',)
Tue 26/Dec/2017 15:55:30: ('  [LoadModelData /home/lj/work/voice/data/far-accent-speech-novad/train/train.0.dict]',)
Tue 26/Dec/2017 15:56:54: ('Train [2|102400] lr: 0.010000 Loss: 2.1301 Acc: 0.4766 UseTime: 32.052958',)
Tue 26/Dec/2017 15:57:22: ('Train [2|204800] lr: 0.010000 Loss: 1.7930 Acc: 0.5293 UseTime: 60.539094',)
Tue 26/Dec/2017 15:57:51: ('Train [2|307200] lr: 0.010000 Loss: 1.6894 Acc: 0.5469 UseTime: 89.230437',)
Tue 26/Dec/2017 15:58:20: ('Train [2|409600] lr: 0.010000 Loss: 1.7599 Acc: 0.5254 UseTime: 118.280095',)
Tue 26/Dec/2017 15:58:48: ('Train [2|512000] lr: 0.010000 Loss: 1.6890 Acc: 0.5566 UseTime: 146.664157',)
Tue 26/Dec/2017 15:59:17: ('Train [2|614400] lr: 0.010000 Loss: 1.7099 Acc: 0.5625 UseTime: 175.109235',)
Tue 26/Dec/2017 15:59:46: ('Train [2|716800] lr: 0.010000 Loss: 1.7563 Acc: 0.5469 UseTime: 203.810902',)
Tue 26/Dec/2017 16:00:14: ('Train [2|819200] lr: 0.010000 Loss: 1.5597 Acc: 0.5938 UseTime: 232.367220',)
Tue 26/Dec/2017 16:00:43: ('Train [2|921600] lr: 0.010000 Loss: 1.6578 Acc: 0.5645 UseTime: 260.991371',)
Tue 26/Dec/2017 16:01:10: ('  [LoadModelData /home/lj/work/voice/data/far-accent-speech-novad/train/train.1.dict]',)
Tue 26/Dec/2017 16:02:34: ('Train [2|102400] lr: 0.010000 Loss: 1.6818 Acc: 0.5547 UseTime: 32.984812',)
Tue 26/Dec/2017 16:03:02: ('Train [2|204800] lr: 0.010000 Loss: 1.6174 Acc: 0.5859 UseTime: 61.298788',)
Tue 26/Dec/2017 16:03:31: ('Train [2|307200] lr: 0.010000 Loss: 1.4808 Acc: 0.5996 UseTime: 89.959437',)
Tue 26/Dec/2017 16:03:59: ('Train [2|409600] lr: 0.010000 Loss: 1.6282 Acc: 0.5586 UseTime: 118.461164',)
Tue 26/Dec/2017 16:04:28: ('Train [2|512000] lr: 0.010000 Loss: 1.4930 Acc: 0.6074 UseTime: 147.196808',)
Tue 26/Dec/2017 16:04:56: ('Train [2|614400] lr: 0.010000 Loss: 1.4829 Acc: 0.6172 UseTime: 175.800312',)
Tue 26/Dec/2017 16:05:25: ('Train [2|716800] lr: 0.010000 Loss: 1.4845 Acc: 0.6074 UseTime: 204.252500',)
Tue 26/Dec/2017 16:05:54: ('Train [2|819200] lr: 0.010000 Loss: 1.4168 Acc: 0.6250 UseTime: 233.015545',)
Tue 26/Dec/2017 16:06:22: ('Train [2|921600] lr: 0.010000 Loss: 1.3703 Acc: 0.6523 UseTime: 261.486464',)
Tue 26/Dec/2017 16:06:45: ('  [LoadModelData /home/lj/work/voice/data/far-accent-speech-novad/train/train.2.dict]',)
Tue 26/Dec/2017 16:08:05: ('Train [2|102400] lr: 0.010000 Loss: 1.6311 Acc: 0.5898 UseTime: 32.913855',)
Tue 26/Dec/2017 16:08:34: ('Train [2|204800] lr: 0.010000 Loss: 1.3627 Acc: 0.6562 UseTime: 61.904001',)
Tue 26/Dec/2017 16:09:02: ('Train [2|307200] lr: 0.010000 Loss: 1.5243 Acc: 0.5859 UseTime: 90.409345',)
Tue 26/Dec/2017 16:09:31: ('Train [2|409600] lr: 0.010000 Loss: 1.2681 Acc: 0.6758 UseTime: 119.062568',)
Tue 26/Dec/2017 16:10:00: ('Train [2|512000] lr: 0.010000 Loss: 1.3657 Acc: 0.6309 UseTime: 147.897390',)
Tue 26/Dec/2017 16:10:29: ('Train [2|614400] lr: 0.010000 Loss: 1.3122 Acc: 0.6230 UseTime: 176.863625',)
Tue 26/Dec/2017 16:10:58: ('Train [2|716800] lr: 0.010000 Loss: 1.2907 Acc: 0.6289 UseTime: 205.787293',)
Tue 26/Dec/2017 16:11:26: ('Train [2|819200] lr: 0.010000 Loss: 1.4095 Acc: 0.6133 UseTime: 234.298092',)
Tue 26/Dec/2017 16:11:55: ('Train [2|921600] lr: 0.010000 Loss: 1.1650 Acc: 0.6855 UseTime: 262.706982',)
Tue 26/Dec/2017 16:12:19: ('  [LoadModelData /home/lj/work/voice/data/far-accent-speech-novad/train/train.3.dict]',)
Tue 26/Dec/2017 16:13:43: ('Train [2|102400] lr: 0.010000 Loss: 1.4194 Acc: 0.6191 UseTime: 32.048957',)
Tue 26/Dec/2017 16:14:11: ('Train [2|204800] lr: 0.010000 Loss: 1.2272 Acc: 0.6641 UseTime: 60.601314',)
Tue 26/Dec/2017 16:14:40: ('Train [2|307200] lr: 0.010000 Loss: 1.1604 Acc: 0.6875 UseTime: 88.914151',)
Tue 26/Dec/2017 16:15:08: ('Train [2|409600] lr: 0.010000 Loss: 1.1602 Acc: 0.6797 UseTime: 117.349314',)
Tue 26/Dec/2017 16:15:36: ('Train [2|512000] lr: 0.010000 Loss: 1.2612 Acc: 0.6387 UseTime: 145.847208',)
Tue 26/Dec/2017 16:16:05: ('Train [2|614400] lr: 0.010000 Loss: 1.1287 Acc: 0.7109 UseTime: 174.145697',)
Tue 26/Dec/2017 16:16:33: ('Train [2|716800] lr: 0.010000 Loss: 1.1797 Acc: 0.6699 UseTime: 202.802774',)
Tue 26/Dec/2017 16:17:02: ('Train [2|819200] lr: 0.010000 Loss: 1.2238 Acc: 0.6797 UseTime: 231.526663',)
Tue 26/Dec/2017 16:17:31: ('Train [2|921600] lr: 0.010000 Loss: 1.0677 Acc: 0.7070 UseTime: 259.956649',)
Tue 26/Dec/2017 16:17:52: ('/home/lj/work/voice/model/resnet34far-accent-speech-novad/epoch.1.model',)
Tue 26/Dec/2017 16:19:30: ('EvalTotal acc: 0.611992 loss: 1.480488 usetime: 98.466169',)
Tue 26/Dec/2017 16:19:30: ('-------------------------------------------------------------------------------------',)
Tue 26/Dec/2017 16:19:30: ('  [LoadModelData /home/lj/work/voice/data/far-accent-speech-novad/train/train.0.dict]',)
Tue 26/Dec/2017 16:20:56: ('Train [3|102400] lr: 0.010000 Loss: 1.1884 Acc: 0.6895 UseTime: 32.826750',)
Tue 26/Dec/2017 16:21:24: ('Train [3|204800] lr: 0.010000 Loss: 1.3030 Acc: 0.6348 UseTime: 61.302703',)
Tue 26/Dec/2017 16:21:53: ('Train [3|307200] lr: 0.010000 Loss: 1.2841 Acc: 0.6582 UseTime: 90.006024',)
Tue 26/Dec/2017 16:22:21: ('Train [3|409600] lr: 0.010000 Loss: 1.0621 Acc: 0.7070 UseTime: 118.612130',)
Tue 26/Dec/2017 16:22:50: ('Train [3|512000] lr: 0.010000 Loss: 1.1297 Acc: 0.6895 UseTime: 147.413779',)
Tue 26/Dec/2017 16:23:19: ('Train [3|614400] lr: 0.010000 Loss: 1.0645 Acc: 0.7266 UseTime: 175.792037',)
Tue 26/Dec/2017 16:23:47: ('Train [3|716800] lr: 0.010000 Loss: 1.1178 Acc: 0.7090 UseTime: 204.245079',)
Tue 26/Dec/2017 16:24:16: ('Train [3|819200] lr: 0.010000 Loss: 1.0807 Acc: 0.7012 UseTime: 232.798897',)
Tue 26/Dec/2017 16:24:44: ('Train [3|921600] lr: 0.010000 Loss: 1.0051 Acc: 0.7168 UseTime: 261.373908',)
Tue 26/Dec/2017 16:25:12: ('  [LoadModelData /home/lj/work/voice/data/far-accent-speech-novad/train/train.1.dict]',)
Tue 26/Dec/2017 16:26:35: ('Train [3|102400] lr: 0.010000 Loss: 1.1016 Acc: 0.7051 UseTime: 32.243751',)
Tue 26/Dec/2017 16:27:04: ('Train [3|204800] lr: 0.010000 Loss: 0.9526 Acc: 0.7461 UseTime: 60.587072',)
Tue 26/Dec/2017 16:27:33: ('Train [3|307200] lr: 0.010000 Loss: 0.9467 Acc: 0.7637 UseTime: 89.441006',)
Tue 26/Dec/2017 16:28:01: ('Train [3|409600] lr: 0.010000 Loss: 0.9967 Acc: 0.7168 UseTime: 117.975675',)
Tue 26/Dec/2017 16:28:30: ('Train [3|512000] lr: 0.010000 Loss: 0.9279 Acc: 0.7227 UseTime: 146.477653',)
Tue 26/Dec/2017 16:28:58: ('Train [3|614400] lr: 0.010000 Loss: 0.9364 Acc: 0.7402 UseTime: 175.256565',)
Tue 26/Dec/2017 16:29:27: ('Train [3|716800] lr: 0.010000 Loss: 0.9126 Acc: 0.7578 UseTime: 204.042472',)
Tue 26/Dec/2017 16:29:56: ('Train [3|819200] lr: 0.010000 Loss: 0.9750 Acc: 0.7266 UseTime: 232.558279',)
Tue 26/Dec/2017 16:30:24: ('Train [3|921600] lr: 0.010000 Loss: 0.9088 Acc: 0.7520 UseTime: 261.016266',)
Tue 26/Dec/2017 16:30:47: ('  [LoadModelData /home/lj/work/voice/data/far-accent-speech-novad/train/train.2.dict]',)
Tue 26/Dec/2017 16:32:12: ('Train [3|102400] lr: 0.010000 Loss: 1.1360 Acc: 0.7051 UseTime: 33.442355',)
Tue 26/Dec/2017 16:32:40: ('Train [3|204800] lr: 0.010000 Loss: 1.0286 Acc: 0.7070 UseTime: 62.035241',)
Tue 26/Dec/2017 16:33:09: ('Train [3|307200] lr: 0.010000 Loss: 1.0862 Acc: 0.6855 UseTime: 90.459896',)
Tue 26/Dec/2017 16:33:37: ('Train [3|409600] lr: 0.010000 Loss: 0.9738 Acc: 0.7324 UseTime: 118.929641',)
Tue 26/Dec/2017 16:34:06: ('Train [3|512000] lr: 0.010000 Loss: 0.8702 Acc: 0.7520 UseTime: 147.411024',)
Tue 26/Dec/2017 16:34:35: ('Train [3|614400] lr: 0.010000 Loss: 0.9102 Acc: 0.7539 UseTime: 176.177178',)
Tue 26/Dec/2017 16:35:03: ('Train [3|716800] lr: 0.010000 Loss: 1.0664 Acc: 0.7012 UseTime: 204.744061',)
Tue 26/Dec/2017 16:35:32: ('Train [3|819200] lr: 0.010000 Loss: 0.8683 Acc: 0.7754 UseTime: 233.357358',)
Tue 26/Dec/2017 16:36:01: ('Train [3|921600] lr: 0.010000 Loss: 0.9562 Acc: 0.7363 UseTime: 262.245978',)
Tue 26/Dec/2017 16:36:25: ('  [LoadModelData /home/lj/work/voice/data/far-accent-speech-novad/train/train.3.dict]',)
Tue 26/Dec/2017 16:37:55: ('Train [3|102400] lr: 0.010000 Loss: 0.9341 Acc: 0.7188 UseTime: 32.366251',)
Tue 26/Dec/2017 16:38:23: ('Train [3|204800] lr: 0.010000 Loss: 0.8885 Acc: 0.7539 UseTime: 60.603076',)
Tue 26/Dec/2017 16:38:51: ('Train [3|307200] lr: 0.010000 Loss: 0.9558 Acc: 0.7285 UseTime: 88.882215',)
Tue 26/Dec/2017 16:39:20: ('Train [3|409600] lr: 0.010000 Loss: 0.7908 Acc: 0.7422 UseTime: 117.403076',)
Tue 26/Dec/2017 16:39:49: ('Train [3|512000] lr: 0.010000 Loss: 0.8874 Acc: 0.7344 UseTime: 145.975001',)
Tue 26/Dec/2017 16:40:17: ('Train [3|614400] lr: 0.010000 Loss: 0.7965 Acc: 0.7793 UseTime: 174.414994',)
Tue 26/Dec/2017 16:40:45: ('Train [3|716800] lr: 0.010000 Loss: 0.8656 Acc: 0.7461 UseTime: 202.775244',)
Tue 26/Dec/2017 16:41:14: ('Train [3|819200] lr: 0.010000 Loss: 0.8256 Acc: 0.7617 UseTime: 231.600270',)
Tue 26/Dec/2017 16:41:43: ('Train [3|921600] lr: 0.010000 Loss: 0.9360 Acc: 0.7344 UseTime: 260.011249',)
Tue 26/Dec/2017 16:42:04: ('/home/lj/work/voice/model/resnet34far-accent-speech-novad/epoch.2.model',)
Tue 26/Dec/2017 16:43:43: ('EvalTotal acc: 0.685264 loss: 1.168787 usetime: 99.449545',)
Tue 26/Dec/2017 16:43:43: ('-------------------------------------------------------------------------------------',)
Tue 26/Dec/2017 16:43:43: ('  [LoadModelData /home/lj/work/voice/data/far-accent-speech-novad/train/train.0.dict]',)
Tue 26/Dec/2017 16:45:08: ('Train [4|102400] lr: 0.010000 Loss: 0.8599 Acc: 0.7637 UseTime: 32.624706',)
Tue 26/Dec/2017 16:45:36: ('Train [4|204800] lr: 0.010000 Loss: 0.8345 Acc: 0.7441 UseTime: 61.007280',)
Tue 26/Dec/2017 16:46:05: ('Train [4|307200] lr: 0.010000 Loss: 0.8015 Acc: 0.7695 UseTime: 89.690071',)
Tue 26/Dec/2017 16:46:33: ('Train [4|409600] lr: 0.010000 Loss: 0.7912 Acc: 0.7793 UseTime: 118.163934',)
Tue 26/Dec/2017 16:47:02: ('Train [4|512000] lr: 0.010000 Loss: 0.8611 Acc: 0.7500 UseTime: 146.548244',)
Tue 26/Dec/2017 16:47:30: ('Train [4|614400] lr: 0.010000 Loss: 0.9437 Acc: 0.7285 UseTime: 174.922400',)
Tue 26/Dec/2017 16:47:59: ('Train [4|716800] lr: 0.010000 Loss: 0.8942 Acc: 0.7422 UseTime: 203.510320',)
Tue 26/Dec/2017 16:48:27: ('Train [4|819200] lr: 0.010000 Loss: 0.7401 Acc: 0.7773 UseTime: 232.001446',)
Tue 26/Dec/2017 16:48:56: ('Train [4|921600] lr: 0.010000 Loss: 0.7948 Acc: 0.7832 UseTime: 260.503537',)
Tue 26/Dec/2017 16:49:23: ('  [LoadModelData /home/lj/work/voice/data/far-accent-speech-novad/train/train.1.dict]',)
Tue 26/Dec/2017 16:50:42: ('Train [4|102400] lr: 0.010000 Loss: 0.8264 Acc: 0.7363 UseTime: 32.360065',)
Tue 26/Dec/2017 16:51:11: ('Train [4|204800] lr: 0.010000 Loss: 0.8611 Acc: 0.7305 UseTime: 60.701981',)
Tue 26/Dec/2017 16:51:39: ('Train [4|307200] lr: 0.010000 Loss: 0.8357 Acc: 0.7402 UseTime: 89.054289',)
Tue 26/Dec/2017 16:52:08: ('Train [4|409600] lr: 0.010000 Loss: 0.8610 Acc: 0.7344 UseTime: 117.538950',)
Tue 26/Dec/2017 16:52:36: ('Train [4|512000] lr: 0.010000 Loss: 0.7462 Acc: 0.7891 UseTime: 145.994578',)
Tue 26/Dec/2017 16:53:04: ('Train [4|614400] lr: 0.010000 Loss: 0.6566 Acc: 0.8008 UseTime: 174.390934',)
Tue 26/Dec/2017 16:53:33: ('Train [4|716800] lr: 0.010000 Loss: 0.7564 Acc: 0.7852 UseTime: 202.872036',)
Tue 26/Dec/2017 16:54:01: ('Train [4|819200] lr: 0.010000 Loss: 0.7678 Acc: 0.7754 UseTime: 231.306954',)
Tue 26/Dec/2017 16:54:30: ('Train [4|921600] lr: 0.010000 Loss: 0.7887 Acc: 0.7871 UseTime: 259.825488',)
Tue 26/Dec/2017 16:54:53: ('  [LoadModelData /home/lj/work/voice/data/far-accent-speech-novad/train/train.2.dict]',)
Tue 26/Dec/2017 16:56:16: ('Train [4|102400] lr: 0.010000 Loss: 0.8365 Acc: 0.7617 UseTime: 34.145770',)
Tue 26/Dec/2017 16:56:45: ('Train [4|204800] lr: 0.010000 Loss: 0.6954 Acc: 0.8184 UseTime: 62.390634',)
Tue 26/Dec/2017 16:57:13: ('Train [4|307200] lr: 0.010000 Loss: 0.6795 Acc: 0.8008 UseTime: 90.769408',)
Tue 26/Dec/2017 16:57:41: ('Train [4|409600] lr: 0.010000 Loss: 0.6277 Acc: 0.8105 UseTime: 119.173685',)
Tue 26/Dec/2017 16:58:10: ('Train [4|512000] lr: 0.010000 Loss: 0.7056 Acc: 0.7852 UseTime: 147.649473',)
Tue 26/Dec/2017 16:58:39: ('Train [4|614400] lr: 0.010000 Loss: 0.7663 Acc: 0.8008 UseTime: 176.374235',)
Tue 26/Dec/2017 16:59:07: ('Train [4|716800] lr: 0.010000 Loss: 0.6931 Acc: 0.8223 UseTime: 204.930888',)
Tue 26/Dec/2017 16:59:36: ('Train [4|819200] lr: 0.010000 Loss: 0.6670 Acc: 0.8184 UseTime: 233.399786',)
Tue 26/Dec/2017 17:00:04: ('Train [4|921600] lr: 0.010000 Loss: 0.7028 Acc: 0.7871 UseTime: 261.866795',)
Tue 26/Dec/2017 17:00:28: ('  [LoadModelData /home/lj/work/voice/data/far-accent-speech-novad/train/train.3.dict]',)
Tue 26/Dec/2017 17:01:45: ('Train [4|102400] lr: 0.010000 Loss: 0.7413 Acc: 0.7773 UseTime: 32.858978',)
Tue 26/Dec/2017 17:02:13: ('Train [4|204800] lr: 0.010000 Loss: 0.6680 Acc: 0.7910 UseTime: 61.278160',)
Tue 26/Dec/2017 17:02:42: ('Train [4|307200] lr: 0.010000 Loss: 0.7091 Acc: 0.8008 UseTime: 89.831846',)
Tue 26/Dec/2017 17:03:11: ('Train [4|409600] lr: 0.010000 Loss: 0.7247 Acc: 0.8027 UseTime: 118.807548',)
Tue 26/Dec/2017 17:03:39: ('Train [4|512000] lr: 0.010000 Loss: 0.6618 Acc: 0.8164 UseTime: 147.317963',)
Tue 26/Dec/2017 17:04:08: ('Train [4|614400] lr: 0.010000 Loss: 0.7278 Acc: 0.8008 UseTime: 175.812122',)
Tue 26/Dec/2017 17:04:36: ('Train [4|716800] lr: 0.010000 Loss: 0.5529 Acc: 0.8535 UseTime: 204.602257',)
Tue 26/Dec/2017 17:05:05: ('Train [4|819200] lr: 0.010000 Loss: 0.6604 Acc: 0.8164 UseTime: 233.224762',)
Tue 26/Dec/2017 17:05:34: ('Train [4|921600] lr: 0.010000 Loss: 0.5543 Acc: 0.8301 UseTime: 261.898616',)
Tue 26/Dec/2017 17:05:55: ('/home/lj/work/voice/model/resnet34far-accent-speech-novad/epoch.3.model',)
Tue 26/Dec/2017 17:07:35: ('EvalTotal acc: 0.720701 loss: 1.026906 usetime: 100.358156',)
Tue 26/Dec/2017 17:07:35: ('-------------------------------------------------------------------------------------',)
Tue 26/Dec/2017 17:07:35: ('  [LoadModelData /home/lj/work/voice/data/far-accent-speech-novad/train/train.0.dict]',)
Tue 26/Dec/2017 17:08:49: ('Train [5|102400] lr: 0.010000 Loss: 0.6363 Acc: 0.8125 UseTime: 31.996745',)
Tue 26/Dec/2017 17:09:18: ('Train [5|204800] lr: 0.010000 Loss: 0.6535 Acc: 0.8027 UseTime: 60.456183',)
Tue 26/Dec/2017 17:09:46: ('Train [5|307200] lr: 0.010000 Loss: 0.5165 Acc: 0.8555 UseTime: 88.959683',)
Tue 26/Dec/2017 17:10:15: ('Train [5|409600] lr: 0.010000 Loss: 0.6766 Acc: 0.7969 UseTime: 117.606519',)
Tue 26/Dec/2017 17:10:44: ('Train [5|512000] lr: 0.010000 Loss: 0.6815 Acc: 0.7812 UseTime: 146.224987',)
Tue 26/Dec/2017 17:11:12: ('Train [5|614400] lr: 0.010000 Loss: 0.6873 Acc: 0.8164 UseTime: 174.829452',)
Tue 26/Dec/2017 17:11:41: ('Train [5|716800] lr: 0.010000 Loss: 0.5767 Acc: 0.8320 UseTime: 203.270398',)
Tue 26/Dec/2017 17:12:09: ('Train [5|819200] lr: 0.010000 Loss: 0.5934 Acc: 0.8145 UseTime: 232.040009',)
Tue 26/Dec/2017 17:12:39: ('Train [5|921600] lr: 0.010000 Loss: 0.5662 Acc: 0.8379 UseTime: 261.260547',)
Tue 26/Dec/2017 17:13:06: ('  [LoadModelData /home/lj/work/voice/data/far-accent-speech-novad/train/train.1.dict]',)
Tue 26/Dec/2017 17:14:23: ('Train [5|102400] lr: 0.010000 Loss: 0.6039 Acc: 0.8281 UseTime: 32.328002',)
Tue 26/Dec/2017 17:14:51: ('Train [5|204800] lr: 0.010000 Loss: 0.6027 Acc: 0.8184 UseTime: 60.667339',)
Tue 26/Dec/2017 17:15:21: ('Train [5|307200] lr: 0.010000 Loss: 0.6735 Acc: 0.8066 UseTime: 89.844835',)
Tue 26/Dec/2017 17:15:49: ('Train [5|409600] lr: 0.010000 Loss: 0.6414 Acc: 0.8184 UseTime: 118.567319',)
Tue 26/Dec/2017 17:16:18: ('Train [5|512000] lr: 0.010000 Loss: 0.6702 Acc: 0.8027 UseTime: 146.954199',)
Tue 26/Dec/2017 17:16:46: ('Train [5|614400] lr: 0.010000 Loss: 0.5673 Acc: 0.8281 UseTime: 175.294993',)
Tue 26/Dec/2017 17:17:15: ('Train [5|716800] lr: 0.010000 Loss: 0.4730 Acc: 0.8516 UseTime: 203.807532',)
Tue 26/Dec/2017 17:17:43: ('Train [5|819200] lr: 0.010000 Loss: 0.5995 Acc: 0.8145 UseTime: 232.337983',)
Tue 26/Dec/2017 17:18:12: ('Train [5|921600] lr: 0.010000 Loss: 0.6652 Acc: 0.7812 UseTime: 261.019402',)
Tue 26/Dec/2017 17:18:35: ('  [LoadModelData /home/lj/work/voice/data/far-accent-speech-novad/train/train.2.dict]',)
Tue 26/Dec/2017 17:19:51: ('Train [5|102400] lr: 0.010000 Loss: 0.6663 Acc: 0.8047 UseTime: 32.566228',)
Tue 26/Dec/2017 17:20:21: ('Train [5|204800] lr: 0.010000 Loss: 0.7522 Acc: 0.7559 UseTime: 62.081531',)
Tue 26/Dec/2017 17:20:49: ('Train [5|307200] lr: 0.010000 Loss: 0.6214 Acc: 0.8105 UseTime: 90.544704',)
Tue 26/Dec/2017 17:21:17: ('Train [5|409600] lr: 0.010000 Loss: 0.5590 Acc: 0.8320 UseTime: 118.900980',)
Tue 26/Dec/2017 17:21:46: ('Train [5|512000] lr: 0.010000 Loss: 0.7065 Acc: 0.7891 UseTime: 147.547909',)
Tue 26/Dec/2017 17:22:14: ('Train [5|614400] lr: 0.010000 Loss: 0.5420 Acc: 0.8281 UseTime: 175.987374',)
Tue 26/Dec/2017 17:22:43: ('Train [5|716800] lr: 0.010000 Loss: 0.5202 Acc: 0.8418 UseTime: 204.455729',)
Tue 26/Dec/2017 17:23:11: ('Train [5|819200] lr: 0.010000 Loss: 0.6356 Acc: 0.8027 UseTime: 232.883045',)
Tue 26/Dec/2017 17:23:40: ('Train [5|921600] lr: 0.010000 Loss: 0.5125 Acc: 0.8496 UseTime: 261.311174',)
Tue 26/Dec/2017 17:24:04: ('  [LoadModelData /home/lj/work/voice/data/far-accent-speech-novad/train/train.3.dict]',)
Tue 26/Dec/2017 17:25:23: ('Train [5|102400] lr: 0.010000 Loss: 0.6572 Acc: 0.8066 UseTime: 32.644151',)
Tue 26/Dec/2017 17:25:52: ('Train [5|204800] lr: 0.010000 Loss: 0.6213 Acc: 0.8203 UseTime: 61.095500',)
Tue 26/Dec/2017 17:26:20: ('Train [5|307200] lr: 0.010000 Loss: 0.5784 Acc: 0.8301 UseTime: 89.609191',)
Tue 26/Dec/2017 17:26:49: ('Train [5|409600] lr: 0.010000 Loss: 0.5955 Acc: 0.8359 UseTime: 118.305422',)
Tue 26/Dec/2017 17:27:18: ('Train [5|512000] lr: 0.010000 Loss: 0.5268 Acc: 0.8320 UseTime: 146.711858',)
Tue 26/Dec/2017 17:27:46: ('Train [5|614400] lr: 0.010000 Loss: 0.4777 Acc: 0.8613 UseTime: 175.160159',)
Tue 26/Dec/2017 17:28:14: ('Train [5|716800] lr: 0.010000 Loss: 0.5103 Acc: 0.8438 UseTime: 203.670855',)
Tue 26/Dec/2017 17:28:43: ('Train [5|819200] lr: 0.010000 Loss: 0.5265 Acc: 0.8418 UseTime: 232.084928',)
Tue 26/Dec/2017 17:29:11: ('Train [5|921600] lr: 0.010000 Loss: 0.5274 Acc: 0.8457 UseTime: 260.633500',)
Tue 26/Dec/2017 17:29:33: ('/home/lj/work/voice/model/resnet34far-accent-speech-novad/epoch.4.model',)
Tue 26/Dec/2017 17:31:13: ('EvalTotal acc: 0.746354 loss: 0.931230 usetime: 99.808406',)
Tue 26/Dec/2017 17:31:13: ('-------------------------------------------------------------------------------------',)
Tue 26/Dec/2017 17:31:13: ('  [LoadModelData /home/lj/work/voice/data/far-accent-speech-novad/train/train.0.dict]',)
Tue 26/Dec/2017 17:32:43: ('Train [6|102400] lr: 0.010000 Loss: 0.5610 Acc: 0.8398 UseTime: 31.591753',)
Tue 26/Dec/2017 17:33:11: ('Train [6|204800] lr: 0.010000 Loss: 0.5779 Acc: 0.8262 UseTime: 59.783769',)
Tue 26/Dec/2017 17:33:40: ('Train [6|307200] lr: 0.010000 Loss: 0.6024 Acc: 0.8301 UseTime: 88.762574',)
Tue 26/Dec/2017 17:34:09: ('Train [6|409600] lr: 0.010000 Loss: 0.5843 Acc: 0.8438 UseTime: 117.298895',)
Tue 26/Dec/2017 17:34:37: ('Train [6|512000] lr: 0.010000 Loss: 0.4913 Acc: 0.8555 UseTime: 145.638381',)
Tue 26/Dec/2017 17:35:25: ('Train [6|614400] lr: 0.010000 Loss: 0.5430 Acc: 0.8418 UseTime: 193.046141',)
Tue 26/Dec/2017 17:36:06: ('Train [6|716800] lr: 0.010000 Loss: 0.4749 Acc: 0.8555 UseTime: 234.716648',)
Tue 26/Dec/2017 17:36:35: ('Train [6|819200] lr: 0.010000 Loss: 0.4134 Acc: 0.8867 UseTime: 263.135928',)
Tue 26/Dec/2017 17:37:03: ('Train [6|921600] lr: 0.010000 Loss: 0.5523 Acc: 0.8438 UseTime: 291.466916',)
Tue 26/Dec/2017 17:37:31: ('  [LoadModelData /home/lj/work/voice/data/far-accent-speech-novad/train/train.1.dict]',)
Tue 26/Dec/2017 17:38:53: ('Train [6|102400] lr: 0.010000 Loss: 0.6713 Acc: 0.8105 UseTime: 32.040980',)
Tue 26/Dec/2017 17:39:22: ('Train [6|204800] lr: 0.010000 Loss: 0.6100 Acc: 0.8164 UseTime: 60.484430',)
Tue 26/Dec/2017 17:39:50: ('Train [6|307200] lr: 0.010000 Loss: 0.5282 Acc: 0.8379 UseTime: 88.963504',)
Tue 26/Dec/2017 17:40:19: ('Train [6|409600] lr: 0.010000 Loss: 0.4467 Acc: 0.8496 UseTime: 117.311091',)
Tue 26/Dec/2017 17:40:47: ('Train [6|512000] lr: 0.010000 Loss: 0.5708 Acc: 0.8477 UseTime: 145.704158',)
Tue 26/Dec/2017 17:41:16: ('Train [6|614400] lr: 0.010000 Loss: 0.4611 Acc: 0.8672 UseTime: 174.549074',)
Tue 26/Dec/2017 17:41:44: ('Train [6|716800] lr: 0.010000 Loss: 0.4856 Acc: 0.8535 UseTime: 202.922838',)
Tue 26/Dec/2017 17:42:13: ('Train [6|819200] lr: 0.010000 Loss: 0.4889 Acc: 0.8535 UseTime: 231.368704',)
Tue 26/Dec/2017 17:42:41: ('Train [6|921600] lr: 0.010000 Loss: 0.5851 Acc: 0.8184 UseTime: 259.880236',)
Tue 26/Dec/2017 17:43:04: ('  [LoadModelData /home/lj/work/voice/data/far-accent-speech-novad/train/train.2.dict]',)
Tue 26/Dec/2017 18:57:36: ('',)
Tue 26/Dec/2017 18:57:36: ('-------------------------------------------------------------------------------------',)
Tue 26/Dec/2017 18:57:36: ('  [log save in train-resnet34-far-accent-speech-novad.log]',)
Tue 26/Dec/2017 18:57:36: ("  [Namespace(alpha=0.5, batch_size=512, epochs=50, factor=0.7, fea_type='far-accent-speech-novad', gpu='6', log_interval=200, lr=0.01, model='resnet34', model_file='epoch.{:d}.model', model_path='/home/lj/work/voice/model', momentum=0.9, num_classes=2426, patience=7, seed=1, split_num=5, train_file='train.{:d}.dict', train_mean='/home/lj/work/voice/data/far-accent-speech-novad/train/train.mean', train_path='/home/lj/work/voice/data/far-accent-speech-novad/train', train_std='/home/lj/work/voice/data/far-accent-speech-novad/train/train.std', vad_file='/home/lj/work/voice/data/far-accent-speech-novad/train/vad.dict', valid_file='train.{:d}.dict', valid_path='/home/lj/work/voice/data/far-accent-speech-novad/train', weight_decay=1e-06)]",)
Tue 26/Dec/2017 18:57:36: ('',)
Tue 26/Dec/2017 18:57:36: ('-------------------------------------------------------------------------------------',)
Tue 26/Dec/2017 18:57:40: ('  [LoadModelData /home/lj/work/voice/data/far-accent-speech-novad/train/train.4.dict]',)
Tue 26/Dec/2017 18:59:05: ('  [Create model: resnet34 num_classes: 2426]',)
Tue 26/Dec/2017 18:59:14: ('',)
Tue 26/Dec/2017 18:59:14: ('-------------------------------------------------------------------------------------',)
Tue 26/Dec/2017 18:59:14: ('  [Train resnet34]',)
Tue 26/Dec/2017 18:59:14: ('-------------------------------------------------------------------------------------',)
Tue 26/Dec/2017 18:59:14: ('  [LoadModelData /home/lj/work/voice/data/far-accent-speech-novad/train/train.0.dict]',)
Tue 26/Dec/2017 19:00:49: ('\n=================================================================',)
Tue 26/Dec/2017 19:00:49: ('    [ ResNet 34 Model ]',)
Tue 26/Dec/2017 19:00:49: ('=================================================================\n',)
Tue 26/Dec/2017 19:00:49: ('input x: ', torch.Size([512, 1, 40, 40]))
Tue 26/Dec/2017 19:00:52: ('conv1 x: ', torch.Size([512, 64, 20, 20]))
Tue 26/Dec/2017 19:00:52: ('maxpl x: ', torch.Size([512, 64, 10, 10]))
Tue 26/Dec/2017 19:00:52: ('layer1 x: ', torch.Size([512, 64, 10, 10]))
Tue 26/Dec/2017 19:00:52: ('layer2 x: ', torch.Size([512, 128, 5, 5]))
Tue 26/Dec/2017 19:00:52: ('layer3 x: ', torch.Size([512, 256, 3, 3]))
Tue 26/Dec/2017 19:00:52: ('layer4 x: ', torch.Size([512, 512, 2, 2]))
Tue 26/Dec/2017 19:00:52: ('avgpl x: ', torch.Size([512, 512, 1, 1]))
Tue 26/Dec/2017 19:00:52: ('xview x: ', torch.Size([512, 512]))
Tue 26/Dec/2017 19:00:52: ('yview y: ', torch.Size([512, 512]))
Tue 26/Dec/2017 19:00:52: ('fc x: ', torch.Size([512, 2426]))
Tue 26/Dec/2017 19:00:52: ('return y(feature), x(predict)',)
Tue 26/Dec/2017 19:00:52: ('\n=================================================================\n',)
Tue 26/Dec/2017 19:01:20: ('Train [1|102400] lr: 0.010000 Loss: 7.6008 Acc: 0.0020 UseTime: 34.508925',)
Tue 26/Dec/2017 19:01:48: ('Train [1|204800] lr: 0.010000 Loss: 7.5310 Acc: 0.0020 UseTime: 62.904355',)
Tue 26/Dec/2017 19:02:17: ('Train [1|307200] lr: 0.010000 Loss: 7.4785 Acc: 0.0039 UseTime: 91.286481',)
Tue 26/Dec/2017 19:02:46: ('Train [1|409600] lr: 0.010000 Loss: 7.3419 Acc: 0.0020 UseTime: 120.240964',)
Tue 26/Dec/2017 19:03:14: ('Train [1|512000] lr: 0.010000 Loss: 7.0211 Acc: 0.0039 UseTime: 148.633034',)
Tue 26/Dec/2017 19:03:43: ('Train [1|614400] lr: 0.010000 Loss: 6.7949 Acc: 0.0078 UseTime: 177.118720',)
Tue 26/Dec/2017 19:04:11: ('Train [1|716800] lr: 0.010000 Loss: 6.6421 Acc: 0.0117 UseTime: 205.948669',)
Tue 26/Dec/2017 19:04:40: ('Train [1|819200] lr: 0.010000 Loss: 6.3342 Acc: 0.0195 UseTime: 234.712766',)
Tue 26/Dec/2017 19:05:09: ('Train [1|921600] lr: 0.010000 Loss: 6.2504 Acc: 0.0137 UseTime: 263.191738',)
Tue 26/Dec/2017 19:05:37: ('Train [1|1024000] lr: 0.010000 Loss: 6.0784 Acc: 0.0273 UseTime: 291.702671',)
Tue 26/Dec/2017 19:06:06: ('Train [1|1126400] lr: 0.010000 Loss: 5.9230 Acc: 0.0117 UseTime: 320.309830',)
Tue 26/Dec/2017 19:06:35: ('Train [1|1228800] lr: 0.010000 Loss: 5.6824 Acc: 0.0488 UseTime: 349.377022',)
Tue 26/Dec/2017 19:07:03: ('Train [1|1331200] lr: 0.010000 Loss: 5.5734 Acc: 0.0449 UseTime: 377.837529',)
Tue 26/Dec/2017 19:07:32: ('Train [1|1433600] lr: 0.010000 Loss: 5.3804 Acc: 0.0488 UseTime: 406.380190',)
Tue 26/Dec/2017 19:08:00: ('Train [1|1536000] lr: 0.010000 Loss: 5.1898 Acc: 0.0938 UseTime: 434.923290',)
