Wed 03/Jan/2018 16:02:37: ('',)
Wed 03/Jan/2018 16:02:37: ('-------------------------------------------------------------------------------------',)
Wed 03/Jan/2018 16:02:37: ('  [log save in train-resnet34-near-accent-speech-novad.log]',)
Wed 03/Jan/2018 16:02:37: ("  [Namespace(alpha=0.5, batch_size=512, epochs=50, factor=0.7, fea_type='near-accent-speech-novad', gpu='7', load=-1, log_interval=200, lr=0.01, model='resnet34', model_file='epoch.{:d}.model', model_path='/home/lj/work/voice/model', momentum=0.9, num_classes=2426, patience=7, seed=1, split_num=5, train_file='train.{:d}.dict', train_mean='/home/lj/work/voice/data/near-accent-speech-novad/train/train.mean', train_path='/home/lj/work/voice/data/near-accent-speech-novad/train', train_std='/home/lj/work/voice/data/near-accent-speech-novad/train/train.std', vad_file='/home/lj/work/voice/data/near-accent-speech-novad/train/vad.dict', valid_file='train.{:d}.dict', valid_path='/home/lj/work/voice/data/near-accent-speech-novad/train', weight_decay=1e-06)]",)
Wed 03/Jan/2018 16:02:37: ('',)
Wed 03/Jan/2018 16:02:37: ('-------------------------------------------------------------------------------------',)
Wed 03/Jan/2018 16:02:41: ('  [Create model: resnet34 num_classes: 2426]',)
Wed 03/Jan/2018 16:02:50: ('',)
Wed 03/Jan/2018 16:02:50: ('-------------------------------------------------------------------------------------',)
Wed 03/Jan/2018 16:02:50: ('  [Train resnet34]',)
Wed 03/Jan/2018 16:02:50: ('-------------------------------------------------------------------------------------',)
Wed 03/Jan/2018 16:02:50: ('  [LoadModelData /home/lj/work/voice/data/near-accent-speech-novad/train/train.0.dict]',)
Wed 03/Jan/2018 16:03:36: ('\n=================================================================',)
Wed 03/Jan/2018 16:03:36: ('    [ ResNet 34 Model ]',)
Wed 03/Jan/2018 16:03:36: ('=================================================================\n',)
Wed 03/Jan/2018 16:03:36: ('input x: ', torch.Size([512, 1, 40, 40]))
Wed 03/Jan/2018 16:03:37: ('conv1 x: ', torch.Size([512, 64, 20, 20]))
Wed 03/Jan/2018 16:03:37: ('maxpl x: ', torch.Size([512, 64, 10, 10]))
Wed 03/Jan/2018 16:03:37: ('layer1 x: ', torch.Size([512, 64, 10, 10]))
Wed 03/Jan/2018 16:03:37: ('layer2 x: ', torch.Size([512, 128, 5, 5]))
Wed 03/Jan/2018 16:03:37: ('layer3 x: ', torch.Size([512, 256, 3, 3]))
Wed 03/Jan/2018 16:03:37: ('layer4 x: ', torch.Size([512, 512, 2, 2]))
Wed 03/Jan/2018 16:03:37: ('avgpl x: ', torch.Size([512, 512, 1, 1]))
Wed 03/Jan/2018 16:03:37: ('xview x: ', torch.Size([512, 512]))
Wed 03/Jan/2018 16:03:37: ('yview y: ', torch.Size([512, 512]))
Wed 03/Jan/2018 16:03:37: ('fc x: ', torch.Size([512, 2426]))
Wed 03/Jan/2018 16:03:37: ('return y(feature), x(predict)',)
Wed 03/Jan/2018 16:03:37: ('\n=================================================================\n',)
Wed 03/Jan/2018 16:04:08: ('Train [0|102400] lr: 0.010000 Loss: 7.4797 Acc: 0.0000 UseTime: 33.838488',)
Wed 03/Jan/2018 16:05:05: ('Train [0|204800] lr: 0.010000 Loss: 7.2387 Acc: 0.0020 UseTime: 90.927438',)
Wed 03/Jan/2018 16:05:51: ('Train [0|307200] lr: 0.010000 Loss: 6.9211 Acc: 0.0098 UseTime: 136.167022',)
Wed 03/Jan/2018 16:06:18: ('Train [0|409600] lr: 0.010000 Loss: 6.4573 Acc: 0.0176 UseTime: 164.072710',)
Wed 03/Jan/2018 16:06:46: ('Train [0|512000] lr: 0.010000 Loss: 5.8936 Acc: 0.0293 UseTime: 192.111602',)
Wed 03/Jan/2018 16:07:15: ('Train [0|614400] lr: 0.010000 Loss: 5.7485 Acc: 0.0215 UseTime: 220.312211',)
Wed 03/Jan/2018 16:07:43: ('Train [0|716800] lr: 0.010000 Loss: 5.3090 Acc: 0.0625 UseTime: 248.780441',)
Wed 03/Jan/2018 16:08:11: ('Train [0|819200] lr: 0.010000 Loss: 5.1833 Acc: 0.0723 UseTime: 276.938038',)
Wed 03/Jan/2018 16:08:40: ('Train [0|921600] lr: 0.010000 Loss: 4.8554 Acc: 0.1133 UseTime: 305.207600',)
Wed 03/Jan/2018 16:09:07: ('  [LoadModelData /home/lj/work/voice/data/near-accent-speech-novad/train/train.1.dict]',)
Wed 03/Jan/2018 16:10:26: ('Train [0|102400] lr: 0.010000 Loss: 4.4872 Acc: 0.0957 UseTime: 32.228331',)
Wed 03/Jan/2018 16:10:55: ('Train [0|204800] lr: 0.010000 Loss: 4.2196 Acc: 0.1348 UseTime: 60.442977',)
Wed 03/Jan/2018 16:11:23: ('Train [0|307200] lr: 0.010000 Loss: 3.8727 Acc: 0.1660 UseTime: 88.744086',)
Wed 03/Jan/2018 16:11:51: ('Train [0|409600] lr: 0.010000 Loss: 3.6450 Acc: 0.2285 UseTime: 116.965327',)
Wed 03/Jan/2018 16:12:20: ('Train [0|512000] lr: 0.010000 Loss: 3.4475 Acc: 0.2383 UseTime: 145.409359',)
Wed 03/Jan/2018 16:12:48: ('Train [0|614400] lr: 0.010000 Loss: 3.3849 Acc: 0.2559 UseTime: 173.834689',)
Wed 03/Jan/2018 16:13:16: ('Train [0|716800] lr: 0.010000 Loss: 3.5105 Acc: 0.2305 UseTime: 202.184475',)
Wed 03/Jan/2018 16:13:45: ('Train [0|819200] lr: 0.010000 Loss: 3.1299 Acc: 0.3027 UseTime: 230.510829',)
Wed 03/Jan/2018 16:14:13: ('Train [0|921600] lr: 0.010000 Loss: 3.0338 Acc: 0.2949 UseTime: 259.239820',)
Wed 03/Jan/2018 16:14:36: ('  [LoadModelData /home/lj/work/voice/data/near-accent-speech-novad/train/train.2.dict]',)
Wed 03/Jan/2018 16:15:50: ('Train [0|102400] lr: 0.010000 Loss: 2.7855 Acc: 0.3398 UseTime: 30.168540',)
Wed 03/Jan/2018 16:16:18: ('Train [0|204800] lr: 0.010000 Loss: 2.7422 Acc: 0.3848 UseTime: 58.116834',)
Wed 03/Jan/2018 16:16:46: ('Train [0|307200] lr: 0.010000 Loss: 2.6879 Acc: 0.3633 UseTime: 86.139905',)
Wed 03/Jan/2018 16:17:14: ('Train [0|409600] lr: 0.010000 Loss: 2.6214 Acc: 0.3633 UseTime: 114.258161',)
Wed 03/Jan/2018 16:17:42: ('Train [0|512000] lr: 0.010000 Loss: 2.5636 Acc: 0.4102 UseTime: 142.364376',)
Wed 03/Jan/2018 16:18:10: ('Train [0|614400] lr: 0.010000 Loss: 2.5337 Acc: 0.4141 UseTime: 170.373120',)
Wed 03/Jan/2018 16:18:38: ('Train [0|716800] lr: 0.010000 Loss: 2.4380 Acc: 0.4219 UseTime: 198.341981',)
Wed 03/Jan/2018 16:19:06: ('Train [0|819200] lr: 0.010000 Loss: 2.5039 Acc: 0.4160 UseTime: 226.375147',)
Wed 03/Jan/2018 16:19:34: ('Train [0|921600] lr: 0.010000 Loss: 2.2120 Acc: 0.4609 UseTime: 254.404136',)
Wed 03/Jan/2018 16:19:58: ('  [LoadModelData /home/lj/work/voice/data/near-accent-speech-novad/train/train.3.dict]',)
Wed 03/Jan/2018 16:21:11: ('Train [0|102400] lr: 0.010000 Loss: 2.3417 Acc: 0.4453 UseTime: 30.335793',)
Wed 03/Jan/2018 16:21:39: ('Train [0|204800] lr: 0.010000 Loss: 2.0616 Acc: 0.4980 UseTime: 58.136920',)
Wed 03/Jan/2018 16:22:07: ('Train [0|307200] lr: 0.010000 Loss: 2.0189 Acc: 0.5020 UseTime: 86.017245',)
Wed 03/Jan/2018 16:22:35: ('Train [0|409600] lr: 0.010000 Loss: 2.0657 Acc: 0.5000 UseTime: 114.004497',)
Wed 03/Jan/2018 16:23:03: ('Train [0|512000] lr: 0.010000 Loss: 2.0973 Acc: 0.4414 UseTime: 141.967122',)
Wed 03/Jan/2018 16:23:31: ('Train [0|614400] lr: 0.010000 Loss: 2.0282 Acc: 0.4863 UseTime: 169.935554',)
Wed 03/Jan/2018 16:23:59: ('Train [0|716800] lr: 0.010000 Loss: 1.9040 Acc: 0.5137 UseTime: 198.062628',)
