Wed 03/Jan/2018 16:03:02: ('',)
Wed 03/Jan/2018 16:03:02: ('-------------------------------------------------------------------------------------',)
Wed 03/Jan/2018 16:03:02: ('  [log save in train-resnet35-near-accent-speech-novad.log]',)
Wed 03/Jan/2018 16:03:02: ("  [Namespace(alpha=0.5, batch_size=512, epochs=50, factor=0.7, fea_type='near-accent-speech-novad', gpu='7', load=-1, log_interval=200, lr=0.01, model='resnet35', model_file='epoch.{:d}.model', model_path='/home/lj/work/voice/model', momentum=0.9, num_classes=2426, patience=7, seed=1, split_num=5, train_file='train.{:d}.dict', train_mean='/home/lj/work/voice/data/near-accent-speech-novad/train/train.mean', train_path='/home/lj/work/voice/data/near-accent-speech-novad/train', train_std='/home/lj/work/voice/data/near-accent-speech-novad/train/train.std', vad_file='/home/lj/work/voice/data/near-accent-speech-novad/train/vad.dict', valid_file='train.{:d}.dict', valid_path='/home/lj/work/voice/data/near-accent-speech-novad/train', weight_decay=1e-06)]",)
Wed 03/Jan/2018 16:03:02: ('',)
Wed 03/Jan/2018 16:03:02: ('-------------------------------------------------------------------------------------',)
Wed 03/Jan/2018 16:03:06: ('  [Create model: resnet35 num_classes: 2426]',)
Wed 03/Jan/2018 16:03:15: ('',)
Wed 03/Jan/2018 16:03:15: ('-------------------------------------------------------------------------------------',)
Wed 03/Jan/2018 16:03:15: ('  [Train resnet35]',)
Wed 03/Jan/2018 16:03:15: ('-------------------------------------------------------------------------------------',)
Wed 03/Jan/2018 16:03:15: ('  [LoadModelData /home/lj/work/voice/data/near-accent-speech-novad/train/train.0.dict]',)
Wed 03/Jan/2018 16:04:00: ('\n=================================================================',)
Wed 03/Jan/2018 16:04:00: ('    [ ResNet 34 Model ]',)
Wed 03/Jan/2018 16:04:00: ('=================================================================\n',)
Wed 03/Jan/2018 16:04:00: ('input x: ', torch.Size([512, 1, 40, 40]))
Wed 03/Jan/2018 16:04:01: ('conv1 x: ', torch.Size([512, 64, 20, 20]))
Wed 03/Jan/2018 16:04:01: ('maxpl x: ', torch.Size([512, 64, 10, 10]))
Wed 03/Jan/2018 16:04:01: ('layer1 x: ', torch.Size([512, 64, 10, 10]))
Wed 03/Jan/2018 16:04:01: ('layer2 x: ', torch.Size([512, 128, 5, 5]))
Wed 03/Jan/2018 16:04:01: ('layer3 x: ', torch.Size([512, 256, 3, 3]))
Wed 03/Jan/2018 16:04:01: ('layer4 x: ', torch.Size([512, 512, 2, 2]))
Wed 03/Jan/2018 16:04:01: ('avgpl x: ', torch.Size([512, 512, 1, 1]))
Wed 03/Jan/2018 16:04:01: ('xview x: ', torch.Size([512, 512]))
Wed 03/Jan/2018 16:04:01: ('yview y: ', torch.Size([512, 512]))
Wed 03/Jan/2018 16:04:01: ('fc x: ', torch.Size([512, 2426]))
Wed 03/Jan/2018 16:04:01: ('return y(feature), x(predict)',)
Wed 03/Jan/2018 16:04:01: ('\n=================================================================\n',)
Wed 03/Jan/2018 16:05:00: ('Train [0|102400] lr: 0.010000 Loss: 7.6344 Acc: 0.0000 UseTime: 62.198338',)
Wed 03/Jan/2018 16:05:55: ('',)
Wed 03/Jan/2018 16:05:55: ('-------------------------------------------------------------------------------------',)
Wed 03/Jan/2018 16:05:55: ('  [log save in train-resnet35-near-accent-speech-novad.log]',)
Wed 03/Jan/2018 16:05:55: ("  [Namespace(alpha=0.5, batch_size=512, epochs=50, factor=0.7, fea_type='near-accent-speech-novad', gpu='6', load=-1, log_interval=200, lr=0.01, model='resnet35', model_file='epoch.{:d}.model', model_path='/home/lj/work/voice/model', momentum=0.9, num_classes=2426, patience=7, seed=1, split_num=5, train_file='train.{:d}.dict', train_mean='/home/lj/work/voice/data/near-accent-speech-novad/train/train.mean', train_path='/home/lj/work/voice/data/near-accent-speech-novad/train', train_std='/home/lj/work/voice/data/near-accent-speech-novad/train/train.std', vad_file='/home/lj/work/voice/data/near-accent-speech-novad/train/vad.dict', valid_file='train.{:d}.dict', valid_path='/home/lj/work/voice/data/near-accent-speech-novad/train', weight_decay=1e-06)]",)
Wed 03/Jan/2018 16:05:55: ('',)
Wed 03/Jan/2018 16:05:55: ('-------------------------------------------------------------------------------------',)
Wed 03/Jan/2018 16:05:59: ('  [Create model: resnet35 num_classes: 2426]',)
Wed 03/Jan/2018 16:06:09: ('',)
Wed 03/Jan/2018 16:06:09: ('-------------------------------------------------------------------------------------',)
Wed 03/Jan/2018 16:06:09: ('  [Train resnet35]',)
Wed 03/Jan/2018 16:06:09: ('-------------------------------------------------------------------------------------',)
Wed 03/Jan/2018 16:06:09: ('  [LoadModelData /home/lj/work/voice/data/near-accent-speech-novad/train/train.0.dict]',)
Wed 03/Jan/2018 16:06:50: ('\n=================================================================',)
Wed 03/Jan/2018 16:06:50: ('    [ ResNet 34 Model ]',)
Wed 03/Jan/2018 16:06:50: ('=================================================================\n',)
Wed 03/Jan/2018 16:06:50: ('input x: ', torch.Size([512, 1, 40, 40]))
Wed 03/Jan/2018 16:06:50: ('conv1 x: ', torch.Size([512, 64, 20, 20]))
Wed 03/Jan/2018 16:06:50: ('maxpl x: ', torch.Size([512, 64, 10, 10]))
Wed 03/Jan/2018 16:06:50: ('layer1 x: ', torch.Size([512, 64, 10, 10]))
Wed 03/Jan/2018 16:06:50: ('layer2 x: ', torch.Size([512, 128, 5, 5]))
Wed 03/Jan/2018 16:06:50: ('layer3 x: ', torch.Size([512, 256, 3, 3]))
Wed 03/Jan/2018 16:06:50: ('layer4 x: ', torch.Size([512, 512, 2, 2]))
Wed 03/Jan/2018 16:06:50: ('avgpl x: ', torch.Size([512, 512, 1, 1]))
Wed 03/Jan/2018 16:06:51: ('xview x: ', torch.Size([512, 512]))
Wed 03/Jan/2018 16:06:51: ('yview y: ', torch.Size([512, 512]))
Wed 03/Jan/2018 16:06:51: ('fc x: ', torch.Size([512, 2426]))
Wed 03/Jan/2018 16:06:51: ('return y(feature), x(predict)',)
Wed 03/Jan/2018 16:06:51: ('\n=================================================================\n',)
Wed 03/Jan/2018 16:07:19: ('Train [0|102400] lr: 0.010000 Loss: 7.6351 Acc: 0.0000 UseTime: 31.304251',)
Wed 03/Jan/2018 16:07:47: ('Train [0|204800] lr: 0.010000 Loss: 7.2579 Acc: 0.0000 UseTime: 59.687058',)
Wed 03/Jan/2018 16:08:16: ('Train [0|307200] lr: 0.010000 Loss: 7.0735 Acc: 0.0078 UseTime: 88.070745',)
Wed 03/Jan/2018 16:08:45: ('Train [0|409600] lr: 0.010000 Loss: 6.6342 Acc: 0.0117 UseTime: 116.821220',)
Wed 03/Jan/2018 16:09:13: ('Train [0|512000] lr: 0.010000 Loss: 6.0887 Acc: 0.0176 UseTime: 145.439367',)
Wed 03/Jan/2018 16:09:42: ('Train [0|614400] lr: 0.010000 Loss: 5.6945 Acc: 0.0234 UseTime: 174.125379',)
Wed 03/Jan/2018 16:10:10: ('Train [0|716800] lr: 0.010000 Loss: 5.5029 Acc: 0.0293 UseTime: 202.619003',)
Wed 03/Jan/2018 16:10:39: ('Train [0|819200] lr: 0.010000 Loss: 5.1597 Acc: 0.0664 UseTime: 231.185413',)
Wed 03/Jan/2018 16:11:08: ('Train [0|921600] lr: 0.010000 Loss: 4.9750 Acc: 0.0781 UseTime: 260.001805',)
Wed 03/Jan/2018 16:11:36: ('  [LoadModelData /home/lj/work/voice/data/near-accent-speech-novad/train/train.1.dict]',)
Wed 03/Jan/2018 16:12:51: ('Train [0|102400] lr: 0.010000 Loss: 4.3363 Acc: 0.1387 UseTime: 31.802760',)
Wed 03/Jan/2018 16:13:20: ('Train [0|204800] lr: 0.010000 Loss: 4.3302 Acc: 0.1230 UseTime: 60.494765',)
Wed 03/Jan/2018 16:13:49: ('Train [0|307200] lr: 0.010000 Loss: 3.9908 Acc: 0.1426 UseTime: 89.435123',)
Wed 03/Jan/2018 16:14:18: ('Train [0|409600] lr: 0.010000 Loss: 3.8653 Acc: 0.1816 UseTime: 118.001474',)
Wed 03/Jan/2018 16:14:46: ('Train [0|512000] lr: 0.010000 Loss: 3.6147 Acc: 0.2402 UseTime: 146.576729',)
Wed 03/Jan/2018 16:15:14: ('Train [0|614400] lr: 0.010000 Loss: 3.3812 Acc: 0.2207 UseTime: 174.727409',)
Wed 03/Jan/2018 16:15:42: ('Train [0|716800] lr: 0.010000 Loss: 3.3464 Acc: 0.2363 UseTime: 202.847428',)
Wed 03/Jan/2018 16:16:11: ('Train [0|819200] lr: 0.010000 Loss: 3.2006 Acc: 0.2695 UseTime: 230.956833',)
Wed 03/Jan/2018 16:16:39: ('Train [0|921600] lr: 0.010000 Loss: 2.8896 Acc: 0.3184 UseTime: 259.066917',)
Wed 03/Jan/2018 16:17:02: ('  [LoadModelData /home/lj/work/voice/data/near-accent-speech-novad/train/train.2.dict]',)
Wed 03/Jan/2018 16:18:10: ('Train [0|102400] lr: 0.010000 Loss: 3.0889 Acc: 0.3008 UseTime: 30.621330',)
Wed 03/Jan/2018 16:18:38: ('Train [0|204800] lr: 0.010000 Loss: 2.8289 Acc: 0.3418 UseTime: 58.735032',)
Wed 03/Jan/2018 16:19:06: ('Train [0|307200] lr: 0.010000 Loss: 2.7684 Acc: 0.3418 UseTime: 86.855635',)
Wed 03/Jan/2018 16:19:34: ('Train [0|409600] lr: 0.010000 Loss: 2.6569 Acc: 0.3633 UseTime: 114.973383',)
Wed 03/Jan/2018 16:20:02: ('Train [0|512000] lr: 0.010000 Loss: 2.5746 Acc: 0.3867 UseTime: 143.083926',)
Wed 03/Jan/2018 16:20:31: ('Train [0|614400] lr: 0.010000 Loss: 2.4420 Acc: 0.3828 UseTime: 171.262966',)
Wed 03/Jan/2018 16:20:59: ('Train [0|716800] lr: 0.010000 Loss: 2.4602 Acc: 0.3984 UseTime: 199.393053',)
Wed 03/Jan/2018 16:21:27: ('Train [0|819200] lr: 0.010000 Loss: 2.6030 Acc: 0.3867 UseTime: 227.510845',)
Wed 03/Jan/2018 16:21:55: ('Train [0|921600] lr: 0.010000 Loss: 2.3297 Acc: 0.4492 UseTime: 255.630683',)
Wed 03/Jan/2018 16:22:19: ('  [LoadModelData /home/lj/work/voice/data/near-accent-speech-novad/train/train.3.dict]',)
Wed 03/Jan/2018 16:23:27: ('Train [0|102400] lr: 0.010000 Loss: 2.4086 Acc: 0.4219 UseTime: 30.917980',)
Wed 03/Jan/2018 16:23:56: ('Train [0|204800] lr: 0.010000 Loss: 2.3370 Acc: 0.4238 UseTime: 59.035411',)
