Wed 03/Jan/2018 10:51:50: ('',)
Wed 03/Jan/2018 10:51:50: ('-------------------------------------------------------------------------------------',)
Wed 03/Jan/2018 10:51:50: ('  [log save in train-fcnlstm-far-accent-speech-novad.log]',)
Wed 03/Jan/2018 10:51:50: ("  [Namespace(alpha=0.5, batch_size=512, epochs=50, factor=0.7, fea_type='far-accent-speech-novad', gpu='7', load=-1, log_interval=200, lr=0.01, model='fcnlstm', model_file='epoch.{:d}.model', model_path='/home/lj/work/voice/model', momentum=0.9, num_classes=2426, patience=7, seed=1, split_num=5, train_file='train.{:d}.dict', train_mean='/home/lj/work/voice/data/far-accent-speech-novad/train/train.mean', train_path='/home/lj/work/voice/data/far-accent-speech-novad/train', train_std='/home/lj/work/voice/data/far-accent-speech-novad/train/train.std', vad_file='/home/lj/work/voice/data/far-accent-speech-novad/train/vad.dict', valid_file='train.{:d}.dict', valid_path='/home/lj/work/voice/data/far-accent-speech-novad/train', weight_decay=1e-06)]",)
Wed 03/Jan/2018 10:51:50: ('',)
Wed 03/Jan/2018 10:51:50: ('-------------------------------------------------------------------------------------',)
Wed 03/Jan/2018 10:51:56: ('  [Create model: fcnlstm num_classes: 2426]',)
Wed 03/Jan/2018 10:52:07: ('',)
Wed 03/Jan/2018 10:52:07: ('-------------------------------------------------------------------------------------',)
Wed 03/Jan/2018 10:52:07: ('  [Train fcnlstm]',)
Wed 03/Jan/2018 10:52:07: ('-------------------------------------------------------------------------------------',)
Wed 03/Jan/2018 10:52:07: ('  [LoadModelData /home/lj/work/voice/data/far-accent-speech-novad/train/train.0.dict]',)
Wed 03/Jan/2018 10:55:05: ('Train [0|102400] lr: 0.010000 Loss: 7.7987 Acc: 0.0000 UseTime: 80.137717',)
Wed 03/Jan/2018 10:56:22: ('Train [0|204800] lr: 0.010000 Loss: 7.7839 Acc: 0.0000 UseTime: 156.491348',)
Wed 03/Jan/2018 10:57:38: ('Train [0|307200] lr: 0.010000 Loss: 7.7895 Acc: 0.0000 UseTime: 232.935681',)
Wed 03/Jan/2018 10:58:54: ('Train [0|409600] lr: 0.010000 Loss: 7.7863 Acc: 0.0000 UseTime: 309.343850',)
Wed 03/Jan/2018 11:00:11: ('Train [0|512000] lr: 0.010000 Loss: 7.7782 Acc: 0.0000 UseTime: 385.595671',)
Wed 03/Jan/2018 11:01:27: ('Train [0|614400] lr: 0.010000 Loss: 7.7727 Acc: 0.0020 UseTime: 461.966852',)
Wed 03/Jan/2018 11:02:43: ('Train [0|716800] lr: 0.010000 Loss: 7.7561 Acc: 0.0020 UseTime: 538.186883',)
Wed 03/Jan/2018 11:04:00: ('Train [0|819200] lr: 0.010000 Loss: 7.7520 Acc: 0.0000 UseTime: 614.406639',)
Wed 03/Jan/2018 11:05:16: ('Train [0|921600] lr: 0.010000 Loss: 7.7515 Acc: 0.0000 UseTime: 690.691779',)
Wed 03/Jan/2018 11:06:32: ('Train [0|1024000] lr: 0.010000 Loss: 7.7367 Acc: 0.0000 UseTime: 766.988501',)
Wed 03/Jan/2018 11:07:48: ('Train [0|1126400] lr: 0.010000 Loss: 7.7089 Acc: 0.0000 UseTime: 843.194421',)
Wed 03/Jan/2018 11:09:05: ('Train [0|1228800] lr: 0.010000 Loss: 7.7105 Acc: 0.0000 UseTime: 919.798452',)
Wed 03/Jan/2018 11:10:21: ('Train [0|1331200] lr: 0.010000 Loss: 7.6848 Acc: 0.0000 UseTime: 996.119931',)
Wed 03/Jan/2018 11:11:37: ('Train [0|1433600] lr: 0.010000 Loss: 7.6643 Acc: 0.0000 UseTime: 1072.367044',)
Wed 03/Jan/2018 11:12:54: ('Train [0|1536000] lr: 0.010000 Loss: 7.6609 Acc: 0.0020 UseTime: 1148.676822',)
Wed 03/Jan/2018 11:14:10: ('Train [0|1638400] lr: 0.010000 Loss: 7.6651 Acc: 0.0000 UseTime: 1224.894571',)
Wed 03/Jan/2018 11:15:26: ('Train [0|1740800] lr: 0.010000 Loss: 7.6376 Acc: 0.0020 UseTime: 1301.115022',)
Wed 03/Jan/2018 11:16:18: ('  [LoadModelData /home/lj/work/voice/data/far-accent-speech-novad/train/train.1.dict]',)
Wed 03/Jan/2018 11:19:22: ('Train [0|102400] lr: 0.010000 Loss: 7.6225 Acc: 0.0000 UseTime: 83.869153',)
Wed 03/Jan/2018 11:20:39: ('Train [0|204800] lr: 0.010000 Loss: 7.5854 Acc: 0.0000 UseTime: 160.488306',)
Wed 03/Jan/2018 11:21:55: ('Train [0|307200] lr: 0.010000 Loss: 7.6155 Acc: 0.0000 UseTime: 237.053635',)
Wed 03/Jan/2018 11:23:12: ('Train [0|409600] lr: 0.010000 Loss: 7.5785 Acc: 0.0000 UseTime: 313.819349',)
Wed 03/Jan/2018 11:24:29: ('Train [0|512000] lr: 0.010000 Loss: 7.5693 Acc: 0.0000 UseTime: 390.480568',)
Wed 03/Jan/2018 11:25:46: ('Train [0|614400] lr: 0.010000 Loss: 7.5475 Acc: 0.0039 UseTime: 467.273845',)
Wed 03/Jan/2018 11:27:02: ('Train [0|716800] lr: 0.010000 Loss: 7.5395 Acc: 0.0000 UseTime: 543.452366',)
Wed 03/Jan/2018 11:28:18: ('Train [0|819200] lr: 0.010000 Loss: 7.4983 Acc: 0.0020 UseTime: 619.654163',)
Wed 03/Jan/2018 11:29:34: ('Train [0|921600] lr: 0.010000 Loss: 7.4675 Acc: 0.0020 UseTime: 695.826021',)
Wed 03/Jan/2018 11:30:50: ('Train [0|1024000] lr: 0.010000 Loss: 7.4314 Acc: 0.0000 UseTime: 772.018760',)
Wed 03/Jan/2018 11:32:07: ('Train [0|1126400] lr: 0.010000 Loss: 7.3893 Acc: 0.0000 UseTime: 848.186735',)
Wed 03/Jan/2018 11:33:23: ('Train [0|1228800] lr: 0.010000 Loss: 7.3361 Acc: 0.0039 UseTime: 924.362896',)
Wed 03/Jan/2018 11:34:39: ('Train [0|1331200] lr: 0.010000 Loss: 7.3176 Acc: 0.0020 UseTime: 1000.529957',)
Wed 03/Jan/2018 11:35:55: ('Train [0|1433600] lr: 0.010000 Loss: 7.2720 Acc: 0.0020 UseTime: 1076.671829',)
