Tue 26/Dec/2017 15:37:53: ('',)
Tue 26/Dec/2017 15:37:53: ('-------------------------------------------------------------------------------------',)
Tue 26/Dec/2017 15:37:53: ('  [log save in train-resnet34-far-mandarin-speech-novad.log]',)
Tue 26/Dec/2017 15:37:53: ("  [Namespace(alpha=0.5, batch_size=512, epochs=50, factor=0.7, fea_type='far-mandarin-speech-novad', gpu='6', log_interval=200, lr=0.01, model='resnet34', model_file='epoch.{:d}.model', model_path='/home/lj/work/voice/model', momentum=0.9, num_classes=6044, patience=7, seed=1, split_num=5, train_file='train.{:d}.dict', train_mean='/home/lj/work/voice/data/far-mandarin-speech-novad/train/train.mean', train_path='/home/lj/work/voice/data/far-mandarin-speech-novad/train', train_std='/home/lj/work/voice/data/far-mandarin-speech-novad/train/train.std', vad_file='/home/lj/work/voice/data/far-mandarin-speech-novad/train/vad.dict', valid_file='train.{:d}.dict', valid_path='/home/lj/work/voice/data/far-mandarin-speech-novad/train', weight_decay=1e-06)]",)
Tue 26/Dec/2017 15:37:53: ('',)
Tue 26/Dec/2017 15:37:53: ('-------------------------------------------------------------------------------------',)
Tue 26/Dec/2017 15:37:58: ('  [LoadModelData /home/lj/work/voice/data/far-mandarin-speech-novad/train/train.4.dict]',)
Tue 26/Dec/2017 15:38:56: ('  [Create model: resnet34 num_classes: 6044]',)
Tue 26/Dec/2017 15:39:03: ('',)
Tue 26/Dec/2017 15:39:03: ('-------------------------------------------------------------------------------------',)
Tue 26/Dec/2017 15:39:03: ('  [Train resnet34]',)
Tue 26/Dec/2017 15:39:03: ('-------------------------------------------------------------------------------------',)
Tue 26/Dec/2017 15:39:03: ('  [LoadModelData /home/lj/work/voice/data/far-mandarin-speech-novad/train/train.0.dict]',)
Tue 26/Dec/2017 15:40:04: ('\n=================================================================',)
Tue 26/Dec/2017 15:40:04: ('    [ ResNet 34 Model ]',)
Tue 26/Dec/2017 15:40:04: ('=================================================================\n',)
Tue 26/Dec/2017 15:40:04: ('input x: ', torch.Size([512, 1, 40, 40]))
Tue 26/Dec/2017 15:40:05: ('conv1 x: ', torch.Size([512, 64, 20, 20]))
Tue 26/Dec/2017 15:40:05: ('maxpl x: ', torch.Size([512, 64, 10, 10]))
Tue 26/Dec/2017 15:40:05: ('layer1 x: ', torch.Size([512, 64, 10, 10]))
Tue 26/Dec/2017 15:40:05: ('layer2 x: ', torch.Size([512, 128, 5, 5]))
Tue 26/Dec/2017 15:40:05: ('layer3 x: ', torch.Size([512, 256, 3, 3]))
Tue 26/Dec/2017 15:40:05: ('layer4 x: ', torch.Size([512, 512, 2, 2]))
Tue 26/Dec/2017 15:40:05: ('avgpl x: ', torch.Size([512, 512, 1, 1]))
Tue 26/Dec/2017 15:40:05: ('xview x: ', torch.Size([512, 512]))
Tue 26/Dec/2017 15:40:05: ('yview y: ', torch.Size([512, 512]))
Tue 26/Dec/2017 15:40:07: ('fc x: ', torch.Size([512, 6044]))
Tue 26/Dec/2017 15:40:07: ('return y(feature), x(predict)',)
Tue 26/Dec/2017 15:40:07: ('\n=================================================================\n',)
Tue 26/Dec/2017 15:40:39: ('Train [1|102400] lr: 0.010000 Loss: 8.2513 Acc: 0.0000 UseTime: 38.564196',)
Tue 26/Dec/2017 15:41:08: ('Train [1|204800] lr: 0.010000 Loss: 7.7307 Acc: 0.0039 UseTime: 67.185733',)
Tue 26/Dec/2017 15:41:36: ('Train [1|307200] lr: 0.010000 Loss: 7.3986 Acc: 0.0137 UseTime: 95.881996',)
Tue 26/Dec/2017 15:42:05: ('Train [1|409600] lr: 0.010000 Loss: 7.0258 Acc: 0.0215 UseTime: 124.729326',)
Tue 26/Dec/2017 15:42:34: ('Train [1|512000] lr: 0.010000 Loss: 6.6081 Acc: 0.0469 UseTime: 153.480490',)
Tue 26/Dec/2017 15:43:03: ('Train [1|614400] lr: 0.010000 Loss: 6.2331 Acc: 0.0430 UseTime: 182.458020',)
Tue 26/Dec/2017 15:43:32: ('Train [1|716800] lr: 0.010000 Loss: 5.8471 Acc: 0.0723 UseTime: 211.315379',)
Tue 26/Dec/2017 15:44:01: ('Train [1|819200] lr: 0.010000 Loss: 5.5433 Acc: 0.1074 UseTime: 240.180086',)
Tue 26/Dec/2017 15:44:29: ('Train [1|921600] lr: 0.010000 Loss: 5.2901 Acc: 0.1230 UseTime: 268.896855',)
Tue 26/Dec/2017 15:44:58: ('Train [1|1024000] lr: 0.010000 Loss: 5.0529 Acc: 0.1133 UseTime: 297.576154',)
Tue 26/Dec/2017 15:45:27: ('Train [1|1126400] lr: 0.010000 Loss: 4.8941 Acc: 0.1348 UseTime: 326.300855',)
Tue 26/Dec/2017 15:45:56: ('Train [1|1228800] lr: 0.010000 Loss: 4.8226 Acc: 0.1426 UseTime: 355.325554',)
Tue 26/Dec/2017 15:46:24: ('Train [1|1331200] lr: 0.010000 Loss: 4.4841 Acc: 0.1699 UseTime: 383.991730',)
Tue 26/Dec/2017 15:46:48: ('  [LoadModelData /home/lj/work/voice/data/far-mandarin-speech-novad/train/train.1.dict]',)
Tue 26/Dec/2017 15:48:26: ('Train [1|102400] lr: 0.010000 Loss: 4.1746 Acc: 0.2266 UseTime: 34.342635',)
Tue 26/Dec/2017 15:48:55: ('Train [1|204800] lr: 0.010000 Loss: 4.0471 Acc: 0.2070 UseTime: 63.255589',)
Tue 26/Dec/2017 15:49:24: ('Train [1|307200] lr: 0.010000 Loss: 4.0136 Acc: 0.2012 UseTime: 92.207224',)
Tue 26/Dec/2017 15:49:53: ('Train [1|409600] lr: 0.010000 Loss: 3.7875 Acc: 0.2207 UseTime: 121.034047',)
Tue 26/Dec/2017 15:50:22: ('Train [1|512000] lr: 0.010000 Loss: 3.7516 Acc: 0.2520 UseTime: 149.804727',)
Tue 26/Dec/2017 15:50:51: ('Train [1|614400] lr: 0.010000 Loss: 3.5196 Acc: 0.2773 UseTime: 178.696789',)
Tue 26/Dec/2017 15:51:20: ('Train [1|716800] lr: 0.010000 Loss: 3.4895 Acc: 0.2559 UseTime: 207.617222',)
Tue 26/Dec/2017 15:51:49: ('Train [1|819200] lr: 0.010000 Loss: 3.3550 Acc: 0.2969 UseTime: 236.571910',)
Tue 26/Dec/2017 15:52:18: ('Train [1|921600] lr: 0.010000 Loss: 3.2048 Acc: 0.3105 UseTime: 265.566954',)
Tue 26/Dec/2017 15:52:47: ('Train [1|1024000] lr: 0.010000 Loss: 3.1515 Acc: 0.3301 UseTime: 294.731491',)
Tue 26/Dec/2017 15:53:16: ('Train [1|1126400] lr: 0.010000 Loss: 2.9996 Acc: 0.3594 UseTime: 323.702348',)
Tue 26/Dec/2017 15:53:45: ('Train [1|1228800] lr: 0.010000 Loss: 3.0647 Acc: 0.3496 UseTime: 352.857224',)
Tue 26/Dec/2017 15:54:14: ('Train [1|1331200] lr: 0.010000 Loss: 2.8424 Acc: 0.3496 UseTime: 381.672146',)
Tue 26/Dec/2017 15:54:28: ('  [LoadModelData /home/lj/work/voice/data/far-mandarin-speech-novad/train/train.2.dict]',)
Tue 26/Dec/2017 15:56:07: ('Train [1|102400] lr: 0.010000 Loss: 2.8570 Acc: 0.3750 UseTime: 34.825755',)
Tue 26/Dec/2017 15:56:36: ('Train [1|204800] lr: 0.010000 Loss: 2.8659 Acc: 0.3867 UseTime: 63.756680',)
Tue 26/Dec/2017 15:57:05: ('Train [1|307200] lr: 0.010000 Loss: 2.5743 Acc: 0.4238 UseTime: 92.440024',)
Tue 26/Dec/2017 15:57:34: ('Train [1|409600] lr: 0.010000 Loss: 2.5498 Acc: 0.4297 UseTime: 121.742542',)
Tue 26/Dec/2017 15:58:03: ('Train [1|512000] lr: 0.010000 Loss: 2.4725 Acc: 0.4277 UseTime: 150.712675',)
Tue 26/Dec/2017 15:58:32: ('Train [1|614400] lr: 0.010000 Loss: 2.5575 Acc: 0.4258 UseTime: 179.861416',)
Tue 26/Dec/2017 15:59:01: ('Train [1|716800] lr: 0.010000 Loss: 2.3511 Acc: 0.4609 UseTime: 209.106815',)
Tue 26/Dec/2017 15:59:30: ('Train [1|819200] lr: 0.010000 Loss: 2.2876 Acc: 0.4727 UseTime: 238.036941',)
Tue 26/Dec/2017 15:59:59: ('Train [1|921600] lr: 0.010000 Loss: 2.2693 Acc: 0.4707 UseTime: 266.974422',)
Tue 26/Dec/2017 16:00:28: ('Train [1|1024000] lr: 0.010000 Loss: 2.2059 Acc: 0.5039 UseTime: 296.037190',)
Tue 26/Dec/2017 16:00:57: ('Train [1|1126400] lr: 0.010000 Loss: 2.3121 Acc: 0.4609 UseTime: 324.975820',)
Tue 26/Dec/2017 16:01:26: ('Train [1|1228800] lr: 0.010000 Loss: 2.1040 Acc: 0.5059 UseTime: 353.972450',)
Tue 26/Dec/2017 16:01:55: ('Train [1|1331200] lr: 0.010000 Loss: 2.1976 Acc: 0.4805 UseTime: 383.202758',)
Tue 26/Dec/2017 16:02:09: ('  [LoadModelData /home/lj/work/voice/data/far-mandarin-speech-novad/train/train.3.dict]',)
Tue 26/Dec/2017 16:03:46: ('Train [1|102400] lr: 0.010000 Loss: 2.3794 Acc: 0.4609 UseTime: 34.153571',)
Tue 26/Dec/2017 16:04:15: ('Train [1|204800] lr: 0.010000 Loss: 2.0734 Acc: 0.5039 UseTime: 63.146691',)
Tue 26/Dec/2017 16:04:43: ('Train [1|307200] lr: 0.010000 Loss: 2.0724 Acc: 0.5117 UseTime: 91.867027',)
Tue 26/Dec/2017 16:05:12: ('Train [1|409600] lr: 0.010000 Loss: 2.0967 Acc: 0.5020 UseTime: 120.895583',)
Tue 26/Dec/2017 16:05:41: ('Train [1|512000] lr: 0.010000 Loss: 1.9807 Acc: 0.5059 UseTime: 149.746564',)
Tue 26/Dec/2017 16:06:10: ('Train [1|614400] lr: 0.010000 Loss: 2.0130 Acc: 0.5234 UseTime: 178.714057',)
Tue 26/Dec/2017 16:06:39: ('Train [1|716800] lr: 0.010000 Loss: 1.8901 Acc: 0.5234 UseTime: 207.501927',)
Tue 26/Dec/2017 16:07:08: ('Train [1|819200] lr: 0.010000 Loss: 1.8261 Acc: 0.5332 UseTime: 236.546002',)
Tue 26/Dec/2017 16:07:37: ('Train [1|921600] lr: 0.010000 Loss: 1.8426 Acc: 0.5449 UseTime: 265.400565',)
Tue 26/Dec/2017 16:08:06: ('Train [1|1024000] lr: 0.010000 Loss: 1.9796 Acc: 0.4961 UseTime: 294.464841',)
Tue 26/Dec/2017 16:08:35: ('Train [1|1126400] lr: 0.010000 Loss: 1.8667 Acc: 0.5449 UseTime: 323.334650',)
Tue 26/Dec/2017 16:09:04: ('Train [1|1228800] lr: 0.010000 Loss: 1.7483 Acc: 0.5332 UseTime: 352.206752',)
Tue 26/Dec/2017 16:09:33: ('Train [1|1331200] lr: 0.010000 Loss: 1.7924 Acc: 0.5449 UseTime: 381.348594',)
Tue 26/Dec/2017 16:09:43: ('/home/lj/work/voice/model/resnet34far-mandarin-speech-novad/epoch.0.model',)
Tue 26/Dec/2017 16:12:00: ('EvalTotal acc: 0.503177 loss: 2.060424 usetime: 136.179816',)
Tue 26/Dec/2017 16:12:00: ('-------------------------------------------------------------------------------------',)
Tue 26/Dec/2017 16:12:00: ('  [LoadModelData /home/lj/work/voice/data/far-mandarin-speech-novad/train/train.0.dict]',)
Tue 26/Dec/2017 16:13:30: ('Train [2|102400] lr: 0.010000 Loss: 1.9330 Acc: 0.5332 UseTime: 33.468779',)
Tue 26/Dec/2017 16:13:58: ('Train [2|204800] lr: 0.010000 Loss: 1.8436 Acc: 0.5391 UseTime: 62.113558',)
Tue 26/Dec/2017 16:14:27: ('Train [2|307200] lr: 0.010000 Loss: 1.8226 Acc: 0.5410 UseTime: 91.134368',)
Tue 26/Dec/2017 16:14:56: ('Train [2|409600] lr: 0.010000 Loss: 1.7006 Acc: 0.5762 UseTime: 120.237955',)
Tue 26/Dec/2017 16:15:25: ('Train [2|512000] lr: 0.010000 Loss: 1.7675 Acc: 0.5508 UseTime: 149.093517',)
Tue 26/Dec/2017 16:15:54: ('Train [2|614400] lr: 0.010000 Loss: 1.7196 Acc: 0.5605 UseTime: 178.213997',)
Tue 26/Dec/2017 16:16:23: ('Train [2|716800] lr: 0.010000 Loss: 1.8802 Acc: 0.5508 UseTime: 207.440266',)
Tue 26/Dec/2017 16:16:53: ('Train [2|819200] lr: 0.010000 Loss: 1.6338 Acc: 0.6113 UseTime: 236.589520',)
Tue 26/Dec/2017 16:17:22: ('Train [2|921600] lr: 0.010000 Loss: 1.6082 Acc: 0.5703 UseTime: 265.760752',)
Tue 26/Dec/2017 16:17:51: ('Train [2|1024000] lr: 0.010000 Loss: 1.6211 Acc: 0.6016 UseTime: 294.644699',)
Tue 26/Dec/2017 16:18:20: ('Train [2|1126400] lr: 0.010000 Loss: 1.7345 Acc: 0.5684 UseTime: 323.750092',)
Tue 26/Dec/2017 16:18:49: ('Train [2|1228800] lr: 0.010000 Loss: 1.6773 Acc: 0.5898 UseTime: 352.710336',)
Tue 26/Dec/2017 16:19:18: ('Train [2|1331200] lr: 0.010000 Loss: 1.3345 Acc: 0.6465 UseTime: 381.523485',)
Tue 26/Dec/2017 16:19:41: ('  [LoadModelData /home/lj/work/voice/data/far-mandarin-speech-novad/train/train.1.dict]',)
Tue 26/Dec/2017 16:21:17: ('Train [2|102400] lr: 0.010000 Loss: 1.5896 Acc: 0.5977 UseTime: 33.615354',)
Tue 26/Dec/2017 16:21:46: ('Train [2|204800] lr: 0.010000 Loss: 1.4713 Acc: 0.6387 UseTime: 62.353738',)
Tue 26/Dec/2017 16:22:15: ('Train [2|307200] lr: 0.010000 Loss: 1.4207 Acc: 0.6309 UseTime: 91.140944',)
Tue 26/Dec/2017 16:22:43: ('Train [2|409600] lr: 0.010000 Loss: 1.5257 Acc: 0.6074 UseTime: 119.928937',)
Tue 26/Dec/2017 16:23:12: ('Train [2|512000] lr: 0.010000 Loss: 1.4777 Acc: 0.6016 UseTime: 149.132450',)
Tue 26/Dec/2017 16:23:41: ('Train [2|614400] lr: 0.010000 Loss: 1.4282 Acc: 0.6309 UseTime: 177.981835',)
Tue 26/Dec/2017 16:24:10: ('Train [2|716800] lr: 0.010000 Loss: 1.5205 Acc: 0.6113 UseTime: 206.964348',)
Tue 26/Dec/2017 16:24:39: ('Train [2|819200] lr: 0.010000 Loss: 1.5188 Acc: 0.5996 UseTime: 236.022893',)
Tue 26/Dec/2017 16:25:08: ('Train [2|921600] lr: 0.010000 Loss: 1.3373 Acc: 0.6465 UseTime: 264.955355',)
Tue 26/Dec/2017 16:25:37: ('Train [2|1024000] lr: 0.010000 Loss: 1.3030 Acc: 0.6699 UseTime: 293.749720',)
Tue 26/Dec/2017 16:26:06: ('Train [2|1126400] lr: 0.010000 Loss: 1.2535 Acc: 0.6875 UseTime: 322.569342',)
Tue 26/Dec/2017 16:26:35: ('Train [2|1228800] lr: 0.010000 Loss: 1.4455 Acc: 0.5977 UseTime: 351.463908',)
Tue 26/Dec/2017 16:27:04: ('Train [2|1331200] lr: 0.010000 Loss: 1.3115 Acc: 0.6484 UseTime: 380.556059',)
Tue 26/Dec/2017 16:27:18: ('  [LoadModelData /home/lj/work/voice/data/far-mandarin-speech-novad/train/train.2.dict]',)
Tue 26/Dec/2017 16:28:53: ('Train [2|102400] lr: 0.010000 Loss: 1.4511 Acc: 0.6074 UseTime: 34.339202',)
Tue 26/Dec/2017 16:29:22: ('Train [2|204800] lr: 0.010000 Loss: 1.4308 Acc: 0.6445 UseTime: 62.959141',)
Tue 26/Dec/2017 16:29:52: ('Train [2|307200] lr: 0.010000 Loss: 1.4651 Acc: 0.6113 UseTime: 92.886375',)
Tue 26/Dec/2017 16:30:21: ('Train [2|409600] lr: 0.010000 Loss: 1.3140 Acc: 0.6641 UseTime: 121.859034',)
Tue 26/Dec/2017 16:30:49: ('Train [2|512000] lr: 0.010000 Loss: 1.2920 Acc: 0.6465 UseTime: 150.631908',)
Tue 26/Dec/2017 16:31:18: ('Train [2|614400] lr: 0.010000 Loss: 1.3792 Acc: 0.6270 UseTime: 179.593496',)
Tue 26/Dec/2017 16:31:47: ('Train [2|716800] lr: 0.010000 Loss: 1.3215 Acc: 0.6621 UseTime: 208.556718',)
Tue 26/Dec/2017 16:32:16: ('Train [2|819200] lr: 0.010000 Loss: 1.1664 Acc: 0.6680 UseTime: 237.459368',)
Tue 26/Dec/2017 16:32:45: ('Train [2|921600] lr: 0.010000 Loss: 1.1919 Acc: 0.7070 UseTime: 266.369970',)
Tue 26/Dec/2017 16:33:14: ('Train [2|1024000] lr: 0.010000 Loss: 1.1578 Acc: 0.6895 UseTime: 295.243806',)
Tue 26/Dec/2017 16:33:43: ('Train [2|1126400] lr: 0.010000 Loss: 1.1880 Acc: 0.6934 UseTime: 324.195269',)
Tue 26/Dec/2017 16:34:12: ('Train [2|1228800] lr: 0.010000 Loss: 1.3004 Acc: 0.6348 UseTime: 353.011494',)
Tue 26/Dec/2017 16:34:41: ('Train [2|1331200] lr: 0.010000 Loss: 1.1465 Acc: 0.6816 UseTime: 381.768132',)
Tue 26/Dec/2017 16:34:54: ('  [LoadModelData /home/lj/work/voice/data/far-mandarin-speech-novad/train/train.3.dict]',)
Tue 26/Dec/2017 16:36:30: ('Train [2|102400] lr: 0.010000 Loss: 1.3308 Acc: 0.6348 UseTime: 34.742596',)
Tue 26/Dec/2017 16:36:59: ('Train [2|204800] lr: 0.010000 Loss: 1.3215 Acc: 0.6582 UseTime: 63.442923',)
Tue 26/Dec/2017 16:37:28: ('Train [2|307200] lr: 0.010000 Loss: 1.2757 Acc: 0.6621 UseTime: 92.063222',)
Tue 26/Dec/2017 16:37:56: ('Train [2|409600] lr: 0.010000 Loss: 1.2470 Acc: 0.6699 UseTime: 120.823081',)
Tue 26/Dec/2017 16:38:25: ('Train [2|512000] lr: 0.010000 Loss: 1.2870 Acc: 0.6641 UseTime: 149.599943',)
Tue 26/Dec/2017 16:38:54: ('Train [2|614400] lr: 0.010000 Loss: 1.1480 Acc: 0.6934 UseTime: 178.321795',)
Tue 26/Dec/2017 16:39:23: ('Train [2|716800] lr: 0.010000 Loss: 1.1316 Acc: 0.6797 UseTime: 207.326203',)
Tue 26/Dec/2017 16:39:52: ('Train [2|819200] lr: 0.010000 Loss: 1.1749 Acc: 0.6816 UseTime: 236.101852',)
Tue 26/Dec/2017 16:40:21: ('Train [2|921600] lr: 0.010000 Loss: 1.2443 Acc: 0.6680 UseTime: 265.036447',)
Tue 26/Dec/2017 16:40:49: ('Train [2|1024000] lr: 0.010000 Loss: 1.0348 Acc: 0.7012 UseTime: 293.799430',)
Tue 26/Dec/2017 16:41:18: ('Train [2|1126400] lr: 0.010000 Loss: 1.1885 Acc: 0.6895 UseTime: 322.571017',)
Tue 26/Dec/2017 16:41:47: ('Train [2|1228800] lr: 0.010000 Loss: 1.0336 Acc: 0.7207 UseTime: 351.313087',)
Tue 26/Dec/2017 16:42:16: ('Train [2|1331200] lr: 0.010000 Loss: 0.9991 Acc: 0.7227 UseTime: 380.068391',)
Tue 26/Dec/2017 16:42:26: ('/home/lj/work/voice/model/resnet34far-mandarin-speech-novad/epoch.1.model',)
Tue 26/Dec/2017 16:44:41: ('EvalTotal acc: 0.622988 loss: 1.447664 usetime: 135.292614',)
Tue 26/Dec/2017 16:44:41: ('-------------------------------------------------------------------------------------',)
Tue 26/Dec/2017 16:44:41: ('  [LoadModelData /home/lj/work/voice/data/far-mandarin-speech-novad/train/train.0.dict]',)
Tue 26/Dec/2017 16:46:15: ('Train [3|102400] lr: 0.010000 Loss: 1.3458 Acc: 0.6465 UseTime: 32.963965',)
Tue 26/Dec/2017 16:46:44: ('Train [3|204800] lr: 0.010000 Loss: 1.3529 Acc: 0.6348 UseTime: 61.663029',)
Tue 26/Dec/2017 16:47:13: ('Train [3|307200] lr: 0.010000 Loss: 1.1618 Acc: 0.6777 UseTime: 90.418729',)
Tue 26/Dec/2017 16:47:41: ('Train [3|409600] lr: 0.010000 Loss: 1.0524 Acc: 0.7266 UseTime: 119.096800',)
Tue 26/Dec/2017 16:48:10: ('Train [3|512000] lr: 0.010000 Loss: 1.1960 Acc: 0.6660 UseTime: 147.819350',)
Tue 26/Dec/2017 16:48:39: ('Train [3|614400] lr: 0.010000 Loss: 1.2008 Acc: 0.6875 UseTime: 176.520422',)
Tue 26/Dec/2017 16:49:08: ('Train [3|716800] lr: 0.010000 Loss: 1.2939 Acc: 0.6641 UseTime: 205.286812',)
Tue 26/Dec/2017 16:49:36: ('Train [3|819200] lr: 0.010000 Loss: 1.1085 Acc: 0.6875 UseTime: 234.240502',)
Tue 26/Dec/2017 16:50:06: ('Train [3|921600] lr: 0.010000 Loss: 1.1042 Acc: 0.7031 UseTime: 263.376731',)
Tue 26/Dec/2017 16:50:34: ('Train [3|1024000] lr: 0.010000 Loss: 1.0654 Acc: 0.7266 UseTime: 292.079385',)
Tue 26/Dec/2017 16:51:03: ('Train [3|1126400] lr: 0.010000 Loss: 0.9847 Acc: 0.7383 UseTime: 320.860991',)
Tue 26/Dec/2017 16:51:32: ('Train [3|1228800] lr: 0.010000 Loss: 1.1373 Acc: 0.6855 UseTime: 349.589171',)
Tue 26/Dec/2017 16:52:01: ('Train [3|1331200] lr: 0.010000 Loss: 1.0406 Acc: 0.7129 UseTime: 378.391668',)
Tue 26/Dec/2017 16:52:24: ('  [LoadModelData /home/lj/work/voice/data/far-mandarin-speech-novad/train/train.1.dict]',)
Tue 26/Dec/2017 16:53:56: ('Train [3|102400] lr: 0.010000 Loss: 1.0911 Acc: 0.7070 UseTime: 34.470781',)
Tue 26/Dec/2017 16:54:24: ('Train [3|204800] lr: 0.010000 Loss: 1.0070 Acc: 0.7168 UseTime: 63.142218',)
Tue 26/Dec/2017 16:54:53: ('Train [3|307200] lr: 0.010000 Loss: 0.9579 Acc: 0.7305 UseTime: 91.844142',)
Tue 26/Dec/2017 16:55:22: ('Train [3|409600] lr: 0.010000 Loss: 0.9510 Acc: 0.7480 UseTime: 120.700255',)
Tue 26/Dec/2017 16:55:51: ('Train [3|512000] lr: 0.010000 Loss: 1.0219 Acc: 0.7051 UseTime: 149.622907',)
Tue 26/Dec/2017 16:56:20: ('Train [3|614400] lr: 0.010000 Loss: 1.0583 Acc: 0.7109 UseTime: 178.335029',)
Tue 26/Dec/2017 16:56:49: ('Train [3|716800] lr: 0.010000 Loss: 0.9141 Acc: 0.7363 UseTime: 207.932084',)
Tue 26/Dec/2017 16:57:18: ('Train [3|819200] lr: 0.010000 Loss: 0.9801 Acc: 0.7422 UseTime: 236.686327',)
Tue 26/Dec/2017 16:57:47: ('Train [3|921600] lr: 0.010000 Loss: 1.0273 Acc: 0.7051 UseTime: 265.493735',)
Tue 26/Dec/2017 16:58:15: ('Train [3|1024000] lr: 0.010000 Loss: 0.9555 Acc: 0.7305 UseTime: 294.146328',)
Tue 26/Dec/2017 16:58:44: ('Train [3|1126400] lr: 0.010000 Loss: 0.9497 Acc: 0.7402 UseTime: 323.051866',)
Tue 26/Dec/2017 16:59:13: ('Train [3|1228800] lr: 0.010000 Loss: 0.8798 Acc: 0.7617 UseTime: 351.766831',)
Tue 26/Dec/2017 16:59:42: ('Train [3|1331200] lr: 0.010000 Loss: 0.9920 Acc: 0.7227 UseTime: 380.594512',)
Tue 26/Dec/2017 16:59:55: ('  [LoadModelData /home/lj/work/voice/data/far-mandarin-speech-novad/train/train.2.dict]',)
Tue 26/Dec/2017 17:01:28: ('Train [3|102400] lr: 0.010000 Loss: 0.9957 Acc: 0.7168 UseTime: 33.714043',)
Tue 26/Dec/2017 17:01:56: ('Train [3|204800] lr: 0.010000 Loss: 1.0773 Acc: 0.6777 UseTime: 62.378563',)
Tue 26/Dec/2017 17:02:25: ('Train [3|307200] lr: 0.010000 Loss: 1.0081 Acc: 0.6973 UseTime: 91.298238',)
Tue 26/Dec/2017 17:02:54: ('Train [3|409600] lr: 0.010000 Loss: 1.0649 Acc: 0.7031 UseTime: 120.034799',)
Tue 26/Dec/2017 17:03:24: ('Train [3|512000] lr: 0.010000 Loss: 0.9227 Acc: 0.7422 UseTime: 149.696011',)
Tue 26/Dec/2017 17:03:52: ('Train [3|614400] lr: 0.010000 Loss: 0.8543 Acc: 0.7480 UseTime: 178.524691',)
Tue 26/Dec/2017 17:04:21: ('Train [3|716800] lr: 0.010000 Loss: 0.9676 Acc: 0.7363 UseTime: 207.405482',)
Tue 26/Dec/2017 17:04:50: ('Train [3|819200] lr: 0.010000 Loss: 0.8681 Acc: 0.7402 UseTime: 236.392182',)
Tue 26/Dec/2017 17:05:19: ('Train [3|921600] lr: 0.010000 Loss: 0.8309 Acc: 0.7598 UseTime: 265.610567',)
Tue 26/Dec/2017 17:05:48: ('Train [3|1024000] lr: 0.010000 Loss: 0.9337 Acc: 0.7344 UseTime: 294.506849',)
Tue 26/Dec/2017 17:06:17: ('Train [3|1126400] lr: 0.010000 Loss: 0.9527 Acc: 0.7402 UseTime: 323.230382',)
Tue 26/Dec/2017 17:06:46: ('Train [3|1228800] lr: 0.010000 Loss: 0.7816 Acc: 0.7480 UseTime: 352.064883',)
Tue 26/Dec/2017 17:07:15: ('Train [3|1331200] lr: 0.010000 Loss: 0.8244 Acc: 0.7637 UseTime: 380.908149',)
Tue 26/Dec/2017 17:07:29: ('  [LoadModelData /home/lj/work/voice/data/far-mandarin-speech-novad/train/train.3.dict]',)
Tue 26/Dec/2017 17:08:54: ('Train [3|102400] lr: 0.010000 Loss: 0.9702 Acc: 0.7207 UseTime: 34.653930',)
Tue 26/Dec/2017 17:09:23: ('Train [3|204800] lr: 0.010000 Loss: 0.9678 Acc: 0.7383 UseTime: 63.326263',)
Tue 26/Dec/2017 17:09:52: ('Train [3|307200] lr: 0.010000 Loss: 0.8693 Acc: 0.7520 UseTime: 92.888296',)
Tue 26/Dec/2017 17:10:21: ('Train [3|409600] lr: 0.010000 Loss: 0.8738 Acc: 0.7617 UseTime: 121.573957',)
Tue 26/Dec/2017 17:10:50: ('Train [3|512000] lr: 0.010000 Loss: 0.8544 Acc: 0.7441 UseTime: 150.789316',)
Tue 26/Dec/2017 17:11:19: ('Train [3|614400] lr: 0.010000 Loss: 0.8902 Acc: 0.7676 UseTime: 179.418839',)
Tue 26/Dec/2017 17:11:47: ('Train [3|716800] lr: 0.010000 Loss: 0.9620 Acc: 0.7207 UseTime: 208.254811',)
Tue 26/Dec/2017 17:12:16: ('Train [3|819200] lr: 0.010000 Loss: 0.7511 Acc: 0.7832 UseTime: 237.153568',)
Tue 26/Dec/2017 17:12:45: ('Train [3|921600] lr: 0.010000 Loss: 0.8673 Acc: 0.7539 UseTime: 266.097694',)
Tue 26/Dec/2017 17:13:14: ('Train [3|1024000] lr: 0.010000 Loss: 0.9343 Acc: 0.7441 UseTime: 295.111143',)
Tue 26/Dec/2017 17:13:43: ('Train [3|1126400] lr: 0.010000 Loss: 0.7016 Acc: 0.8105 UseTime: 324.029493',)
Tue 26/Dec/2017 17:14:12: ('Train [3|1228800] lr: 0.010000 Loss: 0.8609 Acc: 0.7695 UseTime: 353.028131',)
Tue 26/Dec/2017 17:14:41: ('Train [3|1331200] lr: 0.010000 Loss: 0.7947 Acc: 0.7617 UseTime: 381.880986',)
Tue 26/Dec/2017 17:14:52: ('/home/lj/work/voice/model/resnet34far-mandarin-speech-novad/epoch.2.model',)
Tue 26/Dec/2017 17:17:07: ('EvalTotal acc: 0.680394 loss: 1.195231 usetime: 135.082244',)
Tue 26/Dec/2017 17:17:07: ('-------------------------------------------------------------------------------------',)
Tue 26/Dec/2017 17:17:07: ('  [LoadModelData /home/lj/work/voice/data/far-mandarin-speech-novad/train/train.0.dict]',)
Tue 26/Dec/2017 17:18:41: ('Train [4|102400] lr: 0.010000 Loss: 1.1009 Acc: 0.7148 UseTime: 34.807936',)
Tue 26/Dec/2017 17:19:10: ('Train [4|204800] lr: 0.010000 Loss: 0.9853 Acc: 0.7090 UseTime: 63.488118',)
Tue 26/Dec/2017 17:19:39: ('Train [4|307200] lr: 0.010000 Loss: 0.9897 Acc: 0.7129 UseTime: 92.273716',)
Tue 26/Dec/2017 17:20:07: ('Train [4|409600] lr: 0.010000 Loss: 0.8377 Acc: 0.7578 UseTime: 121.114927',)
Tue 26/Dec/2017 17:20:36: ('Train [4|512000] lr: 0.010000 Loss: 0.7829 Acc: 0.7910 UseTime: 150.051585',)
Tue 26/Dec/2017 17:21:05: ('Train [4|614400] lr: 0.010000 Loss: 0.9496 Acc: 0.7441 UseTime: 179.032649',)
Tue 26/Dec/2017 17:21:34: ('Train [4|716800] lr: 0.010000 Loss: 0.8346 Acc: 0.7500 UseTime: 207.816357',)
Tue 26/Dec/2017 17:22:03: ('Train [4|819200] lr: 0.010000 Loss: 0.8595 Acc: 0.7500 UseTime: 236.662386',)
Tue 26/Dec/2017 17:22:32: ('Train [4|921600] lr: 0.010000 Loss: 0.8068 Acc: 0.7539 UseTime: 265.446745',)
Tue 26/Dec/2017 17:23:01: ('Train [4|1024000] lr: 0.010000 Loss: 0.8010 Acc: 0.7715 UseTime: 294.244522',)
Tue 26/Dec/2017 17:23:29: ('Train [4|1126400] lr: 0.010000 Loss: 0.7808 Acc: 0.7676 UseTime: 322.922715',)
Tue 26/Dec/2017 17:23:58: ('Train [4|1228800] lr: 0.010000 Loss: 0.7717 Acc: 0.7949 UseTime: 351.956350',)
Tue 26/Dec/2017 17:24:27: ('Train [4|1331200] lr: 0.010000 Loss: 0.8637 Acc: 0.7617 UseTime: 380.673315',)
Tue 26/Dec/2017 17:24:50: ('  [LoadModelData /home/lj/work/voice/data/far-mandarin-speech-novad/train/train.1.dict]',)
Tue 26/Dec/2017 17:26:19: ('Train [4|102400] lr: 0.010000 Loss: 0.9416 Acc: 0.7266 UseTime: 33.796501',)
Tue 26/Dec/2017 17:26:48: ('Train [4|204800] lr: 0.010000 Loss: 0.8175 Acc: 0.7617 UseTime: 62.450738',)
Tue 26/Dec/2017 17:27:16: ('Train [4|307200] lr: 0.010000 Loss: 0.8312 Acc: 0.7773 UseTime: 91.349789',)
Tue 26/Dec/2017 17:27:45: ('Train [4|409600] lr: 0.010000 Loss: 0.8056 Acc: 0.7676 UseTime: 120.243780',)
Tue 26/Dec/2017 17:28:14: ('Train [4|512000] lr: 0.010000 Loss: 0.8281 Acc: 0.7656 UseTime: 149.058582',)
Tue 26/Dec/2017 17:28:43: ('Train [4|614400] lr: 0.010000 Loss: 0.7733 Acc: 0.7617 UseTime: 177.889172',)
Tue 26/Dec/2017 17:29:12: ('Train [4|716800] lr: 0.010000 Loss: 0.8928 Acc: 0.7324 UseTime: 207.035333',)
Tue 26/Dec/2017 17:29:41: ('Train [4|819200] lr: 0.010000 Loss: 0.7440 Acc: 0.7871 UseTime: 235.958109',)
Tue 26/Dec/2017 17:30:10: ('Train [4|921600] lr: 0.010000 Loss: 0.7932 Acc: 0.7852 UseTime: 264.808020',)
Tue 26/Dec/2017 17:30:39: ('Train [4|1024000] lr: 0.010000 Loss: 0.7078 Acc: 0.7539 UseTime: 293.744624',)
Tue 26/Dec/2017 17:31:08: ('Train [4|1126400] lr: 0.010000 Loss: 0.8850 Acc: 0.7344 UseTime: 322.636485',)
Tue 26/Dec/2017 17:31:37: ('Train [4|1228800] lr: 0.010000 Loss: 0.7614 Acc: 0.7812 UseTime: 351.581628',)
Tue 26/Dec/2017 17:32:06: ('Train [4|1331200] lr: 0.010000 Loss: 0.8186 Acc: 0.7656 UseTime: 380.519586',)
Tue 26/Dec/2017 17:32:19: ('  [LoadModelData /home/lj/work/voice/data/far-mandarin-speech-novad/train/train.2.dict]',)
Tue 26/Dec/2017 17:34:14: ('Train [4|102400] lr: 0.010000 Loss: 0.8282 Acc: 0.7656 UseTime: 34.667374',)
Tue 26/Dec/2017 17:34:43: ('Train [4|204800] lr: 0.010000 Loss: 0.7866 Acc: 0.7852 UseTime: 63.812117',)
Tue 26/Dec/2017 17:35:12: ('Train [4|307200] lr: 0.010000 Loss: 0.7560 Acc: 0.7930 UseTime: 92.688973',)
Tue 26/Dec/2017 17:36:07: ('Train [4|409600] lr: 0.010000 Loss: 0.7343 Acc: 0.8047 UseTime: 147.378181',)
Tue 26/Dec/2017 17:36:36: ('Train [4|512000] lr: 0.010000 Loss: 0.8464 Acc: 0.7539 UseTime: 175.955862',)
Tue 26/Dec/2017 17:37:04: ('Train [4|614400] lr: 0.010000 Loss: 0.6959 Acc: 0.8047 UseTime: 204.844572',)
Tue 26/Dec/2017 17:37:34: ('Train [4|716800] lr: 0.010000 Loss: 0.7360 Acc: 0.7969 UseTime: 234.653699',)
Tue 26/Dec/2017 17:38:03: ('Train [4|819200] lr: 0.010000 Loss: 0.8701 Acc: 0.7461 UseTime: 263.728959',)
Tue 26/Dec/2017 17:38:32: ('Train [4|921600] lr: 0.010000 Loss: 0.8927 Acc: 0.7598 UseTime: 292.804461',)
Tue 26/Dec/2017 17:39:01: ('Train [4|1024000] lr: 0.010000 Loss: 0.8041 Acc: 0.7656 UseTime: 321.723590',)
Tue 26/Dec/2017 17:39:30: ('Train [4|1126400] lr: 0.010000 Loss: 0.7780 Acc: 0.7539 UseTime: 350.670137',)
Tue 26/Dec/2017 17:39:59: ('Train [4|1228800] lr: 0.010000 Loss: 0.8086 Acc: 0.7520 UseTime: 379.405782',)
Tue 26/Dec/2017 17:40:28: ('Train [4|1331200] lr: 0.010000 Loss: 0.7357 Acc: 0.7891 UseTime: 408.087283',)
Tue 26/Dec/2017 17:40:41: ('  [LoadModelData /home/lj/work/voice/data/far-mandarin-speech-novad/train/train.3.dict]',)
Tue 26/Dec/2017 17:42:13: ('Train [4|102400] lr: 0.010000 Loss: 0.8227 Acc: 0.7715 UseTime: 33.525936',)
Tue 26/Dec/2017 17:42:42: ('Train [4|204800] lr: 0.010000 Loss: 0.7349 Acc: 0.7832 UseTime: 62.228304',)
Tue 26/Dec/2017 17:43:10: ('Train [4|307200] lr: 0.010000 Loss: 0.7373 Acc: 0.7734 UseTime: 90.973540',)
Tue 26/Dec/2017 17:43:39: ('Train [4|409600] lr: 0.010000 Loss: 0.6443 Acc: 0.8145 UseTime: 119.966528',)
Tue 26/Dec/2017 17:44:09: ('Train [4|512000] lr: 0.010000 Loss: 0.6741 Acc: 0.7793 UseTime: 149.975782',)
Tue 26/Dec/2017 17:44:39: ('Train [4|614400] lr: 0.010000 Loss: 0.7239 Acc: 0.7969 UseTime: 179.099511',)
Tue 26/Dec/2017 17:45:08: ('Train [4|716800] lr: 0.010000 Loss: 0.7493 Acc: 0.7871 UseTime: 208.087775',)
Tue 26/Dec/2017 17:45:37: ('Train [4|819200] lr: 0.010000 Loss: 0.7345 Acc: 0.7715 UseTime: 237.144270',)
Tue 26/Dec/2017 17:46:06: ('Train [4|921600] lr: 0.010000 Loss: 0.6920 Acc: 0.7754 UseTime: 266.152328',)
Tue 26/Dec/2017 17:46:35: ('Train [4|1024000] lr: 0.010000 Loss: 0.7573 Acc: 0.7852 UseTime: 295.081256',)
Tue 26/Dec/2017 17:47:04: ('Train [4|1126400] lr: 0.010000 Loss: 0.6883 Acc: 0.8125 UseTime: 324.072626',)
Tue 26/Dec/2017 17:47:33: ('Train [4|1228800] lr: 0.010000 Loss: 0.6020 Acc: 0.8242 UseTime: 353.373825',)
Tue 26/Dec/2017 17:48:02: ('Train [4|1331200] lr: 0.010000 Loss: 0.5895 Acc: 0.8223 UseTime: 382.332297',)
Tue 26/Dec/2017 17:48:12: ('/home/lj/work/voice/model/resnet34far-mandarin-speech-novad/epoch.3.model',)
Tue 26/Dec/2017 17:50:30: ('EvalTotal acc: 0.703321 loss: 1.109263 usetime: 137.875327',)
Tue 26/Dec/2017 17:50:30: ('-------------------------------------------------------------------------------------',)
Tue 26/Dec/2017 17:50:30: ('  [LoadModelData /home/lj/work/voice/data/far-mandarin-speech-novad/train/train.0.dict]',)
Tue 26/Dec/2017 18:56:43: ('',)
Tue 26/Dec/2017 18:56:43: ('-------------------------------------------------------------------------------------',)
Tue 26/Dec/2017 18:56:43: ('  [log save in train-resnet34-far-mandarin-speech-novad.log]',)
Tue 26/Dec/2017 18:56:43: ("  [Namespace(alpha=0.5, batch_size=512, epochs=50, factor=0.7, fea_type='far-mandarin-speech-novad', gpu='7', log_interval=200, lr=0.01, model='resnet34', model_file='epoch.{:d}.model', model_path='/home/lj/work/voice/model', momentum=0.9, num_classes=6044, patience=7, seed=1, split_num=5, train_file='train.{:d}.dict', train_mean='/home/lj/work/voice/data/far-mandarin-speech-novad/train/train.mean', train_path='/home/lj/work/voice/data/far-mandarin-speech-novad/train', train_std='/home/lj/work/voice/data/far-mandarin-speech-novad/train/train.std', vad_file='/home/lj/work/voice/data/far-mandarin-speech-novad/train/vad.dict', valid_file='train.{:d}.dict', valid_path='/home/lj/work/voice/data/far-mandarin-speech-novad/train', weight_decay=1e-06)]",)
Tue 26/Dec/2017 18:56:43: ('',)
Tue 26/Dec/2017 18:56:43: ('-------------------------------------------------------------------------------------',)
Tue 26/Dec/2017 18:56:48: ('  [LoadModelData /home/lj/work/voice/data/far-mandarin-speech-novad/train/train.4.dict]',)
Tue 26/Dec/2017 18:58:09: ('  [Create model: resnet34 num_classes: 6044]',)
Tue 26/Dec/2017 18:58:22: ('',)
Tue 26/Dec/2017 18:58:22: ('-------------------------------------------------------------------------------------',)
Tue 26/Dec/2017 18:58:22: ('  [Train resnet34]',)
Tue 26/Dec/2017 18:58:22: ('-------------------------------------------------------------------------------------',)
Tue 26/Dec/2017 18:58:22: ('  [LoadModelData /home/lj/work/voice/data/far-mandarin-speech-novad/train/train.0.dict]',)
Tue 26/Dec/2017 18:59:59: ('\n=================================================================',)
Tue 26/Dec/2017 18:59:59: ('    [ ResNet 34 Model ]',)
Tue 26/Dec/2017 18:59:59: ('=================================================================\n',)
Tue 26/Dec/2017 18:59:59: ('input x: ', torch.Size([512, 1, 40, 40]))
Tue 26/Dec/2017 19:00:05: ('conv1 x: ', torch.Size([512, 64, 20, 20]))
Tue 26/Dec/2017 19:00:05: ('maxpl x: ', torch.Size([512, 64, 10, 10]))
Tue 26/Dec/2017 19:00:05: ('layer1 x: ', torch.Size([512, 64, 10, 10]))
Tue 26/Dec/2017 19:00:05: ('layer2 x: ', torch.Size([512, 128, 5, 5]))
Tue 26/Dec/2017 19:00:05: ('layer3 x: ', torch.Size([512, 256, 3, 3]))
Tue 26/Dec/2017 19:00:05: ('layer4 x: ', torch.Size([512, 512, 2, 2]))
Tue 26/Dec/2017 19:00:05: ('avgpl x: ', torch.Size([512, 512, 1, 1]))
Tue 26/Dec/2017 19:00:05: ('xview x: ', torch.Size([512, 512]))
Tue 26/Dec/2017 19:00:05: ('yview y: ', torch.Size([512, 512]))
Tue 26/Dec/2017 19:00:06: ('fc x: ', torch.Size([512, 6044]))
Tue 26/Dec/2017 19:00:06: ('return y(feature), x(predict)',)
Tue 26/Dec/2017 19:00:06: ('\n=================================================================\n',)
Tue 26/Dec/2017 19:00:34: ('Train [1|102400] lr: 0.010000 Loss: 8.2732 Acc: 0.0059 UseTime: 39.194128',)
Tue 26/Dec/2017 19:01:02: ('Train [1|204800] lr: 0.010000 Loss: 8.1034 Acc: 0.0020 UseTime: 67.530631',)
Tue 26/Dec/2017 19:01:31: ('Train [1|307200] lr: 0.010000 Loss: 7.9643 Acc: 0.0059 UseTime: 95.978937',)
Tue 26/Dec/2017 19:01:59: ('Train [1|409600] lr: 0.010000 Loss: 7.6798 Acc: 0.0020 UseTime: 124.502518',)
Tue 26/Dec/2017 19:02:28: ('Train [1|512000] lr: 0.010000 Loss: 7.4295 Acc: 0.0215 UseTime: 153.115054',)
Tue 26/Dec/2017 19:02:56: ('Train [1|614400] lr: 0.010000 Loss: 7.1973 Acc: 0.0117 UseTime: 181.913977',)
Tue 26/Dec/2017 19:03:25: ('Train [1|716800] lr: 0.010000 Loss: 6.8376 Acc: 0.0273 UseTime: 210.780943',)
Tue 26/Dec/2017 19:03:54: ('Train [1|819200] lr: 0.010000 Loss: 6.5654 Acc: 0.0469 UseTime: 239.300621',)
Tue 26/Dec/2017 19:04:22: ('Train [1|921600] lr: 0.010000 Loss: 6.4566 Acc: 0.0371 UseTime: 267.697831',)
Tue 26/Dec/2017 19:04:51: ('Train [1|1024000] lr: 0.010000 Loss: 6.2469 Acc: 0.0664 UseTime: 296.216896',)
Tue 26/Dec/2017 19:05:19: ('Train [1|1126400] lr: 0.010000 Loss: 6.0329 Acc: 0.0625 UseTime: 324.690038',)
Tue 26/Dec/2017 19:05:48: ('Train [1|1228800] lr: 0.010000 Loss: 5.6316 Acc: 0.0762 UseTime: 353.371412',)
Tue 26/Dec/2017 19:06:16: ('Train [1|1331200] lr: 0.010000 Loss: 5.5488 Acc: 0.0957 UseTime: 381.871041',)
Tue 26/Dec/2017 19:06:45: ('Train [1|1433600] lr: 0.010000 Loss: 5.4959 Acc: 0.0879 UseTime: 410.459077',)
Tue 26/Dec/2017 19:07:14: ('Train [1|1536000] lr: 0.010000 Loss: 5.3056 Acc: 0.0957 UseTime: 439.254221',)
Tue 26/Dec/2017 19:07:42: ('Train [1|1638400] lr: 0.010000 Loss: 5.1622 Acc: 0.1270 UseTime: 467.832709',)
