2017-12-19 12:05:20,717 : -----------------------------------------------------------------
2017-12-19 12:05:20,717 : Namespace(batch_size=256, epochs=50, log_interval=500, lr=0.01, momentum=0.9, seed=1, weight_decay=1e-06)
2017-12-19 12:07:42,382 : Train [1|128000] lr: 0.010000 Loss: 8.2717 Acc: 0.0000 UseTime: 31.230996
2017-12-19 12:08:07,546 : Train [1|256000] lr: 0.010000 Loss: 7.7529 Acc: 0.0156 UseTime: 56.397347
2017-12-19 12:08:32,451 : Train [1|384000] lr: 0.010000 Loss: 7.2913 Acc: 0.0117 UseTime: 81.302270
2017-12-19 12:08:57,487 : Train [1|512000] lr: 0.010000 Loss: 6.5813 Acc: 0.0352 UseTime: 106.338356
2017-12-19 12:09:22,525 : Train [1|640000] lr: 0.010000 Loss: 5.9331 Acc: 0.0625 UseTime: 131.376194
2017-12-19 12:09:47,178 : Train [1|768000] lr: 0.010000 Loss: 5.3837 Acc: 0.0898 UseTime: 156.028937
2017-12-19 12:10:11,943 : Train [1|896000] lr: 0.010000 Loss: 4.9775 Acc: 0.1211 UseTime: 180.793885
2017-12-19 12:10:36,518 : Train [1|1024000] lr: 0.010000 Loss: 4.5858 Acc: 0.1719 UseTime: 205.369122
2017-12-19 12:11:01,137 : Train [1|1152000] lr: 0.010000 Loss: 4.2522 Acc: 0.1992 UseTime: 229.988241
2017-12-19 12:11:25,779 : Train [1|1280000] lr: 0.010000 Loss: 3.6308 Acc: 0.2812 UseTime: 254.629881
2017-12-19 12:11:50,491 : Train [1|1408000] lr: 0.010000 Loss: 3.3586 Acc: 0.3008 UseTime: 279.342218
2017-12-19 12:12:15,361 : Train [1|1536000] lr: 0.010000 Loss: 3.3519 Acc: 0.3438 UseTime: 304.212443
2017-12-19 12:12:40,005 : Train [1|1664000] lr: 0.010000 Loss: 3.0155 Acc: 0.3750 UseTime: 328.855680
2017-12-19 12:13:04,638 : Train [1|1792000] lr: 0.010000 Loss: 2.4448 Acc: 0.5000 UseTime: 353.489213
2017-12-19 12:13:29,382 : Train [1|1920000] lr: 0.010000 Loss: 2.4962 Acc: 0.4648 UseTime: 378.232867
2017-12-19 12:13:54,113 : Train [1|2048000] lr: 0.010000 Loss: 2.4382 Acc: 0.4922 UseTime: 402.964247
2017-12-19 12:14:18,791 : Train [1|2176000] lr: 0.010000 Loss: 2.4197 Acc: 0.5195 UseTime: 427.642447
2017-12-19 12:14:43,577 : Train [1|2304000] lr: 0.010000 Loss: 2.2218 Acc: 0.5625 UseTime: 452.428168
2017-12-19 12:15:41,022 : EvalTotal acc: 0.461548 loss: 2.720553
2017-12-19 12:15:41,025 : -----------------------------------------------------------------
2017-12-19 12:16:08,799 : Train [2|128000] lr: 0.010000 Loss: 2.1203 Acc: 0.5234 UseTime: 27.773288
2017-12-19 12:16:33,461 : Train [2|256000] lr: 0.010000 Loss: 1.8584 Acc: 0.5938 UseTime: 52.435567
2017-12-19 12:16:58,745 : Train [2|384000] lr: 0.010000 Loss: 1.7100 Acc: 0.6211 UseTime: 77.719182
2017-12-19 12:17:23,699 : Train [2|512000] lr: 0.010000 Loss: 1.4858 Acc: 0.6914 UseTime: 102.673858
2017-12-19 12:17:48,344 : Train [2|640000] lr: 0.010000 Loss: 1.7965 Acc: 0.5820 UseTime: 127.318960
2017-12-19 12:18:13,080 : Train [2|768000] lr: 0.010000 Loss: 1.5401 Acc: 0.6250 UseTime: 152.054356
2017-12-19 12:18:37,727 : Train [2|896000] lr: 0.010000 Loss: 1.5171 Acc: 0.6367 UseTime: 176.701893
2017-12-19 12:19:02,565 : Train [2|1024000] lr: 0.010000 Loss: 1.2615 Acc: 0.7148 UseTime: 201.539746
2017-12-19 12:19:27,298 : Train [2|1152000] lr: 0.010000 Loss: 1.0815 Acc: 0.7344 UseTime: 226.272704
2017-12-19 12:19:51,979 : Train [2|1280000] lr: 0.010000 Loss: 1.4362 Acc: 0.6641 UseTime: 250.953052
2017-12-19 12:20:16,730 : Train [2|1408000] lr: 0.010000 Loss: 1.1382 Acc: 0.7031 UseTime: 275.704369
2017-12-19 12:20:41,375 : Train [2|1536000] lr: 0.010000 Loss: 1.2269 Acc: 0.7422 UseTime: 300.349562
2017-12-19 12:21:06,464 : Train [2|1664000] lr: 0.010000 Loss: 1.3454 Acc: 0.6992 UseTime: 325.438167
2017-12-19 12:21:31,610 : Train [2|1792000] lr: 0.010000 Loss: 1.2175 Acc: 0.7500 UseTime: 350.584501
2017-12-19 12:21:56,105 : Train [2|1920000] lr: 0.010000 Loss: 1.1689 Acc: 0.7070 UseTime: 375.079867
2017-12-19 12:22:20,799 : Train [2|2048000] lr: 0.010000 Loss: 1.1492 Acc: 0.7070 UseTime: 399.773963
2017-12-19 12:22:45,318 : Train [2|2176000] lr: 0.010000 Loss: 1.0544 Acc: 0.7383 UseTime: 424.292963
2017-12-19 12:23:09,976 : Train [2|2304000] lr: 0.010000 Loss: 0.9824 Acc: 0.7656 UseTime: 448.950800
2017-12-19 12:24:06,184 : EvalTotal acc: 0.615393 loss: 1.899550
2017-12-19 12:24:06,185 : -----------------------------------------------------------------
2017-12-19 12:24:33,606 : Train [3|128000] lr: 0.010000 Loss: 0.7862 Acc: 0.8125 UseTime: 27.420771
2017-12-19 12:24:58,507 : Train [3|256000] lr: 0.010000 Loss: 0.8257 Acc: 0.7930 UseTime: 52.321810
2017-12-19 12:25:23,414 : Train [3|384000] lr: 0.010000 Loss: 0.8330 Acc: 0.7812 UseTime: 77.228958
2017-12-19 12:25:48,203 : Train [3|512000] lr: 0.010000 Loss: 0.7290 Acc: 0.7930 UseTime: 102.017261
2017-12-19 12:26:13,262 : Train [3|640000] lr: 0.010000 Loss: 0.6345 Acc: 0.8320 UseTime: 127.076350
2017-12-19 12:26:38,316 : Train [3|768000] lr: 0.010000 Loss: 0.7101 Acc: 0.8125 UseTime: 152.130285
2017-12-19 12:27:03,215 : Train [3|896000] lr: 0.010000 Loss: 0.7252 Acc: 0.8086 UseTime: 177.029670
2017-12-19 12:27:28,520 : Train [3|1024000] lr: 0.010000 Loss: 0.7758 Acc: 0.8086 UseTime: 202.334498
2017-12-19 12:27:53,537 : Train [3|1152000] lr: 0.010000 Loss: 0.5987 Acc: 0.8555 UseTime: 227.351174
2017-12-19 12:28:18,640 : Train [3|1280000] lr: 0.010000 Loss: 0.6217 Acc: 0.8398 UseTime: 252.454877
2017-12-19 12:28:43,913 : Train [3|1408000] lr: 0.010000 Loss: 0.5353 Acc: 0.8633 UseTime: 277.727671
2017-12-19 12:29:08,994 : Train [3|1536000] lr: 0.010000 Loss: 0.5349 Acc: 0.8633 UseTime: 302.808567
2017-12-19 12:29:33,813 : Train [3|1664000] lr: 0.010000 Loss: 0.7336 Acc: 0.8359 UseTime: 327.627395
2017-12-19 12:29:58,644 : Train [3|1792000] lr: 0.010000 Loss: 0.7499 Acc: 0.8320 UseTime: 352.458260
2017-12-19 12:30:23,609 : Train [3|1920000] lr: 0.010000 Loss: 0.8036 Acc: 0.7773 UseTime: 377.423850
2017-12-19 12:30:48,429 : Train [3|2048000] lr: 0.010000 Loss: 0.6731 Acc: 0.8398 UseTime: 402.243796
2017-12-19 12:31:13,102 : Train [3|2176000] lr: 0.010000 Loss: 0.6083 Acc: 0.8594 UseTime: 426.916167
2017-12-19 12:31:38,246 : Train [3|2304000] lr: 0.010000 Loss: 0.6535 Acc: 0.8555 UseTime: 452.060367
2017-12-19 12:32:34,683 : EvalTotal acc: 0.663898 loss: 1.704992
2017-12-19 12:32:34,685 : -----------------------------------------------------------------
2017-12-19 12:33:02,238 : Train [4|128000] lr: 0.010000 Loss: 0.5782 Acc: 0.8633 UseTime: 27.552174
2017-12-19 12:33:26,829 : Train [4|256000] lr: 0.010000 Loss: 0.4367 Acc: 0.8828 UseTime: 52.143428
2017-12-19 12:33:51,563 : Train [4|384000] lr: 0.010000 Loss: 0.3940 Acc: 0.8984 UseTime: 76.877356
2017-12-19 12:34:16,096 : Train [4|512000] lr: 0.010000 Loss: 0.4194 Acc: 0.8945 UseTime: 101.410104
2017-12-19 12:34:40,881 : Train [4|640000] lr: 0.010000 Loss: 0.6421 Acc: 0.8398 UseTime: 126.194731
2017-12-19 12:35:05,501 : Train [4|768000] lr: 0.010000 Loss: 0.5542 Acc: 0.8477 UseTime: 150.815153
2017-12-19 12:35:30,063 : Train [4|896000] lr: 0.010000 Loss: 0.4907 Acc: 0.8672 UseTime: 175.377009
2017-12-19 12:35:54,567 : Train [4|1024000] lr: 0.010000 Loss: 0.4224 Acc: 0.8945 UseTime: 199.881408
2017-12-19 12:36:19,365 : Train [4|1152000] lr: 0.010000 Loss: 0.4852 Acc: 0.8594 UseTime: 224.679538
2017-12-19 12:36:44,129 : Train [4|1280000] lr: 0.010000 Loss: 0.5536 Acc: 0.8672 UseTime: 249.443423
2017-12-19 12:37:08,817 : Train [4|1408000] lr: 0.010000 Loss: 0.4545 Acc: 0.8828 UseTime: 274.130755
2017-12-19 12:37:33,442 : Train [4|1536000] lr: 0.010000 Loss: 0.4438 Acc: 0.9062 UseTime: 298.756083
2017-12-19 12:37:58,073 : Train [4|1664000] lr: 0.010000 Loss: 0.4975 Acc: 0.8594 UseTime: 323.387250
2017-12-19 12:38:23,047 : Train [4|1792000] lr: 0.010000 Loss: 0.5400 Acc: 0.8672 UseTime: 348.361381
2017-12-19 12:38:48,215 : Train [4|1920000] lr: 0.010000 Loss: 0.4765 Acc: 0.8867 UseTime: 373.529335
2017-12-19 12:39:13,227 : Train [4|2048000] lr: 0.010000 Loss: 0.3967 Acc: 0.8945 UseTime: 398.540714
2017-12-19 12:39:38,450 : Train [4|2176000] lr: 0.010000 Loss: 0.5152 Acc: 0.8633 UseTime: 423.764198
2017-12-19 12:40:03,612 : Train [4|2304000] lr: 0.010000 Loss: 0.3872 Acc: 0.9062 UseTime: 448.925774
2017-12-19 12:41:01,006 : EvalTotal acc: 0.686285 loss: 1.662931
2017-12-19 12:41:01,007 : -----------------------------------------------------------------
2017-12-19 12:41:29,041 : Train [5|128000] lr: 0.010000 Loss: 0.4060 Acc: 0.8945 UseTime: 28.033329
2017-12-19 12:41:54,252 : Train [5|256000] lr: 0.010000 Loss: 0.3085 Acc: 0.9375 UseTime: 53.244475
2017-12-19 12:42:19,069 : Train [5|384000] lr: 0.010000 Loss: 0.2960 Acc: 0.9375 UseTime: 78.061059
2017-12-19 12:42:44,025 : Train [5|512000] lr: 0.010000 Loss: 0.3031 Acc: 0.9258 UseTime: 103.017064
2017-12-19 12:43:09,048 : Train [5|640000] lr: 0.010000 Loss: 0.3429 Acc: 0.8867 UseTime: 128.040692
2017-12-19 12:43:34,091 : Train [5|768000] lr: 0.010000 Loss: 0.4038 Acc: 0.8984 UseTime: 153.083058
2017-12-19 12:43:59,177 : Train [5|896000] lr: 0.010000 Loss: 0.2781 Acc: 0.9414 UseTime: 178.168808
2017-12-19 12:44:24,177 : Train [5|1024000] lr: 0.010000 Loss: 0.3527 Acc: 0.9102 UseTime: 203.168898
2017-12-19 12:44:49,213 : Train [5|1152000] lr: 0.010000 Loss: 0.3148 Acc: 0.9180 UseTime: 228.205292
2017-12-19 12:45:14,178 : Train [5|1280000] lr: 0.010000 Loss: 0.3249 Acc: 0.9102 UseTime: 253.170149
2017-12-19 12:45:39,164 : Train [5|1408000] lr: 0.010000 Loss: 0.2249 Acc: 0.9297 UseTime: 278.155911
2017-12-19 12:46:04,263 : Train [5|1536000] lr: 0.010000 Loss: 0.2705 Acc: 0.9219 UseTime: 303.255236
2017-12-19 12:46:29,656 : Train [5|1664000] lr: 0.010000 Loss: 0.2898 Acc: 0.9258 UseTime: 328.648506
2017-12-19 12:46:54,872 : Train [5|1792000] lr: 0.010000 Loss: 0.2755 Acc: 0.9258 UseTime: 353.864077
2017-12-19 12:47:19,757 : Train [5|1920000] lr: 0.010000 Loss: 0.2706 Acc: 0.9180 UseTime: 378.749468
2017-12-19 12:47:44,716 : Train [5|2048000] lr: 0.010000 Loss: 0.2368 Acc: 0.9453 UseTime: 403.708119
2017-12-19 12:48:09,617 : Train [5|2176000] lr: 0.010000 Loss: 0.2990 Acc: 0.9258 UseTime: 428.608869
2017-12-19 12:48:34,509 : Train [5|2304000] lr: 0.010000 Loss: 0.2937 Acc: 0.9180 UseTime: 453.500755
2017-12-19 12:49:30,921 : EvalTotal acc: 0.696393 loss: 1.674198
2017-12-19 12:49:30,922 : -----------------------------------------------------------------
2017-12-19 12:49:58,251 : Train [6|128000] lr: 0.010000 Loss: 0.2373 Acc: 0.9492 UseTime: 27.328000
2017-12-19 12:50:22,791 : Train [6|256000] lr: 0.010000 Loss: 0.1717 Acc: 0.9492 UseTime: 51.867961
2017-12-19 12:50:47,261 : Train [6|384000] lr: 0.010000 Loss: 0.2437 Acc: 0.9336 UseTime: 76.337985
2017-12-19 12:51:11,674 : Train [6|512000] lr: 0.010000 Loss: 0.1669 Acc: 0.9688 UseTime: 100.750781
2017-12-19 12:51:36,319 : Train [6|640000] lr: 0.010000 Loss: 0.1612 Acc: 0.9609 UseTime: 125.396236
2017-12-19 12:52:00,917 : Train [6|768000] lr: 0.010000 Loss: 0.1120 Acc: 0.9688 UseTime: 149.993886
2017-12-19 12:52:25,481 : Train [6|896000] lr: 0.010000 Loss: 0.1840 Acc: 0.9609 UseTime: 174.558550
2017-12-19 12:52:50,024 : Train [6|1024000] lr: 0.010000 Loss: 0.2442 Acc: 0.9414 UseTime: 199.100914
2017-12-19 12:53:14,583 : Train [6|1152000] lr: 0.010000 Loss: 0.1958 Acc: 0.9492 UseTime: 223.660284
2017-12-19 12:53:39,091 : Train [6|1280000] lr: 0.010000 Loss: 0.2003 Acc: 0.9258 UseTime: 248.167890
2017-12-19 12:54:03,640 : Train [6|1408000] lr: 0.010000 Loss: 0.2357 Acc: 0.9414 UseTime: 272.717172
2017-12-19 12:54:28,144 : Train [6|1536000] lr: 0.010000 Loss: 0.1957 Acc: 0.9414 UseTime: 297.221159
2017-12-19 12:54:52,896 : Train [6|1664000] lr: 0.010000 Loss: 0.1422 Acc: 0.9648 UseTime: 321.973023
2017-12-19 12:55:17,379 : Train [6|1792000] lr: 0.010000 Loss: 0.1720 Acc: 0.9570 UseTime: 346.456252
2017-12-19 12:55:41,957 : Train [6|1920000] lr: 0.010000 Loss: 0.1939 Acc: 0.9453 UseTime: 371.034262
2017-12-19 12:56:06,581 : Train [6|2048000] lr: 0.010000 Loss: 0.1561 Acc: 0.9570 UseTime: 395.658101
2017-12-19 12:56:30,761 : Train [6|2176000] lr: 0.010000 Loss: 0.2006 Acc: 0.9414 UseTime: 419.838622
2017-12-19 12:56:55,350 : Train [6|2304000] lr: 0.010000 Loss: 0.1776 Acc: 0.9609 UseTime: 444.427480
2017-12-19 12:57:51,658 : EvalTotal acc: 0.704171 loss: 1.718212
2017-12-19 12:57:51,659 : -----------------------------------------------------------------
2017-12-19 12:58:19,018 : Train [7|128000] lr: 0.010000 Loss: 0.1193 Acc: 0.9883 UseTime: 27.357967
2017-12-19 12:58:43,563 : Train [7|256000] lr: 0.010000 Loss: 0.1114 Acc: 0.9648 UseTime: 51.903308
2017-12-19 12:59:08,327 : Train [7|384000] lr: 0.010000 Loss: 0.1335 Acc: 0.9609 UseTime: 76.667496
2017-12-19 12:59:33,262 : Train [7|512000] lr: 0.010000 Loss: 0.1624 Acc: 0.9531 UseTime: 101.601693
2017-12-19 12:59:57,790 : Train [7|640000] lr: 0.010000 Loss: 0.1337 Acc: 0.9727 UseTime: 126.130576
2017-12-19 13:00:22,506 : Train [7|768000] lr: 0.010000 Loss: 0.0842 Acc: 0.9844 UseTime: 150.846186
2017-12-19 13:00:47,131 : Train [7|896000] lr: 0.010000 Loss: 0.1267 Acc: 0.9766 UseTime: 175.471852
2017-12-19 13:01:11,733 : Train [7|1024000] lr: 0.010000 Loss: 0.1570 Acc: 0.9609 UseTime: 200.073501
2017-12-19 13:01:36,131 : Train [7|1152000] lr: 0.010000 Loss: 0.1067 Acc: 0.9727 UseTime: 224.471622
2017-12-19 13:02:00,818 : Train [7|1280000] lr: 0.010000 Loss: 0.1301 Acc: 0.9609 UseTime: 249.158428
2017-12-19 13:02:25,529 : Train [7|1408000] lr: 0.010000 Loss: 0.1390 Acc: 0.9766 UseTime: 273.869824
2017-12-19 13:02:50,087 : Train [7|1536000] lr: 0.010000 Loss: 0.1179 Acc: 0.9648 UseTime: 298.427437
2017-12-19 13:03:14,614 : Train [7|1664000] lr: 0.010000 Loss: 0.0964 Acc: 0.9727 UseTime: 322.954391
2017-12-19 13:03:39,200 : Train [7|1792000] lr: 0.010000 Loss: 0.1052 Acc: 0.9766 UseTime: 347.540288
2017-12-19 13:04:03,980 : Train [7|1920000] lr: 0.010000 Loss: 0.1094 Acc: 0.9727 UseTime: 372.320367
2017-12-19 13:04:28,598 : Train [7|2048000] lr: 0.010000 Loss: 0.1026 Acc: 0.9766 UseTime: 396.938552
2017-12-19 13:04:53,201 : Train [7|2176000] lr: 0.010000 Loss: 0.1412 Acc: 0.9688 UseTime: 421.541247
2017-12-19 13:05:18,083 : Train [7|2304000] lr: 0.010000 Loss: 0.1425 Acc: 0.9570 UseTime: 446.423660
2017-12-19 13:06:14,022 : EvalTotal acc: 0.711701 loss: 1.754608
2017-12-19 13:06:14,023 : -----------------------------------------------------------------
2017-12-19 13:06:41,370 : Train [8|128000] lr: 0.010000 Loss: 0.1141 Acc: 0.9727 UseTime: 27.346695
2017-12-19 13:07:06,001 : Train [8|256000] lr: 0.010000 Loss: 0.0946 Acc: 0.9766 UseTime: 51.977410
2017-12-19 13:07:30,787 : Train [8|384000] lr: 0.010000 Loss: 0.0630 Acc: 0.9805 UseTime: 76.764028
2017-12-19 13:07:55,984 : Train [8|512000] lr: 0.010000 Loss: 0.0514 Acc: 0.9922 UseTime: 101.960473
2017-12-19 13:08:21,169 : Train [8|640000] lr: 0.010000 Loss: 0.0694 Acc: 0.9844 UseTime: 127.145789
2017-12-19 13:08:46,386 : Train [8|768000] lr: 0.010000 Loss: 0.0787 Acc: 0.9766 UseTime: 152.363174
2017-12-19 13:09:11,618 : Train [8|896000] lr: 0.010000 Loss: 0.0997 Acc: 0.9688 UseTime: 177.595137
2017-12-19 13:09:37,099 : Train [8|1024000] lr: 0.010000 Loss: 0.1017 Acc: 0.9688 UseTime: 203.075908
2017-12-19 13:10:02,099 : Train [8|1152000] lr: 0.010000 Loss: 0.1404 Acc: 0.9570 UseTime: 228.075868
2017-12-19 13:10:27,463 : Train [8|1280000] lr: 0.010000 Loss: 0.0666 Acc: 0.9883 UseTime: 253.440108
2017-12-19 13:10:52,506 : Train [8|1408000] lr: 0.010000 Loss: 0.0699 Acc: 0.9805 UseTime: 278.482343
2017-12-19 13:11:17,552 : Train [8|1536000] lr: 0.010000 Loss: 0.0907 Acc: 0.9766 UseTime: 303.528750
2017-12-19 13:11:42,815 : Train [8|1664000] lr: 0.010000 Loss: 0.0860 Acc: 0.9766 UseTime: 328.791400
2017-12-19 13:12:08,146 : Train [8|1792000] lr: 0.010000 Loss: 0.0807 Acc: 0.9805 UseTime: 354.122782
2017-12-19 13:12:33,463 : Train [8|1920000] lr: 0.010000 Loss: 0.1031 Acc: 0.9688 UseTime: 379.439664
2017-12-19 13:12:58,653 : Train [8|2048000] lr: 0.010000 Loss: 0.0701 Acc: 0.9805 UseTime: 404.629895
2017-12-19 13:13:24,368 : Train [8|2176000] lr: 0.010000 Loss: 0.0954 Acc: 0.9805 UseTime: 430.344486
2017-12-19 13:13:49,757 : Train [8|2304000] lr: 0.010000 Loss: 0.0750 Acc: 0.9844 UseTime: 455.733414
2017-12-19 13:14:48,071 : EvalTotal acc: 0.715759 loss: 1.788546
2017-12-19 13:14:48,076 : -----------------------------------------------------------------
2017-12-19 13:15:16,955 : Train [9|128000] lr: 0.010000 Loss: 0.0605 Acc: 0.9922 UseTime: 28.877589
2017-12-19 13:15:41,791 : Train [9|256000] lr: 0.010000 Loss: 0.0480 Acc: 0.9922 UseTime: 53.712856
2017-12-19 13:16:06,748 : Train [9|384000] lr: 0.010000 Loss: 0.0526 Acc: 0.9922 UseTime: 78.670323
2017-12-19 13:16:31,679 : Train [9|512000] lr: 0.010000 Loss: 0.0628 Acc: 0.9844 UseTime: 103.601567
2017-12-19 13:16:57,110 : Train [9|640000] lr: 0.010000 Loss: 0.0703 Acc: 0.9805 UseTime: 129.032280
2017-12-19 13:17:22,185 : Train [9|768000] lr: 0.010000 Loss: 0.0490 Acc: 0.9844 UseTime: 154.104954
2017-12-19 13:17:47,345 : Train [9|896000] lr: 0.010000 Loss: 0.0654 Acc: 0.9922 UseTime: 179.267073
2017-12-19 13:18:12,528 : Train [9|1024000] lr: 0.010000 Loss: 0.0489 Acc: 0.9922 UseTime: 204.450237
2017-12-19 13:18:37,799 : Train [9|1152000] lr: 0.010000 Loss: 0.0555 Acc: 0.9883 UseTime: 229.721652
2017-12-19 13:19:02,657 : Train [9|1280000] lr: 0.010000 Loss: 0.0543 Acc: 0.9844 UseTime: 254.579177
2017-12-19 13:19:27,541 : Train [9|1408000] lr: 0.010000 Loss: 0.0388 Acc: 1.0000 UseTime: 279.462907
2017-12-19 13:19:52,473 : Train [9|1536000] lr: 0.010000 Loss: 0.0364 Acc: 0.9961 UseTime: 304.395752
2017-12-19 13:20:17,206 : Train [9|1664000] lr: 0.010000 Loss: 0.0348 Acc: 0.9961 UseTime: 329.128381
2017-12-19 13:20:41,808 : Train [9|1792000] lr: 0.010000 Loss: 0.0402 Acc: 0.9961 UseTime: 353.730097
2017-12-19 13:21:06,642 : Train [9|1920000] lr: 0.010000 Loss: 0.0639 Acc: 0.9961 UseTime: 378.564053
2017-12-19 13:21:31,266 : Train [9|2048000] lr: 0.010000 Loss: 0.0865 Acc: 0.9766 UseTime: 403.188006
2017-12-19 13:21:56,032 : Train [9|2176000] lr: 0.010000 Loss: 0.0380 Acc: 0.9961 UseTime: 427.954395
2017-12-19 13:22:20,787 : Train [9|2304000] lr: 0.010000 Loss: 0.0394 Acc: 0.9961 UseTime: 452.708879
2017-12-19 13:23:17,851 : EvalTotal acc: 0.724499 loss: 1.796413
2017-12-19 13:23:17,852 : -----------------------------------------------------------------
2017-12-19 13:23:45,492 : Train [10|128000] lr: 0.010000 Loss: 0.0239 Acc: 1.0000 UseTime: 27.639230
2017-12-19 13:24:10,417 : Train [10|256000] lr: 0.010000 Loss: 0.0521 Acc: 0.9883 UseTime: 52.564552
2017-12-19 13:24:35,179 : Train [10|384000] lr: 0.010000 Loss: 0.0351 Acc: 0.9922 UseTime: 77.326435
2017-12-19 13:25:00,096 : Train [10|512000] lr: 0.010000 Loss: 0.0280 Acc: 0.9883 UseTime: 102.244084
2017-12-19 13:25:25,152 : Train [10|640000] lr: 0.010000 Loss: 0.0173 Acc: 1.0000 UseTime: 127.300299
2017-12-19 13:25:50,753 : Train [10|768000] lr: 0.010000 Loss: 0.0284 Acc: 1.0000 UseTime: 152.900589
2017-12-19 13:26:15,866 : Train [10|896000] lr: 0.010000 Loss: 0.0253 Acc: 0.9961 UseTime: 178.013965
2017-12-19 13:26:40,799 : Train [10|1024000] lr: 0.010000 Loss: 0.0352 Acc: 0.9922 UseTime: 202.946521
2017-12-19 13:27:06,456 : Train [10|1152000] lr: 0.010000 Loss: 0.0460 Acc: 0.9883 UseTime: 228.603779
2017-12-19 13:27:32,009 : Train [10|1280000] lr: 0.010000 Loss: 0.0234 Acc: 1.0000 UseTime: 254.157167
2017-12-19 13:27:57,602 : Train [10|1408000] lr: 0.010000 Loss: 0.0405 Acc: 0.9883 UseTime: 279.749677
2017-12-19 13:28:23,288 : Train [10|1536000] lr: 0.010000 Loss: 0.0219 Acc: 1.0000 UseTime: 305.436061
2017-12-19 13:28:48,852 : Train [10|1664000] lr: 0.010000 Loss: 0.0244 Acc: 0.9961 UseTime: 331.000062
2017-12-19 13:29:14,173 : Train [10|1792000] lr: 0.010000 Loss: 0.0169 Acc: 1.0000 UseTime: 356.321257
2017-12-19 13:29:39,439 : Train [10|1920000] lr: 0.010000 Loss: 0.0281 Acc: 0.9922 UseTime: 381.586891
2017-12-19 13:30:04,699 : Train [10|2048000] lr: 0.010000 Loss: 0.0227 Acc: 0.9961 UseTime: 406.845167
2017-12-19 13:30:29,858 : Train [10|2176000] lr: 0.010000 Loss: 0.0288 Acc: 0.9883 UseTime: 432.005746
2017-12-19 13:30:54,999 : Train [10|2304000] lr: 0.010000 Loss: 0.0277 Acc: 0.9922 UseTime: 457.146643
2017-12-19 13:31:55,073 : EvalTotal acc: 0.729739 loss: 1.817453
2017-12-19 13:31:55,073 : -----------------------------------------------------------------
2017-12-19 13:32:23,379 : Train [11|128000] lr: 0.007000 Loss: 0.0127 Acc: 1.0000 UseTime: 28.304438
2017-12-19 13:32:48,466 : Train [11|256000] lr: 0.007000 Loss: 0.0105 Acc: 1.0000 UseTime: 53.391153
2017-12-19 13:33:13,573 : Train [11|384000] lr: 0.007000 Loss: 0.0125 Acc: 1.0000 UseTime: 78.498345
2017-12-19 13:33:39,120 : Train [11|512000] lr: 0.007000 Loss: 0.0168 Acc: 0.9961 UseTime: 104.045085
2017-12-19 13:34:04,232 : Train [11|640000] lr: 0.007000 Loss: 0.0099 Acc: 1.0000 UseTime: 129.157940
2017-12-19 13:34:29,452 : Train [11|768000] lr: 0.007000 Loss: 0.0082 Acc: 1.0000 UseTime: 154.377485
2017-12-19 13:34:54,381 : Train [11|896000] lr: 0.007000 Loss: 0.0177 Acc: 0.9961 UseTime: 179.307072
2017-12-19 13:35:19,312 : Train [11|1024000] lr: 0.007000 Loss: 0.0158 Acc: 1.0000 UseTime: 204.237135
2017-12-19 13:35:44,254 : Train [11|1152000] lr: 0.007000 Loss: 0.0223 Acc: 0.9961 UseTime: 229.179311
2017-12-19 13:36:09,219 : Train [11|1280000] lr: 0.007000 Loss: 0.0155 Acc: 0.9961 UseTime: 254.144629
2017-12-19 13:36:34,400 : Train [11|1408000] lr: 0.007000 Loss: 0.0147 Acc: 1.0000 UseTime: 279.325084
2017-12-19 13:36:59,365 : Train [11|1536000] lr: 0.007000 Loss: 0.0089 Acc: 1.0000 UseTime: 304.290708
2017-12-19 13:37:24,429 : Train [11|1664000] lr: 0.007000 Loss: 0.0085 Acc: 1.0000 UseTime: 329.354146
2017-12-19 13:37:49,447 : Train [11|1792000] lr: 0.007000 Loss: 0.0115 Acc: 1.0000 UseTime: 354.372386
2017-12-19 13:38:14,463 : Train [11|1920000] lr: 0.007000 Loss: 0.0125 Acc: 1.0000 UseTime: 379.388208
2017-12-19 13:38:39,478 : Train [11|2048000] lr: 0.007000 Loss: 0.0101 Acc: 1.0000 UseTime: 404.403831
2017-12-19 13:39:04,467 : Train [11|2176000] lr: 0.007000 Loss: 0.0108 Acc: 1.0000 UseTime: 429.392772
2017-12-19 13:39:29,439 : Train [11|2304000] lr: 0.007000 Loss: 0.0208 Acc: 0.9922 UseTime: 454.365010
2017-12-19 13:40:28,899 : EvalTotal acc: 0.741305 loss: 1.772388
2017-12-19 13:40:28,899 : -----------------------------------------------------------------
2017-12-19 13:40:57,515 : Train [12|128000] lr: 0.007000 Loss: 0.0058 Acc: 1.0000 UseTime: 28.614247
2017-12-19 13:41:22,785 : Train [12|256000] lr: 0.007000 Loss: 0.0091 Acc: 1.0000 UseTime: 53.884334
2017-12-19 13:41:47,812 : Train [12|384000] lr: 0.007000 Loss: 0.0104 Acc: 1.0000 UseTime: 78.911654
2017-12-19 13:42:12,855 : Train [12|512000] lr: 0.007000 Loss: 0.0083 Acc: 1.0000 UseTime: 103.954293
2017-12-19 13:42:38,028 : Train [12|640000] lr: 0.007000 Loss: 0.0114 Acc: 1.0000 UseTime: 129.127370
2017-12-19 13:43:03,200 : Train [12|768000] lr: 0.007000 Loss: 0.0054 Acc: 1.0000 UseTime: 154.299451
2017-12-19 13:43:28,321 : Train [12|896000] lr: 0.007000 Loss: 0.0102 Acc: 1.0000 UseTime: 179.420914
2017-12-19 13:43:53,459 : Train [12|1024000] lr: 0.007000 Loss: 0.0106 Acc: 1.0000 UseTime: 204.558404
2017-12-19 13:44:18,745 : Train [12|1152000] lr: 0.007000 Loss: 0.0080 Acc: 1.0000 UseTime: 229.844859
2017-12-19 13:44:43,931 : Train [12|1280000] lr: 0.007000 Loss: 0.0085 Acc: 1.0000 UseTime: 255.030347
2017-12-19 13:45:09,002 : Train [12|1408000] lr: 0.007000 Loss: 0.0047 Acc: 1.0000 UseTime: 280.101294
2017-12-19 13:45:34,138 : Train [12|1536000] lr: 0.007000 Loss: 0.0110 Acc: 1.0000 UseTime: 305.237806
2017-12-19 13:45:59,233 : Train [12|1664000] lr: 0.007000 Loss: 0.0095 Acc: 1.0000 UseTime: 330.332368
2017-12-19 13:46:24,545 : Train [12|1792000] lr: 0.007000 Loss: 0.0108 Acc: 0.9961 UseTime: 355.644861
2017-12-19 13:46:49,601 : Train [12|1920000] lr: 0.007000 Loss: 0.0086 Acc: 1.0000 UseTime: 380.700671
2017-12-19 13:47:14,884 : Train [12|2048000] lr: 0.007000 Loss: 0.0081 Acc: 1.0000 UseTime: 405.984077
2017-12-19 13:47:40,025 : Train [12|2176000] lr: 0.007000 Loss: 0.0047 Acc: 1.0000 UseTime: 431.124471
2017-12-19 13:48:05,129 : Train [12|2304000] lr: 0.007000 Loss: 0.0129 Acc: 1.0000 UseTime: 456.228221
2017-12-19 13:49:05,309 : EvalTotal acc: 0.743594 loss: 1.776071
2017-12-19 13:49:05,310 : -----------------------------------------------------------------
2017-12-19 13:49:33,556 : Train [13|128000] lr: 0.007000 Loss: 0.0062 Acc: 1.0000 UseTime: 28.245467
2017-12-19 13:49:58,566 : Train [13|256000] lr: 0.007000 Loss: 0.0041 Acc: 1.0000 UseTime: 53.255042
2017-12-19 13:50:23,582 : Train [13|384000] lr: 0.007000 Loss: 0.0053 Acc: 1.0000 UseTime: 78.271433
2017-12-19 13:50:49,233 : Train [13|512000] lr: 0.007000 Loss: 0.0053 Acc: 1.0000 UseTime: 103.922077
2017-12-19 13:51:14,199 : Train [13|640000] lr: 0.007000 Loss: 0.0057 Acc: 1.0000 UseTime: 128.888174
2017-12-19 13:51:39,182 : Train [13|768000] lr: 0.007000 Loss: 0.0047 Acc: 1.0000 UseTime: 153.871681
2017-12-19 13:52:04,152 : Train [13|896000] lr: 0.007000 Loss: 0.0070 Acc: 1.0000 UseTime: 178.841191
2017-12-19 13:52:29,130 : Train [13|1024000] lr: 0.007000 Loss: 0.0074 Acc: 1.0000 UseTime: 203.819155
2017-12-19 13:52:54,304 : Train [13|1152000] lr: 0.007000 Loss: 0.0056 Acc: 1.0000 UseTime: 228.992773
2017-12-19 13:53:19,245 : Train [13|1280000] lr: 0.007000 Loss: 0.0063 Acc: 1.0000 UseTime: 253.934576
2017-12-19 13:53:44,357 : Train [13|1408000] lr: 0.007000 Loss: 0.0060 Acc: 1.0000 UseTime: 279.046563
2017-12-19 13:54:09,533 : Train [13|1536000] lr: 0.007000 Loss: 0.0051 Acc: 1.0000 UseTime: 304.222077
2017-12-19 13:54:34,830 : Train [13|1664000] lr: 0.007000 Loss: 0.0057 Acc: 1.0000 UseTime: 329.519413
2017-12-19 13:55:00,018 : Train [13|1792000] lr: 0.007000 Loss: 0.0081 Acc: 1.0000 UseTime: 354.707093
2017-12-19 13:55:25,063 : Train [13|1920000] lr: 0.007000 Loss: 0.0070 Acc: 1.0000 UseTime: 379.751819
2017-12-19 13:55:50,046 : Train [13|2048000] lr: 0.007000 Loss: 0.0046 Acc: 1.0000 UseTime: 404.735172
2017-12-19 13:56:15,109 : Train [13|2176000] lr: 0.007000 Loss: 0.0059 Acc: 1.0000 UseTime: 429.798624
2017-12-19 13:56:40,078 : Train [13|2304000] lr: 0.007000 Loss: 0.0063 Acc: 1.0000 UseTime: 454.767000
2017-12-19 13:57:39,852 : EvalTotal acc: 0.744307 loss: 1.784067
2017-12-19 13:57:39,853 : -----------------------------------------------------------------
2017-12-19 13:58:08,442 : Train [14|128000] lr: 0.007000 Loss: 0.0045 Acc: 1.0000 UseTime: 28.588401
2017-12-19 13:58:33,590 : Train [14|256000] lr: 0.007000 Loss: 0.0054 Acc: 1.0000 UseTime: 53.736776
2017-12-19 13:58:58,555 : Train [14|384000] lr: 0.007000 Loss: 0.0038 Acc: 1.0000 UseTime: 78.701658
2017-12-19 13:59:23,497 : Train [14|512000] lr: 0.007000 Loss: 0.0074 Acc: 1.0000 UseTime: 103.643454
2017-12-19 13:59:48,840 : Train [14|640000] lr: 0.007000 Loss: 0.0043 Acc: 1.0000 UseTime: 128.986287
2017-12-19 14:00:13,994 : Train [14|768000] lr: 0.007000 Loss: 0.0039 Acc: 1.0000 UseTime: 154.139938
2017-12-19 14:00:38,999 : Train [14|896000] lr: 0.007000 Loss: 0.0049 Acc: 1.0000 UseTime: 179.145768
2017-12-19 14:01:04,053 : Train [14|1024000] lr: 0.007000 Loss: 0.0035 Acc: 1.0000 UseTime: 204.198926
2017-12-19 14:01:29,344 : Train [14|1152000] lr: 0.007000 Loss: 0.0061 Acc: 1.0000 UseTime: 229.490381
2017-12-19 14:01:54,455 : Train [14|1280000] lr: 0.007000 Loss: 0.0064 Acc: 1.0000 UseTime: 254.601057
2017-12-19 14:02:19,441 : Train [14|1408000] lr: 0.007000 Loss: 0.0055 Acc: 1.0000 UseTime: 279.587444
2017-12-19 14:02:44,469 : Train [14|1536000] lr: 0.007000 Loss: 0.0060 Acc: 1.0000 UseTime: 304.615238
2017-12-19 14:03:09,654 : Train [14|1664000] lr: 0.007000 Loss: 0.0044 Acc: 1.0000 UseTime: 329.800334
2017-12-19 14:03:34,622 : Train [14|1792000] lr: 0.007000 Loss: 0.0037 Acc: 1.0000 UseTime: 354.768783
2017-12-19 14:03:59,863 : Train [14|1920000] lr: 0.007000 Loss: 0.0049 Acc: 1.0000 UseTime: 380.009295
2017-12-19 14:04:25,305 : Train [14|2048000] lr: 0.007000 Loss: 0.0042 Acc: 1.0000 UseTime: 405.450911
2017-12-19 14:04:50,618 : Train [14|2176000] lr: 0.007000 Loss: 0.0058 Acc: 1.0000 UseTime: 430.764504
2017-12-19 14:05:15,648 : Train [14|2304000] lr: 0.007000 Loss: 0.0062 Acc: 1.0000 UseTime: 455.794498
2017-12-19 14:06:16,068 : EvalTotal acc: 0.744741 loss: 1.791399
2017-12-19 14:06:16,069 : -----------------------------------------------------------------
2017-12-19 14:06:44,544 : Train [15|128000] lr: 0.007000 Loss: 0.0077 Acc: 1.0000 UseTime: 28.474263
2017-12-19 14:07:09,847 : Train [15|256000] lr: 0.007000 Loss: 0.0047 Acc: 1.0000 UseTime: 53.777743
2017-12-19 14:07:34,767 : Train [15|384000] lr: 0.007000 Loss: 0.0049 Acc: 1.0000 UseTime: 78.697459
2017-12-19 14:07:59,661 : Train [15|512000] lr: 0.007000 Loss: 0.0035 Acc: 1.0000 UseTime: 103.591653
2017-12-19 14:08:24,728 : Train [15|640000] lr: 0.007000 Loss: 0.0047 Acc: 1.0000 UseTime: 128.658329
2017-12-19 14:08:49,666 : Train [15|768000] lr: 0.007000 Loss: 0.0050 Acc: 1.0000 UseTime: 153.596683
2017-12-19 14:09:15,033 : Train [15|896000] lr: 0.007000 Loss: 0.0036 Acc: 1.0000 UseTime: 178.962947
2017-12-19 14:09:40,041 : Train [15|1024000] lr: 0.007000 Loss: 0.0032 Acc: 1.0000 UseTime: 203.971657
2017-12-19 14:10:05,046 : Train [15|1152000] lr: 0.007000 Loss: 0.0046 Acc: 1.0000 UseTime: 228.976288
2017-12-19 14:10:30,056 : Train [15|1280000] lr: 0.007000 Loss: 0.0055 Acc: 1.0000 UseTime: 253.986616
2017-12-19 14:10:55,040 : Train [15|1408000] lr: 0.007000 Loss: 0.0046 Acc: 1.0000 UseTime: 278.969930
2017-12-19 14:11:19,989 : Train [15|1536000] lr: 0.007000 Loss: 0.0041 Acc: 1.0000 UseTime: 303.919809
2017-12-19 14:11:45,017 : Train [15|1664000] lr: 0.007000 Loss: 0.0047 Acc: 1.0000 UseTime: 328.947522
2017-12-19 14:12:10,205 : Train [15|1792000] lr: 0.007000 Loss: 0.0079 Acc: 1.0000 UseTime: 354.135267
2017-12-19 14:12:35,246 : Train [15|1920000] lr: 0.007000 Loss: 0.0055 Acc: 1.0000 UseTime: 379.176063
2017-12-19 14:13:00,151 : Train [15|2048000] lr: 0.007000 Loss: 0.0054 Acc: 1.0000 UseTime: 404.081362
2017-12-19 14:13:25,173 : Train [15|2176000] lr: 0.007000 Loss: 0.0051 Acc: 1.0000 UseTime: 429.103740
2017-12-19 14:13:50,203 : Train [15|2304000] lr: 0.007000 Loss: 0.0068 Acc: 1.0000 UseTime: 454.133699
2017-12-19 14:14:49,381 : EvalTotal acc: 0.746083 loss: 1.792918
2017-12-19 14:14:49,384 : -----------------------------------------------------------------
2017-12-19 14:15:17,060 : Train [16|128000] lr: 0.007000 Loss: 0.0047 Acc: 1.0000 UseTime: 27.675345
2017-12-19 14:15:41,943 : Train [16|256000] lr: 0.007000 Loss: 0.0040 Acc: 1.0000 UseTime: 52.558611
2017-12-19 14:16:06,978 : Train [16|384000] lr: 0.007000 Loss: 0.0030 Acc: 1.0000 UseTime: 77.593024
2017-12-19 14:16:31,930 : Train [16|512000] lr: 0.007000 Loss: 0.0037 Acc: 1.0000 UseTime: 102.545899
2017-12-19 14:16:56,705 : Train [16|640000] lr: 0.007000 Loss: 0.0046 Acc: 1.0000 UseTime: 127.320888
2017-12-19 14:17:21,407 : Train [16|768000] lr: 0.007000 Loss: 0.0058 Acc: 1.0000 UseTime: 152.022527
2017-12-19 14:17:46,615 : Train [16|896000] lr: 0.007000 Loss: 0.0044 Acc: 1.0000 UseTime: 177.230852
2017-12-19 14:18:11,344 : Train [16|1024000] lr: 0.007000 Loss: 0.0044 Acc: 1.0000 UseTime: 201.959570
2017-12-19 14:18:36,028 : Train [16|1152000] lr: 0.007000 Loss: 0.0026 Acc: 1.0000 UseTime: 226.643341
2017-12-19 14:19:01,029 : Train [16|1280000] lr: 0.007000 Loss: 0.0040 Acc: 1.0000 UseTime: 251.644486
2017-12-19 14:19:26,164 : Train [16|1408000] lr: 0.007000 Loss: 0.0053 Acc: 1.0000 UseTime: 276.779298
2017-12-19 14:19:50,808 : Train [16|1536000] lr: 0.007000 Loss: 0.0025 Acc: 1.0000 UseTime: 301.423980
2017-12-19 14:20:15,941 : Train [16|1664000] lr: 0.007000 Loss: 0.0027 Acc: 1.0000 UseTime: 326.556647
2017-12-19 14:20:40,966 : Train [16|1792000] lr: 0.007000 Loss: 0.0058 Acc: 1.0000 UseTime: 351.581835
2017-12-19 14:21:06,748 : Train [16|1920000] lr: 0.007000 Loss: 0.0048 Acc: 1.0000 UseTime: 377.363722
2017-12-19 14:21:31,590 : Train [16|2048000] lr: 0.007000 Loss: 0.0047 Acc: 1.0000 UseTime: 402.205647
2017-12-19 14:21:56,582 : Train [16|2176000] lr: 0.007000 Loss: 0.0065 Acc: 1.0000 UseTime: 427.197033
2017-12-19 14:22:21,579 : Train [16|2304000] lr: 0.007000 Loss: 0.0057 Acc: 1.0000 UseTime: 452.194445
2017-12-19 14:23:17,979 : EvalTotal acc: 0.745834 loss: 1.805354
2017-12-19 14:23:17,981 : -----------------------------------------------------------------
2017-12-19 14:23:45,348 : Train [17|128000] lr: 0.004900 Loss: 0.0032 Acc: 1.0000 UseTime: 27.366705
2017-12-19 14:24:10,133 : Train [17|256000] lr: 0.004900 Loss: 0.0032 Acc: 1.0000 UseTime: 52.151735
2017-12-19 14:24:35,494 : Train [17|384000] lr: 0.004900 Loss: 0.0030 Acc: 1.0000 UseTime: 77.513317
2017-12-19 14:25:00,736 : Train [17|512000] lr: 0.004900 Loss: 0.0036 Acc: 1.0000 UseTime: 102.754679
2017-12-19 14:25:25,541 : Train [17|640000] lr: 0.004900 Loss: 0.0040 Acc: 1.0000 UseTime: 127.559561
2017-12-19 14:25:50,877 : Train [17|768000] lr: 0.004900 Loss: 0.0036 Acc: 1.0000 UseTime: 152.895486
2017-12-19 14:26:15,846 : Train [17|896000] lr: 0.004900 Loss: 0.0067 Acc: 1.0000 UseTime: 177.864623
2017-12-19 14:26:40,631 : Train [17|1024000] lr: 0.004900 Loss: 0.0033 Acc: 1.0000 UseTime: 202.650014
2017-12-19 14:27:05,599 : Train [17|1152000] lr: 0.004900 Loss: 0.0036 Acc: 1.0000 UseTime: 227.618323
2017-12-19 14:27:30,731 : Train [17|1280000] lr: 0.004900 Loss: 0.0033 Acc: 1.0000 UseTime: 252.749712
2017-12-19 14:27:56,037 : Train [17|1408000] lr: 0.004900 Loss: 0.0032 Acc: 1.0000 UseTime: 278.055550
2017-12-19 14:28:21,119 : Train [17|1536000] lr: 0.004900 Loss: 0.0032 Acc: 1.0000 UseTime: 303.137895
2017-12-19 14:28:46,312 : Train [17|1664000] lr: 0.004900 Loss: 0.0033 Acc: 1.0000 UseTime: 328.331015
2017-12-19 14:29:11,568 : Train [17|1792000] lr: 0.004900 Loss: 0.0027 Acc: 1.0000 UseTime: 353.586939
2017-12-19 14:29:36,722 : Train [17|1920000] lr: 0.004900 Loss: 0.0038 Acc: 1.0000 UseTime: 378.741066
2017-12-19 14:30:02,042 : Train [17|2048000] lr: 0.004900 Loss: 0.0041 Acc: 1.0000 UseTime: 404.060810
2017-12-19 14:30:27,146 : Train [17|2176000] lr: 0.004900 Loss: 0.0034 Acc: 1.0000 UseTime: 429.165057
2017-12-19 14:30:52,215 : Train [17|2304000] lr: 0.004900 Loss: 0.0041 Acc: 1.0000 UseTime: 454.233472
2017-12-19 14:31:47,803 : EvalTotal acc: 0.746562 loss: 1.810750
2017-12-19 14:31:47,804 : -----------------------------------------------------------------
2017-12-19 14:32:14,667 : Train [18|128000] lr: 0.004900 Loss: 0.0032 Acc: 1.0000 UseTime: 26.862139
2017-12-19 14:32:38,835 : Train [18|256000] lr: 0.004900 Loss: 0.0037 Acc: 1.0000 UseTime: 51.030450
2017-12-19 14:33:03,072 : Train [18|384000] lr: 0.004900 Loss: 0.0021 Acc: 1.0000 UseTime: 75.267602
2017-12-19 14:33:27,882 : Train [18|512000] lr: 0.004900 Loss: 0.0028 Acc: 1.0000 UseTime: 100.076897
2017-12-19 14:33:53,038 : Train [18|640000] lr: 0.004900 Loss: 0.0024 Acc: 1.0000 UseTime: 125.232919
2017-12-19 14:34:18,019 : Train [18|768000] lr: 0.004900 Loss: 0.0030 Acc: 1.0000 UseTime: 150.214407
2017-12-19 14:34:42,525 : Train [18|896000] lr: 0.004900 Loss: 0.0030 Acc: 1.0000 UseTime: 174.720263
2017-12-19 14:35:07,175 : Train [18|1024000] lr: 0.004900 Loss: 0.0035 Acc: 1.0000 UseTime: 199.369946
2017-12-19 14:35:31,964 : Train [18|1152000] lr: 0.004900 Loss: 0.0028 Acc: 1.0000 UseTime: 224.159365
2017-12-19 14:35:57,018 : Train [18|1280000] lr: 0.004900 Loss: 0.0040 Acc: 1.0000 UseTime: 249.212988
2017-12-19 14:36:21,730 : Train [18|1408000] lr: 0.004900 Loss: 0.0039 Acc: 1.0000 UseTime: 273.925579
2017-12-19 14:36:46,403 : Train [18|1536000] lr: 0.004900 Loss: 0.0040 Acc: 1.0000 UseTime: 298.597897
2017-12-19 14:37:11,387 : Train [18|1664000] lr: 0.004900 Loss: 0.0041 Acc: 1.0000 UseTime: 323.582412
2017-12-19 14:37:35,991 : Train [18|1792000] lr: 0.004900 Loss: 0.0036 Acc: 1.0000 UseTime: 348.186704
2017-12-19 14:38:00,543 : Train [18|1920000] lr: 0.004900 Loss: 0.0046 Acc: 1.0000 UseTime: 372.738687
2017-12-19 14:38:26,903 : Train [18|2048000] lr: 0.004900 Loss: 0.0042 Acc: 1.0000 UseTime: 399.098722
2017-12-19 14:38:53,033 : Train [18|2176000] lr: 0.004900 Loss: 0.0028 Acc: 1.0000 UseTime: 425.228137
2017-12-19 14:39:17,830 : Train [18|2304000] lr: 0.004900 Loss: 0.0038 Acc: 1.0000 UseTime: 450.024793
2017-12-19 14:40:15,651 : EvalTotal acc: 0.747343 loss: 1.809837
2017-12-19 14:40:15,652 : -----------------------------------------------------------------
2017-12-19 14:40:43,214 : Train [19|128000] lr: 0.004900 Loss: 0.0024 Acc: 1.0000 UseTime: 27.561637
2017-12-19 14:41:07,989 : Train [19|256000] lr: 0.004900 Loss: 0.0029 Acc: 1.0000 UseTime: 52.336586
2017-12-19 14:41:32,561 : Train [19|384000] lr: 0.004900 Loss: 0.0036 Acc: 1.0000 UseTime: 76.908617
2017-12-19 14:41:57,039 : Train [19|512000] lr: 0.004900 Loss: 0.0032 Acc: 1.0000 UseTime: 101.387146
2017-12-19 14:42:21,775 : Train [19|640000] lr: 0.004900 Loss: 0.0025 Acc: 1.0000 UseTime: 126.122632
2017-12-19 14:42:46,357 : Train [19|768000] lr: 0.004900 Loss: 0.0037 Acc: 1.0000 UseTime: 150.704399
2017-12-19 14:43:11,093 : Train [19|896000] lr: 0.004900 Loss: 0.0034 Acc: 1.0000 UseTime: 175.440989
2017-12-19 14:43:35,958 : Train [19|1024000] lr: 0.004900 Loss: 0.0041 Acc: 1.0000 UseTime: 200.305911
2017-12-19 14:44:00,601 : Train [19|1152000] lr: 0.004900 Loss: 0.0035 Acc: 1.0000 UseTime: 224.948469
2017-12-19 14:44:25,226 : Train [19|1280000] lr: 0.004900 Loss: 0.0043 Acc: 1.0000 UseTime: 249.574095
2017-12-19 14:44:49,882 : Train [19|1408000] lr: 0.004900 Loss: 0.0030 Acc: 1.0000 UseTime: 274.229306
2017-12-19 14:45:14,721 : Train [19|1536000] lr: 0.004900 Loss: 0.0036 Acc: 1.0000 UseTime: 299.068974
2017-12-19 14:45:39,817 : Train [19|1664000] lr: 0.004900 Loss: 0.0038 Acc: 1.0000 UseTime: 324.164649
2017-12-19 14:46:04,428 : Train [19|1792000] lr: 0.004900 Loss: 0.0028 Acc: 1.0000 UseTime: 348.775610
2017-12-19 14:46:29,122 : Train [19|1920000] lr: 0.004900 Loss: 0.0038 Acc: 1.0000 UseTime: 373.469604
2017-12-19 14:46:54,214 : Train [19|2048000] lr: 0.004900 Loss: 0.0035 Acc: 1.0000 UseTime: 398.561471
2017-12-19 14:47:18,874 : Train [19|2176000] lr: 0.004900 Loss: 0.0030 Acc: 1.0000 UseTime: 423.222143
2017-12-19 14:47:43,408 : Train [19|2304000] lr: 0.004900 Loss: 0.0031 Acc: 1.0000 UseTime: 447.755699
2017-12-19 14:48:40,085 : EvalTotal acc: 0.747824 loss: 1.809158
2017-12-19 14:48:40,086 : -----------------------------------------------------------------
2017-12-19 14:49:07,879 : Train [20|128000] lr: 0.004900 Loss: 0.0028 Acc: 1.0000 UseTime: 27.791795
2017-12-19 14:49:32,395 : Train [20|256000] lr: 0.004900 Loss: 0.0030 Acc: 1.0000 UseTime: 52.308213
2017-12-19 14:49:56,897 : Train [20|384000] lr: 0.004900 Loss: 0.0040 Acc: 1.0000 UseTime: 76.810209
2017-12-19 14:50:21,542 : Train [20|512000] lr: 0.004900 Loss: 0.0026 Acc: 1.0000 UseTime: 101.454971
2017-12-19 14:50:46,202 : Train [20|640000] lr: 0.004900 Loss: 0.0026 Acc: 1.0000 UseTime: 126.114895
2017-12-19 14:51:10,989 : Train [20|768000] lr: 0.004900 Loss: 0.0027 Acc: 1.0000 UseTime: 150.902021
2017-12-19 14:51:35,628 : Train [20|896000] lr: 0.004900 Loss: 0.0030 Acc: 1.0000 UseTime: 175.540855
2017-12-19 14:52:00,432 : Train [20|1024000] lr: 0.004900 Loss: 0.0028 Acc: 1.0000 UseTime: 200.345110
2017-12-19 14:52:25,535 : Train [20|1152000] lr: 0.004900 Loss: 0.0045 Acc: 1.0000 UseTime: 225.448317
2017-12-19 14:52:50,626 : Train [20|1280000] lr: 0.004900 Loss: 0.0030 Acc: 1.0000 UseTime: 250.538861
2017-12-19 14:53:15,617 : Train [20|1408000] lr: 0.004900 Loss: 0.0040 Acc: 1.0000 UseTime: 275.530468
2017-12-19 14:53:40,570 : Train [20|1536000] lr: 0.004900 Loss: 0.0027 Acc: 1.0000 UseTime: 300.483400
2017-12-19 14:54:05,745 : Train [20|1664000] lr: 0.004900 Loss: 0.0028 Acc: 1.0000 UseTime: 325.658453
2017-12-19 14:54:30,676 : Train [20|1792000] lr: 0.004900 Loss: 0.0030 Acc: 1.0000 UseTime: 350.589272
2017-12-19 14:54:55,664 : Train [20|1920000] lr: 0.004900 Loss: 0.0035 Acc: 1.0000 UseTime: 375.576789
2017-12-19 14:55:20,690 : Train [20|2048000] lr: 0.004900 Loss: 0.0025 Acc: 1.0000 UseTime: 400.603026
2017-12-19 14:55:45,749 : Train [20|2176000] lr: 0.004900 Loss: 0.0029 Acc: 1.0000 UseTime: 425.662580
2017-12-19 14:56:10,905 : Train [20|2304000] lr: 0.004900 Loss: 0.0025 Acc: 1.0000 UseTime: 450.818498
2017-12-19 14:57:10,636 : EvalTotal acc: 0.747900 loss: 1.821055
2017-12-19 14:57:10,636 : -----------------------------------------------------------------
2017-12-19 14:57:38,828 : Train [21|128000] lr: 0.004900 Loss: 0.0028 Acc: 1.0000 UseTime: 28.190408
2017-12-19 14:58:03,811 : Train [21|256000] lr: 0.004900 Loss: 0.0018 Acc: 1.0000 UseTime: 53.173640
2017-12-19 14:58:29,056 : Train [21|384000] lr: 0.004900 Loss: 0.0046 Acc: 1.0000 UseTime: 78.418923
2017-12-19 14:58:53,996 : Train [21|512000] lr: 0.004900 Loss: 0.0027 Acc: 1.0000 UseTime: 103.358420
2017-12-19 14:59:18,943 : Train [21|640000] lr: 0.004900 Loss: 0.0031 Acc: 1.0000 UseTime: 128.305651
2017-12-19 14:59:44,276 : Train [21|768000] lr: 0.004900 Loss: 0.0047 Acc: 1.0000 UseTime: 153.638458
2017-12-19 15:00:09,186 : Train [21|896000] lr: 0.004900 Loss: 0.0028 Acc: 1.0000 UseTime: 178.549045
2017-12-19 15:00:34,085 : Train [21|1024000] lr: 0.004900 Loss: 0.0029 Acc: 1.0000 UseTime: 203.447361
2017-12-19 15:00:59,086 : Train [21|1152000] lr: 0.004900 Loss: 0.0027 Acc: 1.0000 UseTime: 228.449134
2017-12-19 15:01:24,106 : Train [21|1280000] lr: 0.004900 Loss: 0.0033 Acc: 1.0000 UseTime: 253.469158
2017-12-19 15:01:49,413 : Train [21|1408000] lr: 0.004900 Loss: 0.0028 Acc: 1.0000 UseTime: 278.776093
2017-12-19 15:02:14,254 : Train [21|1536000] lr: 0.004900 Loss: 0.0023 Acc: 1.0000 UseTime: 303.616642
2017-12-19 15:02:39,095 : Train [21|1664000] lr: 0.004900 Loss: 0.0024 Acc: 1.0000 UseTime: 328.457454
2017-12-19 15:03:04,181 : Train [21|1792000] lr: 0.004900 Loss: 0.0024 Acc: 1.0000 UseTime: 353.543968
2017-12-19 15:03:29,061 : Train [21|1920000] lr: 0.004900 Loss: 0.0039 Acc: 1.0000 UseTime: 378.424249
2017-12-19 15:03:54,432 : Train [21|2048000] lr: 0.004900 Loss: 0.0040 Acc: 1.0000 UseTime: 403.794510
2017-12-19 15:04:19,242 : Train [21|2176000] lr: 0.004900 Loss: 0.0021 Acc: 1.0000 UseTime: 428.604559
2017-12-19 15:04:44,092 : Train [21|2304000] lr: 0.004900 Loss: 0.0026 Acc: 1.0000 UseTime: 453.455148
2017-12-19 15:05:42,431 : EvalTotal acc: 0.747788 loss: 1.813105
2017-12-19 15:05:42,431 : -----------------------------------------------------------------
2017-12-19 15:06:10,183 : Train [22|128000] lr: 0.004900 Loss: 0.0024 Acc: 1.0000 UseTime: 27.750984
2017-12-19 15:06:34,881 : Train [22|256000] lr: 0.004900 Loss: 0.0037 Acc: 1.0000 UseTime: 52.448754
2017-12-19 15:06:59,583 : Train [22|384000] lr: 0.004900 Loss: 0.0031 Acc: 1.0000 UseTime: 77.150312
2017-12-19 15:07:24,642 : Train [22|512000] lr: 0.004900 Loss: 0.0025 Acc: 1.0000 UseTime: 102.210173
2017-12-19 15:07:49,629 : Train [22|640000] lr: 0.004900 Loss: 0.0038 Acc: 1.0000 UseTime: 127.196704
2017-12-19 15:08:14,616 : Train [22|768000] lr: 0.004900 Loss: 0.0026 Acc: 1.0000 UseTime: 152.183623
2017-12-19 15:08:39,483 : Train [22|896000] lr: 0.004900 Loss: 0.0027 Acc: 1.0000 UseTime: 177.051213
2017-12-19 15:09:04,358 : Train [22|1024000] lr: 0.004900 Loss: 0.0033 Acc: 1.0000 UseTime: 201.925624
2017-12-19 15:09:29,202 : Train [22|1152000] lr: 0.004900 Loss: 0.0028 Acc: 1.0000 UseTime: 226.769760
2017-12-19 15:09:54,545 : Train [22|1280000] lr: 0.004900 Loss: 0.0019 Acc: 1.0000 UseTime: 252.113120
2017-12-19 15:10:19,582 : Train [22|1408000] lr: 0.004900 Loss: 0.0025 Acc: 1.0000 UseTime: 277.150434
2017-12-19 15:10:44,327 : Train [22|1536000] lr: 0.004900 Loss: 0.0031 Acc: 1.0000 UseTime: 301.894795
2017-12-19 15:11:09,093 : Train [22|1664000] lr: 0.004900 Loss: 0.0030 Acc: 1.0000 UseTime: 326.661147
2017-12-19 15:11:33,938 : Train [22|1792000] lr: 0.004900 Loss: 0.0041 Acc: 1.0000 UseTime: 351.505797
2017-12-19 15:11:58,784 : Train [22|1920000] lr: 0.004900 Loss: 0.0018 Acc: 1.0000 UseTime: 376.351581
2017-12-19 15:12:23,726 : Train [22|2048000] lr: 0.004900 Loss: 0.0033 Acc: 1.0000 UseTime: 401.293251
2017-12-19 15:12:48,879 : Train [22|2176000] lr: 0.004900 Loss: 0.0033 Acc: 1.0000 UseTime: 426.446483
2017-12-19 15:13:13,788 : Train [22|2304000] lr: 0.004900 Loss: 0.0024 Acc: 1.0000 UseTime: 451.355777
2017-12-19 15:14:12,987 : EvalTotal acc: 0.747955 loss: 1.829216
2017-12-19 15:14:12,987 : -----------------------------------------------------------------
2017-12-19 15:14:41,488 : Train [23|128000] lr: 0.003430 Loss: 0.0035 Acc: 1.0000 UseTime: 28.500178
2017-12-19 15:15:06,364 : Train [23|256000] lr: 0.003430 Loss: 0.0026 Acc: 1.0000 UseTime: 53.375697
2017-12-19 15:15:31,266 : Train [23|384000] lr: 0.003430 Loss: 0.0044 Acc: 1.0000 UseTime: 78.278403
2017-12-19 15:15:56,150 : Train [23|512000] lr: 0.003430 Loss: 0.0031 Acc: 1.0000 UseTime: 103.162148
2017-12-19 15:16:21,003 : Train [23|640000] lr: 0.003430 Loss: 0.0022 Acc: 1.0000 UseTime: 128.015025
2017-12-19 15:16:46,012 : Train [23|768000] lr: 0.003430 Loss: 0.0029 Acc: 1.0000 UseTime: 153.023825
2017-12-19 15:17:11,085 : Train [23|896000] lr: 0.003430 Loss: 0.0024 Acc: 1.0000 UseTime: 178.096599
2017-12-19 15:17:36,186 : Train [23|1024000] lr: 0.003430 Loss: 0.0022 Acc: 1.0000 UseTime: 203.198370
2017-12-19 15:18:01,074 : Train [23|1152000] lr: 0.003430 Loss: 0.0022 Acc: 1.0000 UseTime: 228.085770
2017-12-19 15:18:26,117 : Train [23|1280000] lr: 0.003430 Loss: 0.0019 Acc: 1.0000 UseTime: 253.129339
2017-12-19 15:18:51,530 : Train [23|1408000] lr: 0.003430 Loss: 0.0020 Acc: 1.0000 UseTime: 278.542014
2017-12-19 15:19:16,372 : Train [23|1536000] lr: 0.003430 Loss: 0.0040 Acc: 1.0000 UseTime: 303.383655
2017-12-19 15:19:41,693 : Train [23|1664000] lr: 0.003430 Loss: 0.0027 Acc: 1.0000 UseTime: 328.705090
2017-12-19 15:20:06,648 : Train [23|1792000] lr: 0.003430 Loss: 0.0027 Acc: 1.0000 UseTime: 353.660300
2017-12-19 15:20:31,522 : Train [23|1920000] lr: 0.003430 Loss: 0.0030 Acc: 1.0000 UseTime: 378.534225
2017-12-19 15:20:56,436 : Train [23|2048000] lr: 0.003430 Loss: 0.0024 Acc: 1.0000 UseTime: 403.448569
2017-12-19 15:21:21,627 : Train [23|2176000] lr: 0.003430 Loss: 0.0024 Acc: 1.0000 UseTime: 428.638754
2017-12-19 15:21:46,633 : Train [23|2304000] lr: 0.003430 Loss: 0.0022 Acc: 1.0000 UseTime: 453.644759
2017-12-19 15:22:45,436 : EvalTotal acc: 0.748549 loss: 1.828373
2017-12-19 15:22:45,436 : -----------------------------------------------------------------
2017-12-19 15:23:13,333 : Train [24|128000] lr: 0.003430 Loss: 0.0029 Acc: 1.0000 UseTime: 27.895677
2017-12-19 15:23:38,160 : Train [24|256000] lr: 0.003430 Loss: 0.0027 Acc: 1.0000 UseTime: 52.723108
2017-12-19 15:24:02,827 : Train [24|384000] lr: 0.003430 Loss: 0.0024 Acc: 1.0000 UseTime: 77.390490
2017-12-19 15:24:27,471 : Train [24|512000] lr: 0.003430 Loss: 0.0026 Acc: 1.0000 UseTime: 102.034594
2017-12-19 15:24:52,133 : Train [24|640000] lr: 0.003430 Loss: 0.0026 Acc: 1.0000 UseTime: 126.695964
2017-12-19 15:25:16,829 : Train [24|768000] lr: 0.003430 Loss: 0.0034 Acc: 1.0000 UseTime: 151.392434
2017-12-19 15:25:41,875 : Train [24|896000] lr: 0.003430 Loss: 0.0024 Acc: 1.0000 UseTime: 176.437545
2017-12-19 15:26:06,563 : Train [24|1024000] lr: 0.003430 Loss: 0.0027 Acc: 1.0000 UseTime: 201.125940
2017-12-19 15:26:31,756 : Train [24|1152000] lr: 0.003430 Loss: 0.0023 Acc: 1.0000 UseTime: 226.319031
2017-12-19 15:26:56,464 : Train [24|1280000] lr: 0.003430 Loss: 0.0020 Acc: 1.0000 UseTime: 251.027220
2017-12-19 15:27:21,338 : Train [24|1408000] lr: 0.003430 Loss: 0.0024 Acc: 1.0000 UseTime: 275.901090
2017-12-19 15:27:46,049 : Train [24|1536000] lr: 0.003430 Loss: 0.0026 Acc: 1.0000 UseTime: 300.611833
2017-12-19 15:28:10,748 : Train [24|1664000] lr: 0.003430 Loss: 0.0042 Acc: 1.0000 UseTime: 325.311251
2017-12-19 15:28:35,841 : Train [24|1792000] lr: 0.003430 Loss: 0.0024 Acc: 1.0000 UseTime: 350.404413
2017-12-19 15:29:00,663 : Train [24|1920000] lr: 0.003430 Loss: 0.0039 Acc: 1.0000 UseTime: 375.226307
2017-12-19 15:29:25,440 : Train [24|2048000] lr: 0.003430 Loss: 0.0019 Acc: 1.0000 UseTime: 400.002813
2017-12-19 15:29:50,267 : Train [24|2176000] lr: 0.003430 Loss: 0.0023 Acc: 1.0000 UseTime: 424.830230
2017-12-19 15:30:15,110 : Train [24|2304000] lr: 0.003430 Loss: 0.0034 Acc: 1.0000 UseTime: 449.673373
2017-12-19 15:31:16,994 : EvalTotal acc: 0.748653 loss: 1.820449
2017-12-19 15:31:16,997 : -----------------------------------------------------------------
2017-12-19 15:31:46,511 : Train [25|128000] lr: 0.003430 Loss: 0.0026 Acc: 1.0000 UseTime: 29.513250
2017-12-19 15:32:11,851 : Train [25|256000] lr: 0.003430 Loss: 0.0023 Acc: 1.0000 UseTime: 54.853467
2017-12-19 15:32:36,988 : Train [25|384000] lr: 0.003430 Loss: 0.0023 Acc: 1.0000 UseTime: 79.990571
2017-12-19 15:33:02,014 : Train [25|512000] lr: 0.003430 Loss: 0.0021 Acc: 1.0000 UseTime: 105.016101
2017-12-19 15:33:27,242 : Train [25|640000] lr: 0.003430 Loss: 0.0020 Acc: 1.0000 UseTime: 130.244284
2017-12-19 15:33:52,340 : Train [25|768000] lr: 0.003430 Loss: 0.0023 Acc: 1.0000 UseTime: 155.342047
2017-12-19 15:34:17,395 : Train [25|896000] lr: 0.003430 Loss: 0.0035 Acc: 1.0000 UseTime: 180.397486
2017-12-19 15:34:42,439 : Train [25|1024000] lr: 0.003430 Loss: 0.0027 Acc: 1.0000 UseTime: 205.441551
2017-12-19 15:35:07,741 : Train [25|1152000] lr: 0.003430 Loss: 0.0029 Acc: 1.0000 UseTime: 230.743283
2017-12-19 15:35:32,723 : Train [25|1280000] lr: 0.003430 Loss: 0.0031 Acc: 1.0000 UseTime: 255.724708
2017-12-19 15:35:57,525 : Train [25|1408000] lr: 0.003430 Loss: 0.0019 Acc: 1.0000 UseTime: 280.527494
2017-12-19 15:36:22,566 : Train [25|1536000] lr: 0.003430 Loss: 0.0029 Acc: 1.0000 UseTime: 305.567896
2017-12-19 15:36:47,630 : Train [25|1664000] lr: 0.003430 Loss: 0.0019 Acc: 1.0000 UseTime: 330.632373
2017-12-19 15:37:12,819 : Train [25|1792000] lr: 0.003430 Loss: 0.0018 Acc: 1.0000 UseTime: 355.821556
2017-12-19 15:37:37,909 : Train [25|1920000] lr: 0.003430 Loss: 0.0022 Acc: 1.0000 UseTime: 380.910598
2017-12-19 15:38:02,989 : Train [25|2048000] lr: 0.003430 Loss: 0.0023 Acc: 1.0000 UseTime: 405.990933
2017-12-19 15:38:28,087 : Train [25|2176000] lr: 0.003430 Loss: 0.0028 Acc: 1.0000 UseTime: 431.089265
2017-12-19 15:38:53,184 : Train [25|2304000] lr: 0.003430 Loss: 0.0033 Acc: 1.0000 UseTime: 456.186570
2017-12-19 15:39:52,222 : EvalTotal acc: 0.748194 loss: 1.832583
2017-12-19 15:39:52,222 : -----------------------------------------------------------------
2017-12-19 15:40:20,656 : Train [26|128000] lr: 0.003430 Loss: 0.0026 Acc: 1.0000 UseTime: 28.433026
2017-12-19 15:40:45,933 : Train [26|256000] lr: 0.003430 Loss: 0.0023 Acc: 1.0000 UseTime: 53.710282
2017-12-19 15:41:10,836 : Train [26|384000] lr: 0.003430 Loss: 0.0025 Acc: 1.0000 UseTime: 78.613107
2017-12-19 15:41:35,764 : Train [26|512000] lr: 0.003430 Loss: 0.0019 Acc: 1.0000 UseTime: 103.540501
2017-12-19 15:42:00,564 : Train [26|640000] lr: 0.003430 Loss: 0.0035 Acc: 1.0000 UseTime: 128.341324
2017-12-19 15:42:25,392 : Train [26|768000] lr: 0.003430 Loss: 0.0023 Acc: 1.0000 UseTime: 153.168788
2017-12-19 15:42:50,340 : Train [26|896000] lr: 0.003430 Loss: 0.0029 Acc: 1.0000 UseTime: 178.117329
2017-12-19 15:43:15,067 : Train [26|1024000] lr: 0.003430 Loss: 0.0018 Acc: 1.0000 UseTime: 202.844499
2017-12-19 15:43:40,093 : Train [26|1152000] lr: 0.003430 Loss: 0.0029 Acc: 1.0000 UseTime: 227.870079
2017-12-19 15:44:04,931 : Train [26|1280000] lr: 0.003430 Loss: 0.0022 Acc: 1.0000 UseTime: 252.707543
2017-12-19 15:44:29,734 : Train [26|1408000] lr: 0.003430 Loss: 0.0025 Acc: 1.0000 UseTime: 277.510895
2017-12-19 15:44:54,619 : Train [26|1536000] lr: 0.003430 Loss: 0.0025 Acc: 1.0000 UseTime: 302.396392
2017-12-19 15:45:19,513 : Train [26|1664000] lr: 0.003430 Loss: 0.0032 Acc: 1.0000 UseTime: 327.289635
2017-12-19 15:45:44,593 : Train [26|1792000] lr: 0.003430 Loss: 0.0027 Acc: 1.0000 UseTime: 352.369479
2017-12-19 15:46:09,688 : Train [26|1920000] lr: 0.003430 Loss: 0.0042 Acc: 1.0000 UseTime: 377.464939
2017-12-19 15:46:34,829 : Train [26|2048000] lr: 0.003430 Loss: 0.0038 Acc: 1.0000 UseTime: 402.606172
2017-12-19 15:47:00,278 : Train [26|2176000] lr: 0.003430 Loss: 0.0027 Acc: 1.0000 UseTime: 428.054747
2017-12-19 15:47:25,578 : Train [26|2304000] lr: 0.003430 Loss: 0.0027 Acc: 1.0000 UseTime: 453.355198
2017-12-19 15:48:25,291 : EvalTotal acc: 0.748669 loss: 1.832289
2017-12-19 15:48:25,292 : -----------------------------------------------------------------
2017-12-19 15:48:53,595 : Train [27|128000] lr: 0.003430 Loss: 0.0019 Acc: 1.0000 UseTime: 28.301295
2017-12-19 15:49:18,540 : Train [27|256000] lr: 0.003430 Loss: 0.0025 Acc: 1.0000 UseTime: 53.246436
2017-12-19 15:49:43,393 : Train [27|384000] lr: 0.003430 Loss: 0.0024 Acc: 1.0000 UseTime: 78.099728
2017-12-19 15:50:08,117 : Train [27|512000] lr: 0.003430 Loss: 0.0017 Acc: 1.0000 UseTime: 102.823742
2017-12-19 15:50:32,963 : Train [27|640000] lr: 0.003430 Loss: 0.0029 Acc: 1.0000 UseTime: 127.669515
2017-12-19 15:50:57,922 : Train [27|768000] lr: 0.003430 Loss: 0.0018 Acc: 1.0000 UseTime: 152.628814
2017-12-19 15:51:22,763 : Train [27|896000] lr: 0.003430 Loss: 0.0038 Acc: 1.0000 UseTime: 177.469834
2017-12-19 15:51:48,137 : Train [27|1024000] lr: 0.003430 Loss: 0.0020 Acc: 1.0000 UseTime: 202.843337
2017-12-19 15:52:13,025 : Train [27|1152000] lr: 0.003430 Loss: 0.0029 Acc: 1.0000 UseTime: 227.731581
2017-12-19 15:52:37,848 : Train [27|1280000] lr: 0.003430 Loss: 0.0020 Acc: 1.0000 UseTime: 252.555170
2017-12-19 15:53:02,947 : Train [27|1408000] lr: 0.003430 Loss: 0.0037 Acc: 1.0000 UseTime: 277.654188
2017-12-19 15:53:27,676 : Train [27|1536000] lr: 0.003430 Loss: 0.0025 Acc: 1.0000 UseTime: 302.383228
2017-12-19 15:53:52,412 : Train [27|1664000] lr: 0.003430 Loss: 0.0039 Acc: 1.0000 UseTime: 327.119202
2017-12-19 15:54:17,335 : Train [27|1792000] lr: 0.003430 Loss: 0.0016 Acc: 1.0000 UseTime: 352.041811
2017-12-19 15:54:42,371 : Train [27|1920000] lr: 0.003430 Loss: 0.0020 Acc: 1.0000 UseTime: 377.078169
2017-12-19 15:55:07,088 : Train [27|2048000] lr: 0.003430 Loss: 0.0025 Acc: 1.0000 UseTime: 401.795273
2017-12-19 15:55:31,687 : Train [27|2176000] lr: 0.003430 Loss: 0.0029 Acc: 1.0000 UseTime: 426.393517
2017-12-19 15:55:56,336 : Train [27|2304000] lr: 0.003430 Loss: 0.0021 Acc: 1.0000 UseTime: 451.042809
2017-12-19 15:56:53,393 : EvalTotal acc: 0.748377 loss: 1.839213
2017-12-19 15:56:53,394 : -----------------------------------------------------------------
2017-12-19 15:57:21,074 : Train [28|128000] lr: 0.003430 Loss: 0.0022 Acc: 1.0000 UseTime: 27.679140
2017-12-19 15:57:45,783 : Train [28|256000] lr: 0.003430 Loss: 0.0015 Acc: 1.0000 UseTime: 52.388104
2017-12-19 15:58:11,115 : Train [28|384000] lr: 0.003430 Loss: 0.0033 Acc: 1.0000 UseTime: 77.720742
2017-12-19 15:58:36,165 : Train [28|512000] lr: 0.003430 Loss: 0.0026 Acc: 1.0000 UseTime: 102.769962
2017-12-19 15:59:00,946 : Train [28|640000] lr: 0.003430 Loss: 0.0015 Acc: 1.0000 UseTime: 127.551360
2017-12-19 15:59:25,665 : Train [28|768000] lr: 0.003430 Loss: 0.0020 Acc: 1.0000 UseTime: 152.270814
2017-12-19 15:59:50,373 : Train [28|896000] lr: 0.003430 Loss: 0.0021 Acc: 1.0000 UseTime: 176.978647
2017-12-19 16:00:15,151 : Train [28|1024000] lr: 0.003430 Loss: 0.0031 Acc: 1.0000 UseTime: 201.755975
2017-12-19 16:00:39,813 : Train [28|1152000] lr: 0.003430 Loss: 0.0021 Acc: 1.0000 UseTime: 226.418017
2017-12-19 16:01:04,398 : Train [28|1280000] lr: 0.003430 Loss: 0.0031 Acc: 1.0000 UseTime: 251.003573
2017-12-19 16:01:29,383 : Train [28|1408000] lr: 0.003430 Loss: 0.0038 Acc: 1.0000 UseTime: 275.988681
2017-12-19 16:01:54,194 : Train [28|1536000] lr: 0.003430 Loss: 0.0019 Acc: 1.0000 UseTime: 300.799878
2017-12-19 16:02:19,008 : Train [28|1664000] lr: 0.003430 Loss: 0.0023 Acc: 1.0000 UseTime: 325.613244
2017-12-19 16:02:43,879 : Train [28|1792000] lr: 0.003430 Loss: 0.0018 Acc: 1.0000 UseTime: 350.484590
2017-12-19 16:03:08,724 : Train [28|1920000] lr: 0.003430 Loss: 0.0024 Acc: 1.0000 UseTime: 375.329181
2017-12-19 16:03:33,772 : Train [28|2048000] lr: 0.003430 Loss: 0.0021 Acc: 1.0000 UseTime: 400.377370
2017-12-19 16:03:58,843 : Train [28|2176000] lr: 0.003430 Loss: 0.0031 Acc: 1.0000 UseTime: 425.448125
2017-12-19 16:04:24,136 : Train [28|2304000] lr: 0.003430 Loss: 0.0019 Acc: 1.0000 UseTime: 450.741098
2017-12-19 16:05:24,765 : EvalTotal acc: 0.748435 loss: 1.846813
2017-12-19 16:05:24,766 : -----------------------------------------------------------------
2017-12-19 16:05:53,605 : Train [29|128000] lr: 0.002401 Loss: 0.0020 Acc: 1.0000 UseTime: 28.838357
2017-12-19 16:06:18,937 : Train [29|256000] lr: 0.002401 Loss: 0.0020 Acc: 1.0000 UseTime: 54.169603
2017-12-19 16:06:44,080 : Train [29|384000] lr: 0.002401 Loss: 0.0028 Acc: 1.0000 UseTime: 79.312894
2017-12-19 16:07:09,488 : Train [29|512000] lr: 0.002401 Loss: 0.0022 Acc: 1.0000 UseTime: 104.720976
2017-12-19 16:07:34,642 : Train [29|640000] lr: 0.002401 Loss: 0.0016 Acc: 1.0000 UseTime: 129.875015
2017-12-19 16:08:00,008 : Train [29|768000] lr: 0.002401 Loss: 0.0023 Acc: 1.0000 UseTime: 155.240866
2017-12-19 16:08:25,118 : Train [29|896000] lr: 0.002401 Loss: 0.0021 Acc: 1.0000 UseTime: 180.351354
2017-12-19 16:08:50,910 : Train [29|1024000] lr: 0.002401 Loss: 0.0043 Acc: 1.0000 UseTime: 206.143256
2017-12-19 16:09:16,484 : Train [29|1152000] lr: 0.002401 Loss: 0.0021 Acc: 1.0000 UseTime: 231.717640
2017-12-19 16:09:42,019 : Train [29|1280000] lr: 0.002401 Loss: 0.0023 Acc: 1.0000 UseTime: 257.251810
2017-12-19 16:10:07,612 : Train [29|1408000] lr: 0.002401 Loss: 0.0015 Acc: 1.0000 UseTime: 282.844675
2017-12-19 16:10:33,367 : Train [29|1536000] lr: 0.002401 Loss: 0.0015 Acc: 1.0000 UseTime: 308.600093
2017-12-19 16:10:58,829 : Train [29|1664000] lr: 0.002401 Loss: 0.0026 Acc: 1.0000 UseTime: 334.062026
2017-12-19 16:11:24,324 : Train [29|1792000] lr: 0.002401 Loss: 0.0030 Acc: 1.0000 UseTime: 359.557233
2017-12-19 16:11:49,826 : Train [29|1920000] lr: 0.002401 Loss: 0.0029 Acc: 1.0000 UseTime: 385.059621
2017-12-19 16:12:15,515 : Train [29|2048000] lr: 0.002401 Loss: 0.0021 Acc: 1.0000 UseTime: 410.748256
2017-12-19 16:12:43,453 : Train [29|2176000] lr: 0.002401 Loss: 0.0022 Acc: 1.0000 UseTime: 438.686103
2017-12-19 16:13:08,686 : Train [29|2304000] lr: 0.002401 Loss: 0.0033 Acc: 1.0000 UseTime: 463.918853
2017-12-19 16:14:09,074 : EvalTotal acc: 0.749128 loss: 1.831799
2017-12-19 16:14:09,075 : -----------------------------------------------------------------
2017-12-19 16:14:37,690 : Train [30|128000] lr: 0.002401 Loss: 0.0024 Acc: 1.0000 UseTime: 28.613815
2017-12-19 16:15:02,921 : Train [30|256000] lr: 0.002401 Loss: 0.0019 Acc: 1.0000 UseTime: 53.845095
2017-12-19 16:15:27,938 : Train [30|384000] lr: 0.002401 Loss: 0.0026 Acc: 1.0000 UseTime: 78.861883
2017-12-19 16:15:53,200 : Train [30|512000] lr: 0.002401 Loss: 0.0020 Acc: 1.0000 UseTime: 104.123803
2017-12-19 16:16:18,412 : Train [30|640000] lr: 0.002401 Loss: 0.0034 Acc: 1.0000 UseTime: 129.336009
2017-12-19 16:16:43,717 : Train [30|768000] lr: 0.002401 Loss: 0.0021 Acc: 1.0000 UseTime: 154.641537
2017-12-19 16:17:09,059 : Train [30|896000] lr: 0.002401 Loss: 0.0028 Acc: 1.0000 UseTime: 179.983341
2017-12-19 16:17:34,504 : Train [30|1024000] lr: 0.002401 Loss: 0.0021 Acc: 1.0000 UseTime: 205.427875
2017-12-19 16:17:59,844 : Train [30|1152000] lr: 0.002401 Loss: 0.0027 Acc: 1.0000 UseTime: 230.768214
2017-12-19 16:18:25,375 : Train [30|1280000] lr: 0.002401 Loss: 0.0039 Acc: 1.0000 UseTime: 256.298675
2017-12-19 16:18:50,892 : Train [30|1408000] lr: 0.002401 Loss: 0.0018 Acc: 1.0000 UseTime: 281.815891
2017-12-19 16:19:16,827 : Train [30|1536000] lr: 0.002401 Loss: 0.0016 Acc: 1.0000 UseTime: 307.750513
2017-12-19 16:19:42,480 : Train [30|1664000] lr: 0.002401 Loss: 0.0023 Acc: 1.0000 UseTime: 333.404320
2017-12-19 16:20:08,221 : Train [30|1792000] lr: 0.002401 Loss: 0.0029 Acc: 1.0000 UseTime: 359.145086
2017-12-19 16:20:34,090 : Train [30|1920000] lr: 0.002401 Loss: 0.0026 Acc: 1.0000 UseTime: 385.014050
2017-12-19 16:20:59,943 : Train [30|2048000] lr: 0.002401 Loss: 0.0015 Acc: 1.0000 UseTime: 410.866455
2017-12-19 16:21:26,183 : Train [30|2176000] lr: 0.002401 Loss: 0.0014 Acc: 1.0000 UseTime: 437.107335
2017-12-19 16:21:52,271 : Train [30|2304000] lr: 0.002401 Loss: 0.0033 Acc: 1.0000 UseTime: 463.195038
2017-12-19 16:22:56,652 : EvalTotal acc: 0.748865 loss: 1.837561
2017-12-19 16:22:56,652 : -----------------------------------------------------------------
2017-12-19 16:23:26,478 : Train [31|128000] lr: 0.002401 Loss: 0.0022 Acc: 1.0000 UseTime: 29.824897
2017-12-19 16:23:51,913 : Train [31|256000] lr: 0.002401 Loss: 0.0020 Acc: 1.0000 UseTime: 55.259236
2017-12-19 16:24:17,421 : Train [31|384000] lr: 0.002401 Loss: 0.0018 Acc: 1.0000 UseTime: 80.767917
2017-12-19 16:24:42,959 : Train [31|512000] lr: 0.002401 Loss: 0.0020 Acc: 1.0000 UseTime: 106.306062
2017-12-19 16:25:08,732 : Train [31|640000] lr: 0.002401 Loss: 0.0021 Acc: 1.0000 UseTime: 132.078902
2017-12-19 16:25:34,269 : Train [31|768000] lr: 0.002401 Loss: 0.0019 Acc: 1.0000 UseTime: 157.615873
2017-12-19 16:25:59,714 : Train [31|896000] lr: 0.002401 Loss: 0.0022 Acc: 1.0000 UseTime: 183.060286
2017-12-19 16:26:25,452 : Train [31|1024000] lr: 0.002401 Loss: 0.0017 Acc: 1.0000 UseTime: 208.798919
2017-12-19 16:26:51,459 : Train [31|1152000] lr: 0.002401 Loss: 0.0027 Acc: 1.0000 UseTime: 234.805937
2017-12-19 16:27:17,203 : Train [31|1280000] lr: 0.002401 Loss: 0.0016 Acc: 1.0000 UseTime: 260.549461
2017-12-19 16:27:42,890 : Train [31|1408000] lr: 0.002401 Loss: 0.0025 Acc: 1.0000 UseTime: 286.236230
2017-12-19 16:28:08,778 : Train [31|1536000] lr: 0.002401 Loss: 0.0026 Acc: 1.0000 UseTime: 312.124250
2017-12-19 16:28:34,630 : Train [31|1664000] lr: 0.002401 Loss: 0.0026 Acc: 1.0000 UseTime: 337.976701
2017-12-19 16:29:00,248 : Train [31|1792000] lr: 0.002401 Loss: 0.0023 Acc: 1.0000 UseTime: 363.594550
2017-12-19 16:29:25,828 : Train [31|1920000] lr: 0.002401 Loss: 0.0022 Acc: 1.0000 UseTime: 389.174420
2017-12-19 16:29:51,579 : Train [31|2048000] lr: 0.002401 Loss: 0.0024 Acc: 1.0000 UseTime: 414.925597
2017-12-19 16:30:17,334 : Train [31|2176000] lr: 0.002401 Loss: 0.0029 Acc: 1.0000 UseTime: 440.680878
2017-12-19 16:30:43,154 : Train [31|2304000] lr: 0.002401 Loss: 0.0037 Acc: 1.0000 UseTime: 466.500137
2017-12-19 16:31:46,131 : EvalTotal acc: 0.749186 loss: 1.835647
2017-12-19 16:31:46,132 : -----------------------------------------------------------------
2017-12-19 16:32:16,005 : Train [32|128000] lr: 0.002401 Loss: 0.0027 Acc: 1.0000 UseTime: 29.869880
2017-12-19 16:32:41,447 : Train [32|256000] lr: 0.002401 Loss: 0.0022 Acc: 1.0000 UseTime: 55.311579
2017-12-19 16:33:07,101 : Train [32|384000] lr: 0.002401 Loss: 0.0022 Acc: 1.0000 UseTime: 80.965387
2017-12-19 16:33:32,427 : Train [32|512000] lr: 0.002401 Loss: 0.0035 Acc: 1.0000 UseTime: 106.292195
2017-12-19 16:33:58,061 : Train [32|640000] lr: 0.002401 Loss: 0.0021 Acc: 1.0000 UseTime: 131.925560
2017-12-19 16:34:23,425 : Train [32|768000] lr: 0.002401 Loss: 0.0019 Acc: 1.0000 UseTime: 157.289878
2017-12-19 16:34:48,851 : Train [32|896000] lr: 0.002401 Loss: 0.0024 Acc: 1.0000 UseTime: 182.716096
2017-12-19 16:35:14,210 : Train [32|1024000] lr: 0.002401 Loss: 0.0022 Acc: 1.0000 UseTime: 208.074929
2017-12-19 16:35:39,589 : Train [32|1152000] lr: 0.002401 Loss: 0.0025 Acc: 1.0000 UseTime: 233.453894
2017-12-19 16:36:05,084 : Train [32|1280000] lr: 0.002401 Loss: 0.0023 Acc: 1.0000 UseTime: 258.948351
2017-12-19 16:36:30,659 : Train [32|1408000] lr: 0.002401 Loss: 0.0029 Acc: 1.0000 UseTime: 284.523425
2017-12-19 16:36:56,215 : Train [32|1536000] lr: 0.002401 Loss: 0.0025 Acc: 1.0000 UseTime: 310.079302
2017-12-19 16:37:21,715 : Train [32|1664000] lr: 0.002401 Loss: 0.0024 Acc: 1.0000 UseTime: 335.579644
2017-12-19 16:37:47,133 : Train [32|1792000] lr: 0.002401 Loss: 0.0030 Acc: 1.0000 UseTime: 360.997764
2017-12-19 16:38:12,496 : Train [32|1920000] lr: 0.002401 Loss: 0.0023 Acc: 1.0000 UseTime: 386.361134
2017-12-19 16:38:37,936 : Train [32|2048000] lr: 0.002401 Loss: 0.0016 Acc: 1.0000 UseTime: 411.801037
2017-12-19 16:39:03,390 : Train [32|2176000] lr: 0.002401 Loss: 0.0015 Acc: 1.0000 UseTime: 437.254529
2017-12-19 16:39:28,963 : Train [32|2304000] lr: 0.002401 Loss: 0.0026 Acc: 1.0000 UseTime: 462.827751
2017-12-19 16:40:31,948 : EvalTotal acc: 0.748881 loss: 1.843862
2017-12-19 16:40:31,949 : -----------------------------------------------------------------
2017-12-19 16:41:01,641 : Train [33|128000] lr: 0.002401 Loss: 0.0023 Acc: 1.0000 UseTime: 29.689930
2017-12-19 16:41:26,952 : Train [33|256000] lr: 0.002401 Loss: 0.0023 Acc: 1.0000 UseTime: 55.001870
2017-12-19 16:41:52,771 : Train [33|384000] lr: 0.002401 Loss: 0.0017 Acc: 1.0000 UseTime: 80.820731
2017-12-19 16:42:18,177 : Train [33|512000] lr: 0.002401 Loss: 0.0020 Acc: 1.0000 UseTime: 106.226254
2017-12-19 16:42:43,792 : Train [33|640000] lr: 0.002401 Loss: 0.0022 Acc: 1.0000 UseTime: 131.841710
2017-12-19 16:43:09,541 : Train [33|768000] lr: 0.002401 Loss: 0.0019 Acc: 1.0000 UseTime: 157.590584
2017-12-19 16:43:34,981 : Train [33|896000] lr: 0.002401 Loss: 0.0018 Acc: 1.0000 UseTime: 183.030334
2017-12-19 16:44:00,480 : Train [33|1024000] lr: 0.002401 Loss: 0.0019 Acc: 1.0000 UseTime: 208.529362
2017-12-19 16:44:25,899 : Train [33|1152000] lr: 0.002401 Loss: 0.0020 Acc: 1.0000 UseTime: 233.948430
2017-12-19 16:44:51,355 : Train [33|1280000] lr: 0.002401 Loss: 0.0023 Acc: 1.0000 UseTime: 259.404722
2017-12-19 16:45:16,727 : Train [33|1408000] lr: 0.002401 Loss: 0.0020 Acc: 1.0000 UseTime: 284.776369
2017-12-19 16:45:42,198 : Train [33|1536000] lr: 0.002401 Loss: 0.0020 Acc: 1.0000 UseTime: 310.248113
2017-12-19 16:46:07,775 : Train [33|1664000] lr: 0.002401 Loss: 0.0021 Acc: 1.0000 UseTime: 335.824533
2017-12-19 16:46:33,023 : Train [33|1792000] lr: 0.002401 Loss: 0.0020 Acc: 1.0000 UseTime: 361.072342
2017-12-19 16:46:58,420 : Train [33|1920000] lr: 0.002401 Loss: 0.0018 Acc: 1.0000 UseTime: 386.469852
2017-12-19 16:47:24,255 : Train [33|2048000] lr: 0.002401 Loss: 0.0018 Acc: 1.0000 UseTime: 412.304421
2017-12-19 16:47:49,591 : Train [33|2176000] lr: 0.002401 Loss: 0.0018 Acc: 1.0000 UseTime: 437.640191
2017-12-19 16:48:14,892 : Train [33|2304000] lr: 0.002401 Loss: 0.0020 Acc: 1.0000 UseTime: 462.941162
2017-12-19 16:49:16,384 : EvalTotal acc: 0.749157 loss: 1.847669
2017-12-19 16:49:16,385 : -----------------------------------------------------------------
2017-12-19 16:49:45,252 : Train [34|128000] lr: 0.002401 Loss: 0.0039 Acc: 1.0000 UseTime: 28.864755
2017-12-19 16:50:10,985 : Train [34|256000] lr: 0.002401 Loss: 0.0021 Acc: 1.0000 UseTime: 54.597759
2017-12-19 16:50:36,493 : Train [34|384000] lr: 0.002401 Loss: 0.0024 Acc: 1.0000 UseTime: 80.105821
2017-12-19 16:51:02,128 : Train [34|512000] lr: 0.002401 Loss: 0.0026 Acc: 1.0000 UseTime: 105.740683
2017-12-19 16:51:27,838 : Train [34|640000] lr: 0.002401 Loss: 0.0030 Acc: 1.0000 UseTime: 131.450459
2017-12-19 16:51:53,428 : Train [34|768000] lr: 0.002401 Loss: 0.0013 Acc: 1.0000 UseTime: 157.040679
2017-12-19 16:52:19,054 : Train [34|896000] lr: 0.002401 Loss: 0.0025 Acc: 1.0000 UseTime: 182.666872
2017-12-19 16:52:44,627 : Train [34|1024000] lr: 0.002401 Loss: 0.0017 Acc: 1.0000 UseTime: 208.238787
2017-12-19 16:53:10,137 : Train [34|1152000] lr: 0.002401 Loss: 0.0020 Acc: 1.0000 UseTime: 233.749600
2017-12-19 16:53:35,623 : Train [34|1280000] lr: 0.002401 Loss: 0.0023 Acc: 1.0000 UseTime: 259.235053
2017-12-19 16:54:01,161 : Train [34|1408000] lr: 0.002401 Loss: 0.0019 Acc: 1.0000 UseTime: 284.773238
2017-12-19 16:54:26,732 : Train [34|1536000] lr: 0.002401 Loss: 0.0020 Acc: 1.0000 UseTime: 310.344508
2017-12-19 16:54:52,393 : Train [34|1664000] lr: 0.002401 Loss: 0.0017 Acc: 1.0000 UseTime: 336.005532
2017-12-19 16:55:17,887 : Train [34|1792000] lr: 0.002401 Loss: 0.0018 Acc: 1.0000 UseTime: 361.499526
2017-12-19 16:55:43,341 : Train [34|1920000] lr: 0.002401 Loss: 0.0028 Acc: 1.0000 UseTime: 386.953053
2017-12-19 16:56:08,983 : Train [34|2048000] lr: 0.002401 Loss: 0.0029 Acc: 1.0000 UseTime: 412.595906
2017-12-19 16:56:34,634 : Train [34|2176000] lr: 0.002401 Loss: 0.0019 Acc: 1.0000 UseTime: 438.246279
2017-12-19 16:57:00,607 : Train [34|2304000] lr: 0.002401 Loss: 0.0022 Acc: 1.0000 UseTime: 464.218946
2017-12-19 16:58:04,090 : EvalTotal acc: 0.749480 loss: 1.835726
2017-12-19 16:58:04,091 : -----------------------------------------------------------------
2017-12-19 16:58:34,303 : Train [35|128000] lr: 0.001681 Loss: 0.0032 Acc: 1.0000 UseTime: 30.211692
2017-12-19 16:59:00,109 : Train [35|256000] lr: 0.001681 Loss: 0.0014 Acc: 1.0000 UseTime: 56.017622
2017-12-19 16:59:25,712 : Train [35|384000] lr: 0.001681 Loss: 0.0026 Acc: 1.0000 UseTime: 81.620389
2017-12-19 16:59:51,257 : Train [35|512000] lr: 0.001681 Loss: 0.0021 Acc: 1.0000 UseTime: 107.165723
2017-12-19 17:00:16,909 : Train [35|640000] lr: 0.001681 Loss: 0.0021 Acc: 1.0000 UseTime: 132.817612
2017-12-19 17:00:42,546 : Train [35|768000] lr: 0.001681 Loss: 0.0016 Acc: 1.0000 UseTime: 158.454280
2017-12-19 17:01:08,011 : Train [35|896000] lr: 0.001681 Loss: 0.0016 Acc: 1.0000 UseTime: 183.919842
2017-12-19 17:01:33,590 : Train [35|1024000] lr: 0.001681 Loss: 0.0018 Acc: 1.0000 UseTime: 209.497955
2017-12-19 17:01:59,135 : Train [35|1152000] lr: 0.001681 Loss: 0.0017 Acc: 1.0000 UseTime: 235.043658
2017-12-19 17:02:24,869 : Train [35|1280000] lr: 0.001681 Loss: 0.0016 Acc: 1.0000 UseTime: 260.777718
2017-12-19 17:02:50,394 : Train [35|1408000] lr: 0.001681 Loss: 0.0016 Acc: 1.0000 UseTime: 286.302115
2017-12-19 17:03:16,230 : Train [35|1536000] lr: 0.001681 Loss: 0.0016 Acc: 1.0000 UseTime: 312.138292
2017-12-19 17:03:42,036 : Train [35|1664000] lr: 0.001681 Loss: 0.0019 Acc: 1.0000 UseTime: 337.944794
2017-12-19 17:04:07,508 : Train [35|1792000] lr: 0.001681 Loss: 0.0040 Acc: 1.0000 UseTime: 363.416076
2017-12-19 17:04:33,262 : Train [35|1920000] lr: 0.001681 Loss: 0.0021 Acc: 1.0000 UseTime: 389.170679
2017-12-19 17:04:58,677 : Train [35|2048000] lr: 0.001681 Loss: 0.0018 Acc: 1.0000 UseTime: 414.585077
2017-12-19 17:05:24,154 : Train [35|2176000] lr: 0.001681 Loss: 0.0013 Acc: 1.0000 UseTime: 440.062051
2017-12-19 17:05:49,690 : Train [35|2304000] lr: 0.001681 Loss: 0.0021 Acc: 1.0000 UseTime: 465.598973
2017-12-19 17:06:53,511 : EvalTotal acc: 0.749288 loss: 1.844684
2017-12-19 17:06:53,512 : -----------------------------------------------------------------
2017-12-19 17:07:23,186 : Train [36|128000] lr: 0.001681 Loss: 0.0012 Acc: 1.0000 UseTime: 29.672777
2017-12-19 17:07:48,679 : Train [36|256000] lr: 0.001681 Loss: 0.0021 Acc: 1.0000 UseTime: 55.166352
2017-12-19 17:08:14,205 : Train [36|384000] lr: 0.001681 Loss: 0.0023 Acc: 1.0000 UseTime: 80.691801
2017-12-19 17:08:39,734 : Train [36|512000] lr: 0.001681 Loss: 0.0017 Acc: 1.0000 UseTime: 106.221436
2017-12-19 17:09:05,471 : Train [36|640000] lr: 0.001681 Loss: 0.0024 Acc: 1.0000 UseTime: 131.958563
2017-12-19 17:09:31,105 : Train [36|768000] lr: 0.001681 Loss: 0.0026 Acc: 1.0000 UseTime: 157.592467
2017-12-19 17:09:56,599 : Train [36|896000] lr: 0.001681 Loss: 0.0017 Acc: 1.0000 UseTime: 183.086176
2017-12-19 17:10:22,220 : Train [36|1024000] lr: 0.001681 Loss: 0.0014 Acc: 1.0000 UseTime: 208.706767
2017-12-19 17:10:47,626 : Train [36|1152000] lr: 0.001681 Loss: 0.0020 Acc: 1.0000 UseTime: 234.113452
2017-12-19 17:11:13,135 : Train [36|1280000] lr: 0.001681 Loss: 0.0019 Acc: 1.0000 UseTime: 259.622024
2017-12-19 17:11:38,705 : Train [36|1408000] lr: 0.001681 Loss: 0.0019 Acc: 1.0000 UseTime: 285.192717
2017-12-19 17:12:04,182 : Train [36|1536000] lr: 0.001681 Loss: 0.0015 Acc: 1.0000 UseTime: 310.669321
2017-12-19 17:12:29,834 : Train [36|1664000] lr: 0.001681 Loss: 0.0020 Acc: 1.0000 UseTime: 336.321138
2017-12-19 17:12:55,450 : Train [36|1792000] lr: 0.001681 Loss: 0.0019 Acc: 1.0000 UseTime: 361.936791
2017-12-19 17:13:20,953 : Train [36|1920000] lr: 0.001681 Loss: 0.0024 Acc: 1.0000 UseTime: 387.440461
2017-12-19 17:13:46,401 : Train [36|2048000] lr: 0.001681 Loss: 0.0034 Acc: 1.0000 UseTime: 412.888491
2017-12-19 17:14:12,118 : Train [36|2176000] lr: 0.001681 Loss: 0.0017 Acc: 1.0000 UseTime: 438.605404
2017-12-19 17:14:37,663 : Train [36|2304000] lr: 0.001681 Loss: 0.0022 Acc: 1.0000 UseTime: 464.150686
2017-12-19 17:15:40,542 : EvalTotal acc: 0.749097 loss: 1.848210
2017-12-19 17:15:40,542 : -----------------------------------------------------------------
2017-12-19 17:16:11,043 : Train [37|128000] lr: 0.001681 Loss: 0.0021 Acc: 1.0000 UseTime: 30.499727
2017-12-19 17:16:36,543 : Train [37|256000] lr: 0.001681 Loss: 0.0025 Acc: 1.0000 UseTime: 55.999760
2017-12-19 17:17:02,255 : Train [37|384000] lr: 0.001681 Loss: 0.0021 Acc: 1.0000 UseTime: 81.711396
2017-12-19 17:17:27,881 : Train [37|512000] lr: 0.001681 Loss: 0.0013 Acc: 1.0000 UseTime: 107.337390
2017-12-19 17:17:53,297 : Train [37|640000] lr: 0.001681 Loss: 0.0022 Acc: 1.0000 UseTime: 132.754057
2017-12-19 17:18:18,662 : Train [37|768000] lr: 0.001681 Loss: 0.0018 Acc: 1.0000 UseTime: 158.118297
2017-12-19 17:18:44,177 : Train [37|896000] lr: 0.001681 Loss: 0.0020 Acc: 1.0000 UseTime: 183.633247
2017-12-19 17:19:09,560 : Train [37|1024000] lr: 0.001681 Loss: 0.0023 Acc: 1.0000 UseTime: 209.016769
2017-12-19 17:19:35,162 : Train [37|1152000] lr: 0.001681 Loss: 0.0025 Acc: 1.0000 UseTime: 234.618969
2017-12-19 17:20:00,563 : Train [37|1280000] lr: 0.001681 Loss: 0.0018 Acc: 1.0000 UseTime: 260.019741
2017-12-19 17:20:25,982 : Train [37|1408000] lr: 0.001681 Loss: 0.0019 Acc: 1.0000 UseTime: 285.436848
2017-12-19 17:20:51,696 : Train [37|1536000] lr: 0.001681 Loss: 0.0017 Acc: 1.0000 UseTime: 311.152333
2017-12-19 17:21:17,216 : Train [37|1664000] lr: 0.001681 Loss: 0.0017 Acc: 1.0000 UseTime: 336.672631
2017-12-19 17:21:42,713 : Train [37|1792000] lr: 0.001681 Loss: 0.0015 Acc: 1.0000 UseTime: 362.169940
2017-12-19 17:22:08,352 : Train [37|1920000] lr: 0.001681 Loss: 0.0017 Acc: 1.0000 UseTime: 387.809028
2017-12-19 17:22:33,635 : Train [37|2048000] lr: 0.001681 Loss: 0.0019 Acc: 1.0000 UseTime: 413.092156
2017-12-19 17:22:59,267 : Train [37|2176000] lr: 0.001681 Loss: 0.0018 Acc: 1.0000 UseTime: 438.723820
2017-12-19 17:23:24,835 : Train [37|2304000] lr: 0.001681 Loss: 0.0021 Acc: 1.0000 UseTime: 464.292092
2017-12-19 17:24:28,301 : EvalTotal acc: 0.749351 loss: 1.844880
2017-12-19 17:24:28,302 : -----------------------------------------------------------------
2017-12-19 17:24:59,211 : Train [38|128000] lr: 0.001681 Loss: 0.0021 Acc: 1.0000 UseTime: 30.908393
2017-12-19 17:25:24,470 : Train [38|256000] lr: 0.001681 Loss: 0.0029 Acc: 1.0000 UseTime: 56.167239
2017-12-19 17:25:49,815 : Train [38|384000] lr: 0.001681 Loss: 0.0019 Acc: 1.0000 UseTime: 81.511649
2017-12-19 17:26:15,110 : Train [38|512000] lr: 0.001681 Loss: 0.0022 Acc: 1.0000 UseTime: 106.807210
2017-12-19 17:26:40,665 : Train [38|640000] lr: 0.001681 Loss: 0.0020 Acc: 1.0000 UseTime: 132.362429
2017-12-19 17:27:05,813 : Train [38|768000] lr: 0.001681 Loss: 0.0020 Acc: 1.0000 UseTime: 157.510499
2017-12-19 17:27:31,420 : Train [38|896000] lr: 0.001681 Loss: 0.0023 Acc: 1.0000 UseTime: 183.117235
2017-12-19 17:27:56,632 : Train [38|1024000] lr: 0.001681 Loss: 0.0015 Acc: 1.0000 UseTime: 208.329152
2017-12-19 17:28:21,945 : Train [38|1152000] lr: 0.001681 Loss: 0.0017 Acc: 1.0000 UseTime: 233.641795
2017-12-19 17:28:47,142 : Train [38|1280000] lr: 0.001681 Loss: 0.0016 Acc: 1.0000 UseTime: 258.839051
2017-12-19 17:29:12,628 : Train [38|1408000] lr: 0.001681 Loss: 0.0018 Acc: 1.0000 UseTime: 284.324858
2017-12-19 17:29:37,680 : Train [38|1536000] lr: 0.001681 Loss: 0.0016 Acc: 1.0000 UseTime: 309.377494
2017-12-19 17:30:03,079 : Train [38|1664000] lr: 0.001681 Loss: 0.0024 Acc: 1.0000 UseTime: 334.775625
2017-12-19 17:30:28,313 : Train [38|1792000] lr: 0.001681 Loss: 0.0021 Acc: 1.0000 UseTime: 360.009676
2017-12-19 17:30:53,605 : Train [38|1920000] lr: 0.001681 Loss: 0.0029 Acc: 1.0000 UseTime: 385.302275
2017-12-19 17:31:19,005 : Train [38|2048000] lr: 0.001681 Loss: 0.0031 Acc: 1.0000 UseTime: 410.702169
2017-12-19 17:31:44,741 : Train [38|2176000] lr: 0.001681 Loss: 0.0015 Acc: 1.0000 UseTime: 436.437621
2017-12-19 17:32:10,064 : Train [38|2304000] lr: 0.001681 Loss: 0.0024 Acc: 1.0000 UseTime: 461.761504
2017-12-19 17:33:11,845 : EvalTotal acc: 0.749491 loss: 1.847699
2017-12-19 17:33:11,846 : -----------------------------------------------------------------
2017-12-19 17:33:41,088 : Train [39|128000] lr: 0.001681 Loss: 0.0034 Acc: 1.0000 UseTime: 29.240262
2017-12-19 17:34:06,539 : Train [39|256000] lr: 0.001681 Loss: 0.0013 Acc: 1.0000 UseTime: 54.691782
2017-12-19 17:34:31,906 : Train [39|384000] lr: 0.001681 Loss: 0.0021 Acc: 1.0000 UseTime: 80.058289
2017-12-19 17:34:57,243 : Train [39|512000] lr: 0.001681 Loss: 0.0022 Acc: 1.0000 UseTime: 105.395308
2017-12-19 17:35:22,537 : Train [39|640000] lr: 0.001681 Loss: 0.0019 Acc: 1.0000 UseTime: 130.689816
2017-12-19 17:35:47,833 : Train [39|768000] lr: 0.001681 Loss: 0.0030 Acc: 1.0000 UseTime: 155.985799
2017-12-19 17:36:13,182 : Train [39|896000] lr: 0.001681 Loss: 0.0018 Acc: 1.0000 UseTime: 181.334256
2017-12-19 17:36:38,386 : Train [39|1024000] lr: 0.001681 Loss: 0.0017 Acc: 1.0000 UseTime: 206.538656
2017-12-19 17:37:04,210 : Train [39|1152000] lr: 0.001681 Loss: 0.0020 Acc: 1.0000 UseTime: 232.362596
2017-12-19 17:37:29,665 : Train [39|1280000] lr: 0.001681 Loss: 0.0017 Acc: 1.0000 UseTime: 257.817543
2017-12-19 17:37:54,731 : Train [39|1408000] lr: 0.001681 Loss: 0.0036 Acc: 1.0000 UseTime: 282.884013
2017-12-19 17:38:20,000 : Train [39|1536000] lr: 0.001681 Loss: 0.0030 Acc: 1.0000 UseTime: 308.152961
2017-12-19 17:38:45,591 : Train [39|1664000] lr: 0.001681 Loss: 0.0020 Acc: 1.0000 UseTime: 333.743961
2017-12-19 17:39:10,696 : Train [39|1792000] lr: 0.001681 Loss: 0.0022 Acc: 1.0000 UseTime: 358.848702
2017-12-19 17:39:35,626 : Train [39|1920000] lr: 0.001681 Loss: 0.0020 Acc: 1.0000 UseTime: 383.779008
2017-12-19 17:40:00,747 : Train [39|2048000] lr: 0.001681 Loss: 0.0022 Acc: 1.0000 UseTime: 408.899769
2017-12-19 17:40:26,325 : Train [39|2176000] lr: 0.001681 Loss: 0.0018 Acc: 1.0000 UseTime: 434.477791
2017-12-19 17:40:51,587 : Train [39|2304000] lr: 0.001681 Loss: 0.0016 Acc: 1.0000 UseTime: 459.739162
2017-12-19 17:41:52,357 : EvalTotal acc: 0.749511 loss: 1.848746
2017-12-19 17:41:52,357 : -----------------------------------------------------------------
2017-12-19 17:42:21,209 : Train [40|128000] lr: 0.001681 Loss: 0.0015 Acc: 1.0000 UseTime: 28.850681
2017-12-19 17:42:46,585 : Train [40|256000] lr: 0.001681 Loss: 0.0022 Acc: 1.0000 UseTime: 54.226688
2017-12-19 17:43:11,711 : Train [40|384000] lr: 0.001681 Loss: 0.0023 Acc: 1.0000 UseTime: 79.352399
2017-12-19 17:43:37,072 : Train [40|512000] lr: 0.001681 Loss: 0.0021 Acc: 1.0000 UseTime: 104.713984
2017-12-19 17:44:02,548 : Train [40|640000] lr: 0.001681 Loss: 0.0021 Acc: 1.0000 UseTime: 130.189938
2017-12-19 17:44:27,888 : Train [40|768000] lr: 0.001681 Loss: 0.0015 Acc: 1.0000 UseTime: 155.529264
2017-12-19 17:44:53,145 : Train [40|896000] lr: 0.001681 Loss: 0.0021 Acc: 1.0000 UseTime: 180.786649
2017-12-19 17:45:18,403 : Train [40|1024000] lr: 0.001681 Loss: 0.0019 Acc: 1.0000 UseTime: 206.044487
2017-12-19 17:45:43,589 : Train [40|1152000] lr: 0.001681 Loss: 0.0022 Acc: 1.0000 UseTime: 231.230847
2017-12-19 17:46:08,739 : Train [40|1280000] lr: 0.001681 Loss: 0.0024 Acc: 1.0000 UseTime: 256.380286
2017-12-19 17:46:34,072 : Train [40|1408000] lr: 0.001681 Loss: 0.0015 Acc: 1.0000 UseTime: 281.713547
2017-12-19 17:46:59,327 : Train [40|1536000] lr: 0.001681 Loss: 0.0023 Acc: 1.0000 UseTime: 306.968116
2017-12-19 17:47:24,571 : Train [40|1664000] lr: 0.001681 Loss: 0.0028 Acc: 1.0000 UseTime: 332.212165
2017-12-19 17:47:49,784 : Train [40|1792000] lr: 0.001681 Loss: 0.0017 Acc: 1.0000 UseTime: 357.425613
2017-12-19 17:48:15,107 : Train [40|1920000] lr: 0.001681 Loss: 0.0018 Acc: 1.0000 UseTime: 382.748832
2017-12-19 17:48:40,249 : Train [40|2048000] lr: 0.001681 Loss: 0.0021 Acc: 1.0000 UseTime: 407.890293
2017-12-19 17:49:05,513 : Train [40|2176000] lr: 0.001681 Loss: 0.0015 Acc: 1.0000 UseTime: 433.154139
2017-12-19 17:49:30,845 : Train [40|2304000] lr: 0.001681 Loss: 0.0015 Acc: 1.0000 UseTime: 458.486618
2017-12-19 17:50:33,381 : EvalTotal acc: 0.749250 loss: 1.851333
2017-12-19 17:50:33,382 : -----------------------------------------------------------------
2017-12-19 17:51:02,899 : Train [41|128000] lr: 0.001176 Loss: 0.0036 Acc: 1.0000 UseTime: 29.516082
2017-12-19 17:51:28,105 : Train [41|256000] lr: 0.001176 Loss: 0.0016 Acc: 1.0000 UseTime: 54.722646
2017-12-19 17:51:53,365 : Train [41|384000] lr: 0.001176 Loss: 0.0015 Acc: 1.0000 UseTime: 79.982438
2017-12-19 17:52:18,848 : Train [41|512000] lr: 0.001176 Loss: 0.0022 Acc: 1.0000 UseTime: 105.465303
2017-12-19 17:52:44,105 : Train [41|640000] lr: 0.001176 Loss: 0.0018 Acc: 1.0000 UseTime: 130.722690
2017-12-19 17:53:09,395 : Train [41|768000] lr: 0.001176 Loss: 0.0020 Acc: 1.0000 UseTime: 156.012501
2017-12-19 17:53:34,831 : Train [41|896000] lr: 0.001176 Loss: 0.0016 Acc: 1.0000 UseTime: 181.448392
2017-12-19 17:54:00,129 : Train [41|1024000] lr: 0.001176 Loss: 0.0020 Acc: 1.0000 UseTime: 206.746298
2017-12-19 17:54:25,474 : Train [41|1152000] lr: 0.001176 Loss: 0.0014 Acc: 1.0000 UseTime: 232.091253
2017-12-19 17:54:50,867 : Train [41|1280000] lr: 0.001176 Loss: 0.0016 Acc: 1.0000 UseTime: 257.484095
2017-12-19 17:55:16,130 : Train [41|1408000] lr: 0.001176 Loss: 0.0029 Acc: 1.0000 UseTime: 282.747228
2017-12-19 17:55:41,533 : Train [41|1536000] lr: 0.001176 Loss: 0.0017 Acc: 1.0000 UseTime: 308.150252
2017-12-19 17:56:06,656 : Train [41|1664000] lr: 0.001176 Loss: 0.0014 Acc: 1.0000 UseTime: 333.273033
2017-12-19 17:56:31,803 : Train [41|1792000] lr: 0.001176 Loss: 0.0019 Acc: 1.0000 UseTime: 358.420692
2017-12-19 17:56:57,067 : Train [41|1920000] lr: 0.001176 Loss: 0.0023 Acc: 1.0000 UseTime: 383.683942
2017-12-19 17:57:22,218 : Train [41|2048000] lr: 0.001176 Loss: 0.0021 Acc: 1.0000 UseTime: 408.835909
2017-12-19 17:57:47,466 : Train [41|2176000] lr: 0.001176 Loss: 0.0018 Acc: 1.0000 UseTime: 434.083884
2017-12-19 17:58:12,660 : Train [41|2304000] lr: 0.001176 Loss: 0.0026 Acc: 1.0000 UseTime: 459.277481
