2017-12-12 17:27:43,736 - INFO: 


2017-12-12 17:27:43,736 - INFO: -----------------------------------------------------------
2017-12-12 17:27:43,736 - INFO: ['train_network.py']_30_0.01_512_100_0.9_1e-06_

2017-12-12 17:27:43,736 - INFO: -----------------------------------------------------------
2017-12-12 17:27:47,355 - INFO: Load [(data, labs),...,] usetime: 3.618692
2017-12-12 17:27:48,909 - INFO: process usetime: 5.172237
2017-12-12 17:27:48,909 - INFO: Len(data): 1011736 Shape(data): (1, 40, 40)
2017-12-12 17:27:50,152 - INFO: Load [(data, labs),...,] usetime: 1.224882
2017-12-12 17:27:50,568 - INFO: process usetime: 1.640672
2017-12-12 17:27:50,568 - INFO: Len(data): 268990 Shape(data): (1, 40, 40)
2017-12-12 17:27:50,577 - INFO: -----------------------------------------------------------
2017-12-12 17:28:17,921 - INFO: Train [1|51200] lr: 0.010000 Loss: 9.0482 Acc: 0.0039 BatchTime: 16.640392
2017-12-12 17:28:32,392 - INFO: Train [1|102400] lr: 0.010000 Loss: 8.8444 Acc: 0.0039 BatchTime: 31.110811
2017-12-12 17:28:46,828 - INFO: Train [1|153600] lr: 0.010000 Loss: 8.6318 Acc: 0.0039 BatchTime: 45.547005
2017-12-12 17:29:01,314 - INFO: Train [1|204800] lr: 0.010000 Loss: 8.4452 Acc: 0.0020 BatchTime: 60.033272
2017-12-12 17:29:15,812 - INFO: Train [1|256000] lr: 0.010000 Loss: 8.0048 Acc: 0.0039 BatchTime: 74.531113
2017-12-12 17:29:30,329 - INFO: Train [1|307200] lr: 0.010000 Loss: 7.7049 Acc: 0.0156 BatchTime: 89.048614
2017-12-12 17:29:44,803 - INFO: Train [1|358400] lr: 0.010000 Loss: 7.2986 Acc: 0.0215 BatchTime: 103.521950
2017-12-12 17:29:59,278 - INFO: Train [1|409600] lr: 0.010000 Loss: 7.0360 Acc: 0.0215 BatchTime: 117.997564
2017-12-12 17:30:13,762 - INFO: Train [1|460800] lr: 0.010000 Loss: 6.6476 Acc: 0.0430 BatchTime: 132.480754
2017-12-12 17:30:28,247 - INFO: Train [1|512000] lr: 0.010000 Loss: 6.3395 Acc: 0.0410 BatchTime: 146.966581
2017-12-12 17:30:42,774 - INFO: Train [1|563200] lr: 0.010000 Loss: 6.0976 Acc: 0.0469 BatchTime: 161.493573
2017-12-12 17:30:57,303 - INFO: Train [1|614400] lr: 0.010000 Loss: 5.8190 Acc: 0.0645 BatchTime: 176.022546
2017-12-12 17:31:11,873 - INFO: Train [1|665600] lr: 0.010000 Loss: 5.5914 Acc: 0.0605 BatchTime: 190.592296
2017-12-12 17:31:26,522 - INFO: Train [1|716800] lr: 0.010000 Loss: 5.3056 Acc: 0.1016 BatchTime: 205.241132
2017-12-12 17:31:41,048 - INFO: Train [1|768000] lr: 0.010000 Loss: 4.9660 Acc: 0.1250 BatchTime: 219.766858
2017-12-12 17:31:55,555 - INFO: Train [1|819200] lr: 0.010000 Loss: 4.6495 Acc: 0.1562 BatchTime: 234.274200
2017-12-12 17:32:10,080 - INFO: Train [1|870400] lr: 0.010000 Loss: 4.5965 Acc: 0.1582 BatchTime: 248.799466
2017-12-12 17:32:24,587 - INFO: Train [1|921600] lr: 0.010000 Loss: 4.3437 Acc: 0.2109 BatchTime: 263.305972
2017-12-12 17:32:39,088 - INFO: Train [1|972800] lr: 0.010000 Loss: 4.0401 Acc: 0.2324 BatchTime: 277.806728
2017-12-12 17:33:17,723 - INFO: EvalTotal acc: 0.096498 loss: 5.261143
2017-12-12 17:33:17,724 - INFO: -----------------------------------------------------------
2017-12-12 17:33:33,775 - INFO: Train [2|51200] lr: 0.010000 Loss: 3.4186 Acc: 0.3164 BatchTime: 16.050726
2017-12-12 17:33:48,288 - INFO: Train [2|102400] lr: 0.010000 Loss: 3.6254 Acc: 0.2949 BatchTime: 30.563252
2017-12-12 17:34:02,822 - INFO: Train [2|153600] lr: 0.010000 Loss: 3.2831 Acc: 0.3301 BatchTime: 45.097196
2017-12-12 17:34:17,356 - INFO: Train [2|204800] lr: 0.010000 Loss: 3.0951 Acc: 0.3887 BatchTime: 59.632054
2017-12-12 17:34:31,868 - INFO: Train [2|256000] lr: 0.010000 Loss: 2.9800 Acc: 0.3926 BatchTime: 74.143362
2017-12-12 17:34:46,403 - INFO: Train [2|307200] lr: 0.010000 Loss: 2.9742 Acc: 0.3887 BatchTime: 88.678849
2017-12-12 17:35:00,932 - INFO: Train [2|358400] lr: 0.010000 Loss: 2.6771 Acc: 0.4766 BatchTime: 103.207653
2017-12-12 17:35:15,459 - INFO: Train [2|409600] lr: 0.010000 Loss: 2.7353 Acc: 0.4473 BatchTime: 117.734590
2017-12-12 17:35:29,991 - INFO: Train [2|460800] lr: 0.010000 Loss: 2.7252 Acc: 0.4453 BatchTime: 132.266389
2017-12-12 17:35:44,561 - INFO: Train [2|512000] lr: 0.010000 Loss: 2.6249 Acc: 0.4180 BatchTime: 146.836464
2017-12-12 17:35:59,119 - INFO: Train [2|563200] lr: 0.010000 Loss: 2.2184 Acc: 0.5293 BatchTime: 161.394208
2017-12-12 17:36:13,640 - INFO: Train [2|614400] lr: 0.010000 Loss: 2.1846 Acc: 0.5410 BatchTime: 175.916062
2017-12-12 17:36:28,200 - INFO: Train [2|665600] lr: 0.010000 Loss: 2.1108 Acc: 0.5156 BatchTime: 190.475708
2017-12-12 17:36:42,704 - INFO: Train [2|716800] lr: 0.010000 Loss: 2.0867 Acc: 0.5312 BatchTime: 204.979068
2017-12-12 17:36:57,230 - INFO: Train [2|768000] lr: 0.010000 Loss: 1.9773 Acc: 0.5703 BatchTime: 219.505868
2017-12-12 17:37:11,756 - INFO: Train [2|819200] lr: 0.010000 Loss: 1.8683 Acc: 0.6152 BatchTime: 234.031865
2017-12-12 17:37:26,292 - INFO: Train [2|870400] lr: 0.010000 Loss: 1.7938 Acc: 0.5898 BatchTime: 248.567810
2017-12-12 17:37:40,816 - INFO: Train [2|921600] lr: 0.010000 Loss: 1.7003 Acc: 0.6230 BatchTime: 263.091399
2017-12-12 17:37:55,331 - INFO: Train [2|972800] lr: 0.010000 Loss: 1.6123 Acc: 0.6445 BatchTime: 277.607064
2017-12-12 17:38:33,638 - INFO: EvalTotal acc: 0.165887 loss: 4.806302
2017-12-12 17:38:33,639 - INFO: -----------------------------------------------------------
2017-12-12 17:38:49,734 - INFO: Train [3|51200] lr: 0.010000 Loss: 1.5213 Acc: 0.6855 BatchTime: 16.093605
2017-12-12 17:39:04,254 - INFO: Train [3|102400] lr: 0.010000 Loss: 1.3394 Acc: 0.6738 BatchTime: 30.614130
2017-12-12 17:39:18,786 - INFO: Train [3|153600] lr: 0.010000 Loss: 1.3393 Acc: 0.6934 BatchTime: 45.145790
2017-12-12 17:39:33,292 - INFO: Train [3|204800] lr: 0.010000 Loss: 1.2957 Acc: 0.7285 BatchTime: 59.652337
2017-12-12 17:39:47,819 - INFO: Train [3|256000] lr: 0.010000 Loss: 1.2416 Acc: 0.7266 BatchTime: 74.179291
2017-12-12 17:40:02,387 - INFO: Train [3|307200] lr: 0.010000 Loss: 1.3361 Acc: 0.6758 BatchTime: 88.746849
2017-12-12 17:40:16,901 - INFO: Train [3|358400] lr: 0.010000 Loss: 1.1640 Acc: 0.7207 BatchTime: 103.261496
2017-12-12 17:40:31,428 - INFO: Train [3|409600] lr: 0.010000 Loss: 1.1031 Acc: 0.7539 BatchTime: 117.788344
2017-12-12 17:40:45,948 - INFO: Train [3|460800] lr: 0.010000 Loss: 1.1653 Acc: 0.7148 BatchTime: 132.308062
2017-12-12 17:41:00,429 - INFO: Train [3|512000] lr: 0.010000 Loss: 1.0306 Acc: 0.7793 BatchTime: 146.789380
2017-12-12 17:41:14,929 - INFO: Train [3|563200] lr: 0.010000 Loss: 1.0848 Acc: 0.7480 BatchTime: 161.288819
2017-12-12 17:41:29,473 - INFO: Train [3|614400] lr: 0.010000 Loss: 1.0305 Acc: 0.7617 BatchTime: 175.832846
2017-12-12 17:41:44,020 - INFO: Train [3|665600] lr: 0.010000 Loss: 1.0041 Acc: 0.7695 BatchTime: 190.379950
2017-12-12 17:41:58,539 - INFO: Train [3|716800] lr: 0.010000 Loss: 0.9265 Acc: 0.7871 BatchTime: 204.899490
2017-12-12 17:42:13,050 - INFO: Train [3|768000] lr: 0.010000 Loss: 0.9821 Acc: 0.7812 BatchTime: 219.409813
2017-12-12 17:42:27,552 - INFO: Train [3|819200] lr: 0.010000 Loss: 1.0184 Acc: 0.7598 BatchTime: 233.911745
2017-12-12 17:42:42,082 - INFO: Train [3|870400] lr: 0.010000 Loss: 0.8708 Acc: 0.8027 BatchTime: 248.442304
2017-12-12 17:43:11,156 - INFO: 


2017-12-12 17:43:11,156 - INFO: -----------------------------------------------------------
2017-12-12 17:43:11,156 - INFO: ['train_network.py']_30_0.01_512_100_0.9_1e-06_
2017-12-12 17:43:11,156 - INFO: -----------------------------------------------------------
2017-12-12 17:43:14,768 - INFO: Load [(data, labs),...,] usetime: 3.610750
2017-12-12 17:43:16,241 - INFO: process usetime: 5.084101
2017-12-12 17:43:16,242 - INFO: Len(data): 1011736 Shape(data): (1, 40, 40)
2017-12-12 17:43:17,287 - INFO: Load [(data, labs),...,] usetime: 1.027771
2017-12-12 17:43:17,671 - INFO: process usetime: 1.411577
2017-12-12 17:43:17,671 - INFO: Len(data): 268990 Shape(data): (1, 40, 40)
2017-12-12 17:43:17,679 - INFO: -----------------------------------------------------------
2017-12-12 17:43:38,377 - INFO: Train [1|51200] lr: 0.010000 Loss: 9.0204 Acc: 0.0000 BatchTime: 11.406019
2017-12-12 17:43:47,672 - INFO: Train [1|102400] lr: 0.010000 Loss: 8.8368 Acc: 0.0039 BatchTime: 20.700753
2017-12-12 17:43:56,967 - INFO: Train [1|153600] lr: 0.010000 Loss: 8.7294 Acc: 0.0059 BatchTime: 29.995262
2017-12-12 17:44:06,291 - INFO: Train [1|204800] lr: 0.010000 Loss: 8.3987 Acc: 0.0020 BatchTime: 39.319379
2017-12-12 17:44:15,622 - INFO: Train [1|256000] lr: 0.010000 Loss: 8.1128 Acc: 0.0137 BatchTime: 48.650894
2017-12-12 17:44:24,958 - INFO: Train [1|307200] lr: 0.010000 Loss: 7.9078 Acc: 0.0137 BatchTime: 57.986552
2017-12-12 17:44:34,274 - INFO: Train [1|358400] lr: 0.010000 Loss: 7.5486 Acc: 0.0195 BatchTime: 67.302747
2017-12-12 17:44:43,598 - INFO: Train [1|409600] lr: 0.010000 Loss: 7.2347 Acc: 0.0156 BatchTime: 76.626187
2017-12-12 17:44:52,948 - INFO: Train [1|460800] lr: 0.010000 Loss: 6.9648 Acc: 0.0410 BatchTime: 85.976282
2017-12-12 17:45:02,285 - INFO: Train [1|512000] lr: 0.010000 Loss: 6.7230 Acc: 0.0332 BatchTime: 95.314058
2017-12-12 17:45:11,642 - INFO: Train [1|563200] lr: 0.010000 Loss: 6.4065 Acc: 0.0430 BatchTime: 104.670297
2017-12-12 17:45:20,996 - INFO: Train [1|614400] lr: 0.010000 Loss: 6.1534 Acc: 0.0664 BatchTime: 114.025082
2017-12-12 17:45:30,341 - INFO: Train [1|665600] lr: 0.010000 Loss: 5.9355 Acc: 0.0684 BatchTime: 123.369785
2017-12-12 17:45:39,722 - INFO: Train [1|716800] lr: 0.010000 Loss: 5.5352 Acc: 0.1172 BatchTime: 132.750602
2017-12-12 17:45:49,277 - INFO: Train [1|768000] lr: 0.010000 Loss: 5.3575 Acc: 0.1211 BatchTime: 142.305493
2017-12-12 17:45:58,657 - INFO: Train [1|819200] lr: 0.010000 Loss: 5.0966 Acc: 0.1133 BatchTime: 151.685670
2017-12-12 17:46:08,004 - INFO: Train [1|870400] lr: 0.010000 Loss: 4.8673 Acc: 0.1621 BatchTime: 161.032666
2017-12-12 17:46:17,352 - INFO: Train [1|921600] lr: 0.010000 Loss: 4.6197 Acc: 0.1660 BatchTime: 170.380611
2017-12-12 17:46:26,717 - INFO: Train [1|972800] lr: 0.010000 Loss: 4.4244 Acc: 0.1973 BatchTime: 179.745461
2017-12-12 17:46:48,988 - INFO: EvalTotal Acc: 0.045827 Loss: 6.372402
2017-12-12 17:46:48,990 - INFO: -----------------------------------------------------------
2017-12-12 17:47:00,185 - INFO: Train [2|51200] lr: 0.010000 Loss: 3.9400 Acc: 0.3066 BatchTime: 11.193541
2017-12-12 17:47:09,585 - INFO: Train [2|102400] lr: 0.010000 Loss: 3.7903 Acc: 0.3047 BatchTime: 20.593641
2017-12-12 17:47:18,979 - INFO: Train [2|153600] lr: 0.010000 Loss: 3.6381 Acc: 0.3184 BatchTime: 29.987427
2017-12-12 17:47:28,375 - INFO: Train [2|204800] lr: 0.010000 Loss: 3.4518 Acc: 0.3555 BatchTime: 39.383462
2017-12-12 17:47:37,789 - INFO: Train [2|256000] lr: 0.010000 Loss: 3.2987 Acc: 0.4062 BatchTime: 48.797791
2017-12-12 17:47:47,191 - INFO: Train [2|307200] lr: 0.010000 Loss: 2.9304 Acc: 0.4434 BatchTime: 58.199994
2017-12-12 17:47:56,580 - INFO: Train [2|358400] lr: 0.010000 Loss: 2.9969 Acc: 0.4375 BatchTime: 67.588572
2017-12-12 17:48:05,967 - INFO: Train [2|409600] lr: 0.010000 Loss: 2.9296 Acc: 0.4102 BatchTime: 76.976157
2017-12-12 17:48:15,352 - INFO: Train [2|460800] lr: 0.010000 Loss: 2.7448 Acc: 0.4551 BatchTime: 86.360866
2017-12-12 17:48:24,730 - INFO: Train [2|512000] lr: 0.010000 Loss: 2.6282 Acc: 0.4727 BatchTime: 95.739142
2017-12-12 17:48:34,119 - INFO: Train [2|563200] lr: 0.010000 Loss: 2.4063 Acc: 0.4961 BatchTime: 105.127585
2017-12-12 17:48:43,514 - INFO: Train [2|614400] lr: 0.010000 Loss: 2.3327 Acc: 0.4902 BatchTime: 114.523022
2017-12-12 17:48:52,903 - INFO: Train [2|665600] lr: 0.010000 Loss: 2.1817 Acc: 0.5449 BatchTime: 123.911672
2017-12-12 17:49:02,283 - INFO: Train [2|716800] lr: 0.010000 Loss: 2.1383 Acc: 0.5742 BatchTime: 133.292076
2017-12-12 17:49:11,652 - INFO: Train [2|768000] lr: 0.010000 Loss: 2.1093 Acc: 0.5801 BatchTime: 142.660570
2017-12-12 17:49:21,047 - INFO: Train [2|819200] lr: 0.010000 Loss: 1.7797 Acc: 0.6562 BatchTime: 152.055654
2017-12-12 17:49:30,400 - INFO: Train [2|870400] lr: 0.010000 Loss: 1.7446 Acc: 0.6426 BatchTime: 161.408509
2017-12-12 17:49:39,762 - INFO: Train [2|921600] lr: 0.010000 Loss: 1.7188 Acc: 0.6836 BatchTime: 170.770360
2017-12-12 17:49:49,129 - INFO: Train [2|972800] lr: 0.010000 Loss: 1.7055 Acc: 0.6406 BatchTime: 180.137739
2017-12-12 17:50:11,622 - INFO: EvalTotal Acc: 0.221529 Loss: 4.219979
2017-12-12 17:50:11,622 - INFO: -----------------------------------------------------------
2017-12-12 17:50:22,701 - INFO: Train [3|51200] lr: 0.010000 Loss: 1.5988 Acc: 0.6699 BatchTime: 11.077831
2017-12-12 17:50:32,065 - INFO: Train [3|102400] lr: 0.010000 Loss: 1.5596 Acc: 0.6738 BatchTime: 20.441867
2017-12-12 17:50:41,423 - INFO: Train [3|153600] lr: 0.010000 Loss: 1.5203 Acc: 0.6953 BatchTime: 29.799565
2017-12-12 17:50:50,755 - INFO: Train [3|204800] lr: 0.010000 Loss: 1.3299 Acc: 0.7090 BatchTime: 39.131803
2017-12-12 17:51:00,122 - INFO: Train [3|256000] lr: 0.010000 Loss: 1.2063 Acc: 0.7559 BatchTime: 48.498404
2017-12-12 17:51:09,455 - INFO: Train [3|307200] lr: 0.010000 Loss: 1.2470 Acc: 0.7324 BatchTime: 57.832275
2017-12-12 17:51:18,827 - INFO: Train [3|358400] lr: 0.010000 Loss: 1.1893 Acc: 0.7539 BatchTime: 67.203352
2017-12-12 17:51:28,201 - INFO: Train [3|409600] lr: 0.010000 Loss: 0.9352 Acc: 0.8301 BatchTime: 76.578311
2017-12-12 17:51:37,547 - INFO: Train [3|460800] lr: 0.010000 Loss: 1.1224 Acc: 0.7363 BatchTime: 85.923878
2017-12-12 17:51:46,893 - INFO: Train [3|512000] lr: 0.010000 Loss: 1.2492 Acc: 0.7363 BatchTime: 95.270136
2017-12-12 17:51:56,255 - INFO: Train [3|563200] lr: 0.010000 Loss: 1.0099 Acc: 0.7871 BatchTime: 104.631887
2017-12-12 17:52:05,608 - INFO: Train [3|614400] lr: 0.010000 Loss: 1.1010 Acc: 0.7676 BatchTime: 113.984620
2017-12-12 17:52:14,959 - INFO: Train [3|665600] lr: 0.010000 Loss: 1.1114 Acc: 0.7598 BatchTime: 123.335881
2017-12-12 17:52:24,307 - INFO: Train [3|716800] lr: 0.010000 Loss: 1.1079 Acc: 0.7734 BatchTime: 132.683574
2017-12-12 17:52:33,656 - INFO: Train [3|768000] lr: 0.010000 Loss: 0.8819 Acc: 0.8184 BatchTime: 142.032980
2017-12-12 17:52:43,008 - INFO: Train [3|819200] lr: 0.010000 Loss: 0.9583 Acc: 0.7871 BatchTime: 151.384495
2017-12-12 17:52:52,371 - INFO: Train [3|870400] lr: 0.010000 Loss: 0.9548 Acc: 0.8086 BatchTime: 160.747854
2017-12-12 17:53:01,739 - INFO: Train [3|921600] lr: 0.010000 Loss: 0.9089 Acc: 0.8066 BatchTime: 170.115542
2017-12-12 17:53:11,097 - INFO: Train [3|972800] lr: 0.010000 Loss: 0.8583 Acc: 0.8145 BatchTime: 179.474209
2017-12-12 17:53:33,346 - INFO: EvalTotal Acc: 0.507922 Loss: 2.388433
2017-12-12 17:53:33,346 - INFO: -----------------------------------------------------------
2017-12-12 17:53:44,431 - INFO: Train [4|51200] lr: 0.010000 Loss: 0.7756 Acc: 0.8320 BatchTime: 11.083163
2017-12-12 17:53:53,805 - INFO: Train [4|102400] lr: 0.010000 Loss: 0.7680 Acc: 0.8438 BatchTime: 20.457705
2017-12-12 17:54:03,148 - INFO: Train [4|153600] lr: 0.010000 Loss: 0.6645 Acc: 0.8496 BatchTime: 29.800565
2017-12-12 17:54:12,493 - INFO: Train [4|204800] lr: 0.010000 Loss: 0.7382 Acc: 0.8379 BatchTime: 39.145505
2017-12-12 17:54:21,853 - INFO: Train [4|256000] lr: 0.010000 Loss: 0.6546 Acc: 0.8496 BatchTime: 48.505349
2017-12-12 17:54:31,221 - INFO: Train [4|307200] lr: 0.010000 Loss: 0.6245 Acc: 0.8906 BatchTime: 57.873811
2017-12-12 17:54:40,582 - INFO: Train [4|358400] lr: 0.010000 Loss: 0.6350 Acc: 0.8730 BatchTime: 67.235039
2017-12-12 17:54:49,952 - INFO: Train [4|409600] lr: 0.010000 Loss: 0.7005 Acc: 0.8398 BatchTime: 76.605151
2017-12-12 17:54:59,312 - INFO: Train [4|460800] lr: 0.010000 Loss: 0.6633 Acc: 0.8672 BatchTime: 85.965017
2017-12-12 17:55:08,665 - INFO: Train [4|512000] lr: 0.010000 Loss: 0.6641 Acc: 0.8535 BatchTime: 95.318012
2017-12-12 17:55:18,029 - INFO: Train [4|563200] lr: 0.010000 Loss: 0.7058 Acc: 0.8555 BatchTime: 104.682095
2017-12-12 17:55:27,382 - INFO: Train [4|614400] lr: 0.010000 Loss: 0.6583 Acc: 0.8359 BatchTime: 114.035218
2017-12-12 17:55:36,733 - INFO: Train [4|665600] lr: 0.010000 Loss: 0.6566 Acc: 0.8359 BatchTime: 123.385996
2017-12-12 17:55:46,609 - INFO: Train [4|716800] lr: 0.010000 Loss: 0.6399 Acc: 0.8477 BatchTime: 133.261869
2017-12-12 17:55:55,959 - INFO: Train [4|768000] lr: 0.010000 Loss: 0.5798 Acc: 0.8633 BatchTime: 142.612060
2017-12-12 17:56:05,306 - INFO: Train [4|819200] lr: 0.010000 Loss: 0.5590 Acc: 0.8848 BatchTime: 151.958879
2017-12-12 17:56:14,654 - INFO: Train [4|870400] lr: 0.010000 Loss: 0.6330 Acc: 0.8477 BatchTime: 161.307139
2017-12-12 17:56:24,041 - INFO: Train [4|921600] lr: 0.010000 Loss: 0.5692 Acc: 0.8730 BatchTime: 170.693858
2017-12-12 17:56:33,402 - INFO: Train [4|972800] lr: 0.010000 Loss: 0.4632 Acc: 0.8965 BatchTime: 180.054942
2017-12-12 17:56:55,718 - INFO: EvalTotal Acc: 0.329172 Loss: 3.586259
2017-12-12 17:56:55,719 - INFO: -----------------------------------------------------------
2017-12-12 17:57:06,842 - INFO: Train [5|51200] lr: 0.010000 Loss: 0.5192 Acc: 0.8828 BatchTime: 11.122661
2017-12-12 17:57:16,192 - INFO: Train [5|102400] lr: 0.010000 Loss: 0.3915 Acc: 0.9180 BatchTime: 20.472638
2017-12-12 17:57:25,548 - INFO: Train [5|153600] lr: 0.010000 Loss: 0.4460 Acc: 0.9043 BatchTime: 29.828421
2017-12-12 17:57:34,893 - INFO: Train [5|204800] lr: 0.010000 Loss: 0.4819 Acc: 0.8906 BatchTime: 39.174232
2017-12-12 17:57:44,238 - INFO: Train [5|256000] lr: 0.010000 Loss: 0.4578 Acc: 0.8906 BatchTime: 48.518716
2017-12-12 17:57:53,588 - INFO: Train [5|307200] lr: 0.010000 Loss: 0.4207 Acc: 0.9004 BatchTime: 57.868602
2017-12-12 17:58:02,933 - INFO: Train [5|358400] lr: 0.010000 Loss: 0.5147 Acc: 0.8809 BatchTime: 67.213377
2017-12-12 17:58:12,282 - INFO: Train [5|409600] lr: 0.010000 Loss: 0.4531 Acc: 0.9180 BatchTime: 76.562571
2017-12-12 17:58:21,619 - INFO: Train [5|460800] lr: 0.010000 Loss: 0.3732 Acc: 0.8965 BatchTime: 85.899668
2017-12-12 17:58:30,890 - INFO: Train [5|512000] lr: 0.010000 Loss: 0.4096 Acc: 0.8926 BatchTime: 95.170972
2017-12-12 17:58:40,159 - INFO: Train [5|563200] lr: 0.010000 Loss: 0.4815 Acc: 0.8848 BatchTime: 104.439813
2017-12-12 17:58:49,450 - INFO: Train [5|614400] lr: 0.010000 Loss: 0.3660 Acc: 0.9141 BatchTime: 113.730833
2017-12-12 17:58:58,729 - INFO: Train [5|665600] lr: 0.010000 Loss: 0.3595 Acc: 0.9219 BatchTime: 123.010079
2017-12-12 17:59:08,251 - INFO: Train [5|716800] lr: 0.010000 Loss: 0.4894 Acc: 0.8887 BatchTime: 132.532156
2017-12-12 17:59:17,496 - INFO: Train [5|768000] lr: 0.010000 Loss: 0.4591 Acc: 0.9062 BatchTime: 141.776328
2017-12-12 17:59:27,186 - INFO: Train [5|819200] lr: 0.010000 Loss: 0.4097 Acc: 0.9082 BatchTime: 151.466442
2017-12-12 17:59:36,470 - INFO: Train [5|870400] lr: 0.010000 Loss: 0.4591 Acc: 0.8965 BatchTime: 160.750442
2017-12-12 17:59:45,763 - INFO: Train [5|921600] lr: 0.010000 Loss: 0.3972 Acc: 0.9023 BatchTime: 170.044064
2017-12-12 17:59:55,027 - INFO: Train [5|972800] lr: 0.010000 Loss: 0.3995 Acc: 0.9160 BatchTime: 179.308014
2017-12-12 18:00:16,968 - INFO: EvalTotal Acc: 0.614978 Loss: 1.830761
2017-12-12 18:00:16,969 - INFO: -----------------------------------------------------------
2017-12-12 18:00:27,785 - INFO: Train [6|51200] lr: 0.010000 Loss: 0.3437 Acc: 0.9238 BatchTime: 10.815858
2017-12-12 18:00:37,051 - INFO: Train [6|102400] lr: 0.010000 Loss: 0.2950 Acc: 0.9414 BatchTime: 20.082023
2017-12-12 18:00:46,327 - INFO: Train [6|153600] lr: 0.010000 Loss: 0.2831 Acc: 0.9414 BatchTime: 29.358070
2017-12-12 18:00:55,561 - INFO: Train [6|204800] lr: 0.010000 Loss: 0.3663 Acc: 0.9062 BatchTime: 38.592218
2017-12-12 18:01:04,795 - INFO: Train [6|256000] lr: 0.010000 Loss: 0.3243 Acc: 0.9297 BatchTime: 47.825906
2017-12-12 18:01:14,079 - INFO: Train [6|307200] lr: 0.010000 Loss: 0.3628 Acc: 0.9180 BatchTime: 57.109487
2017-12-12 18:01:23,309 - INFO: Train [6|358400] lr: 0.010000 Loss: 0.2758 Acc: 0.9395 BatchTime: 66.339476
2017-12-12 18:01:32,547 - INFO: Train [6|409600] lr: 0.010000 Loss: 0.3671 Acc: 0.9238 BatchTime: 75.578030
2017-12-12 18:01:41,776 - INFO: Train [6|460800] lr: 0.010000 Loss: 0.3271 Acc: 0.9219 BatchTime: 84.806719
2017-12-12 18:01:51,033 - INFO: Train [6|512000] lr: 0.010000 Loss: 0.2491 Acc: 0.9570 BatchTime: 94.063603
2017-12-12 18:02:00,276 - INFO: Train [6|563200] lr: 0.010000 Loss: 0.2925 Acc: 0.9297 BatchTime: 103.306797
2017-12-12 18:02:09,512 - INFO: Train [6|614400] lr: 0.010000 Loss: 0.2951 Acc: 0.9414 BatchTime: 112.542515
2017-12-12 18:02:18,750 - INFO: Train [6|665600] lr: 0.010000 Loss: 0.3515 Acc: 0.9180 BatchTime: 121.781228
2017-12-12 18:02:27,987 - INFO: Train [6|716800] lr: 0.010000 Loss: 0.3132 Acc: 0.9316 BatchTime: 131.017470
2017-12-12 18:02:37,220 - INFO: Train [6|768000] lr: 0.010000 Loss: 0.3054 Acc: 0.9180 BatchTime: 140.251234
2017-12-12 18:02:46,444 - INFO: Train [6|819200] lr: 0.010000 Loss: 0.2733 Acc: 0.9316 BatchTime: 149.475182
2017-12-12 18:02:55,718 - INFO: Train [6|870400] lr: 0.010000 Loss: 0.2714 Acc: 0.9414 BatchTime: 158.748763
2017-12-12 18:03:04,983 - INFO: Train [6|921600] lr: 0.010000 Loss: 0.2484 Acc: 0.9375 BatchTime: 168.013412
2017-12-12 18:03:14,233 - INFO: Train [6|972800] lr: 0.010000 Loss: 0.3062 Acc: 0.9199 BatchTime: 177.264293
2017-12-12 18:03:35,530 - INFO: EvalTotal Acc: 0.587442 Loss: 1.983784
2017-12-12 18:03:35,531 - INFO: -----------------------------------------------------------
2017-12-12 18:03:46,241 - INFO: Train [7|51200] lr: 0.010000 Loss: 0.2105 Acc: 0.9668 BatchTime: 10.709942
2017-12-12 18:03:55,491 - INFO: Train [7|102400] lr: 0.010000 Loss: 0.2088 Acc: 0.9492 BatchTime: 19.959929
2017-12-12 18:04:04,739 - INFO: Train [7|153600] lr: 0.010000 Loss: 0.2576 Acc: 0.9453 BatchTime: 29.207884
2017-12-12 18:04:13,998 - INFO: Train [7|204800] lr: 0.010000 Loss: 0.1978 Acc: 0.9492 BatchTime: 38.466464
2017-12-12 18:04:23,287 - INFO: Train [7|256000] lr: 0.010000 Loss: 0.2553 Acc: 0.9531 BatchTime: 47.755787
2017-12-12 18:04:32,561 - INFO: Train [7|307200] lr: 0.010000 Loss: 0.2376 Acc: 0.9590 BatchTime: 57.029363
2017-12-12 18:04:41,829 - INFO: Train [7|358400] lr: 0.010000 Loss: 0.1743 Acc: 0.9668 BatchTime: 66.297837
2017-12-12 18:04:51,096 - INFO: Train [7|409600] lr: 0.010000 Loss: 0.2418 Acc: 0.9629 BatchTime: 75.565058
2017-12-12 18:05:00,357 - INFO: Train [7|460800] lr: 0.010000 Loss: 0.2437 Acc: 0.9473 BatchTime: 84.825285
2017-12-12 18:05:09,639 - INFO: Train [7|512000] lr: 0.010000 Loss: 0.2474 Acc: 0.9395 BatchTime: 94.107175
2017-12-12 18:05:18,903 - INFO: Train [7|563200] lr: 0.010000 Loss: 0.2299 Acc: 0.9512 BatchTime: 103.371458
2017-12-12 18:05:28,167 - INFO: Train [7|614400] lr: 0.010000 Loss: 0.1969 Acc: 0.9609 BatchTime: 112.635917
2017-12-12 18:05:37,448 - INFO: Train [7|665600] lr: 0.010000 Loss: 0.1853 Acc: 0.9473 BatchTime: 121.916895
2017-12-12 18:05:46,730 - INFO: Train [7|716800] lr: 0.010000 Loss: 0.1876 Acc: 0.9668 BatchTime: 131.198533
2017-12-12 18:05:56,011 - INFO: Train [7|768000] lr: 0.010000 Loss: 0.2248 Acc: 0.9551 BatchTime: 140.479391
2017-12-12 18:06:05,286 - INFO: Train [7|819200] lr: 0.010000 Loss: 0.2155 Acc: 0.9492 BatchTime: 149.754687
2017-12-12 18:06:14,546 - INFO: Train [7|870400] lr: 0.010000 Loss: 0.1930 Acc: 0.9570 BatchTime: 159.014903
2017-12-12 18:06:23,798 - INFO: Train [7|921600] lr: 0.010000 Loss: 0.2497 Acc: 0.9434 BatchTime: 168.266448
2017-12-12 18:06:33,053 - INFO: Train [7|972800] lr: 0.010000 Loss: 0.2115 Acc: 0.9492 BatchTime: 177.521489
2017-12-12 18:06:54,494 - INFO: EvalTotal Acc: 0.703547 Loss: 1.413429
2017-12-12 18:06:54,495 - INFO: -----------------------------------------------------------
2017-12-12 18:07:05,304 - INFO: Train [8|51200] lr: 0.010000 Loss: 0.1792 Acc: 0.9707 BatchTime: 10.808753
2017-12-12 18:07:14,601 - INFO: Train [8|102400] lr: 0.010000 Loss: 0.1529 Acc: 0.9609 BatchTime: 20.105128
2017-12-12 18:07:23,903 - INFO: Train [8|153600] lr: 0.010000 Loss: 0.1435 Acc: 0.9805 BatchTime: 29.407703
2017-12-12 18:07:33,193 - INFO: Train [8|204800] lr: 0.010000 Loss: 0.1940 Acc: 0.9531 BatchTime: 38.697541
2017-12-12 18:07:42,479 - INFO: Train [8|256000] lr: 0.010000 Loss: 0.1799 Acc: 0.9629 BatchTime: 47.983285
2017-12-12 18:07:51,758 - INFO: Train [8|307200] lr: 0.010000 Loss: 0.1864 Acc: 0.9551 BatchTime: 57.262620
2017-12-12 18:08:01,036 - INFO: Train [8|358400] lr: 0.010000 Loss: 0.1538 Acc: 0.9746 BatchTime: 66.540948
2017-12-12 18:08:10,314 - INFO: Train [8|409600] lr: 0.010000 Loss: 0.1654 Acc: 0.9746 BatchTime: 75.818488
2017-12-12 18:08:19,600 - INFO: Train [8|460800] lr: 0.010000 Loss: 0.1299 Acc: 0.9785 BatchTime: 85.104357
2017-12-12 18:08:28,886 - INFO: Train [8|512000] lr: 0.010000 Loss: 0.1451 Acc: 0.9688 BatchTime: 94.390429
2017-12-12 18:08:38,143 - INFO: Train [8|563200] lr: 0.010000 Loss: 0.1395 Acc: 0.9824 BatchTime: 103.647328
2017-12-12 18:08:47,399 - INFO: Train [8|614400] lr: 0.010000 Loss: 0.1647 Acc: 0.9648 BatchTime: 112.903657
2017-12-12 18:08:56,631 - INFO: Train [8|665600] lr: 0.010000 Loss: 0.1466 Acc: 0.9746 BatchTime: 122.135544
2017-12-12 18:09:05,864 - INFO: Train [8|716800] lr: 0.010000 Loss: 0.1913 Acc: 0.9531 BatchTime: 131.368856
2017-12-12 18:09:15,100 - INFO: Train [8|768000] lr: 0.010000 Loss: 0.1471 Acc: 0.9688 BatchTime: 140.604827
2017-12-12 18:09:24,308 - INFO: Train [8|819200] lr: 0.010000 Loss: 0.2004 Acc: 0.9551 BatchTime: 149.812846
2017-12-12 18:09:33,525 - INFO: Train [8|870400] lr: 0.010000 Loss: 0.1645 Acc: 0.9609 BatchTime: 159.029123
2017-12-12 18:09:42,743 - INFO: Train [8|921600] lr: 0.010000 Loss: 0.1483 Acc: 0.9746 BatchTime: 168.247814
2017-12-12 18:09:52,047 - INFO: Train [8|972800] lr: 0.010000 Loss: 0.1390 Acc: 0.9727 BatchTime: 177.551137
2017-12-12 18:10:13,711 - INFO: EvalTotal Acc: 0.677363 Loss: 1.541331
2017-12-12 18:10:13,712 - INFO: -----------------------------------------------------------
2017-12-12 18:10:24,475 - INFO: Train [9|51200] lr: 0.010000 Loss: 0.1414 Acc: 0.9727 BatchTime: 10.762106
2017-12-12 18:10:33,760 - INFO: Train [9|102400] lr: 0.010000 Loss: 0.1145 Acc: 0.9805 BatchTime: 20.047056
2017-12-12 18:10:43,150 - INFO: Train [9|153600] lr: 0.010000 Loss: 0.1045 Acc: 0.9844 BatchTime: 29.437444
2017-12-12 18:10:52,412 - INFO: Train [9|204800] lr: 0.010000 Loss: 0.1037 Acc: 0.9883 BatchTime: 38.699145
2017-12-12 18:11:01,653 - INFO: Train [9|256000] lr: 0.010000 Loss: 0.1129 Acc: 0.9805 BatchTime: 47.940485
2017-12-12 18:11:10,914 - INFO: Train [9|307200] lr: 0.010000 Loss: 0.1406 Acc: 0.9727 BatchTime: 57.201091
2017-12-12 18:11:20,150 - INFO: Train [9|358400] lr: 0.010000 Loss: 0.1126 Acc: 0.9805 BatchTime: 66.437239
2017-12-12 18:11:29,371 - INFO: Train [9|409600] lr: 0.010000 Loss: 0.0935 Acc: 0.9824 BatchTime: 75.658352
2017-12-12 18:11:38,649 - INFO: Train [9|460800] lr: 0.010000 Loss: 0.1485 Acc: 0.9727 BatchTime: 84.935905
2017-12-12 18:11:47,894 - INFO: Train [9|512000] lr: 0.010000 Loss: 0.1086 Acc: 0.9805 BatchTime: 94.181310
2017-12-12 18:11:57,127 - INFO: Train [9|563200] lr: 0.010000 Loss: 0.1325 Acc: 0.9766 BatchTime: 103.414336
2017-12-12 18:12:06,368 - INFO: Train [9|614400] lr: 0.010000 Loss: 0.1132 Acc: 0.9785 BatchTime: 112.655079
2017-12-12 18:12:15,621 - INFO: Train [9|665600] lr: 0.010000 Loss: 0.1145 Acc: 0.9824 BatchTime: 121.907709
2017-12-12 18:12:24,882 - INFO: Train [9|716800] lr: 0.010000 Loss: 0.1110 Acc: 0.9805 BatchTime: 131.169368
2017-12-12 18:12:34,110 - INFO: Train [9|768000] lr: 0.010000 Loss: 0.0982 Acc: 0.9824 BatchTime: 140.397376
2017-12-12 18:12:43,343 - INFO: Train [9|819200] lr: 0.010000 Loss: 0.1537 Acc: 0.9707 BatchTime: 149.630528
2017-12-12 18:12:52,582 - INFO: Train [9|870400] lr: 0.010000 Loss: 0.1196 Acc: 0.9844 BatchTime: 158.869034
2017-12-12 18:13:01,826 - INFO: Train [9|921600] lr: 0.010000 Loss: 0.1125 Acc: 0.9766 BatchTime: 168.112938
2017-12-12 18:13:11,059 - INFO: Train [9|972800] lr: 0.010000 Loss: 0.1076 Acc: 0.9883 BatchTime: 177.345896
2017-12-12 18:13:32,594 - INFO: EvalTotal Acc: 0.725566 Loss: 1.327165
2017-12-12 18:13:32,630 - INFO: -----------------------------------------------------------
2017-12-12 18:13:43,429 - INFO: Train [10|51200] lr: 0.010000 Loss: 0.0853 Acc: 0.9922 BatchTime: 10.798242
2017-12-12 18:13:52,698 - INFO: Train [10|102400] lr: 0.010000 Loss: 0.0893 Acc: 0.9863 BatchTime: 20.067179
2017-12-12 18:14:01,998 - INFO: Train [10|153600] lr: 0.010000 Loss: 0.0942 Acc: 0.9805 BatchTime: 29.366889
2017-12-12 18:14:11,257 - INFO: Train [10|204800] lr: 0.010000 Loss: 0.0989 Acc: 0.9746 BatchTime: 38.626214
2017-12-12 18:14:20,533 - INFO: Train [10|256000] lr: 0.010000 Loss: 0.0946 Acc: 0.9922 BatchTime: 47.902549
2017-12-12 18:14:29,802 - INFO: Train [10|307200] lr: 0.010000 Loss: 0.0985 Acc: 0.9805 BatchTime: 57.171481
2017-12-12 18:14:39,074 - INFO: Train [10|358400] lr: 0.010000 Loss: 0.0886 Acc: 0.9863 BatchTime: 66.443234
2017-12-12 18:14:48,352 - INFO: Train [10|409600] lr: 0.010000 Loss: 0.0740 Acc: 0.9902 BatchTime: 75.721551
2017-12-12 18:14:57,632 - INFO: Train [10|460800] lr: 0.010000 Loss: 0.0879 Acc: 0.9863 BatchTime: 85.001218
2017-12-12 18:15:06,885 - INFO: Train [10|512000] lr: 0.010000 Loss: 0.0834 Acc: 0.9922 BatchTime: 94.254452
2017-12-12 18:15:16,166 - INFO: Train [10|563200] lr: 0.010000 Loss: 0.0911 Acc: 0.9844 BatchTime: 103.534860
2017-12-12 18:15:25,453 - INFO: Train [10|614400] lr: 0.010000 Loss: 0.0968 Acc: 0.9883 BatchTime: 112.821814
2017-12-12 18:15:34,750 - INFO: Train [10|665600] lr: 0.010000 Loss: 0.0591 Acc: 0.9961 BatchTime: 122.118713
2017-12-12 18:15:43,997 - INFO: Train [10|716800] lr: 0.010000 Loss: 0.0939 Acc: 0.9883 BatchTime: 131.365479
2017-12-12 18:15:53,254 - INFO: Train [10|768000] lr: 0.010000 Loss: 0.0951 Acc: 0.9883 BatchTime: 140.622862
2017-12-12 18:16:02,520 - INFO: Train [10|819200] lr: 0.010000 Loss: 0.0899 Acc: 0.9844 BatchTime: 149.889467
2017-12-12 18:16:11,762 - INFO: Train [10|870400] lr: 0.010000 Loss: 0.0849 Acc: 0.9922 BatchTime: 159.131376
2017-12-12 18:16:21,050 - INFO: Train [10|921600] lr: 0.010000 Loss: 0.1215 Acc: 0.9863 BatchTime: 168.419468
2017-12-12 18:16:30,337 - INFO: Train [10|972800] lr: 0.010000 Loss: 0.1156 Acc: 0.9785 BatchTime: 177.705833
2017-12-12 18:16:52,312 - INFO: EvalTotal Acc: 0.739730 Loss: 1.270330
2017-12-12 18:16:52,314 - INFO: -----------------------------------------------------------
2017-12-12 18:17:03,083 - INFO: Train [11|51200] lr: 0.010000 Loss: 0.0482 Acc: 0.9980 BatchTime: 10.767987
2017-12-12 18:17:12,353 - INFO: Train [11|102400] lr: 0.010000 Loss: 0.0555 Acc: 1.0000 BatchTime: 20.038456
2017-12-12 18:17:21,606 - INFO: Train [11|153600] lr: 0.010000 Loss: 0.0590 Acc: 0.9961 BatchTime: 29.290738
2017-12-12 18:17:30,853 - INFO: Train [11|204800] lr: 0.010000 Loss: 0.0721 Acc: 0.9941 BatchTime: 38.537876
2017-12-12 18:17:40,095 - INFO: Train [11|256000] lr: 0.010000 Loss: 0.0698 Acc: 0.9883 BatchTime: 47.779723
2017-12-12 18:17:49,365 - INFO: Train [11|307200] lr: 0.010000 Loss: 0.0605 Acc: 0.9941 BatchTime: 57.049738
2017-12-12 18:17:58,634 - INFO: Train [11|358400] lr: 0.010000 Loss: 0.0633 Acc: 0.9902 BatchTime: 66.319059
2017-12-12 18:18:07,898 - INFO: Train [11|409600] lr: 0.010000 Loss: 0.0573 Acc: 0.9922 BatchTime: 75.583236
2017-12-12 18:18:17,141 - INFO: Train [11|460800] lr: 0.010000 Loss: 0.0581 Acc: 0.9961 BatchTime: 84.825980
2017-12-12 18:18:26,394 - INFO: Train [11|512000] lr: 0.010000 Loss: 0.0625 Acc: 0.9902 BatchTime: 94.079189
2017-12-12 18:18:35,622 - INFO: Train [11|563200] lr: 0.010000 Loss: 0.0527 Acc: 1.0000 BatchTime: 103.307193
2017-12-12 18:18:44,870 - INFO: Train [11|614400] lr: 0.010000 Loss: 0.0645 Acc: 0.9941 BatchTime: 112.555070
2017-12-12 18:18:54,112 - INFO: Train [11|665600] lr: 0.010000 Loss: 0.0743 Acc: 0.9902 BatchTime: 121.796656
2017-12-12 18:19:03,351 - INFO: Train [11|716800] lr: 0.010000 Loss: 0.0645 Acc: 0.9922 BatchTime: 131.035713
2017-12-12 18:19:12,615 - INFO: Train [11|768000] lr: 0.010000 Loss: 0.0652 Acc: 0.9902 BatchTime: 140.300168
2017-12-12 18:19:21,861 - INFO: Train [11|819200] lr: 0.010000 Loss: 0.0859 Acc: 0.9863 BatchTime: 149.546466
2017-12-12 18:19:31,121 - INFO: Train [11|870400] lr: 0.010000 Loss: 0.0664 Acc: 0.9922 BatchTime: 158.805771
2017-12-12 18:19:40,392 - INFO: Train [11|921600] lr: 0.010000 Loss: 0.0679 Acc: 0.9902 BatchTime: 168.077139
2017-12-12 18:19:49,630 - INFO: Train [11|972800] lr: 0.010000 Loss: 0.0714 Acc: 0.9883 BatchTime: 177.314747
2017-12-12 18:20:11,004 - INFO: EvalTotal Acc: 0.715514 Loss: 1.387393
2017-12-12 18:20:11,013 - INFO: -----------------------------------------------------------
2017-12-12 18:20:21,739 - INFO: Train [12|51200] lr: 0.010000 Loss: 0.0630 Acc: 0.9922 BatchTime: 10.725827
2017-12-12 18:20:31,040 - INFO: Train [12|102400] lr: 0.010000 Loss: 0.0497 Acc: 0.9961 BatchTime: 20.026499
2017-12-12 18:20:40,334 - INFO: Train [12|153600] lr: 0.010000 Loss: 0.0480 Acc: 0.9941 BatchTime: 29.320919
2017-12-12 18:20:49,595 - INFO: Train [12|204800] lr: 0.010000 Loss: 0.0563 Acc: 0.9922 BatchTime: 38.582104
2017-12-12 18:20:58,823 - INFO: Train [12|256000] lr: 0.010000 Loss: 0.0490 Acc: 0.9961 BatchTime: 47.809604
2017-12-12 18:21:08,061 - INFO: Train [12|307200] lr: 0.010000 Loss: 0.0445 Acc: 0.9980 BatchTime: 57.047956
2017-12-12 18:21:17,315 - INFO: Train [12|358400] lr: 0.010000 Loss: 0.0455 Acc: 0.9980 BatchTime: 66.301857
2017-12-12 18:21:26,585 - INFO: Train [12|409600] lr: 0.010000 Loss: 0.0504 Acc: 0.9941 BatchTime: 75.571665
2017-12-12 18:21:35,915 - INFO: Train [12|460800] lr: 0.010000 Loss: 0.0494 Acc: 0.9941 BatchTime: 84.901639
2017-12-12 18:21:45,177 - INFO: Train [12|512000] lr: 0.010000 Loss: 0.0436 Acc: 0.9980 BatchTime: 94.163233
2017-12-12 18:21:54,444 - INFO: Train [12|563200] lr: 0.010000 Loss: 0.0486 Acc: 0.9922 BatchTime: 103.430325
2017-12-12 18:22:03,701 - INFO: Train [12|614400] lr: 0.010000 Loss: 0.0435 Acc: 1.0000 BatchTime: 112.688043
2017-12-12 18:22:12,942 - INFO: Train [12|665600] lr: 0.010000 Loss: 0.0397 Acc: 1.0000 BatchTime: 121.928203
2017-12-12 18:22:22,191 - INFO: Train [12|716800] lr: 0.010000 Loss: 0.0496 Acc: 0.9922 BatchTime: 131.178157
2017-12-12 18:22:31,445 - INFO: Train [12|768000] lr: 0.010000 Loss: 0.0468 Acc: 0.9941 BatchTime: 140.431645
2017-12-12 18:22:40,720 - INFO: Train [12|819200] lr: 0.010000 Loss: 0.0569 Acc: 0.9941 BatchTime: 149.706632
2017-12-12 18:22:49,982 - INFO: Train [12|870400] lr: 0.010000 Loss: 0.0500 Acc: 0.9922 BatchTime: 158.968723
2017-12-12 18:22:59,237 - INFO: Train [12|921600] lr: 0.010000 Loss: 0.0660 Acc: 0.9922 BatchTime: 168.223969
2017-12-12 18:23:08,456 - INFO: Train [12|972800] lr: 0.010000 Loss: 0.0487 Acc: 0.9980 BatchTime: 177.443066
2017-12-12 18:23:29,855 - INFO: EvalTotal Acc: 0.760757 Loss: 1.184731
2017-12-12 18:23:29,856 - INFO: -----------------------------------------------------------
2017-12-12 18:23:40,562 - INFO: Train [13|51200] lr: 0.010000 Loss: 0.0414 Acc: 0.9961 BatchTime: 10.705017
2017-12-12 18:23:49,820 - INFO: Train [13|102400] lr: 0.010000 Loss: 0.0393 Acc: 0.9980 BatchTime: 19.963774
2017-12-12 18:23:59,106 - INFO: Train [13|153600] lr: 0.010000 Loss: 0.0341 Acc: 0.9980 BatchTime: 29.249779
2017-12-12 18:24:08,404 - INFO: Train [13|204800] lr: 0.010000 Loss: 0.0357 Acc: 1.0000 BatchTime: 38.547102
2017-12-12 18:24:17,649 - INFO: Train [13|256000] lr: 0.010000 Loss: 0.0371 Acc: 0.9961 BatchTime: 47.791982
2017-12-12 18:24:26,899 - INFO: Train [13|307200] lr: 0.010000 Loss: 0.0428 Acc: 0.9941 BatchTime: 57.042955
2017-12-12 18:24:36,166 - INFO: Train [13|358400] lr: 0.010000 Loss: 0.0360 Acc: 1.0000 BatchTime: 66.309143
2017-12-12 18:24:45,412 - INFO: Train [13|409600] lr: 0.010000 Loss: 0.0321 Acc: 1.0000 BatchTime: 75.555647
2017-12-12 18:24:54,690 - INFO: Train [13|460800] lr: 0.010000 Loss: 0.0346 Acc: 0.9980 BatchTime: 84.833527
2017-12-12 18:25:03,948 - INFO: Train [13|512000] lr: 0.010000 Loss: 0.0298 Acc: 0.9980 BatchTime: 94.091813
2017-12-12 18:25:13,216 - INFO: Train [13|563200] lr: 0.010000 Loss: 0.0391 Acc: 1.0000 BatchTime: 103.359272
2017-12-12 18:25:22,473 - INFO: Train [13|614400] lr: 0.010000 Loss: 0.0403 Acc: 0.9961 BatchTime: 112.616509
2017-12-12 18:25:31,698 - INFO: Train [13|665600] lr: 0.010000 Loss: 0.0441 Acc: 0.9941 BatchTime: 121.841535
2017-12-12 18:25:40,949 - INFO: Train [13|716800] lr: 0.010000 Loss: 0.0418 Acc: 0.9941 BatchTime: 131.092149
2017-12-12 18:25:50,206 - INFO: Train [13|768000] lr: 0.010000 Loss: 0.0465 Acc: 0.9961 BatchTime: 140.349490
2017-12-12 18:25:59,468 - INFO: Train [13|819200] lr: 0.010000 Loss: 0.0378 Acc: 0.9941 BatchTime: 149.611564
2017-12-12 18:26:08,742 - INFO: Train [13|870400] lr: 0.010000 Loss: 0.0364 Acc: 1.0000 BatchTime: 158.885090
2017-12-12 18:26:18,011 - INFO: Train [13|921600] lr: 0.010000 Loss: 0.0313 Acc: 1.0000 BatchTime: 168.154641
2017-12-12 18:26:27,275 - INFO: Train [13|972800] lr: 0.010000 Loss: 0.0461 Acc: 0.9980 BatchTime: 177.418320
2017-12-12 18:26:49,478 - INFO: EvalTotal Acc: 0.763999 Loss: 1.174112
2017-12-12 18:26:49,480 - INFO: -----------------------------------------------------------
2017-12-12 18:27:00,284 - INFO: Train [14|51200] lr: 0.010000 Loss: 0.0368 Acc: 0.9961 BatchTime: 10.803627
2017-12-12 18:27:09,542 - INFO: Train [14|102400] lr: 0.010000 Loss: 0.0314 Acc: 0.9980 BatchTime: 20.061674
2017-12-12 18:27:18,761 - INFO: Train [14|153600] lr: 0.010000 Loss: 0.0280 Acc: 1.0000 BatchTime: 29.280982
2017-12-12 18:27:28,018 - INFO: Train [14|204800] lr: 0.010000 Loss: 0.0323 Acc: 0.9941 BatchTime: 38.537636
2017-12-12 18:27:37,293 - INFO: Train [14|256000] lr: 0.010000 Loss: 0.0332 Acc: 1.0000 BatchTime: 47.812940
2017-12-12 18:27:46,587 - INFO: Train [14|307200] lr: 0.010000 Loss: 0.0272 Acc: 0.9980 BatchTime: 57.107107
2017-12-12 18:27:55,885 - INFO: Train [14|358400] lr: 0.010000 Loss: 0.0300 Acc: 1.0000 BatchTime: 66.404986
2017-12-12 18:28:05,177 - INFO: Train [14|409600] lr: 0.010000 Loss: 0.0252 Acc: 1.0000 BatchTime: 75.697143
2017-12-12 18:28:14,662 - INFO: Train [14|460800] lr: 0.010000 Loss: 0.0299 Acc: 1.0000 BatchTime: 85.181671
2017-12-12 18:28:23,953 - INFO: Train [14|512000] lr: 0.010000 Loss: 0.0297 Acc: 0.9980 BatchTime: 94.473000
2017-12-12 18:28:33,233 - INFO: Train [14|563200] lr: 0.010000 Loss: 0.0275 Acc: 0.9980 BatchTime: 103.752286
2017-12-12 18:28:42,514 - INFO: Train [14|614400] lr: 0.010000 Loss: 0.0286 Acc: 1.0000 BatchTime: 113.033542
2017-12-12 18:28:51,778 - INFO: Train [14|665600] lr: 0.010000 Loss: 0.0296 Acc: 0.9980 BatchTime: 122.297384
2017-12-12 18:29:01,062 - INFO: Train [14|716800] lr: 0.010000 Loss: 0.0348 Acc: 0.9980 BatchTime: 131.581476
2017-12-12 18:29:10,291 - INFO: Train [14|768000] lr: 0.010000 Loss: 0.0287 Acc: 1.0000 BatchTime: 140.810850
2017-12-12 18:29:19,529 - INFO: Train [14|819200] lr: 0.010000 Loss: 0.0306 Acc: 0.9980 BatchTime: 150.049127
2017-12-12 18:29:28,781 - INFO: Train [14|870400] lr: 0.010000 Loss: 0.0231 Acc: 0.9980 BatchTime: 159.300643
2017-12-12 18:29:38,028 - INFO: Train [14|921600] lr: 0.010000 Loss: 0.0306 Acc: 0.9980 BatchTime: 168.548130
2017-12-12 18:29:47,276 - INFO: Train [14|972800] lr: 0.010000 Loss: 0.0315 Acc: 1.0000 BatchTime: 177.796158
2017-12-12 18:30:08,938 - INFO: EvalTotal Acc: 0.749745 Loss: 1.257849
2017-12-12 18:30:08,939 - INFO: -----------------------------------------------------------
2017-12-12 18:30:19,701 - INFO: Train [15|51200] lr: 0.010000 Loss: 0.0244 Acc: 1.0000 BatchTime: 10.760779
2017-12-12 18:30:28,940 - INFO: Train [15|102400] lr: 0.010000 Loss: 0.0226 Acc: 1.0000 BatchTime: 20.000192
2017-12-12 18:30:38,183 - INFO: Train [15|153600] lr: 0.010000 Loss: 0.0247 Acc: 1.0000 BatchTime: 29.242874
2017-12-12 18:30:47,439 - INFO: Train [15|204800] lr: 0.010000 Loss: 0.0233 Acc: 1.0000 BatchTime: 38.499743
2017-12-12 18:30:56,736 - INFO: Train [15|256000] lr: 0.010000 Loss: 0.0251 Acc: 1.0000 BatchTime: 47.796805
2017-12-12 18:31:06,029 - INFO: Train [15|307200] lr: 0.010000 Loss: 0.0237 Acc: 1.0000 BatchTime: 57.088858
2017-12-12 18:31:15,329 - INFO: Train [15|358400] lr: 0.010000 Loss: 0.0221 Acc: 1.0000 BatchTime: 66.388996
2017-12-12 18:31:24,626 - INFO: Train [15|409600] lr: 0.010000 Loss: 0.0263 Acc: 1.0000 BatchTime: 75.686549
2017-12-12 18:31:33,915 - INFO: Train [15|460800] lr: 0.010000 Loss: 0.0265 Acc: 1.0000 BatchTime: 84.974839
2017-12-12 18:31:43,230 - INFO: Train [15|512000] lr: 0.010000 Loss: 0.0193 Acc: 1.0000 BatchTime: 94.290723
2017-12-12 18:31:52,517 - INFO: Train [15|563200] lr: 0.010000 Loss: 0.0255 Acc: 0.9980 BatchTime: 103.577139
2017-12-12 18:32:01,884 - INFO: Train [15|614400] lr: 0.010000 Loss: 0.0227 Acc: 1.0000 BatchTime: 112.944626
2017-12-12 18:32:11,151 - INFO: Train [15|665600] lr: 0.010000 Loss: 0.0228 Acc: 1.0000 BatchTime: 122.211456
2017-12-12 18:32:20,438 - INFO: Train [15|716800] lr: 0.010000 Loss: 0.0197 Acc: 1.0000 BatchTime: 131.497960
2017-12-12 18:32:29,703 - INFO: Train [15|768000] lr: 0.010000 Loss: 0.0208 Acc: 1.0000 BatchTime: 140.762822
2017-12-12 18:32:38,994 - INFO: Train [15|819200] lr: 0.010000 Loss: 0.0202 Acc: 1.0000 BatchTime: 150.054304
2017-12-12 18:32:48,275 - INFO: Train [15|870400] lr: 0.010000 Loss: 0.0266 Acc: 1.0000 BatchTime: 159.335079
2017-12-12 18:32:57,587 - INFO: Train [15|921600] lr: 0.010000 Loss: 0.0241 Acc: 0.9980 BatchTime: 168.647546
2017-12-12 18:33:06,868 - INFO: Train [15|972800] lr: 0.010000 Loss: 0.0195 Acc: 1.0000 BatchTime: 177.928714
2017-12-12 18:33:28,391 - INFO: EvalTotal Acc: 0.774129 Loss: 1.138368
2017-12-12 18:33:28,392 - INFO: -----------------------------------------------------------
2017-12-12 18:33:39,235 - INFO: Train [16|51200] lr: 0.010000 Loss: 0.0203 Acc: 1.0000 BatchTime: 10.842085
2017-12-12 18:33:48,532 - INFO: Train [16|102400] lr: 0.010000 Loss: 0.0203 Acc: 1.0000 BatchTime: 20.139295
2017-12-12 18:33:57,841 - INFO: Train [16|153600] lr: 0.010000 Loss: 0.0156 Acc: 1.0000 BatchTime: 29.448768
2017-12-12 18:34:07,144 - INFO: Train [16|204800] lr: 0.010000 Loss: 0.0181 Acc: 1.0000 BatchTime: 38.751186
2017-12-12 18:34:16,442 - INFO: Train [16|256000] lr: 0.010000 Loss: 0.0209 Acc: 1.0000 BatchTime: 48.049098
2017-12-12 18:34:25,712 - INFO: Train [16|307200] lr: 0.010000 Loss: 0.0193 Acc: 1.0000 BatchTime: 57.319032
2017-12-12 18:34:34,977 - INFO: Train [16|358400] lr: 0.010000 Loss: 0.0218 Acc: 1.0000 BatchTime: 66.584003
2017-12-12 18:34:44,248 - INFO: Train [16|409600] lr: 0.010000 Loss: 0.0203 Acc: 1.0000 BatchTime: 75.855670
2017-12-12 18:34:53,512 - INFO: Train [16|460800] lr: 0.010000 Loss: 0.0210 Acc: 1.0000 BatchTime: 85.119339
2017-12-12 18:35:02,751 - INFO: Train [16|512000] lr: 0.010000 Loss: 0.0189 Acc: 0.9980 BatchTime: 94.358246
2017-12-12 18:35:12,013 - INFO: Train [16|563200] lr: 0.010000 Loss: 0.0198 Acc: 0.9980 BatchTime: 103.620733
2017-12-12 18:35:21,365 - INFO: Train [16|614400] lr: 0.010000 Loss: 0.0163 Acc: 1.0000 BatchTime: 112.972647
2017-12-12 18:35:30,629 - INFO: Train [16|665600] lr: 0.010000 Loss: 0.0192 Acc: 1.0000 BatchTime: 122.236178
2017-12-12 18:35:39,902 - INFO: Train [16|716800] lr: 0.010000 Loss: 0.0208 Acc: 1.0000 BatchTime: 131.509726
2017-12-12 18:35:49,167 - INFO: Train [16|768000] lr: 0.010000 Loss: 0.0188 Acc: 1.0000 BatchTime: 140.774890
2017-12-12 18:35:58,427 - INFO: Train [16|819200] lr: 0.010000 Loss: 0.0172 Acc: 1.0000 BatchTime: 150.034762
2017-12-12 18:36:07,658 - INFO: Train [16|870400] lr: 0.010000 Loss: 0.0166 Acc: 1.0000 BatchTime: 159.265007
2017-12-12 18:36:16,934 - INFO: Train [16|921600] lr: 0.010000 Loss: 0.0195 Acc: 1.0000 BatchTime: 168.541115
2017-12-12 18:36:26,202 - INFO: Train [16|972800] lr: 0.010000 Loss: 0.0219 Acc: 1.0000 BatchTime: 177.809683
2017-12-12 18:36:48,010 - INFO: EvalTotal Acc: 0.777181 Loss: 1.130062
2017-12-12 18:36:48,014 - INFO: -----------------------------------------------------------
2017-12-12 18:36:58,706 - INFO: Train [17|51200] lr: 0.010000 Loss: 0.0173 Acc: 1.0000 BatchTime: 10.691496
2017-12-12 18:37:07,946 - INFO: Train [17|102400] lr: 0.010000 Loss: 0.0148 Acc: 1.0000 BatchTime: 19.931652
2017-12-12 18:37:17,253 - INFO: Train [17|153600] lr: 0.010000 Loss: 0.0158 Acc: 1.0000 BatchTime: 29.238705
2017-12-12 18:37:26,589 - INFO: Train [17|204800] lr: 0.010000 Loss: 0.0168 Acc: 1.0000 BatchTime: 38.574392
2017-12-12 18:37:35,873 - INFO: Train [17|256000] lr: 0.010000 Loss: 0.0148 Acc: 1.0000 BatchTime: 47.858201
2017-12-12 18:37:45,163 - INFO: Train [17|307200] lr: 0.010000 Loss: 0.0151 Acc: 1.0000 BatchTime: 57.148499
2017-12-12 18:37:54,452 - INFO: Train [17|358400] lr: 0.010000 Loss: 0.0169 Acc: 1.0000 BatchTime: 66.437850
2017-12-12 18:38:03,729 - INFO: Train [17|409600] lr: 0.010000 Loss: 0.0161 Acc: 1.0000 BatchTime: 75.714989
2017-12-12 18:38:13,018 - INFO: Train [17|460800] lr: 0.010000 Loss: 0.0196 Acc: 1.0000 BatchTime: 85.003856
2017-12-12 18:38:22,262 - INFO: Train [17|512000] lr: 0.010000 Loss: 0.0162 Acc: 1.0000 BatchTime: 94.247107
2017-12-12 18:38:31,476 - INFO: Train [17|563200] lr: 0.010000 Loss: 0.0145 Acc: 1.0000 BatchTime: 103.461328
2017-12-12 18:38:40,797 - INFO: Train [17|614400] lr: 0.010000 Loss: 0.0164 Acc: 1.0000 BatchTime: 112.782940
2017-12-12 18:38:50,076 - INFO: Train [17|665600] lr: 0.010000 Loss: 0.0150 Acc: 1.0000 BatchTime: 122.061096
2017-12-12 18:38:59,342 - INFO: Train [17|716800] lr: 0.010000 Loss: 0.0149 Acc: 1.0000 BatchTime: 131.327536
2017-12-12 18:39:08,602 - INFO: Train [17|768000] lr: 0.010000 Loss: 0.0198 Acc: 1.0000 BatchTime: 140.587452
2017-12-12 18:39:17,843 - INFO: Train [17|819200] lr: 0.010000 Loss: 0.0153 Acc: 1.0000 BatchTime: 149.828677
2017-12-12 18:39:27,098 - INFO: Train [17|870400] lr: 0.010000 Loss: 0.0219 Acc: 0.9980 BatchTime: 159.083618
2017-12-12 18:39:36,373 - INFO: Train [17|921600] lr: 0.010000 Loss: 0.0157 Acc: 1.0000 BatchTime: 168.358626
2017-12-12 18:39:45,607 - INFO: Train [17|972800] lr: 0.010000 Loss: 0.0154 Acc: 1.0000 BatchTime: 177.592325
2017-12-12 18:40:06,732 - INFO: EvalTotal Acc: 0.771817 Loss: 1.162322
2017-12-12 18:40:06,733 - INFO: -----------------------------------------------------------
2017-12-12 18:40:17,515 - INFO: Train [18|51200] lr: 0.010000 Loss: 0.0152 Acc: 1.0000 BatchTime: 10.781345
2017-12-12 18:40:26,739 - INFO: Train [18|102400] lr: 0.010000 Loss: 0.0141 Acc: 1.0000 BatchTime: 20.005391
2017-12-12 18:40:36,018 - INFO: Train [18|153600] lr: 0.010000 Loss: 0.0125 Acc: 1.0000 BatchTime: 29.284157
2017-12-12 18:40:45,323 - INFO: Train [18|204800] lr: 0.010000 Loss: 0.0127 Acc: 1.0000 BatchTime: 38.589856
2017-12-12 18:40:54,605 - INFO: Train [18|256000] lr: 0.010000 Loss: 0.0134 Acc: 1.0000 BatchTime: 47.871539
2017-12-12 18:41:03,885 - INFO: Train [18|307200] lr: 0.010000 Loss: 0.0132 Acc: 1.0000 BatchTime: 57.151104
2017-12-12 18:41:13,218 - INFO: Train [18|358400] lr: 0.010000 Loss: 0.0130 Acc: 1.0000 BatchTime: 66.484619
2017-12-12 18:41:22,478 - INFO: Train [18|409600] lr: 0.010000 Loss: 0.0145 Acc: 1.0000 BatchTime: 75.744490
2017-12-12 18:41:31,746 - INFO: Train [18|460800] lr: 0.010000 Loss: 0.0127 Acc: 1.0000 BatchTime: 85.012497
2017-12-12 18:41:41,004 - INFO: Train [18|512000] lr: 0.010000 Loss: 0.0168 Acc: 1.0000 BatchTime: 94.270128
2017-12-12 18:41:50,343 - INFO: Train [18|563200] lr: 0.010000 Loss: 0.0122 Acc: 1.0000 BatchTime: 103.609500
2017-12-12 18:41:59,555 - INFO: Train [18|614400] lr: 0.010000 Loss: 0.0147 Acc: 1.0000 BatchTime: 112.821103
2017-12-12 18:42:08,775 - INFO: Train [18|665600] lr: 0.010000 Loss: 0.0142 Acc: 1.0000 BatchTime: 122.041077
2017-12-12 18:42:17,982 - INFO: Train [18|716800] lr: 0.010000 Loss: 0.0138 Acc: 1.0000 BatchTime: 131.248768
2017-12-12 18:42:27,188 - INFO: Train [18|768000] lr: 0.010000 Loss: 0.0126 Acc: 1.0000 BatchTime: 140.454833
2017-12-12 18:42:36,432 - INFO: Train [18|819200] lr: 0.010000 Loss: 0.0150 Acc: 1.0000 BatchTime: 149.698605
2017-12-12 18:42:45,701 - INFO: Train [18|870400] lr: 0.010000 Loss: 0.0171 Acc: 1.0000 BatchTime: 158.967848
2017-12-12 18:42:54,931 - INFO: Train [18|921600] lr: 0.010000 Loss: 0.0164 Acc: 1.0000 BatchTime: 168.197377
2017-12-12 18:43:04,155 - INFO: Train [18|972800] lr: 0.010000 Loss: 0.0137 Acc: 1.0000 BatchTime: 177.421209
2017-12-12 18:43:25,510 - INFO: EvalTotal Acc: 0.782724 Loss: 1.119574
2017-12-12 18:43:25,511 - INFO: -----------------------------------------------------------
2017-12-12 18:43:36,260 - INFO: Train [19|51200] lr: 0.010000 Loss: 0.0108 Acc: 1.0000 BatchTime: 10.748473
2017-12-12 18:43:45,535 - INFO: Train [19|102400] lr: 0.010000 Loss: 0.0122 Acc: 1.0000 BatchTime: 20.023306
2017-12-12 18:43:54,794 - INFO: Train [19|153600] lr: 0.010000 Loss: 0.0123 Acc: 1.0000 BatchTime: 29.282465
2017-12-12 18:44:04,044 - INFO: Train [19|204800] lr: 0.010000 Loss: 0.0100 Acc: 1.0000 BatchTime: 38.532103
2017-12-12 18:44:13,285 - INFO: Train [19|256000] lr: 0.010000 Loss: 0.0119 Acc: 1.0000 BatchTime: 47.773494
2017-12-12 18:44:22,565 - INFO: Train [19|307200] lr: 0.010000 Loss: 0.0104 Acc: 1.0000 BatchTime: 57.053192
2017-12-12 18:44:31,855 - INFO: Train [19|358400] lr: 0.010000 Loss: 0.0115 Acc: 1.0000 BatchTime: 66.343835
2017-12-12 18:44:41,121 - INFO: Train [19|409600] lr: 0.010000 Loss: 0.0108 Acc: 1.0000 BatchTime: 75.609397
2017-12-12 18:44:50,395 - INFO: Train [19|460800] lr: 0.010000 Loss: 0.0132 Acc: 1.0000 BatchTime: 84.882920
2017-12-12 18:44:59,663 - INFO: Train [19|512000] lr: 0.010000 Loss: 0.0133 Acc: 1.0000 BatchTime: 94.151317
2017-12-12 18:45:08,935 - INFO: Train [19|563200] lr: 0.010000 Loss: 0.0108 Acc: 1.0000 BatchTime: 103.422933
2017-12-12 18:45:18,218 - INFO: Train [19|614400] lr: 0.010000 Loss: 0.0141 Acc: 1.0000 BatchTime: 112.706154
2017-12-12 18:45:27,464 - INFO: Train [19|665600] lr: 0.010000 Loss: 0.0132 Acc: 1.0000 BatchTime: 121.952469
2017-12-12 18:45:36,731 - INFO: Train [19|716800] lr: 0.010000 Loss: 0.0117 Acc: 1.0000 BatchTime: 131.219563
2017-12-12 18:45:45,972 - INFO: Train [19|768000] lr: 0.010000 Loss: 0.0109 Acc: 1.0000 BatchTime: 140.459885
2017-12-12 18:45:55,210 - INFO: Train [19|819200] lr: 0.010000 Loss: 0.0125 Acc: 1.0000 BatchTime: 149.698603
2017-12-12 18:46:04,460 - INFO: Train [19|870400] lr: 0.010000 Loss: 0.0109 Acc: 1.0000 BatchTime: 158.948037
2017-12-12 18:46:13,697 - INFO: Train [19|921600] lr: 0.010000 Loss: 0.0130 Acc: 1.0000 BatchTime: 168.185671
2017-12-12 18:46:22,953 - INFO: Train [19|972800] lr: 0.010000 Loss: 0.0108 Acc: 1.0000 BatchTime: 177.441079
2017-12-12 18:46:44,084 - INFO: EvalTotal Acc: 0.754344 Loss: 1.258373
2017-12-12 18:46:44,085 - INFO: -----------------------------------------------------------
2017-12-12 18:46:54,774 - INFO: Train [20|51200] lr: 0.010000 Loss: 0.0125 Acc: 1.0000 BatchTime: 10.688986
2017-12-12 18:47:04,013 - INFO: Train [20|102400] lr: 0.010000 Loss: 0.0121 Acc: 1.0000 BatchTime: 19.928369
2017-12-12 18:47:13,237 - INFO: Train [20|153600] lr: 0.010000 Loss: 0.0130 Acc: 1.0000 BatchTime: 29.151568
2017-12-12 18:47:22,451 - INFO: Train [20|204800] lr: 0.010000 Loss: 0.0116 Acc: 1.0000 BatchTime: 38.366070
2017-12-12 18:47:31,654 - INFO: Train [20|256000] lr: 0.010000 Loss: 0.0092 Acc: 1.0000 BatchTime: 47.568739
