2017-12-12 16:48:20,814 - INFO: -----------------------------------------------------------
2017-12-12 16:48:25,327 - INFO: Load [(data, labs),...,] usetime: 4.512322
2017-12-12 16:48:26,918 - INFO: process usetime: 6.103172
2017-12-12 16:48:26,918 - INFO: Len(data): 1011736 Shape(data): (1, 40, 40)
2017-12-12 16:48:28,189 - INFO: Load [(data, labs),...,] usetime: 1.244323
2017-12-12 16:48:28,599 - INFO: process usetime: 1.654956
2017-12-12 16:48:28,600 - INFO: Len(data): 268990 Shape(data): (1, 40, 40)
2017-12-12 16:48:28,612 - INFO: -----------------------------------------------------------
2017-12-12 16:48:55,872 - INFO: Train [1|51200] lr: 0.010000 Loss: 9.0348 Acc: 0.0020 BatchTime: 16.970675
2017-12-12 16:49:10,307 - INFO: Train [1|102400] lr: 0.010000 Loss: 8.9284 Acc: 0.0020 BatchTime: 31.406118
2017-12-12 16:49:24,764 - INFO: Train [1|153600] lr: 0.010000 Loss: 8.6374 Acc: 0.0078 BatchTime: 45.863006
2017-12-12 16:49:39,248 - INFO: Train [1|204800] lr: 0.010000 Loss: 8.5012 Acc: 0.0039 BatchTime: 60.347588
2017-12-12 16:49:53,774 - INFO: Train [1|256000] lr: 0.010000 Loss: 8.2339 Acc: 0.0059 BatchTime: 74.873116
2017-12-12 16:50:08,310 - INFO: Train [1|307200] lr: 0.010000 Loss: 7.7855 Acc: 0.0215 BatchTime: 89.409591
2017-12-12 16:50:22,859 - INFO: Train [1|358400] lr: 0.010000 Loss: 7.5539 Acc: 0.0195 BatchTime: 103.957965
2017-12-12 16:50:37,429 - INFO: Train [1|409600] lr: 0.010000 Loss: 7.2067 Acc: 0.0098 BatchTime: 118.528079
2017-12-12 16:50:52,005 - INFO: Train [1|460800] lr: 0.010000 Loss: 6.9578 Acc: 0.0352 BatchTime: 133.104208
2017-12-12 16:51:06,590 - INFO: Train [1|512000] lr: 0.010000 Loss: 6.3712 Acc: 0.0352 BatchTime: 147.689044
2017-12-12 16:51:21,172 - INFO: Train [1|563200] lr: 0.010000 Loss: 6.1339 Acc: 0.0547 BatchTime: 162.270762
2017-12-12 16:51:35,678 - INFO: Train [1|614400] lr: 0.010000 Loss: 5.9491 Acc: 0.0664 BatchTime: 176.776671
2017-12-12 16:51:50,153 - INFO: Train [1|665600] lr: 0.010000 Loss: 5.6375 Acc: 0.0938 BatchTime: 191.251734
2017-12-12 16:52:04,616 - INFO: Train [1|716800] lr: 0.010000 Loss: 5.2765 Acc: 0.1113 BatchTime: 205.715560
2017-12-12 16:52:19,092 - INFO: Train [1|768000] lr: 0.010000 Loss: 5.1242 Acc: 0.1289 BatchTime: 220.191087
2017-12-12 16:52:33,558 - INFO: Train [1|819200] lr: 0.010000 Loss: 4.8755 Acc: 0.1348 BatchTime: 234.657231
2017-12-12 16:52:48,035 - INFO: Train [1|870400] lr: 0.010000 Loss: 4.7261 Acc: 0.1602 BatchTime: 249.134564
2017-12-12 16:53:02,501 - INFO: Train [1|921600] lr: 0.010000 Loss: 4.3828 Acc: 0.1934 BatchTime: 263.600401
2017-12-12 16:53:17,269 - INFO: Train [1|972800] lr: 0.010000 Loss: 4.2488 Acc: 0.2129 BatchTime: 278.368650
2017-12-12 16:53:56,102 - INFO: EvalTotal acc: 0.122027 loss: 5.111353
2017-12-12 16:53:56,103 - INFO: -----------------------------------------------------------
2017-12-12 16:54:12,154 - INFO: Train [2|51200] lr: 0.010000 Loss: 3.6761 Acc: 0.3184 BatchTime: 16.049940
2017-12-12 16:54:26,656 - INFO: Train [2|102400] lr: 0.010000 Loss: 3.6781 Acc: 0.2852 BatchTime: 30.552099
2017-12-12 16:54:41,242 - INFO: Train [2|153600] lr: 0.010000 Loss: 3.4869 Acc: 0.3184 BatchTime: 45.138564
2017-12-12 16:54:55,821 - INFO: Train [2|204800] lr: 0.010000 Loss: 3.3320 Acc: 0.3574 BatchTime: 59.716666
2017-12-12 16:55:10,375 - INFO: Train [2|256000] lr: 0.010000 Loss: 3.1463 Acc: 0.3926 BatchTime: 74.271611
2017-12-12 16:55:24,855 - INFO: Train [2|307200] lr: 0.010000 Loss: 2.9994 Acc: 0.4062 BatchTime: 88.750966
2017-12-12 16:55:39,327 - INFO: Train [2|358400] lr: 0.010000 Loss: 2.8190 Acc: 0.4023 BatchTime: 103.223503
2017-12-12 16:55:53,813 - INFO: Train [2|409600] lr: 0.010000 Loss: 2.7589 Acc: 0.4219 BatchTime: 117.709060
2017-12-12 16:56:08,284 - INFO: Train [2|460800] lr: 0.010000 Loss: 2.5928 Acc: 0.4844 BatchTime: 132.180451
2017-12-12 16:56:22,752 - INFO: Train [2|512000] lr: 0.010000 Loss: 2.5570 Acc: 0.4902 BatchTime: 146.648441
2017-12-12 16:56:37,238 - INFO: Train [2|563200] lr: 0.010000 Loss: 2.3169 Acc: 0.5312 BatchTime: 161.133927
2017-12-12 16:56:51,706 - INFO: Train [2|614400] lr: 0.010000 Loss: 2.3098 Acc: 0.5195 BatchTime: 175.602330
2017-12-12 16:57:06,186 - INFO: Train [2|665600] lr: 0.010000 Loss: 2.2259 Acc: 0.5273 BatchTime: 190.082371
2017-12-12 16:57:20,686 - INFO: Train [2|716800] lr: 0.010000 Loss: 2.1522 Acc: 0.5586 BatchTime: 204.581889
2017-12-12 16:57:35,171 - INFO: Train [2|768000] lr: 0.010000 Loss: 2.0711 Acc: 0.5820 BatchTime: 219.067290
2017-12-12 16:57:49,663 - INFO: Train [2|819200] lr: 0.010000 Loss: 1.9875 Acc: 0.5762 BatchTime: 233.558826
2017-12-12 16:58:04,149 - INFO: Train [2|870400] lr: 0.010000 Loss: 1.8101 Acc: 0.6211 BatchTime: 248.045350
2017-12-12 16:58:18,640 - INFO: Train [2|921600] lr: 0.010000 Loss: 1.8263 Acc: 0.6016 BatchTime: 262.535726
2017-12-12 16:58:33,123 - INFO: Train [2|972800] lr: 0.010000 Loss: 1.7553 Acc: 0.6406 BatchTime: 277.019001
2017-12-12 16:59:11,971 - INFO: EvalTotal acc: 0.263813 loss: 3.849183
2017-12-12 16:59:11,971 - INFO: -----------------------------------------------------------
2017-12-12 16:59:28,257 - INFO: Train [3|51200] lr: 0.010000 Loss: 1.4789 Acc: 0.6777 BatchTime: 16.284317
2017-12-12 16:59:42,839 - INFO: Train [3|102400] lr: 0.010000 Loss: 1.4652 Acc: 0.6914 BatchTime: 30.866822
2017-12-12 16:59:57,418 - INFO: Train [3|153600] lr: 0.010000 Loss: 1.4810 Acc: 0.6855 BatchTime: 45.445597
2017-12-12 17:00:11,996 - INFO: Train [3|204800] lr: 0.010000 Loss: 1.5108 Acc: 0.6836 BatchTime: 60.023379
2017-12-12 17:00:26,574 - INFO: Train [3|256000] lr: 0.010000 Loss: 1.4066 Acc: 0.6914 BatchTime: 74.601678
2017-12-12 17:00:41,083 - INFO: Train [3|307200] lr: 0.010000 Loss: 1.2792 Acc: 0.7441 BatchTime: 89.110356
2017-12-12 17:00:55,557 - INFO: Train [3|358400] lr: 0.010000 Loss: 1.2892 Acc: 0.7363 BatchTime: 103.584853
2017-12-12 17:01:10,075 - INFO: Train [3|409600] lr: 0.010000 Loss: 1.2440 Acc: 0.7285 BatchTime: 118.102792
2017-12-12 17:01:24,550 - INFO: Train [3|460800] lr: 0.010000 Loss: 1.1980 Acc: 0.7480 BatchTime: 132.578120
2017-12-12 17:01:39,086 - INFO: Train [3|512000] lr: 0.010000 Loss: 1.1134 Acc: 0.7617 BatchTime: 147.113422
2017-12-12 17:01:53,656 - INFO: Train [3|563200] lr: 0.010000 Loss: 1.2003 Acc: 0.7305 BatchTime: 161.683501
2017-12-12 17:02:08,239 - INFO: Train [3|614400] lr: 0.010000 Loss: 1.1748 Acc: 0.7324 BatchTime: 176.267179
2017-12-12 17:02:22,820 - INFO: Train [3|665600] lr: 0.010000 Loss: 1.0392 Acc: 0.7930 BatchTime: 190.847341
2017-12-12 17:02:37,405 - INFO: Train [3|716800] lr: 0.010000 Loss: 0.9715 Acc: 0.7988 BatchTime: 205.433027
2017-12-12 17:02:51,982 - INFO: Train [3|768000] lr: 0.010000 Loss: 1.0956 Acc: 0.7773 BatchTime: 220.010045
2017-12-12 17:03:06,566 - INFO: Train [3|819200] lr: 0.010000 Loss: 1.0326 Acc: 0.7793 BatchTime: 234.593323
2017-12-12 17:03:21,141 - INFO: Train [3|870400] lr: 0.010000 Loss: 0.9878 Acc: 0.7910 BatchTime: 249.168602
2017-12-12 17:03:35,720 - INFO: Train [3|921600] lr: 0.010000 Loss: 0.9776 Acc: 0.8164 BatchTime: 263.747532
2017-12-12 17:03:50,303 - INFO: Train [3|972800] lr: 0.010000 Loss: 1.0396 Acc: 0.7988 BatchTime: 278.330821
2017-12-12 17:04:28,314 - INFO: EvalTotal acc: 0.228451 loss: 4.393202
2017-12-12 17:04:28,315 - INFO: -----------------------------------------------------------
2017-12-12 17:04:44,078 - INFO: Train [4|51200] lr: 0.010000 Loss: 0.7997 Acc: 0.8340 BatchTime: 15.761956
2017-12-12 17:04:50,890 - INFO: (['train_network.py'], 30, 0.01, 512, 100)
2017-12-12 17:04:50,890 - INFO: -----------------------------------------------------------
2017-12-12 17:04:54,938 - INFO: Load [(data, labs),...,] usetime: 4.047901
2017-12-12 17:04:56,475 - INFO: process usetime: 5.584581
2017-12-12 17:04:56,475 - INFO: Len(data): 1011736 Shape(data): (1, 40, 40)
2017-12-12 17:04:57,693 - INFO: Load [(data, labs),...,] usetime: 1.191875
2017-12-12 17:04:58,085 - INFO: process usetime: 1.584196
2017-12-12 17:04:58,085 - INFO: Len(data): 268990 Shape(data): (1, 40, 40)
2017-12-12 17:04:58,097 - INFO: -----------------------------------------------------------
2017-12-12 17:05:25,307 - INFO: Train [1|51200] lr: 0.010000 Loss: 9.0496 Acc: 0.0000 BatchTime: 16.936577
2017-12-12 17:05:39,739 - INFO: Train [1|102400] lr: 0.010000 Loss: 8.8681 Acc: 0.0078 BatchTime: 31.369361
2017-12-12 17:05:54,255 - INFO: Train [1|153600] lr: 0.010000 Loss: 8.7752 Acc: 0.0039 BatchTime: 45.885107
2017-12-12 17:06:08,766 - INFO: Train [1|204800] lr: 0.010000 Loss: 8.4531 Acc: 0.0039 BatchTime: 60.396065
2017-12-12 17:06:23,302 - INFO: Train [1|256000] lr: 0.010000 Loss: 8.2218 Acc: 0.0039 BatchTime: 74.931869
2017-12-12 17:06:37,859 - INFO: Train [1|307200] lr: 0.010000 Loss: 7.9626 Acc: 0.0117 BatchTime: 89.489282
2017-12-12 17:06:52,435 - INFO: Train [1|358400] lr: 0.010000 Loss: 7.5985 Acc: 0.0117 BatchTime: 104.065094
2017-12-12 17:07:06,944 - INFO: Train [1|409600] lr: 0.010000 Loss: 7.1866 Acc: 0.0215 BatchTime: 118.573504
2017-12-12 17:07:21,427 - INFO: Train [1|460800] lr: 0.010000 Loss: 6.7104 Acc: 0.0352 BatchTime: 133.057404
2017-12-12 17:07:35,999 - INFO: Train [1|512000] lr: 0.010000 Loss: 6.3767 Acc: 0.0449 BatchTime: 147.628667
2017-12-12 17:07:50,472 - INFO: Train [1|563200] lr: 0.010000 Loss: 6.1864 Acc: 0.0605 BatchTime: 162.101885
2017-12-12 17:08:05,052 - INFO: Train [1|614400] lr: 0.010000 Loss: 5.7921 Acc: 0.0508 BatchTime: 176.682017
2017-12-12 17:08:19,654 - INFO: Train [1|665600] lr: 0.010000 Loss: 5.5430 Acc: 0.0918 BatchTime: 191.283669
2017-12-12 17:08:34,194 - INFO: Train [1|716800] lr: 0.010000 Loss: 5.4499 Acc: 0.1016 BatchTime: 205.824028
2017-12-12 17:08:48,685 - INFO: Train [1|768000] lr: 0.010000 Loss: 5.0317 Acc: 0.1250 BatchTime: 220.315077
2017-12-12 17:09:03,255 - INFO: Train [1|819200] lr: 0.010000 Loss: 4.8973 Acc: 0.1426 BatchTime: 234.884762
2017-12-12 17:09:17,861 - INFO: Train [1|870400] lr: 0.010000 Loss: 4.4883 Acc: 0.1875 BatchTime: 249.490804
2017-12-12 17:09:32,470 - INFO: Train [1|921600] lr: 0.010000 Loss: 4.1593 Acc: 0.2266 BatchTime: 264.100281
2017-12-12 17:09:47,072 - INFO: Train [1|972800] lr: 0.010000 Loss: 4.3122 Acc: 0.2070 BatchTime: 278.702111
2017-12-12 17:10:25,298 - INFO: EvalTotal acc: 0.054712 loss: 6.004765
2017-12-12 17:10:25,299 - INFO: -----------------------------------------------------------
2017-12-12 17:10:41,232 - INFO: Train [2|51200] lr: 0.010000 Loss: 3.6522 Acc: 0.3047 BatchTime: 15.931756
2017-12-12 17:10:55,723 - INFO: Train [2|102400] lr: 0.010000 Loss: 3.6090 Acc: 0.2910 BatchTime: 30.423355
2017-12-12 17:11:10,205 - INFO: Train [2|153600] lr: 0.010000 Loss: 3.5579 Acc: 0.2910 BatchTime: 44.905186
2017-12-12 17:11:24,678 - INFO: Train [2|204800] lr: 0.010000 Loss: 3.2807 Acc: 0.3184 BatchTime: 59.378108
2017-12-12 17:11:39,170 - INFO: Train [2|256000] lr: 0.010000 Loss: 2.9247 Acc: 0.3926 BatchTime: 73.870332
2017-12-12 17:11:53,680 - INFO: Train [2|307200] lr: 0.010000 Loss: 2.9461 Acc: 0.3926 BatchTime: 88.380359
2017-12-12 17:12:08,256 - INFO: Train [2|358400] lr: 0.010000 Loss: 2.6631 Acc: 0.4238 BatchTime: 102.955713
2017-12-12 17:12:22,837 - INFO: Train [2|409600] lr: 0.010000 Loss: 2.7473 Acc: 0.4570 BatchTime: 117.536730
2017-12-12 17:12:37,453 - INFO: Train [2|460800] lr: 0.010000 Loss: 2.4837 Acc: 0.5039 BatchTime: 132.152838
2017-12-12 17:12:52,070 - INFO: Train [2|512000] lr: 0.010000 Loss: 2.3738 Acc: 0.4922 BatchTime: 146.769962
2017-12-12 17:13:06,671 - INFO: Train [2|563200] lr: 0.010000 Loss: 2.3018 Acc: 0.5059 BatchTime: 161.370597
2017-12-12 17:13:21,238 - INFO: Train [2|614400] lr: 0.010000 Loss: 2.2132 Acc: 0.5391 BatchTime: 175.937721
2017-12-12 17:13:35,823 - INFO: Train [2|665600] lr: 0.010000 Loss: 2.1141 Acc: 0.5605 BatchTime: 190.522754
2017-12-12 17:13:50,413 - INFO: Train [2|716800] lr: 0.010000 Loss: 1.9946 Acc: 0.5703 BatchTime: 205.112951
2017-12-12 17:14:04,935 - INFO: Train [2|768000] lr: 0.010000 Loss: 2.1791 Acc: 0.5273 BatchTime: 219.634581
2017-12-12 17:14:19,491 - INFO: Train [2|819200] lr: 0.010000 Loss: 1.8007 Acc: 0.6094 BatchTime: 234.190497
2017-12-12 17:14:33,973 - INFO: Train [2|870400] lr: 0.010000 Loss: 1.8366 Acc: 0.5996 BatchTime: 248.673212
2017-12-12 17:14:48,560 - INFO: Train [2|921600] lr: 0.010000 Loss: 1.7510 Acc: 0.6348 BatchTime: 263.260160
2017-12-12 17:15:03,167 - INFO: Train [2|972800] lr: 0.010000 Loss: 1.7303 Acc: 0.6094 BatchTime: 277.866892
2017-12-12 17:15:41,612 - INFO: EvalTotal acc: 0.339455 loss: 3.391862
2017-12-12 17:15:41,614 - INFO: -----------------------------------------------------------
2017-12-12 17:15:57,814 - INFO: Train [3|51200] lr: 0.010000 Loss: 1.5079 Acc: 0.6816 BatchTime: 16.198732
2017-12-12 17:16:12,410 - INFO: Train [3|102400] lr: 0.010000 Loss: 1.4383 Acc: 0.6953 BatchTime: 30.794830
2017-12-12 17:16:26,991 - INFO: Train [3|153600] lr: 0.010000 Loss: 1.3849 Acc: 0.6738 BatchTime: 45.375707
2017-12-12 17:16:41,592 - INFO: Train [3|204800] lr: 0.010000 Loss: 1.3760 Acc: 0.6914 BatchTime: 59.977117
2017-12-12 17:16:56,212 - INFO: Train [3|256000] lr: 0.010000 Loss: 1.4071 Acc: 0.6895 BatchTime: 74.597479
2017-12-12 17:17:10,800 - INFO: Train [3|307200] lr: 0.010000 Loss: 1.2508 Acc: 0.6914 BatchTime: 89.184837
2017-12-12 17:17:25,391 - INFO: Train [3|358400] lr: 0.010000 Loss: 1.0998 Acc: 0.7559 BatchTime: 103.775858
2017-12-12 17:17:39,975 - INFO: Train [3|409600] lr: 0.010000 Loss: 1.2082 Acc: 0.7480 BatchTime: 118.359961
2017-12-12 17:17:54,573 - INFO: Train [3|460800] lr: 0.010000 Loss: 1.1476 Acc: 0.7148 BatchTime: 132.957710
2017-12-12 17:18:09,170 - INFO: Train [3|512000] lr: 0.010000 Loss: 1.0886 Acc: 0.7559 BatchTime: 147.554980
2017-12-12 17:18:23,766 - INFO: Train [3|563200] lr: 0.010000 Loss: 0.9807 Acc: 0.7461 BatchTime: 162.151538
2017-12-12 17:18:38,258 - INFO: Train [3|614400] lr: 0.010000 Loss: 1.0977 Acc: 0.7324 BatchTime: 176.642839
2017-12-12 17:18:52,757 - INFO: Train [3|665600] lr: 0.010000 Loss: 0.9564 Acc: 0.7871 BatchTime: 191.141688
2017-12-12 17:19:07,250 - INFO: Train [3|716800] lr: 0.010000 Loss: 1.0828 Acc: 0.7383 BatchTime: 205.635101
2017-12-12 17:19:21,829 - INFO: Train [3|768000] lr: 0.010000 Loss: 0.9202 Acc: 0.7812 BatchTime: 220.214692
2017-12-12 17:19:36,399 - INFO: Train [3|819200] lr: 0.010000 Loss: 0.9177 Acc: 0.7754 BatchTime: 234.783725
2017-12-12 17:19:51,015 - INFO: Train [3|870400] lr: 0.010000 Loss: 0.9230 Acc: 0.7793 BatchTime: 249.399797
2017-12-12 17:20:05,507 - INFO: Train [3|921600] lr: 0.010000 Loss: 0.9436 Acc: 0.7812 BatchTime: 263.891744
2017-12-12 17:20:20,130 - INFO: Train [3|972800] lr: 0.010000 Loss: 0.9342 Acc: 0.7949 BatchTime: 278.515241
2017-12-12 17:20:58,734 - INFO: EvalTotal acc: 0.435496 loss: 2.798597
2017-12-12 17:20:58,736 - INFO: -----------------------------------------------------------
2017-12-12 17:21:14,898 - INFO: Train [4|51200] lr: 0.010000 Loss: 0.7706 Acc: 0.8125 BatchTime: 16.161018
2017-12-12 17:21:29,411 - INFO: Train [4|102400] lr: 0.010000 Loss: 0.7641 Acc: 0.8301 BatchTime: 30.674237
2017-12-12 17:21:43,915 - INFO: Train [4|153600] lr: 0.010000 Loss: 0.6755 Acc: 0.8320 BatchTime: 45.178141
2017-12-12 17:21:58,496 - INFO: Train [4|204800] lr: 0.010000 Loss: 0.5735 Acc: 0.8789 BatchTime: 59.758927
2017-12-12 17:22:13,098 - INFO: Train [4|256000] lr: 0.010000 Loss: 0.7518 Acc: 0.8145 BatchTime: 74.361166
2017-12-12 17:22:27,729 - INFO: Train [4|307200] lr: 0.010000 Loss: 0.7702 Acc: 0.8184 BatchTime: 88.992182
2017-12-12 17:22:42,326 - INFO: Train [4|358400] lr: 0.010000 Loss: 0.6003 Acc: 0.8535 BatchTime: 103.589022
2017-12-12 17:22:56,976 - INFO: Train [4|409600] lr: 0.010000 Loss: 0.6523 Acc: 0.8320 BatchTime: 118.238884
2017-12-12 17:23:11,582 - INFO: Train [4|460800] lr: 0.010000 Loss: 0.6579 Acc: 0.8438 BatchTime: 132.845364
2017-12-12 17:23:26,170 - INFO: Train [4|512000] lr: 0.010000 Loss: 0.6186 Acc: 0.8574 BatchTime: 147.433294
2017-12-12 17:23:40,774 - INFO: Train [4|563200] lr: 0.010000 Loss: 0.6548 Acc: 0.8594 BatchTime: 162.037435
2017-12-12 17:23:55,351 - INFO: Train [4|614400] lr: 0.010000 Loss: 0.5460 Acc: 0.8750 BatchTime: 176.614173
2017-12-12 17:24:09,968 - INFO: Train [4|665600] lr: 0.010000 Loss: 0.6210 Acc: 0.8496 BatchTime: 191.230602
2017-12-12 17:24:24,574 - INFO: Train [4|716800] lr: 0.010000 Loss: 0.5408 Acc: 0.8574 BatchTime: 205.837185
2017-12-12 17:24:39,078 - INFO: Train [4|768000] lr: 0.010000 Loss: 0.6251 Acc: 0.8301 BatchTime: 220.341260
2017-12-12 17:24:53,664 - INFO: Train [4|819200] lr: 0.010000 Loss: 0.5084 Acc: 0.8574 BatchTime: 234.926884
2017-12-12 17:25:08,598 - INFO: Train [4|870400] lr: 0.010000 Loss: 0.6585 Acc: 0.8438 BatchTime: 249.861363
2017-12-12 17:25:23,211 - INFO: Train [4|921600] lr: 0.010000 Loss: 0.5552 Acc: 0.8730 BatchTime: 264.474102
2017-12-12 17:25:37,791 - INFO: Train [4|972800] lr: 0.010000 Loss: 0.5989 Acc: 0.8574 BatchTime: 279.054198
2017-12-12 17:26:16,341 - INFO: EvalTotal acc: 0.600375 loss: 1.923153
2017-12-12 17:26:16,343 - INFO: -----------------------------------------------------------
2017-12-12 17:26:32,671 - INFO: Train [5|51200] lr: 0.010000 Loss: 0.4972 Acc: 0.8965 BatchTime: 16.326903
2017-12-12 17:26:47,164 - INFO: Train [5|102400] lr: 0.010000 Loss: 0.5267 Acc: 0.8691 BatchTime: 30.819806
2017-12-12 17:27:01,657 - INFO: Train [5|153600] lr: 0.010000 Loss: 0.4384 Acc: 0.8984 BatchTime: 45.312609
2017-12-12 17:27:16,158 - INFO: Train [5|204800] lr: 0.010000 Loss: 0.4252 Acc: 0.9062 BatchTime: 59.813810
2017-12-12 17:27:30,661 - INFO: Train [5|256000] lr: 0.010000 Loss: 0.4940 Acc: 0.8652 BatchTime: 74.316513
2017-12-12 17:27:45,188 - INFO: Train [5|307200] lr: 0.010000 Loss: 0.3944 Acc: 0.9121 BatchTime: 88.843484
2017-12-12 17:27:59,851 - INFO: Train [5|358400] lr: 0.010000 Loss: 0.4369 Acc: 0.8984 BatchTime: 103.506817
2017-12-12 17:28:14,367 - INFO: Train [5|409600] lr: 0.010000 Loss: 0.3711 Acc: 0.9043 BatchTime: 118.023107
2017-12-12 17:28:29,006 - INFO: Train [5|460800] lr: 0.010000 Loss: 0.3312 Acc: 0.9102 BatchTime: 132.662027
2017-12-12 17:28:43,575 - INFO: Train [5|512000] lr: 0.010000 Loss: 0.4624 Acc: 0.8906 BatchTime: 147.231077
2017-12-12 17:28:58,212 - INFO: Train [5|563200] lr: 0.010000 Loss: 0.3702 Acc: 0.9004 BatchTime: 161.867981
2017-12-12 17:29:12,830 - INFO: Train [5|614400] lr: 0.010000 Loss: 0.4201 Acc: 0.8887 BatchTime: 176.486328
2017-12-12 17:29:27,471 - INFO: Train [5|665600] lr: 0.010000 Loss: 0.4418 Acc: 0.8945 BatchTime: 191.127175
2017-12-12 17:29:42,006 - INFO: Train [5|716800] lr: 0.010000 Loss: 0.4527 Acc: 0.9004 BatchTime: 205.661795
2017-12-12 17:29:56,522 - INFO: Train [5|768000] lr: 0.010000 Loss: 0.3456 Acc: 0.9121 BatchTime: 220.178315
2017-12-12 17:30:11,084 - INFO: Train [5|819200] lr: 0.010000 Loss: 0.3998 Acc: 0.8984 BatchTime: 234.739541
2017-12-12 17:30:25,601 - INFO: Train [5|870400] lr: 0.010000 Loss: 0.4176 Acc: 0.9023 BatchTime: 249.257015
2017-12-12 17:30:40,251 - INFO: Train [5|921600] lr: 0.010000 Loss: 0.3404 Acc: 0.9160 BatchTime: 263.907244
2017-12-12 17:30:54,760 - INFO: Train [5|972800] lr: 0.010000 Loss: 0.3781 Acc: 0.9023 BatchTime: 278.415817
2017-12-12 17:31:33,686 - INFO: EvalTotal acc: 0.533548 loss: 2.274052
2017-12-12 17:31:33,688 - INFO: -----------------------------------------------------------
2017-12-12 17:31:49,862 - INFO: Train [6|51200] lr: 0.010000 Loss: 0.3176 Acc: 0.9219 BatchTime: 16.172808
2017-12-12 17:32:04,365 - INFO: Train [6|102400] lr: 0.010000 Loss: 0.2498 Acc: 0.9609 BatchTime: 30.675883
2017-12-12 17:32:18,887 - INFO: Train [6|153600] lr: 0.010000 Loss: 0.3369 Acc: 0.9258 BatchTime: 45.197625
2017-12-12 17:32:33,404 - INFO: Train [6|204800] lr: 0.010000 Loss: 0.2865 Acc: 0.9297 BatchTime: 59.714695
2017-12-12 17:32:47,933 - INFO: Train [6|256000] lr: 0.010000 Loss: 0.2642 Acc: 0.9199 BatchTime: 74.243795
2017-12-12 17:33:02,539 - INFO: Train [6|307200] lr: 0.010000 Loss: 0.2972 Acc: 0.9277 BatchTime: 88.849474
2017-12-12 17:33:17,065 - INFO: Train [6|358400] lr: 0.010000 Loss: 0.3020 Acc: 0.9238 BatchTime: 103.375685
2017-12-12 17:33:31,585 - INFO: Train [6|409600] lr: 0.010000 Loss: 0.2507 Acc: 0.9434 BatchTime: 117.896206
2017-12-12 17:33:46,084 - INFO: Train [6|460800] lr: 0.010000 Loss: 0.2507 Acc: 0.9453 BatchTime: 132.394469
2017-12-12 17:34:00,609 - INFO: Train [6|512000] lr: 0.010000 Loss: 0.3231 Acc: 0.9219 BatchTime: 146.919605
2017-12-12 17:34:15,209 - INFO: Train [6|563200] lr: 0.010000 Loss: 0.3197 Acc: 0.9355 BatchTime: 161.520318
2017-12-12 17:34:29,737 - INFO: Train [6|614400] lr: 0.010000 Loss: 0.2914 Acc: 0.9297 BatchTime: 176.048174
2017-12-12 17:34:44,266 - INFO: Train [6|665600] lr: 0.010000 Loss: 0.2797 Acc: 0.9180 BatchTime: 190.576715
2017-12-12 17:34:58,798 - INFO: Train [6|716800] lr: 0.010000 Loss: 0.2806 Acc: 0.9316 BatchTime: 205.109131
2017-12-12 17:35:13,334 - INFO: Train [6|768000] lr: 0.010000 Loss: 0.2516 Acc: 0.9414 BatchTime: 219.644672
2017-12-12 17:35:27,863 - INFO: Train [6|819200] lr: 0.010000 Loss: 0.3190 Acc: 0.9160 BatchTime: 234.174069
2017-12-12 17:35:42,605 - INFO: Train [6|870400] lr: 0.010000 Loss: 0.2987 Acc: 0.9297 BatchTime: 248.915401
2017-12-12 17:35:57,154 - INFO: Train [6|921600] lr: 0.010000 Loss: 0.3131 Acc: 0.9277 BatchTime: 263.464996
2017-12-12 17:36:11,683 - INFO: Train [6|972800] lr: 0.010000 Loss: 0.2397 Acc: 0.9414 BatchTime: 277.994060
2017-12-12 17:36:50,620 - INFO: EvalTotal acc: 0.577256 loss: 2.052547
2017-12-12 17:36:50,621 - INFO: -----------------------------------------------------------
2017-12-12 17:37:06,795 - INFO: Train [7|51200] lr: 0.010000 Loss: 0.2321 Acc: 0.9473 BatchTime: 16.172253
2017-12-12 17:37:21,317 - INFO: Train [7|102400] lr: 0.010000 Loss: 0.1833 Acc: 0.9570 BatchTime: 30.694669
2017-12-12 17:37:35,845 - INFO: Train [7|153600] lr: 0.010000 Loss: 0.1606 Acc: 0.9688 BatchTime: 45.222891
2017-12-12 17:37:50,427 - INFO: Train [7|204800] lr: 0.010000 Loss: 0.2546 Acc: 0.9355 BatchTime: 59.804346
2017-12-12 17:38:04,942 - INFO: Train [7|256000] lr: 0.010000 Loss: 0.1912 Acc: 0.9492 BatchTime: 74.319265
2017-12-12 17:38:19,505 - INFO: Train [7|307200] lr: 0.010000 Loss: 0.2213 Acc: 0.9473 BatchTime: 88.882701
2017-12-12 17:38:34,090 - INFO: Train [7|358400] lr: 0.010000 Loss: 0.2094 Acc: 0.9590 BatchTime: 103.467593
2017-12-12 17:38:48,648 - INFO: Train [7|409600] lr: 0.010000 Loss: 0.2289 Acc: 0.9473 BatchTime: 118.025321
2017-12-12 17:39:03,175 - INFO: Train [7|460800] lr: 0.010000 Loss: 0.1923 Acc: 0.9551 BatchTime: 132.552919
2017-12-12 17:39:17,694 - INFO: Train [7|512000] lr: 0.010000 Loss: 0.2039 Acc: 0.9512 BatchTime: 147.071498
2017-12-12 17:39:32,233 - INFO: Train [7|563200] lr: 0.010000 Loss: 0.2272 Acc: 0.9395 BatchTime: 161.610486
2017-12-12 17:39:46,778 - INFO: Train [7|614400] lr: 0.010000 Loss: 0.1983 Acc: 0.9512 BatchTime: 176.155348
2017-12-12 17:40:01,403 - INFO: Train [7|665600] lr: 0.010000 Loss: 0.2266 Acc: 0.9453 BatchTime: 190.780772
2017-12-12 17:40:15,959 - INFO: Train [7|716800] lr: 0.010000 Loss: 0.2307 Acc: 0.9453 BatchTime: 205.336585
2017-12-12 17:40:30,491 - INFO: Train [7|768000] lr: 0.010000 Loss: 0.2043 Acc: 0.9590 BatchTime: 219.868810
2017-12-12 17:40:45,091 - INFO: Train [7|819200] lr: 0.010000 Loss: 0.1717 Acc: 0.9551 BatchTime: 234.468750
2017-12-12 17:40:59,635 - INFO: Train [7|870400] lr: 0.010000 Loss: 0.1931 Acc: 0.9609 BatchTime: 249.012323
2017-12-12 17:41:14,148 - INFO: Train [7|921600] lr: 0.010000 Loss: 0.1883 Acc: 0.9531 BatchTime: 263.525058
2017-12-12 17:41:28,671 - INFO: Train [7|972800] lr: 0.010000 Loss: 0.1853 Acc: 0.9531 BatchTime: 278.048675
2017-12-12 17:42:06,964 - INFO: EvalTotal acc: 0.623306 loss: 1.855046
2017-12-12 17:42:06,965 - INFO: -----------------------------------------------------------
2017-12-12 17:42:22,957 - INFO: Train [8|51200] lr: 0.010000 Loss: 0.1521 Acc: 0.9688 BatchTime: 15.990664
2017-12-12 17:42:37,513 - INFO: Train [8|102400] lr: 0.010000 Loss: 0.1332 Acc: 0.9785 BatchTime: 30.547388
2017-12-12 17:42:52,213 - INFO: Train [8|153600] lr: 0.010000 Loss: 0.1207 Acc: 0.9707 BatchTime: 45.246587
2017-12-12 17:43:06,752 - INFO: Train [8|204800] lr: 0.010000 Loss: 0.2128 Acc: 0.9414 BatchTime: 59.785742
2017-12-12 17:43:21,342 - INFO: Train [8|256000] lr: 0.010000 Loss: 0.1069 Acc: 0.9824 BatchTime: 74.373972
2017-12-12 17:43:35,988 - INFO: Train [8|307200] lr: 0.010000 Loss: 0.1777 Acc: 0.9590 BatchTime: 89.022168
2017-12-12 17:43:50,656 - INFO: Train [8|358400] lr: 0.010000 Loss: 0.1437 Acc: 0.9746 BatchTime: 103.689502
2017-12-12 17:44:05,331 - INFO: Train [8|409600] lr: 0.010000 Loss: 0.1037 Acc: 0.9863 BatchTime: 118.365166
2017-12-12 17:44:20,015 - INFO: Train [8|460800] lr: 0.010000 Loss: 0.1213 Acc: 0.9824 BatchTime: 133.048891
2017-12-12 17:44:34,694 - INFO: Train [8|512000] lr: 0.010000 Loss: 0.1582 Acc: 0.9629 BatchTime: 147.727979
2017-12-12 17:44:49,377 - INFO: Train [8|563200] lr: 0.010000 Loss: 0.1219 Acc: 0.9746 BatchTime: 162.410641
2017-12-12 17:45:04,062 - INFO: Train [8|614400] lr: 0.010000 Loss: 0.1154 Acc: 0.9766 BatchTime: 177.095761
2017-12-12 17:45:18,721 - INFO: Train [8|665600] lr: 0.010000 Loss: 0.1234 Acc: 0.9746 BatchTime: 191.754730
2017-12-12 17:45:33,392 - INFO: Train [8|716800] lr: 0.010000 Loss: 0.1578 Acc: 0.9590 BatchTime: 206.425724
2017-12-12 17:45:48,078 - INFO: Train [8|768000] lr: 0.010000 Loss: 0.1357 Acc: 0.9648 BatchTime: 221.112043
2017-12-12 17:46:02,759 - INFO: Train [8|819200] lr: 0.010000 Loss: 0.1595 Acc: 0.9629 BatchTime: 235.793300
2017-12-12 17:46:17,441 - INFO: Train [8|870400] lr: 0.010000 Loss: 0.1379 Acc: 0.9668 BatchTime: 250.474745
2017-12-12 17:46:32,137 - INFO: Train [8|921600] lr: 0.010000 Loss: 0.1313 Acc: 0.9707 BatchTime: 265.170503
2017-12-12 17:46:46,816 - INFO: Train [8|972800] lr: 0.010000 Loss: 0.1430 Acc: 0.9785 BatchTime: 279.849970
2017-12-12 17:47:26,584 - INFO: EvalTotal acc: 0.670058 loss: 1.622427
2017-12-12 17:47:26,585 - INFO: -----------------------------------------------------------
2017-12-12 17:47:42,837 - INFO: Train [9|51200] lr: 0.010000 Loss: 0.1498 Acc: 0.9648 BatchTime: 16.251562
2017-12-12 17:47:57,486 - INFO: Train [9|102400] lr: 0.010000 Loss: 0.0913 Acc: 0.9883 BatchTime: 30.900692
2017-12-12 17:48:12,163 - INFO: Train [9|153600] lr: 0.010000 Loss: 0.1076 Acc: 0.9805 BatchTime: 45.576828
2017-12-12 17:48:26,836 - INFO: Train [9|204800] lr: 0.010000 Loss: 0.0980 Acc: 0.9824 BatchTime: 60.250235
2017-12-12 17:48:41,498 - INFO: Train [9|256000] lr: 0.010000 Loss: 0.0895 Acc: 0.9863 BatchTime: 74.911841
2017-12-12 17:48:56,170 - INFO: Train [9|307200] lr: 0.010000 Loss: 0.0725 Acc: 0.9922 BatchTime: 89.584256
2017-12-12 17:49:10,838 - INFO: Train [9|358400] lr: 0.010000 Loss: 0.0946 Acc: 0.9863 BatchTime: 104.252066
2017-12-12 17:49:25,503 - INFO: Train [9|409600] lr: 0.010000 Loss: 0.0800 Acc: 0.9824 BatchTime: 118.917483
2017-12-12 17:49:40,177 - INFO: Train [9|460800] lr: 0.010000 Loss: 0.0890 Acc: 0.9863 BatchTime: 133.591325
2017-12-12 17:49:54,845 - INFO: Train [9|512000] lr: 0.010000 Loss: 0.1149 Acc: 0.9746 BatchTime: 148.258792
2017-12-12 17:50:09,510 - INFO: Train [9|563200] lr: 0.010000 Loss: 0.1094 Acc: 0.9805 BatchTime: 162.924700
2017-12-12 17:50:24,174 - INFO: Train [9|614400] lr: 0.010000 Loss: 0.1164 Acc: 0.9746 BatchTime: 177.588090
2017-12-12 17:50:38,840 - INFO: Train [9|665600] lr: 0.010000 Loss: 0.0831 Acc: 0.9883 BatchTime: 192.254055
2017-12-12 17:50:53,510 - INFO: Train [9|716800] lr: 0.010000 Loss: 0.1175 Acc: 0.9727 BatchTime: 206.924180
2017-12-12 17:51:08,166 - INFO: Train [9|768000] lr: 0.010000 Loss: 0.0971 Acc: 0.9785 BatchTime: 221.579768
2017-12-12 17:51:22,819 - INFO: Train [9|819200] lr: 0.010000 Loss: 0.0898 Acc: 0.9824 BatchTime: 236.233508
2017-12-12 17:51:37,485 - INFO: Train [9|870400] lr: 0.010000 Loss: 0.0962 Acc: 0.9785 BatchTime: 250.899397
2017-12-12 17:51:52,149 - INFO: Train [9|921600] lr: 0.010000 Loss: 0.0886 Acc: 0.9863 BatchTime: 265.563564
2017-12-12 17:52:06,827 - INFO: Train [9|972800] lr: 0.010000 Loss: 0.1202 Acc: 0.9707 BatchTime: 280.241160
2017-12-12 17:52:46,368 - INFO: EvalTotal acc: 0.697316 loss: 1.507895
2017-12-12 17:52:46,369 - INFO: -----------------------------------------------------------
2017-12-12 17:53:02,631 - INFO: Train [10|51200] lr: 0.010000 Loss: 0.0821 Acc: 0.9785 BatchTime: 16.260442
2017-12-12 17:53:17,312 - INFO: Train [10|102400] lr: 0.010000 Loss: 0.0846 Acc: 0.9902 BatchTime: 30.941858
2017-12-12 17:53:31,982 - INFO: Train [10|153600] lr: 0.010000 Loss: 0.0627 Acc: 0.9922 BatchTime: 45.611477
2017-12-12 17:53:46,655 - INFO: Train [10|204800] lr: 0.010000 Loss: 0.0636 Acc: 0.9922 BatchTime: 60.284824
2017-12-12 17:54:01,339 - INFO: Train [10|256000] lr: 0.010000 Loss: 0.0689 Acc: 0.9863 BatchTime: 74.967957
2017-12-12 17:54:16,021 - INFO: Train [10|307200] lr: 0.010000 Loss: 0.0479 Acc: 0.9980 BatchTime: 89.650952
2017-12-12 17:54:30,693 - INFO: Train [10|358400] lr: 0.010000 Loss: 0.0752 Acc: 0.9902 BatchTime: 104.322473
2017-12-12 17:54:45,370 - INFO: Train [10|409600] lr: 0.010000 Loss: 0.0681 Acc: 0.9941 BatchTime: 118.999081
2017-12-12 17:55:00,023 - INFO: Train [10|460800] lr: 0.010000 Loss: 0.0623 Acc: 0.9902 BatchTime: 133.652295
2017-12-12 17:55:14,697 - INFO: Train [10|512000] lr: 0.010000 Loss: 0.0614 Acc: 0.9902 BatchTime: 148.326171
2017-12-12 17:55:29,357 - INFO: Train [10|563200] lr: 0.010000 Loss: 0.0750 Acc: 0.9824 BatchTime: 162.986426
2017-12-12 17:55:44,035 - INFO: Train [10|614400] lr: 0.010000 Loss: 0.0606 Acc: 0.9941 BatchTime: 177.664577
2017-12-12 17:55:58,706 - INFO: Train [10|665600] lr: 0.010000 Loss: 0.0631 Acc: 0.9902 BatchTime: 192.335436
2017-12-12 17:56:13,395 - INFO: Train [10|716800] lr: 0.010000 Loss: 0.0680 Acc: 0.9902 BatchTime: 207.024507
2017-12-12 17:56:28,077 - INFO: Train [10|768000] lr: 0.010000 Loss: 0.0670 Acc: 0.9902 BatchTime: 221.706176
2017-12-12 17:56:42,752 - INFO: Train [10|819200] lr: 0.010000 Loss: 0.0628 Acc: 0.9902 BatchTime: 236.381446
2017-12-12 17:56:57,432 - INFO: Train [10|870400] lr: 0.010000 Loss: 0.0717 Acc: 0.9922 BatchTime: 251.061122
2017-12-12 17:57:12,115 - INFO: Train [10|921600] lr: 0.010000 Loss: 0.0718 Acc: 0.9941 BatchTime: 265.744663
2017-12-12 17:57:26,810 - INFO: Train [10|972800] lr: 0.010000 Loss: 0.0686 Acc: 0.9883 BatchTime: 280.439304
2017-12-12 17:58:06,303 - INFO: EvalTotal acc: 0.726269 loss: 1.374718
2017-12-12 17:58:06,305 - INFO: -----------------------------------------------------------
2017-12-12 17:58:22,620 - INFO: Train [11|51200] lr: 0.010000 Loss: 0.0385 Acc: 0.9980 BatchTime: 16.312412
2017-12-12 17:58:37,201 - INFO: Train [11|102400] lr: 0.010000 Loss: 0.0328 Acc: 1.0000 BatchTime: 30.894398
2017-12-12 17:58:51,783 - INFO: Train [11|153600] lr: 0.010000 Loss: 0.0382 Acc: 0.9961 BatchTime: 45.475991
2017-12-12 17:59:06,364 - INFO: Train [11|204800] lr: 0.010000 Loss: 0.0431 Acc: 1.0000 BatchTime: 60.057360
2017-12-12 17:59:20,929 - INFO: Train [11|256000] lr: 0.010000 Loss: 0.0307 Acc: 1.0000 BatchTime: 74.622446
2017-12-12 17:59:35,510 - INFO: Train [11|307200] lr: 0.010000 Loss: 0.0441 Acc: 0.9961 BatchTime: 89.203131
2017-12-12 17:59:50,078 - INFO: Train [11|358400] lr: 0.010000 Loss: 0.0432 Acc: 0.9961 BatchTime: 103.770562
2017-12-12 18:00:04,714 - INFO: Train [11|409600] lr: 0.010000 Loss: 0.0371 Acc: 0.9980 BatchTime: 118.407154
2017-12-12 18:00:19,295 - INFO: Train [11|460800] lr: 0.010000 Loss: 0.0483 Acc: 0.9980 BatchTime: 132.987559
2017-12-12 18:00:33,830 - INFO: Train [11|512000] lr: 0.010000 Loss: 0.0339 Acc: 1.0000 BatchTime: 147.522460
2017-12-12 18:00:48,480 - INFO: Train [11|563200] lr: 0.010000 Loss: 0.0404 Acc: 0.9980 BatchTime: 162.173412
2017-12-12 18:01:03,022 - INFO: Train [11|614400] lr: 0.010000 Loss: 0.0356 Acc: 0.9961 BatchTime: 176.714851
2017-12-12 18:01:17,624 - INFO: Train [11|665600] lr: 0.010000 Loss: 0.0396 Acc: 1.0000 BatchTime: 191.316447
2017-12-12 18:01:32,148 - INFO: Train [11|716800] lr: 0.010000 Loss: 0.0401 Acc: 0.9980 BatchTime: 205.840948
2017-12-12 18:01:46,672 - INFO: Train [11|768000] lr: 0.010000 Loss: 0.0408 Acc: 0.9961 BatchTime: 220.364841
2017-12-12 18:02:01,235 - INFO: Train [11|819200] lr: 0.010000 Loss: 0.0362 Acc: 1.0000 BatchTime: 234.927781
2017-12-12 18:02:15,760 - INFO: Train [11|870400] lr: 0.010000 Loss: 0.0524 Acc: 0.9941 BatchTime: 249.452478
2017-12-12 18:02:30,270 - INFO: Train [11|921600] lr: 0.010000 Loss: 0.0527 Acc: 0.9902 BatchTime: 263.963035
2017-12-12 18:02:44,819 - INFO: Train [11|972800] lr: 0.010000 Loss: 0.0328 Acc: 1.0000 BatchTime: 278.511718
2017-12-12 18:03:23,687 - INFO: EvalTotal acc: 0.737533 loss: 1.336534
2017-12-12 18:03:23,689 - INFO: -----------------------------------------------------------
2017-12-12 18:03:39,850 - INFO: Train [12|51200] lr: 0.010000 Loss: 0.0294 Acc: 0.9980 BatchTime: 16.159576
2017-12-12 18:03:54,495 - INFO: Train [12|102400] lr: 0.010000 Loss: 0.0277 Acc: 1.0000 BatchTime: 30.804469
2017-12-12 18:04:09,102 - INFO: Train [12|153600] lr: 0.010000 Loss: 0.0290 Acc: 1.0000 BatchTime: 45.411764
2017-12-12 18:04:23,759 - INFO: Train [12|204800] lr: 0.010000 Loss: 0.0280 Acc: 1.0000 BatchTime: 60.068687
2017-12-12 18:04:38,412 - INFO: Train [12|256000] lr: 0.010000 Loss: 0.0326 Acc: 1.0000 BatchTime: 74.721593
2017-12-12 18:04:53,084 - INFO: Train [12|307200] lr: 0.010000 Loss: 0.0285 Acc: 1.0000 BatchTime: 89.394253
2017-12-12 18:05:07,766 - INFO: Train [12|358400] lr: 0.010000 Loss: 0.0376 Acc: 0.9941 BatchTime: 104.076462
2017-12-12 18:05:22,408 - INFO: Train [12|409600] lr: 0.010000 Loss: 0.0324 Acc: 0.9980 BatchTime: 118.717605
2017-12-12 18:05:37,046 - INFO: Train [12|460800] lr: 0.010000 Loss: 0.0288 Acc: 0.9980 BatchTime: 133.356244
2017-12-12 18:05:51,702 - INFO: Train [12|512000] lr: 0.010000 Loss: 0.0252 Acc: 0.9980 BatchTime: 148.011987
2017-12-12 18:06:06,332 - INFO: Train [12|563200] lr: 0.010000 Loss: 0.0321 Acc: 0.9961 BatchTime: 162.641921
2017-12-12 18:06:20,914 - INFO: Train [12|614400] lr: 0.010000 Loss: 0.0265 Acc: 0.9980 BatchTime: 177.224478
2017-12-12 18:06:35,555 - INFO: Train [12|665600] lr: 0.010000 Loss: 0.0271 Acc: 0.9980 BatchTime: 191.864842
2017-12-12 18:06:50,185 - INFO: Train [12|716800] lr: 0.010000 Loss: 0.0308 Acc: 0.9961 BatchTime: 206.494815
2017-12-12 18:07:04,788 - INFO: Train [12|768000] lr: 0.010000 Loss: 0.0259 Acc: 1.0000 BatchTime: 221.098091
2017-12-12 18:07:19,443 - INFO: Train [12|819200] lr: 0.010000 Loss: 0.0284 Acc: 0.9980 BatchTime: 235.753006
2017-12-12 18:07:34,094 - INFO: Train [12|870400] lr: 0.010000 Loss: 0.0319 Acc: 0.9980 BatchTime: 250.403752
2017-12-12 18:07:48,750 - INFO: Train [12|921600] lr: 0.010000 Loss: 0.0286 Acc: 0.9980 BatchTime: 265.059784
2017-12-12 18:08:03,382 - INFO: Train [12|972800] lr: 0.010000 Loss: 0.0316 Acc: 0.9961 BatchTime: 279.691989
2017-12-12 18:08:42,273 - INFO: EvalTotal acc: 0.421793 loss: 3.334987
2017-12-12 18:08:42,275 - INFO: -----------------------------------------------------------
2017-12-12 18:08:58,208 - INFO: Train [13|51200] lr: 0.010000 Loss: 0.0316 Acc: 0.9980 BatchTime: 15.932278
2017-12-12 18:09:12,724 - INFO: Train [13|102400] lr: 0.010000 Loss: 0.0469 Acc: 0.9980 BatchTime: 30.448280
2017-12-12 18:09:27,228 - INFO: Train [13|153600] lr: 0.010000 Loss: 0.0289 Acc: 0.9980 BatchTime: 44.952743
2017-12-12 18:09:41,757 - INFO: Train [13|204800] lr: 0.010000 Loss: 0.0209 Acc: 1.0000 BatchTime: 59.481747
2017-12-12 18:09:56,458 - INFO: Train [13|256000] lr: 0.010000 Loss: 0.0259 Acc: 0.9961 BatchTime: 74.182592
2017-12-12 18:10:11,076 - INFO: Train [13|307200] lr: 0.010000 Loss: 0.0279 Acc: 1.0000 BatchTime: 88.800368
2017-12-12 18:10:25,632 - INFO: Train [13|358400] lr: 0.010000 Loss: 0.0386 Acc: 0.9941 BatchTime: 103.356324
2017-12-12 18:10:40,336 - INFO: Train [13|409600] lr: 0.010000 Loss: 0.0249 Acc: 0.9961 BatchTime: 118.059918
2017-12-12 18:10:54,865 - INFO: Train [13|460800] lr: 0.010000 Loss: 0.0293 Acc: 0.9980 BatchTime: 132.589360
2017-12-12 18:11:09,366 - INFO: Train [13|512000] lr: 0.010000 Loss: 0.0257 Acc: 1.0000 BatchTime: 147.090410
2017-12-12 18:11:23,893 - INFO: Train [13|563200] lr: 0.010000 Loss: 0.0209 Acc: 0.9980 BatchTime: 161.617833
2017-12-12 18:11:38,488 - INFO: Train [13|614400] lr: 0.010000 Loss: 0.0269 Acc: 1.0000 BatchTime: 176.211883
2017-12-12 18:11:53,007 - INFO: Train [13|665600] lr: 0.010000 Loss: 0.0215 Acc: 1.0000 BatchTime: 190.731426
2017-12-12 18:12:07,514 - INFO: Train [13|716800] lr: 0.010000 Loss: 0.0205 Acc: 1.0000 BatchTime: 205.238654
2017-12-12 18:12:22,037 - INFO: Train [13|768000] lr: 0.010000 Loss: 0.0239 Acc: 1.0000 BatchTime: 219.761432
2017-12-12 18:12:36,579 - INFO: Train [13|819200] lr: 0.010000 Loss: 0.0197 Acc: 1.0000 BatchTime: 234.302863
2017-12-12 18:12:51,121 - INFO: Train [13|870400] lr: 0.010000 Loss: 0.0203 Acc: 1.0000 BatchTime: 248.845064
2017-12-12 18:13:05,661 - INFO: Train [13|921600] lr: 0.010000 Loss: 0.0293 Acc: 1.0000 BatchTime: 263.385147
2017-12-12 18:13:20,189 - INFO: Train [13|972800] lr: 0.010000 Loss: 0.0234 Acc: 0.9980 BatchTime: 277.913696
2017-12-12 18:13:59,786 - INFO: EvalTotal acc: 0.734693 loss: 1.356204
2017-12-12 18:13:59,788 - INFO: -----------------------------------------------------------
2017-12-12 18:14:15,838 - INFO: Train [14|51200] lr: 0.010000 Loss: 0.0257 Acc: 1.0000 BatchTime: 16.048819
2017-12-12 18:14:30,430 - INFO: Train [14|102400] lr: 0.010000 Loss: 0.0218 Acc: 0.9980 BatchTime: 30.640606
2017-12-12 18:14:45,035 - INFO: Train [14|153600] lr: 0.010000 Loss: 0.0225 Acc: 1.0000 BatchTime: 45.245665
2017-12-12 18:14:59,661 - INFO: Train [14|204800] lr: 0.010000 Loss: 0.0219 Acc: 1.0000 BatchTime: 59.871415
2017-12-12 18:15:14,272 - INFO: Train [14|256000] lr: 0.010000 Loss: 0.0199 Acc: 1.0000 BatchTime: 74.482193
2017-12-12 18:15:28,874 - INFO: Train [14|307200] lr: 0.010000 Loss: 0.0207 Acc: 1.0000 BatchTime: 89.084854
2017-12-12 18:15:43,450 - INFO: Train [14|358400] lr: 0.010000 Loss: 0.0180 Acc: 0.9980 BatchTime: 103.660693
2017-12-12 18:15:57,991 - INFO: Train [14|409600] lr: 0.010000 Loss: 0.0159 Acc: 1.0000 BatchTime: 118.201026
2017-12-12 18:16:12,563 - INFO: Train [14|460800] lr: 0.010000 Loss: 0.0205 Acc: 1.0000 BatchTime: 132.773821
2017-12-12 18:16:27,195 - INFO: Train [14|512000] lr: 0.010000 Loss: 0.0141 Acc: 1.0000 BatchTime: 147.405217
2017-12-12 18:16:41,840 - INFO: Train [14|563200] lr: 0.010000 Loss: 0.0138 Acc: 1.0000 BatchTime: 162.050033
2017-12-12 18:16:56,372 - INFO: Train [14|614400] lr: 0.010000 Loss: 0.0153 Acc: 1.0000 BatchTime: 176.582191
2017-12-12 18:17:10,898 - INFO: Train [14|665600] lr: 0.010000 Loss: 0.0239 Acc: 1.0000 BatchTime: 191.108611
2017-12-12 18:17:25,434 - INFO: Train [14|716800] lr: 0.010000 Loss: 0.0190 Acc: 1.0000 BatchTime: 205.644413
2017-12-12 18:17:39,922 - INFO: Train [14|768000] lr: 0.010000 Loss: 0.0184 Acc: 1.0000 BatchTime: 220.132432
2017-12-12 18:17:54,555 - INFO: Train [14|819200] lr: 0.010000 Loss: 0.0192 Acc: 1.0000 BatchTime: 234.765432
2017-12-12 18:18:09,128 - INFO: Train [14|870400] lr: 0.010000 Loss: 0.0245 Acc: 1.0000 BatchTime: 249.338878
2017-12-12 18:18:23,677 - INFO: Train [14|921600] lr: 0.010000 Loss: 0.0166 Acc: 1.0000 BatchTime: 263.887444
2017-12-12 18:18:38,207 - INFO: Train [14|972800] lr: 0.010000 Loss: 0.0192 Acc: 1.0000 BatchTime: 278.416984
2017-12-12 18:19:16,508 - INFO: EvalTotal acc: 0.747017 loss: 1.318611
2017-12-12 18:19:16,509 - INFO: -----------------------------------------------------------
2017-12-12 18:19:32,464 - INFO: Train [15|51200] lr: 0.010000 Loss: 0.0239 Acc: 1.0000 BatchTime: 15.954216
2017-12-12 18:19:47,028 - INFO: Train [15|102400] lr: 0.010000 Loss: 0.0170 Acc: 1.0000 BatchTime: 30.518461
2017-12-12 18:20:01,561 - INFO: Train [15|153600] lr: 0.010000 Loss: 0.0172 Acc: 1.0000 BatchTime: 45.050714
2017-12-12 18:20:16,089 - INFO: Train [15|204800] lr: 0.010000 Loss: 0.0154 Acc: 1.0000 BatchTime: 59.578839
2017-12-12 18:20:30,750 - INFO: Train [15|256000] lr: 0.010000 Loss: 0.0126 Acc: 1.0000 BatchTime: 74.239484
2017-12-12 18:20:45,264 - INFO: Train [15|307200] lr: 0.010000 Loss: 0.0167 Acc: 1.0000 BatchTime: 88.754508
2017-12-12 18:20:59,755 - INFO: Train [15|358400] lr: 0.010000 Loss: 0.0150 Acc: 1.0000 BatchTime: 103.244634
2017-12-12 18:21:14,327 - INFO: Train [15|409600] lr: 0.010000 Loss: 0.0143 Acc: 1.0000 BatchTime: 117.817073
2017-12-12 18:21:28,970 - INFO: Train [15|460800] lr: 0.010000 Loss: 0.0186 Acc: 1.0000 BatchTime: 132.459554
2017-12-12 18:21:43,558 - INFO: Train [15|512000] lr: 0.010000 Loss: 0.0139 Acc: 0.9980 BatchTime: 147.048037
2017-12-12 18:21:58,117 - INFO: Train [15|563200] lr: 0.010000 Loss: 0.0120 Acc: 1.0000 BatchTime: 161.606964
2017-12-12 18:22:12,734 - INFO: Train [15|614400] lr: 0.010000 Loss: 0.0151 Acc: 1.0000 BatchTime: 176.224183
2017-12-12 18:22:27,386 - INFO: Train [15|665600] lr: 0.010000 Loss: 0.0130 Acc: 1.0000 BatchTime: 190.876119
2017-12-12 18:22:41,950 - INFO: Train [15|716800] lr: 0.010000 Loss: 0.0120 Acc: 1.0000 BatchTime: 205.439932
2017-12-12 18:22:56,482 - INFO: Train [15|768000] lr: 0.010000 Loss: 0.0161 Acc: 1.0000 BatchTime: 219.972212
2017-12-12 18:23:11,031 - INFO: Train [15|819200] lr: 0.010000 Loss: 0.0161 Acc: 1.0000 BatchTime: 234.520775
2017-12-12 18:23:25,524 - INFO: Train [15|870400] lr: 0.010000 Loss: 0.0123 Acc: 1.0000 BatchTime: 249.014495
2017-12-12 18:23:40,064 - INFO: Train [15|921600] lr: 0.010000 Loss: 0.0128 Acc: 1.0000 BatchTime: 263.554111
2017-12-12 18:23:54,655 - INFO: Train [15|972800] lr: 0.010000 Loss: 0.0160 Acc: 1.0000 BatchTime: 278.144645
2017-12-12 18:24:34,423 - INFO: EvalTotal acc: 0.748507 loss: 1.321446
2017-12-12 18:24:34,425 - INFO: -----------------------------------------------------------
2017-12-12 18:24:50,318 - INFO: Train [16|51200] lr: 0.010000 Loss: 0.0157 Acc: 1.0000 BatchTime: 15.892750
2017-12-12 18:25:04,833 - INFO: Train [16|102400] lr: 0.010000 Loss: 0.0132 Acc: 1.0000 BatchTime: 30.407035
2017-12-12 18:25:19,316 - INFO: Train [16|153600] lr: 0.010000 Loss: 0.0125 Acc: 1.0000 BatchTime: 44.890677
2017-12-12 18:25:33,817 - INFO: Train [16|204800] lr: 0.010000 Loss: 0.0131 Acc: 1.0000 BatchTime: 59.391026
2017-12-12 18:25:48,436 - INFO: Train [16|256000] lr: 0.010000 Loss: 0.0125 Acc: 1.0000 BatchTime: 74.009960
2017-12-12 18:26:03,052 - INFO: Train [16|307200] lr: 0.010000 Loss: 0.0136 Acc: 1.0000 BatchTime: 88.626927
2017-12-12 18:26:17,665 - INFO: Train [16|358400] lr: 0.010000 Loss: 0.0117 Acc: 1.0000 BatchTime: 103.239635
2017-12-12 18:26:32,298 - INFO: Train [16|409600] lr: 0.010000 Loss: 0.0125 Acc: 1.0000 BatchTime: 117.871974
2017-12-12 18:26:46,828 - INFO: Train [16|460800] lr: 0.010000 Loss: 0.0111 Acc: 1.0000 BatchTime: 132.402570
2017-12-12 18:27:01,356 - INFO: Train [16|512000] lr: 0.010000 Loss: 0.0129 Acc: 1.0000 BatchTime: 146.930243
2017-12-12 18:27:15,882 - INFO: Train [16|563200] lr: 0.010000 Loss: 0.0117 Acc: 1.0000 BatchTime: 161.456167
2017-12-12 18:27:30,492 - INFO: Train [16|614400] lr: 0.010000 Loss: 0.0097 Acc: 1.0000 BatchTime: 176.066062
2017-12-12 18:27:45,123 - INFO: Train [16|665600] lr: 0.010000 Loss: 0.0119 Acc: 1.0000 BatchTime: 190.697380
2017-12-12 18:27:59,774 - INFO: Train [16|716800] lr: 0.010000 Loss: 0.0111 Acc: 1.0000 BatchTime: 205.348939
2017-12-12 18:28:14,422 - INFO: Train [16|768000] lr: 0.010000 Loss: 0.0104 Acc: 1.0000 BatchTime: 219.996766
2017-12-12 18:28:29,058 - INFO: Train [16|819200] lr: 0.010000 Loss: 0.0108 Acc: 1.0000 BatchTime: 234.632798
2017-12-12 18:28:43,669 - INFO: Train [16|870400] lr: 0.010000 Loss: 0.0096 Acc: 1.0000 BatchTime: 249.243372
2017-12-12 18:28:58,319 - INFO: Train [16|921600] lr: 0.010000 Loss: 0.0106 Acc: 1.0000 BatchTime: 263.893049
2017-12-12 18:29:12,856 - INFO: Train [16|972800] lr: 0.010000 Loss: 0.0109 Acc: 1.0000 BatchTime: 278.430482
2017-12-12 18:29:51,565 - INFO: EvalTotal acc: 0.749310 loss: 1.319631
2017-12-12 18:29:51,566 - INFO: -----------------------------------------------------------
2017-12-12 18:30:07,498 - INFO: Train [17|51200] lr: 0.010000 Loss: 0.0150 Acc: 1.0000 BatchTime: 15.930389
2017-12-12 18:30:22,074 - INFO: Train [17|102400] lr: 0.010000 Loss: 0.0120 Acc: 1.0000 BatchTime: 30.506519
2017-12-12 18:30:36,577 - INFO: Train [17|153600] lr: 0.010000 Loss: 0.0108 Acc: 1.0000 BatchTime: 45.010088
2017-12-12 18:30:51,206 - INFO: Train [17|204800] lr: 0.010000 Loss: 0.0108 Acc: 1.0000 BatchTime: 59.639213
2017-12-12 18:31:05,821 - INFO: Train [17|256000] lr: 0.010000 Loss: 0.0114 Acc: 1.0000 BatchTime: 74.253589
2017-12-12 18:31:20,488 - INFO: Train [17|307200] lr: 0.010000 Loss: 0.0100 Acc: 1.0000 BatchTime: 88.920443
2017-12-12 18:31:35,152 - INFO: Train [17|358400] lr: 0.010000 Loss: 0.0092 Acc: 1.0000 BatchTime: 103.584848
2017-12-12 18:31:50,116 - INFO: Train [17|409600] lr: 0.010000 Loss: 0.0095 Acc: 1.0000 BatchTime: 118.548634
2017-12-12 18:32:04,730 - INFO: Train [17|460800] lr: 0.010000 Loss: 0.0110 Acc: 1.0000 BatchTime: 133.163105
2017-12-12 18:32:19,384 - INFO: Train [17|512000] lr: 0.010000 Loss: 0.0121 Acc: 1.0000 BatchTime: 147.816636
2017-12-12 18:32:34,038 - INFO: Train [17|563200] lr: 0.010000 Loss: 0.0079 Acc: 1.0000 BatchTime: 162.471051
2017-12-12 18:32:48,677 - INFO: Train [17|614400] lr: 0.010000 Loss: 0.0097 Acc: 1.0000 BatchTime: 177.109695
2017-12-12 18:33:03,306 - INFO: Train [17|665600] lr: 0.010000 Loss: 0.0093 Acc: 1.0000 BatchTime: 191.739255
2017-12-12 18:33:17,907 - INFO: Train [17|716800] lr: 0.010000 Loss: 0.0121 Acc: 1.0000 BatchTime: 206.339704
2017-12-12 18:33:32,521 - INFO: Train [17|768000] lr: 0.010000 Loss: 0.0102 Acc: 1.0000 BatchTime: 220.953520
2017-12-12 18:33:47,177 - INFO: Train [17|819200] lr: 0.010000 Loss: 0.0101 Acc: 1.0000 BatchTime: 235.609424
2017-12-12 18:34:01,834 - INFO: Train [17|870400] lr: 0.010000 Loss: 0.0100 Acc: 1.0000 BatchTime: 250.266625
2017-12-12 18:34:16,472 - INFO: Train [17|921600] lr: 0.010000 Loss: 0.0103 Acc: 1.0000 BatchTime: 264.904726
2017-12-12 18:34:31,131 - INFO: Train [17|972800] lr: 0.010000 Loss: 0.0081 Acc: 1.0000 BatchTime: 279.563718
2017-12-12 18:35:10,053 - INFO: EvalTotal acc: 0.766575 loss: 1.240710
2017-12-12 18:35:10,055 - INFO: -----------------------------------------------------------
2017-12-12 18:35:26,315 - INFO: Train [18|51200] lr: 0.010000 Loss: 0.0101 Acc: 1.0000 BatchTime: 16.258853
2017-12-12 18:35:40,911 - INFO: Train [18|102400] lr: 0.010000 Loss: 0.0083 Acc: 1.0000 BatchTime: 30.854392
2017-12-12 18:35:55,533 - INFO: Train [18|153600] lr: 0.010000 Loss: 0.0091 Acc: 1.0000 BatchTime: 45.476479
2017-12-12 18:36:10,032 - INFO: Train [18|204800] lr: 0.010000 Loss: 0.0082 Acc: 1.0000 BatchTime: 59.975092
2017-12-12 18:36:24,662 - INFO: Train [18|256000] lr: 0.010000 Loss: 0.0094 Acc: 1.0000 BatchTime: 74.605581
2017-12-12 18:36:39,247 - INFO: Train [18|307200] lr: 0.010000 Loss: 0.0077 Acc: 1.0000 BatchTime: 89.190464
2017-12-12 18:36:53,768 - INFO: Train [18|358400] lr: 0.010000 Loss: 0.0100 Acc: 1.0000 BatchTime: 103.711985
2017-12-12 18:37:08,347 - INFO: Train [18|409600] lr: 0.010000 Loss: 0.0085 Acc: 1.0000 BatchTime: 118.290059
2017-12-12 18:37:23,019 - INFO: Train [18|460800] lr: 0.010000 Loss: 0.0091 Acc: 1.0000 BatchTime: 132.962783
2017-12-12 18:37:37,617 - INFO: Train [18|512000] lr: 0.010000 Loss: 0.0086 Acc: 1.0000 BatchTime: 147.560887
2017-12-12 18:37:52,268 - INFO: Train [18|563200] lr: 0.010000 Loss: 0.0087 Acc: 1.0000 BatchTime: 162.211390
2017-12-12 18:38:06,910 - INFO: Train [18|614400] lr: 0.010000 Loss: 0.0090 Acc: 1.0000 BatchTime: 176.853405
2017-12-12 18:38:21,489 - INFO: Train [18|665600] lr: 0.010000 Loss: 0.0108 Acc: 1.0000 BatchTime: 191.432078
2017-12-12 18:38:35,996 - INFO: Train [18|716800] lr: 0.010000 Loss: 0.0083 Acc: 1.0000 BatchTime: 205.939882
2017-12-12 18:38:50,652 - INFO: Train [18|768000] lr: 0.010000 Loss: 0.0084 Acc: 1.0000 BatchTime: 220.595439
2017-12-12 18:39:05,195 - INFO: Train [18|819200] lr: 0.010000 Loss: 0.0084 Acc: 1.0000 BatchTime: 235.138321
2017-12-12 18:39:19,708 - INFO: Train [18|870400] lr: 0.010000 Loss: 0.0082 Acc: 1.0000 BatchTime: 249.651867
2017-12-12 18:39:34,327 - INFO: Train [18|921600] lr: 0.010000 Loss: 0.0086 Acc: 1.0000 BatchTime: 264.270980
2017-12-12 18:39:48,834 - INFO: Train [18|972800] lr: 0.010000 Loss: 0.0092 Acc: 1.0000 BatchTime: 278.777895
2017-12-12 18:40:27,221 - INFO: EvalTotal acc: 0.763396 loss: 1.260424
2017-12-12 18:40:27,223 - INFO: -----------------------------------------------------------
2017-12-12 18:40:43,561 - INFO: Train [19|51200] lr: 0.010000 Loss: 0.0092 Acc: 1.0000 BatchTime: 16.336369
2017-12-12 18:40:58,214 - INFO: Train [19|102400] lr: 0.010000 Loss: 0.0071 Acc: 1.0000 BatchTime: 30.989651
2017-12-12 18:41:12,908 - INFO: Train [19|153600] lr: 0.010000 Loss: 0.0080 Acc: 1.0000 BatchTime: 45.683483
2017-12-12 18:41:27,561 - INFO: Train [19|204800] lr: 0.010000 Loss: 0.0083 Acc: 1.0000 BatchTime: 60.336095
2017-12-12 18:41:42,182 - INFO: Train [19|256000] lr: 0.010000 Loss: 0.0062 Acc: 1.0000 BatchTime: 74.957329
2017-12-12 18:41:56,691 - INFO: Train [19|307200] lr: 0.010000 Loss: 0.0078 Acc: 1.0000 BatchTime: 89.465747
2017-12-12 18:42:11,221 - INFO: Train [19|358400] lr: 0.010000 Loss: 0.0086 Acc: 1.0000 BatchTime: 103.995737
2017-12-12 18:42:25,753 - INFO: Train [19|409600] lr: 0.010000 Loss: 0.0083 Acc: 1.0000 BatchTime: 118.528068
2017-12-12 18:42:40,275 - INFO: Train [19|460800] lr: 0.010000 Loss: 0.0076 Acc: 1.0000 BatchTime: 133.050284
2017-12-12 18:42:54,793 - INFO: Train [19|512000] lr: 0.010000 Loss: 0.0075 Acc: 1.0000 BatchTime: 147.567973
2017-12-12 18:43:09,286 - INFO: Train [19|563200] lr: 0.010000 Loss: 0.0078 Acc: 1.0000 BatchTime: 162.061003
2017-12-12 18:43:23,812 - INFO: Train [19|614400] lr: 0.010000 Loss: 0.0079 Acc: 1.0000 BatchTime: 176.586872
2017-12-12 18:43:38,382 - INFO: Train [19|665600] lr: 0.010000 Loss: 0.0087 Acc: 1.0000 BatchTime: 191.157197
2017-12-12 18:43:52,979 - INFO: Train [19|716800] lr: 0.010000 Loss: 0.0076 Acc: 1.0000 BatchTime: 205.754156
2017-12-12 18:44:07,575 - INFO: Train [19|768000] lr: 0.010000 Loss: 0.0093 Acc: 0.9980 BatchTime: 220.349980
2017-12-12 18:44:22,162 - INFO: Train [19|819200] lr: 0.010000 Loss: 0.0070 Acc: 1.0000 BatchTime: 234.937096
2017-12-12 18:44:36,724 - INFO: Train [19|870400] lr: 0.010000 Loss: 0.0081 Acc: 1.0000 BatchTime: 249.499101
2017-12-12 18:44:51,364 - INFO: Train [19|921600] lr: 0.010000 Loss: 0.0066 Acc: 1.0000 BatchTime: 264.139131
2017-12-12 18:45:05,937 - INFO: Train [19|972800] lr: 0.010000 Loss: 0.0070 Acc: 1.0000 BatchTime: 278.712665
2017-12-12 18:45:44,439 - INFO: EvalTotal acc: 0.764813 loss: 1.255341
2017-12-12 18:45:44,441 - INFO: -----------------------------------------------------------
2017-12-12 18:46:00,612 - INFO: Train [20|51200] lr: 0.010000 Loss: 0.0074 Acc: 1.0000 BatchTime: 16.169413
2017-12-12 18:46:15,109 - INFO: Train [20|102400] lr: 0.010000 Loss: 0.0092 Acc: 1.0000 BatchTime: 30.666261
2017-12-12 18:46:29,605 - INFO: Train [20|153600] lr: 0.010000 Loss: 0.0078 Acc: 1.0000 BatchTime: 45.162251
2017-12-12 18:46:44,117 - INFO: Train [20|204800] lr: 0.010000 Loss: 0.0084 Acc: 1.0000 BatchTime: 59.674545
2017-12-12 18:46:58,623 - INFO: Train [20|256000] lr: 0.010000 Loss: 0.0074 Acc: 1.0000 BatchTime: 74.180730
2017-12-12 18:47:13,151 - INFO: Train [20|307200] lr: 0.010000 Loss: 0.0071 Acc: 1.0000 BatchTime: 88.708534
2017-12-12 18:47:27,644 - INFO: Train [20|358400] lr: 0.010000 Loss: 0.0070 Acc: 1.0000 BatchTime: 103.201772
2017-12-12 18:47:42,264 - INFO: Train [20|409600] lr: 0.010000 Loss: 0.0070 Acc: 1.0000 BatchTime: 117.821705
2017-12-12 18:47:56,850 - INFO: Train [20|460800] lr: 0.010000 Loss: 0.0073 Acc: 1.0000 BatchTime: 132.408005
2017-12-12 18:48:11,423 - INFO: Train [20|512000] lr: 0.010000 Loss: 0.0064 Acc: 1.0000 BatchTime: 146.980958
2017-12-12 18:48:25,949 - INFO: Train [20|563200] lr: 0.010000 Loss: 0.0059 Acc: 1.0000 BatchTime: 161.506992
2017-12-12 18:48:40,533 - INFO: Train [20|614400] lr: 0.010000 Loss: 0.0078 Acc: 1.0000 BatchTime: 176.090634
2017-12-12 18:48:55,111 - INFO: Train [20|665600] lr: 0.010000 Loss: 0.0074 Acc: 1.0000 BatchTime: 190.668914
2017-12-12 18:49:09,658 - INFO: Train [20|716800] lr: 0.010000 Loss: 0.0072 Acc: 1.0000 BatchTime: 205.215434
2017-12-12 18:49:24,176 - INFO: Train [20|768000] lr: 0.010000 Loss: 0.0065 Acc: 1.0000 BatchTime: 219.734030
2017-12-12 18:49:38,756 - INFO: Train [20|819200] lr: 0.010000 Loss: 0.0085 Acc: 1.0000 BatchTime: 234.313953
2017-12-12 18:49:53,336 - INFO: Train [20|870400] lr: 0.010000 Loss: 0.0077 Acc: 1.0000 BatchTime: 248.893375
2017-12-12 18:50:07,873 - INFO: Train [20|921600] lr: 0.010000 Loss: 0.0060 Acc: 1.0000 BatchTime: 263.430810
2017-12-12 18:50:22,371 - INFO: Train [20|972800] lr: 0.010000 Loss: 0.0062 Acc: 1.0000 BatchTime: 277.928287
2017-12-12 18:51:00,785 - INFO: EvalTotal acc: 0.711447 loss: 1.532045
2017-12-12 18:51:00,786 - INFO: -----------------------------------------------------------
2017-12-12 18:51:16,781 - INFO: Train [21|51200] lr: 0.010000 Loss: 0.0210 Acc: 0.9961 BatchTime: 15.993884
2017-12-12 18:51:31,332 - INFO: Train [21|102400] lr: 0.010000 Loss: 0.0109 Acc: 1.0000 BatchTime: 30.544840
2017-12-12 18:51:45,892 - INFO: Train [21|153600] lr: 0.010000 Loss: 0.0074 Acc: 1.0000 BatchTime: 45.105325
2017-12-12 18:52:00,475 - INFO: Train [21|204800] lr: 0.010000 Loss: 0.0112 Acc: 1.0000 BatchTime: 59.688054
2017-12-12 18:52:15,022 - INFO: Train [21|256000] lr: 0.010000 Loss: 0.0077 Acc: 1.0000 BatchTime: 74.234638
2017-12-12 18:52:29,600 - INFO: Train [21|307200] lr: 0.010000 Loss: 0.0083 Acc: 1.0000 BatchTime: 88.813265
2017-12-12 18:52:44,159 - INFO: Train [21|358400] lr: 0.010000 Loss: 0.0082 Acc: 1.0000 BatchTime: 103.372149
2017-12-12 18:52:58,682 - INFO: Train [21|409600] lr: 0.010000 Loss: 0.0086 Acc: 1.0000 BatchTime: 117.895331
2017-12-12 18:53:13,168 - INFO: Train [21|460800] lr: 0.010000 Loss: 0.0082 Acc: 1.0000 BatchTime: 132.380625
2017-12-12 18:53:27,742 - INFO: Train [21|512000] lr: 0.010000 Loss: 0.0081 Acc: 1.0000 BatchTime: 146.955331
2017-12-12 18:53:42,298 - INFO: Train [21|563200] lr: 0.010000 Loss: 0.0073 Acc: 1.0000 BatchTime: 161.511035
2017-12-12 18:53:56,857 - INFO: Train [21|614400] lr: 0.010000 Loss: 0.0078 Acc: 1.0000 BatchTime: 176.069750
2017-12-12 18:54:11,374 - INFO: Train [21|665600] lr: 0.010000 Loss: 0.0074 Acc: 1.0000 BatchTime: 190.586608
2017-12-12 18:54:25,894 - INFO: Train [21|716800] lr: 0.010000 Loss: 0.0090 Acc: 1.0000 BatchTime: 205.106590
2017-12-12 18:54:40,396 - INFO: Train [21|768000] lr: 0.010000 Loss: 0.0075 Acc: 1.0000 BatchTime: 219.608568
2017-12-12 18:54:54,927 - INFO: Train [21|819200] lr: 0.010000 Loss: 0.0062 Acc: 1.0000 BatchTime: 234.139554
2017-12-12 18:55:09,470 - INFO: Train [21|870400] lr: 0.010000 Loss: 0.0069 Acc: 1.0000 BatchTime: 248.682937
2017-12-12 18:55:24,040 - INFO: Train [21|921600] lr: 0.010000 Loss: 0.0065 Acc: 1.0000 BatchTime: 263.252630
2017-12-12 18:55:38,610 - INFO: Train [21|972800] lr: 0.010000 Loss: 0.0063 Acc: 1.0000 BatchTime: 277.822742
2017-12-12 18:56:16,950 - INFO: EvalTotal acc: 0.616172 loss: 2.077018
2017-12-12 18:56:16,952 - INFO: -----------------------------------------------------------
2017-12-12 18:56:33,007 - INFO: Train [22|51200] lr: 0.007000 Loss: 0.0147 Acc: 0.9980 BatchTime: 16.054748
2017-12-12 18:56:47,575 - INFO: Train [22|102400] lr: 0.007000 Loss: 0.0096 Acc: 1.0000 BatchTime: 30.622023
2017-12-12 18:57:02,150 - INFO: Train [22|153600] lr: 0.007000 Loss: 0.0144 Acc: 0.9980 BatchTime: 45.197319
2017-12-12 18:57:16,712 - INFO: Train [22|204800] lr: 0.007000 Loss: 0.0072 Acc: 1.0000 BatchTime: 59.759830
2017-12-12 18:57:31,244 - INFO: Train [22|256000] lr: 0.007000 Loss: 0.0089 Acc: 1.0000 BatchTime: 74.291575
2017-12-12 18:57:45,822 - INFO: Train [22|307200] lr: 0.007000 Loss: 0.0083 Acc: 1.0000 BatchTime: 88.869908
2017-12-12 18:58:00,355 - INFO: Train [22|358400] lr: 0.007000 Loss: 0.0075 Acc: 1.0000 BatchTime: 103.402865
2017-12-12 18:58:14,860 - INFO: Train [22|409600] lr: 0.007000 Loss: 0.0095 Acc: 1.0000 BatchTime: 117.906955
2017-12-12 18:58:29,417 - INFO: Train [22|460800] lr: 0.007000 Loss: 0.0061 Acc: 1.0000 BatchTime: 132.464119
2017-12-12 18:58:43,947 - INFO: Train [22|512000] lr: 0.007000 Loss: 0.0069 Acc: 1.0000 BatchTime: 146.993975
2017-12-12 18:58:58,482 - INFO: Train [22|563200] lr: 0.007000 Loss: 0.0067 Acc: 1.0000 BatchTime: 161.529916
2017-12-12 18:59:13,010 - INFO: Train [22|614400] lr: 0.007000 Loss: 0.0065 Acc: 1.0000 BatchTime: 176.057888
2017-12-12 18:59:27,522 - INFO: Train [22|665600] lr: 0.007000 Loss: 0.0082 Acc: 1.0000 BatchTime: 190.569639
2017-12-12 18:59:42,061 - INFO: Train [22|716800] lr: 0.007000 Loss: 0.0078 Acc: 1.0000 BatchTime: 205.108803
2017-12-12 18:59:56,586 - INFO: Train [22|768000] lr: 0.007000 Loss: 0.0066 Acc: 1.0000 BatchTime: 219.632927
2017-12-12 19:00:11,105 - INFO: Train [22|819200] lr: 0.007000 Loss: 0.0063 Acc: 1.0000 BatchTime: 234.152621
2017-12-12 19:00:25,629 - INFO: Train [22|870400] lr: 0.007000 Loss: 0.0087 Acc: 1.0000 BatchTime: 248.676579
2017-12-12 19:00:40,198 - INFO: Train [22|921600] lr: 0.007000 Loss: 0.0067 Acc: 1.0000 BatchTime: 263.245974
2017-12-12 19:00:54,715 - INFO: Train [22|972800] lr: 0.007000 Loss: 0.0065 Acc: 1.0000 BatchTime: 277.761892
2017-12-12 19:01:32,794 - INFO: EvalTotal acc: 0.761519 loss: 1.286458
2017-12-12 19:01:32,796 - INFO: -----------------------------------------------------------
2017-12-12 19:01:48,948 - INFO: Train [23|51200] lr: 0.007000 Loss: 0.0097 Acc: 1.0000 BatchTime: 16.151626
2017-12-12 19:02:03,527 - INFO: Train [23|102400] lr: 0.007000 Loss: 0.0086 Acc: 1.0000 BatchTime: 30.730596
2017-12-12 19:02:18,111 - INFO: Train [23|153600] lr: 0.007000 Loss: 0.0071 Acc: 1.0000 BatchTime: 45.314462
2017-12-12 19:02:32,675 - INFO: Train [23|204800] lr: 0.007000 Loss: 0.0081 Acc: 1.0000 BatchTime: 59.878504
2017-12-12 19:02:47,248 - INFO: Train [23|256000] lr: 0.007000 Loss: 0.0064 Acc: 1.0000 BatchTime: 74.451684
2017-12-12 19:03:01,843 - INFO: Train [23|307200] lr: 0.007000 Loss: 0.0065 Acc: 1.0000 BatchTime: 89.045740
2017-12-12 19:03:16,399 - INFO: Train [23|358400] lr: 0.007000 Loss: 0.0062 Acc: 1.0000 BatchTime: 103.601917
2017-12-12 19:03:30,984 - INFO: Train [23|409600] lr: 0.007000 Loss: 0.0070 Acc: 1.0000 BatchTime: 118.187335
2017-12-12 19:03:45,547 - INFO: Train [23|460800] lr: 0.007000 Loss: 0.0057 Acc: 1.0000 BatchTime: 132.750385
2017-12-12 19:04:00,123 - INFO: Train [23|512000] lr: 0.007000 Loss: 0.0059 Acc: 1.0000 BatchTime: 147.326668
2017-12-12 19:04:14,633 - INFO: Train [23|563200] lr: 0.007000 Loss: 0.0070 Acc: 1.0000 BatchTime: 161.836472
2017-12-12 19:04:29,213 - INFO: Train [23|614400] lr: 0.007000 Loss: 0.0068 Acc: 1.0000 BatchTime: 176.416379
2017-12-12 19:04:43,790 - INFO: Train [23|665600] lr: 0.007000 Loss: 0.0058 Acc: 1.0000 BatchTime: 190.993442
2017-12-12 19:04:58,344 - INFO: Train [23|716800] lr: 0.007000 Loss: 0.0053 Acc: 1.0000 BatchTime: 205.547162
2017-12-12 19:05:12,878 - INFO: Train [23|768000] lr: 0.007000 Loss: 0.0062 Acc: 1.0000 BatchTime: 220.080885
2017-12-12 19:05:27,439 - INFO: Train [23|819200] lr: 0.007000 Loss: 0.0066 Acc: 1.0000 BatchTime: 234.642679
2017-12-12 19:05:41,979 - INFO: Train [23|870400] lr: 0.007000 Loss: 0.0065 Acc: 1.0000 BatchTime: 249.182620
2017-12-12 19:05:56,537 - INFO: Train [23|921600] lr: 0.007000 Loss: 0.0061 Acc: 1.0000 BatchTime: 263.740348
2017-12-12 19:06:11,063 - INFO: Train [23|972800] lr: 0.007000 Loss: 0.0050 Acc: 1.0000 BatchTime: 278.265710
2017-12-12 19:06:49,409 - INFO: EvalTotal acc: 0.729131 loss: 1.447142
2017-12-12 19:06:49,410 - INFO: -----------------------------------------------------------
2017-12-12 19:07:05,497 - INFO: Train [24|51200] lr: 0.007000 Loss: 0.0086 Acc: 1.0000 BatchTime: 16.085534
2017-12-12 19:07:20,065 - INFO: Train [24|102400] lr: 0.007000 Loss: 0.0059 Acc: 1.0000 BatchTime: 30.653660
2017-12-12 19:07:34,639 - INFO: Train [24|153600] lr: 0.007000 Loss: 0.0058 Acc: 1.0000 BatchTime: 45.227310
2017-12-12 19:07:49,164 - INFO: Train [24|204800] lr: 0.007000 Loss: 0.0056 Acc: 1.0000 BatchTime: 59.753325
2017-12-12 19:08:03,683 - INFO: Train [24|256000] lr: 0.007000 Loss: 0.0068 Acc: 1.0000 BatchTime: 74.271536
2017-12-12 19:08:18,208 - INFO: Train [24|307200] lr: 0.007000 Loss: 0.0054 Acc: 1.0000 BatchTime: 88.796461
2017-12-12 19:08:32,771 - INFO: Train [24|358400] lr: 0.007000 Loss: 0.0057 Acc: 1.0000 BatchTime: 103.360111
2017-12-12 19:08:47,329 - INFO: Train [24|409600] lr: 0.007000 Loss: 0.0055 Acc: 1.0000 BatchTime: 117.917824
2017-12-12 19:09:01,898 - INFO: Train [24|460800] lr: 0.007000 Loss: 0.0060 Acc: 1.0000 BatchTime: 132.487030
2017-12-12 19:09:16,445 - INFO: Train [24|512000] lr: 0.007000 Loss: 0.0053 Acc: 1.0000 BatchTime: 147.034081
2017-12-12 19:09:31,012 - INFO: Train [24|563200] lr: 0.007000 Loss: 0.0041 Acc: 1.0000 BatchTime: 161.601088
2017-12-12 19:09:45,562 - INFO: Train [24|614400] lr: 0.007000 Loss: 0.0056 Acc: 1.0000 BatchTime: 176.151008
2017-12-12 19:10:00,085 - INFO: Train [24|665600] lr: 0.007000 Loss: 0.0053 Acc: 1.0000 BatchTime: 190.673955
2017-12-12 19:10:14,618 - INFO: Train [24|716800] lr: 0.007000 Loss: 0.0047 Acc: 1.0000 BatchTime: 205.206803
2017-12-12 19:10:29,180 - INFO: Train [24|768000] lr: 0.007000 Loss: 0.0066 Acc: 1.0000 BatchTime: 219.769353
2017-12-12 19:10:43,700 - INFO: Train [24|819200] lr: 0.007000 Loss: 0.0056 Acc: 1.0000 BatchTime: 234.288874
2017-12-12 19:10:58,277 - INFO: Train [24|870400] lr: 0.007000 Loss: 0.0054 Acc: 1.0000 BatchTime: 248.865603
2017-12-12 19:11:12,813 - INFO: Train [24|921600] lr: 0.007000 Loss: 0.0056 Acc: 1.0000 BatchTime: 263.402306
2017-12-12 19:11:27,378 - INFO: Train [24|972800] lr: 0.007000 Loss: 0.0055 Acc: 1.0000 BatchTime: 277.966988
2017-12-12 19:12:05,603 - INFO: EvalTotal acc: 0.766081 loss: 1.264991
2017-12-12 19:12:05,605 - INFO: -----------------------------------------------------------
2017-12-12 19:12:21,606 - INFO: Train [25|51200] lr: 0.007000 Loss: 0.0059 Acc: 1.0000 BatchTime: 16.000497
2017-12-12 19:12:36,150 - INFO: Train [25|102400] lr: 0.007000 Loss: 0.0046 Acc: 1.0000 BatchTime: 30.544219
2017-12-12 19:12:50,723 - INFO: Train [25|153600] lr: 0.007000 Loss: 0.0057 Acc: 1.0000 BatchTime: 45.116873
2017-12-12 19:13:05,294 - INFO: Train [25|204800] lr: 0.007000 Loss: 0.0072 Acc: 1.0000 BatchTime: 59.688029
2017-12-12 19:13:19,808 - INFO: Train [25|256000] lr: 0.007000 Loss: 0.0057 Acc: 1.0000 BatchTime: 74.202491
2017-12-12 19:13:34,329 - INFO: Train [25|307200] lr: 0.007000 Loss: 0.0057 Acc: 1.0000 BatchTime: 88.723433
2017-12-12 19:13:48,865 - INFO: Train [25|358400] lr: 0.007000 Loss: 0.0059 Acc: 1.0000 BatchTime: 103.258627
2017-12-12 19:14:03,391 - INFO: Train [25|409600] lr: 0.007000 Loss: 0.0043 Acc: 1.0000 BatchTime: 117.784844
2017-12-12 19:14:17,896 - INFO: Train [25|460800] lr: 0.007000 Loss: 0.0060 Acc: 1.0000 BatchTime: 132.289499
2017-12-12 19:14:32,466 - INFO: Train [25|512000] lr: 0.007000 Loss: 0.0053 Acc: 1.0000 BatchTime: 146.860108
2017-12-12 19:14:47,014 - INFO: Train [25|563200] lr: 0.007000 Loss: 0.0056 Acc: 1.0000 BatchTime: 161.408208
2017-12-12 19:15:01,507 - INFO: Train [25|614400] lr: 0.007000 Loss: 0.0059 Acc: 1.0000 BatchTime: 175.901480
2017-12-12 19:15:16,037 - INFO: Train [25|665600] lr: 0.007000 Loss: 0.0051 Acc: 1.0000 BatchTime: 190.431519
2017-12-12 19:15:30,617 - INFO: Train [25|716800] lr: 0.007000 Loss: 0.0048 Acc: 1.0000 BatchTime: 205.011349
2017-12-12 19:15:45,170 - INFO: Train [25|768000] lr: 0.007000 Loss: 0.0050 Acc: 1.0000 BatchTime: 219.564202
2017-12-12 19:15:59,708 - INFO: Train [25|819200] lr: 0.007000 Loss: 0.0054 Acc: 1.0000 BatchTime: 234.101688
2017-12-12 19:16:14,221 - INFO: Train [25|870400] lr: 0.007000 Loss: 0.0050 Acc: 1.0000 BatchTime: 248.614795
2017-12-12 19:16:28,747 - INFO: Train [25|921600] lr: 0.007000 Loss: 0.0045 Acc: 1.0000 BatchTime: 263.141022
2017-12-12 19:16:43,306 - INFO: Train [25|972800] lr: 0.007000 Loss: 0.0044 Acc: 1.0000 BatchTime: 277.700208
2017-12-12 19:17:21,415 - INFO: EvalTotal acc: 0.770181 loss: 1.245275
2017-12-12 19:17:21,416 - INFO: -----------------------------------------------------------
2017-12-12 19:17:37,422 - INFO: Train [26|51200] lr: 0.004900 Loss: 0.0052 Acc: 1.0000 BatchTime: 16.004077
2017-12-12 19:17:51,958 - INFO: Train [26|102400] lr: 0.004900 Loss: 0.0054 Acc: 1.0000 BatchTime: 30.539931
2017-12-12 19:18:06,515 - INFO: Train [26|153600] lr: 0.004900 Loss: 0.0046 Acc: 1.0000 BatchTime: 45.097658
2017-12-12 19:18:21,023 - INFO: Train [26|204800] lr: 0.004900 Loss: 0.0042 Acc: 1.0000 BatchTime: 59.605784
2017-12-12 19:18:35,534 - INFO: Train [26|256000] lr: 0.004900 Loss: 0.0056 Acc: 1.0000 BatchTime: 74.116675
2017-12-12 19:18:50,048 - INFO: Train [26|307200] lr: 0.004900 Loss: 0.0053 Acc: 1.0000 BatchTime: 88.630292
2017-12-12 19:19:04,626 - INFO: Train [26|358400] lr: 0.004900 Loss: 0.0045 Acc: 1.0000 BatchTime: 103.207686
2017-12-12 19:19:19,202 - INFO: Train [26|409600] lr: 0.004900 Loss: 0.0041 Acc: 1.0000 BatchTime: 117.784590
2017-12-12 19:19:33,751 - INFO: Train [26|460800] lr: 0.004900 Loss: 0.0059 Acc: 1.0000 BatchTime: 132.333314
2017-12-12 19:19:48,334 - INFO: Train [26|512000] lr: 0.004900 Loss: 0.0040 Acc: 1.0000 BatchTime: 146.916325
2017-12-12 19:20:02,897 - INFO: Train [26|563200] lr: 0.004900 Loss: 0.0045 Acc: 1.0000 BatchTime: 161.479069
2017-12-12 19:20:17,478 - INFO: Train [26|614400] lr: 0.004900 Loss: 0.0051 Acc: 1.0000 BatchTime: 176.060545
2017-12-12 19:20:32,048 - INFO: Train [26|665600] lr: 0.004900 Loss: 0.0054 Acc: 1.0000 BatchTime: 190.630174
2017-12-12 19:20:46,632 - INFO: Train [26|716800] lr: 0.004900 Loss: 0.0046 Acc: 1.0000 BatchTime: 205.214293
2017-12-12 19:21:01,157 - INFO: Train [26|768000] lr: 0.004900 Loss: 0.0045 Acc: 1.0000 BatchTime: 219.739980
2017-12-12 19:21:15,669 - INFO: Train [26|819200] lr: 0.004900 Loss: 0.0046 Acc: 1.0000 BatchTime: 234.251519
2017-12-12 19:21:30,228 - INFO: Train [26|870400] lr: 0.004900 Loss: 0.0045 Acc: 1.0000 BatchTime: 248.810470
2017-12-12 19:21:44,756 - INFO: Train [26|921600] lr: 0.004900 Loss: 0.0045 Acc: 1.0000 BatchTime: 263.338164
2017-12-12 19:21:59,270 - INFO: Train [26|972800] lr: 0.004900 Loss: 0.0053 Acc: 1.0000 BatchTime: 277.852889
2017-12-12 19:22:37,359 - INFO: EvalTotal acc: 0.771794 loss: 1.236824
2017-12-12 19:22:39,549 - INFO: -----------------------------------------------------------
2017-12-12 19:22:55,632 - INFO: Train [27|51200] lr: 0.004900 Loss: 0.0055 Acc: 1.0000 BatchTime: 16.082047
2017-12-12 19:23:10,151 - INFO: Train [27|102400] lr: 0.004900 Loss: 0.0059 Acc: 1.0000 BatchTime: 30.600845
2017-12-12 19:23:24,692 - INFO: Train [27|153600] lr: 0.004900 Loss: 0.0047 Acc: 1.0000 BatchTime: 45.141845
2017-12-12 19:23:39,245 - INFO: Train [27|204800] lr: 0.004900 Loss: 0.0054 Acc: 1.0000 BatchTime: 59.695035
2017-12-12 19:23:53,823 - INFO: Train [27|256000] lr: 0.004900 Loss: 0.0040 Acc: 1.0000 BatchTime: 74.272703
2017-12-12 19:24:08,372 - INFO: Train [27|307200] lr: 0.004900 Loss: 0.0046 Acc: 1.0000 BatchTime: 88.821326
2017-12-12 19:24:22,878 - INFO: Train [27|358400] lr: 0.004900 Loss: 0.0049 Acc: 1.0000 BatchTime: 103.327224
2017-12-12 19:24:37,418 - INFO: Train [27|409600] lr: 0.004900 Loss: 0.0067 Acc: 1.0000 BatchTime: 117.867322
2017-12-12 19:24:52,002 - INFO: Train [27|460800] lr: 0.004900 Loss: 0.0069 Acc: 1.0000 BatchTime: 132.451677
2017-12-12 19:25:06,558 - INFO: Train [27|512000] lr: 0.004900 Loss: 0.0041 Acc: 1.0000 BatchTime: 147.007677
2017-12-12 19:25:21,057 - INFO: Train [27|563200] lr: 0.004900 Loss: 0.0056 Acc: 1.0000 BatchTime: 161.506331
2017-12-12 19:25:35,599 - INFO: Train [27|614400] lr: 0.004900 Loss: 0.0042 Acc: 1.0000 BatchTime: 176.048256
2017-12-12 19:25:50,138 - INFO: Train [27|665600] lr: 0.004900 Loss: 0.0045 Acc: 1.0000 BatchTime: 190.587497
2017-12-12 19:26:04,701 - INFO: Train [27|716800] lr: 0.004900 Loss: 0.0046 Acc: 1.0000 BatchTime: 205.150902
2017-12-12 19:26:19,265 - INFO: Train [27|768000] lr: 0.004900 Loss: 0.0049 Acc: 1.0000 BatchTime: 219.714822
2017-12-12 19:26:33,805 - INFO: Train [27|819200] lr: 0.004900 Loss: 0.0046 Acc: 1.0000 BatchTime: 234.254959
2017-12-12 19:26:48,296 - INFO: Train [27|870400] lr: 0.004900 Loss: 0.0044 Acc: 1.0000 BatchTime: 248.745141
2017-12-12 19:27:02,851 - INFO: Train [27|921600] lr: 0.004900 Loss: 0.0057 Acc: 1.0000 BatchTime: 263.300286
2017-12-12 19:27:17,365 - INFO: Train [27|972800] lr: 0.004900 Loss: 0.0047 Acc: 1.0000 BatchTime: 277.814482
2017-12-12 19:27:55,744 - INFO: EvalTotal acc: 0.770471 loss: 1.245951
2017-12-12 19:27:55,745 - INFO: -----------------------------------------------------------
2017-12-12 19:28:11,837 - INFO: Train [28|51200] lr: 0.004900 Loss: 0.0053 Acc: 1.0000 BatchTime: 16.091027
2017-12-12 19:28:26,409 - INFO: Train [28|102400] lr: 0.004900 Loss: 0.0041 Acc: 1.0000 BatchTime: 30.663017
2017-12-12 19:28:40,994 - INFO: Train [28|153600] lr: 0.004900 Loss: 0.0042 Acc: 1.0000 BatchTime: 45.247700
2017-12-12 19:28:55,575 - INFO: Train [28|204800] lr: 0.004900 Loss: 0.0050 Acc: 1.0000 BatchTime: 59.829286
2017-12-12 19:29:10,155 - INFO: Train [28|256000] lr: 0.004900 Loss: 0.0044 Acc: 1.0000 BatchTime: 74.408651
2017-12-12 19:29:24,644 - INFO: Train [28|307200] lr: 0.004900 Loss: 0.0043 Acc: 1.0000 BatchTime: 88.897937
2017-12-12 19:29:39,229 - INFO: Train [28|358400] lr: 0.004900 Loss: 0.0047 Acc: 1.0000 BatchTime: 103.482757
2017-12-12 19:29:53,778 - INFO: Train [28|409600] lr: 0.004900 Loss: 0.0057 Acc: 1.0000 BatchTime: 118.032135
2017-12-12 19:30:08,308 - INFO: Train [28|460800] lr: 0.004900 Loss: 0.0046 Acc: 1.0000 BatchTime: 132.561746
2017-12-12 19:30:22,842 - INFO: Train [28|512000] lr: 0.004900 Loss: 0.0047 Acc: 1.0000 BatchTime: 147.095822
2017-12-12 19:30:37,381 - INFO: Train [28|563200] lr: 0.004900 Loss: 0.0044 Acc: 1.0000 BatchTime: 161.635070
2017-12-12 19:30:51,892 - INFO: Train [28|614400] lr: 0.004900 Loss: 0.0048 Acc: 1.0000 BatchTime: 176.145881
2017-12-12 19:31:06,406 - INFO: Train [28|665600] lr: 0.004900 Loss: 0.0046 Acc: 1.0000 BatchTime: 190.659653
2017-12-12 19:31:20,938 - INFO: Train [28|716800] lr: 0.004900 Loss: 0.0043 Acc: 1.0000 BatchTime: 205.191861
2017-12-12 19:31:35,505 - INFO: Train [28|768000] lr: 0.004900 Loss: 0.0043 Acc: 1.0000 BatchTime: 219.758809
2017-12-12 19:31:50,089 - INFO: Train [28|819200] lr: 0.004900 Loss: 0.0047 Acc: 1.0000 BatchTime: 234.342679
2017-12-12 19:32:04,602 - INFO: Train [28|870400] lr: 0.004900 Loss: 0.0044 Acc: 1.0000 BatchTime: 248.856628
2017-12-12 19:32:19,124 - INFO: Train [28|921600] lr: 0.004900 Loss: 0.0041 Acc: 1.0000 BatchTime: 263.378312
2017-12-12 19:32:33,670 - INFO: Train [28|972800] lr: 0.004900 Loss: 0.0040 Acc: 1.0000 BatchTime: 277.924087
2017-12-12 19:33:12,336 - INFO: EvalTotal acc: 0.769917 loss: 1.249209
2017-12-12 19:33:12,338 - INFO: -----------------------------------------------------------
2017-12-12 19:33:28,448 - INFO: Train [29|51200] lr: 0.004900 Loss: 0.0045 Acc: 1.0000 BatchTime: 16.109373
2017-12-12 19:33:42,996 - INFO: Train [29|102400] lr: 0.004900 Loss: 0.0043 Acc: 1.0000 BatchTime: 30.657750
2017-12-12 19:33:57,552 - INFO: Train [29|153600] lr: 0.004900 Loss: 0.0051 Acc: 1.0000 BatchTime: 45.213948
2017-12-12 19:34:12,066 - INFO: Train [29|204800] lr: 0.004900 Loss: 0.0042 Acc: 1.0000 BatchTime: 59.727706
2017-12-12 19:34:26,651 - INFO: Train [29|256000] lr: 0.004900 Loss: 0.0043 Acc: 1.0000 BatchTime: 74.312290
2017-12-12 19:34:41,228 - INFO: Train [29|307200] lr: 0.004900 Loss: 0.0047 Acc: 1.0000 BatchTime: 88.890031
2017-12-12 19:34:55,795 - INFO: Train [29|358400] lr: 0.004900 Loss: 0.0047 Acc: 1.0000 BatchTime: 103.456184
2017-12-12 19:35:10,323 - INFO: Train [29|409600] lr: 0.004900 Loss: 0.0044 Acc: 1.0000 BatchTime: 117.984527
2017-12-12 19:35:24,833 - INFO: Train [29|460800] lr: 0.004900 Loss: 0.0035 Acc: 1.0000 BatchTime: 132.494598
2017-12-12 19:35:39,353 - INFO: Train [29|512000] lr: 0.004900 Loss: 0.0038 Acc: 1.0000 BatchTime: 147.014750
2017-12-12 19:35:53,880 - INFO: Train [29|563200] lr: 0.004900 Loss: 0.0044 Acc: 1.0000 BatchTime: 161.541718
2017-12-12 19:36:08,386 - INFO: Train [29|614400] lr: 0.004900 Loss: 0.0033 Acc: 1.0000 BatchTime: 176.047676
2017-12-12 19:36:22,885 - INFO: Train [29|665600] lr: 0.004900 Loss: 0.0042 Acc: 1.0000 BatchTime: 190.546227
2017-12-12 19:36:37,389 - INFO: Train [29|716800] lr: 0.004900 Loss: 0.0044 Acc: 1.0000 BatchTime: 205.050622
2017-12-12 19:36:51,939 - INFO: Train [29|768000] lr: 0.004900 Loss: 0.0047 Acc: 1.0000 BatchTime: 219.600876
2017-12-12 19:37:06,475 - INFO: Train [29|819200] lr: 0.004900 Loss: 0.0047 Acc: 1.0000 BatchTime: 234.136227
2017-12-12 19:37:20,972 - INFO: Train [29|870400] lr: 0.004900 Loss: 0.0039 Acc: 1.0000 BatchTime: 248.633264
2017-12-12 19:37:35,474 - INFO: Train [29|921600] lr: 0.004900 Loss: 0.0051 Acc: 1.0000 BatchTime: 263.135750
2017-12-12 19:37:50,020 - INFO: Train [29|972800] lr: 0.004900 Loss: 0.0049 Acc: 1.0000 BatchTime: 277.681003
2017-12-12 19:38:28,866 - INFO: EvalTotal acc: 0.768995 loss: 1.256060
2017-12-12 19:38:28,867 - INFO: -----------------------------------------------------------
2017-12-12 19:38:44,992 - INFO: Train [30|51200] lr: 0.004900 Loss: 0.0052 Acc: 1.0000 BatchTime: 16.123466
2017-12-12 19:38:59,540 - INFO: Train [30|102400] lr: 0.004900 Loss: 0.0048 Acc: 1.0000 BatchTime: 30.671978
2017-12-12 19:39:14,058 - INFO: Train [30|153600] lr: 0.004900 Loss: 0.0054 Acc: 1.0000 BatchTime: 45.189556
2017-12-12 19:39:28,583 - INFO: Train [30|204800] lr: 0.004900 Loss: 0.0052 Acc: 1.0000 BatchTime: 59.714444
2017-12-12 19:39:43,133 - INFO: Train [30|256000] lr: 0.004900 Loss: 0.0041 Acc: 1.0000 BatchTime: 74.264521
2017-12-12 19:39:57,673 - INFO: Train [30|307200] lr: 0.004900 Loss: 0.0048 Acc: 1.0000 BatchTime: 88.804841
2017-12-12 19:40:12,179 - INFO: Train [30|358400] lr: 0.004900 Loss: 0.0039 Acc: 1.0000 BatchTime: 103.311270
2017-12-12 19:40:26,746 - INFO: Train [30|409600] lr: 0.004900 Loss: 0.0038 Acc: 1.0000 BatchTime: 117.877953
2017-12-12 19:40:41,298 - INFO: Train [30|460800] lr: 0.004900 Loss: 0.0042 Acc: 1.0000 BatchTime: 132.429520
2017-12-12 19:40:55,807 - INFO: Train [30|512000] lr: 0.004900 Loss: 0.0047 Acc: 1.0000 BatchTime: 146.938572
2017-12-12 19:41:10,344 - INFO: Train [30|563200] lr: 0.004900 Loss: 0.0045 Acc: 1.0000 BatchTime: 161.475951
2017-12-12 19:41:24,887 - INFO: Train [30|614400] lr: 0.004900 Loss: 0.0044 Acc: 1.0000 BatchTime: 176.018779
2017-12-12 19:41:39,405 - INFO: Train [30|665600] lr: 0.004900 Loss: 0.0043 Acc: 1.0000 BatchTime: 190.536973
2017-12-12 19:41:53,931 - INFO: Train [30|716800] lr: 0.004900 Loss: 0.0048 Acc: 1.0000 BatchTime: 205.062521
2017-12-12 19:42:08,471 - INFO: Train [30|768000] lr: 0.004900 Loss: 0.0042 Acc: 1.0000 BatchTime: 219.602687
2017-12-12 19:42:23,001 - INFO: Train [30|819200] lr: 0.004900 Loss: 0.0050 Acc: 1.0000 BatchTime: 234.132647
2017-12-12 19:42:37,562 - INFO: Train [30|870400] lr: 0.004900 Loss: 0.0052 Acc: 1.0000 BatchTime: 248.694125
2017-12-12 19:42:52,134 - INFO: Train [30|921600] lr: 0.004900 Loss: 0.0042 Acc: 1.0000 BatchTime: 263.266267
2017-12-12 19:43:06,660 - INFO: Train [30|972800] lr: 0.004900 Loss: 0.0045 Acc: 1.0000 BatchTime: 277.792277
2017-12-12 19:43:45,020 - INFO: EvalTotal acc: 0.771032 loss: 1.246804
2017-12-12 19:43:45,022 - INFO: -----------------------------------------------------------
2017-12-12 19:43:45,022 - INFO: [Done]
2017-12-12 19:43:45,022 - INFO: -----------------------------------------------------------
