Fri 22/Dec/2017 13:48:15: ('-------------------------------------------------------------------------------------',)
Fri 22/Dec/2017 13:48:15: ('  [log save in train-resnet34.log]',)
Fri 22/Dec/2017 13:48:15: ("  [Namespace(batch_size=256, epochs=50, factor=0.7, gpu='7', log_interval=500, lr=0.02, model='resnet34', model_file='epoch.{:d}.model', model_path='/home/lj/work/voice/model', momentum=0.9, num_classes=8470, patience=7, seed=1, split_num=5, train_file='train.{:d}.dict', train_mean='/home/lj/work/voice/data/far-am-kaldi/train/train.mean', train_path='/home/lj/work/voice/data/far-am-kaldi/train', train_std='/home/lj/work/voice/data/far-am-kaldi/train/train.std', valid_file='train.{:d}.dict', valid_path='/home/lj/work/voice/data/far-am-kaldi/train', weight_decay=1e-06)]",)
Fri 22/Dec/2017 13:48:15: ('',)
Fri 22/Dec/2017 13:48:15: ('-------------------------------------------------------------------------------------',)
Fri 22/Dec/2017 13:48:15: ('  [LoadModelData /home/lj/work/voice/data/far-am-kaldi/train/train.4.dict]',)
Fri 22/Dec/2017 13:48:15: ('----------------------------------------------------------------',)
Fri 22/Dec/2017 13:48:15: ('  Load Dataset from [/home/lj/work/voice/data/far-am-kaldi/train/train.4.dict] & mode:valid',)
Fri 22/Dec/2017 13:48:25: ('  Load Dataset [usetime: 10.353133] & [length: 8470] & slip-window-sample...',)
Fri 22/Dec/2017 13:49:06: ('  Slip-window-sample usetime: 40.560010',)
Fri 22/Dec/2017 13:49:06: ('  [data: 3288500  shape: (1, 40, 40)]',)
Fri 22/Dec/2017 13:49:06: ('  [labs: 3288500  minVal:0.000000  maxVal:8469.000000',)
Fri 22/Dec/2017 13:49:06: ('',)
Fri 22/Dec/2017 13:49:06: ('  [Create model: resnet34 num_classes: 8470]',)
Fri 22/Dec/2017 13:49:12: ('',)
Fri 22/Dec/2017 13:49:12: ('-------------------------------------------------------------------------------------',)
Fri 22/Dec/2017 13:49:12: ('  [Train resnet34]',)
Fri 22/Dec/2017 13:49:12: ('-------------------------------------------------------------------------------------',)
Fri 22/Dec/2017 13:49:12: ('  [LoadModelData /home/lj/work/voice/data/far-am-kaldi/train/train.0.dict]',)
Fri 22/Dec/2017 13:49:12: ('----------------------------------------------------------------',)
Fri 22/Dec/2017 13:49:12: ('  Load Dataset from [/home/lj/work/voice/data/far-am-kaldi/train/train.0.dict] & mode:train',)
Fri 22/Dec/2017 13:49:19: ('  Load Dataset [usetime: 6.448381] & [length: 8470] & slip-window-sample...',)
Fri 22/Dec/2017 13:49:59: ('  Slip-window-sample usetime: 40.419646',)
Fri 22/Dec/2017 13:49:59: ('  [data: 3360583  shape: (1, 40, 40)]',)
Fri 22/Dec/2017 13:49:59: ('  [labs: 3360583  minVal:0.000000  maxVal:8469.000000',)
Fri 22/Dec/2017 13:49:59: ('',)
Fri 22/Dec/2017 13:50:03: ('\n=================================================================',)
Fri 22/Dec/2017 13:50:03: ('    [ ResNet 34 Model ]',)
Fri 22/Dec/2017 13:50:03: ('=================================================================\n',)
Fri 22/Dec/2017 13:50:03: ('input x: ', torch.Size([256, 1, 40, 40]))
Fri 22/Dec/2017 13:50:05: ('conv1 x: ', torch.Size([256, 64, 20, 20]))
Fri 22/Dec/2017 13:50:05: ('maxpl x: ', torch.Size([256, 64, 10, 10]))
Fri 22/Dec/2017 13:50:05: ('layer1 x: ', torch.Size([256, 64, 10, 10]))
Fri 22/Dec/2017 13:50:05: ('layer2 x: ', torch.Size([256, 128, 5, 5]))
Fri 22/Dec/2017 13:50:05: ('layer3 x: ', torch.Size([256, 256, 3, 3]))
Fri 22/Dec/2017 13:50:05: ('layer4 x: ', torch.Size([256, 512, 2, 2]))
Fri 22/Dec/2017 13:50:05: ('avgpl x: ', torch.Size([256, 512, 1, 1]))
Fri 22/Dec/2017 13:50:05: ('xview x: ', torch.Size([256, 512]))
Fri 22/Dec/2017 13:50:05: ('yview y: ', torch.Size([256, 512]))
Fri 22/Dec/2017 13:50:05: ('fc x: ', torch.Size([256, 8470]))
Fri 22/Dec/2017 13:50:05: ('return y(feature), x(predict)',)
Fri 22/Dec/2017 13:50:05: ('\n=================================================================\n',)
Fri 22/Dec/2017 13:50:42: ('Train [1|128000] lr: 0.020000 Loss: 8.5373 Acc: 0.0000 UseTime: 43.101364',)
Fri 22/Dec/2017 13:51:20: ('Train [1|256000] lr: 0.020000 Loss: 8.1204 Acc: 0.0000 UseTime: 80.758098',)
Fri 22/Dec/2017 13:51:58: ('Train [1|384000] lr: 0.020000 Loss: 7.7061 Acc: 0.0039 UseTime: 118.497247',)
Fri 22/Dec/2017 13:52:36: ('Train [1|512000] lr: 0.020000 Loss: 7.1436 Acc: 0.0117 UseTime: 156.240166',)
Fri 22/Dec/2017 13:53:13: ('Train [1|640000] lr: 0.020000 Loss: 7.1460 Acc: 0.0156 UseTime: 193.979784',)
Fri 22/Dec/2017 13:53:51: ('Train [1|768000] lr: 0.020000 Loss: 6.6253 Acc: 0.0352 UseTime: 231.824147',)
Fri 22/Dec/2017 13:54:29: ('Train [1|896000] lr: 0.020000 Loss: 6.5666 Acc: 0.0312 UseTime: 269.634127',)
Fri 22/Dec/2017 13:55:07: ('Train [1|1024000] lr: 0.020000 Loss: 6.2341 Acc: 0.0469 UseTime: 307.451740',)
Fri 22/Dec/2017 13:55:45: ('Train [1|1152000] lr: 0.020000 Loss: 5.9933 Acc: 0.0586 UseTime: 345.298375',)
Fri 22/Dec/2017 13:56:22: ('Train [1|1280000] lr: 0.020000 Loss: 5.8696 Acc: 0.0547 UseTime: 383.134024',)
Fri 22/Dec/2017 13:57:00: ('Train [1|1408000] lr: 0.020000 Loss: 5.5895 Acc: 0.0781 UseTime: 421.011744',)
Fri 22/Dec/2017 13:57:38: ('Train [1|1536000] lr: 0.020000 Loss: 5.0821 Acc: 0.1289 UseTime: 458.805307',)
Fri 22/Dec/2017 13:58:16: ('Train [1|1664000] lr: 0.020000 Loss: 5.2464 Acc: 0.1172 UseTime: 496.646522',)
Fri 22/Dec/2017 13:58:31: ('-------------------------------------------------------------------------------------',)
Fri 22/Dec/2017 13:58:31: ('  [log save in train-resnet34.log]',)
Fri 22/Dec/2017 13:58:31: ("  [Namespace(batch_size=256, epochs=50, factor=0.7, fea_type='far-am-speech-float', gpu='6', log_interval=500, lr=0.02, model='resnet34', model_file='epoch.{:d}.model', model_path='/home/lj/work/voice/model', momentum=0.9, num_classes=8470, patience=7, seed=1, split_num=5, train_file='train.{:d}.dict', train_mean='/home/lj/work/voice/data/far-am-speech-float/train/train.mean', train_path='/home/lj/work/voice/data/far-am-speech-float/train', train_std='/home/lj/work/voice/data/far-am-speech-float/train/train.std', valid_file='train.{:d}.dict', valid_path='/home/lj/work/voice/data/far-am-speech-float/train', weight_decay=1e-06)]",)
Fri 22/Dec/2017 13:58:31: ('',)
Fri 22/Dec/2017 13:58:31: ('-------------------------------------------------------------------------------------',)
Fri 22/Dec/2017 13:58:31: ('  [LoadModelData /home/lj/work/voice/data/far-am-speech-float/train/train.4.dict]',)
Fri 22/Dec/2017 13:58:31: ('----------------------------------------------------------------',)
Fri 22/Dec/2017 13:58:31: ('  Load Dataset from [/home/lj/work/voice/data/far-am-speech-float/train/train.4.dict] & mode:valid',)
Fri 22/Dec/2017 13:58:43: ('  Load Dataset [usetime: 11.605830] & [length: 8470] & slip-window-sample...',)
Fri 22/Dec/2017 13:58:54: ('Train [1|1792000] lr: 0.020000 Loss: 5.1317 Acc: 0.1172 UseTime: 534.553328',)
Fri 22/Dec/2017 13:59:32: ('Train [1|1920000] lr: 0.020000 Loss: 4.9385 Acc: 0.1602 UseTime: 572.742330',)
Fri 22/Dec/2017 13:59:36: ('  Slip-window-sample usetime: 53.569008',)
Fri 22/Dec/2017 13:59:36: ('  [data: 3288500  shape: (1, 40, 40)]',)
Fri 22/Dec/2017 13:59:37: ('  [labs: 3288500  minVal:0  maxVal:8469',)
Fri 22/Dec/2017 13:59:37: ('',)
Fri 22/Dec/2017 13:59:37: ('  [Create model: resnet34 num_classes: 8470]',)
Fri 22/Dec/2017 13:59:45: ('',)
Fri 22/Dec/2017 13:59:45: ('-------------------------------------------------------------------------------------',)
Fri 22/Dec/2017 13:59:45: ('  [Train resnet34]',)
Fri 22/Dec/2017 13:59:45: ('-------------------------------------------------------------------------------------',)
Fri 22/Dec/2017 13:59:45: ('  [LoadModelData /home/lj/work/voice/data/far-am-speech-float/train/train.0.dict]',)
Fri 22/Dec/2017 13:59:45: ('----------------------------------------------------------------',)
Fri 22/Dec/2017 13:59:45: ('  Load Dataset from [/home/lj/work/voice/data/far-am-speech-float/train/train.0.dict] & mode:train',)
Fri 22/Dec/2017 14:00:10: ('Train [1|2048000] lr: 0.020000 Loss: 4.8118 Acc: 0.1758 UseTime: 610.913100',)
Fri 22/Dec/2017 14:00:11: ('  Load Dataset [usetime: 25.985995] & [length: 8470] & slip-window-sample...',)
Fri 22/Dec/2017 14:00:48: ('Train [1|2176000] lr: 0.020000 Loss: 4.6746 Acc: 0.1484 UseTime: 649.068218',)
Fri 22/Dec/2017 14:00:59: ('  Slip-window-sample usetime: 47.619652',)
Fri 22/Dec/2017 14:00:59: ('  [data: 3360583  shape: (1, 40, 40)]',)
Fri 22/Dec/2017 14:00:59: ('  [labs: 3360583  minVal:0  maxVal:8469',)
Fri 22/Dec/2017 14:00:59: ('',)
Fri 22/Dec/2017 14:01:05: ('\n=================================================================',)
Fri 22/Dec/2017 14:01:05: ('    [ ResNet 34 Model ]',)
Fri 22/Dec/2017 14:01:05: ('=================================================================\n',)
Fri 22/Dec/2017 14:01:05: ('input x: ', torch.Size([256, 1, 40, 40]))
Fri 22/Dec/2017 14:01:06: ('conv1 x: ', torch.Size([256, 64, 20, 20]))
Fri 22/Dec/2017 14:01:06: ('maxpl x: ', torch.Size([256, 64, 10, 10]))
Fri 22/Dec/2017 14:01:06: ('layer1 x: ', torch.Size([256, 64, 10, 10]))
Fri 22/Dec/2017 14:01:06: ('layer2 x: ', torch.Size([256, 128, 5, 5]))
Fri 22/Dec/2017 14:01:06: ('layer3 x: ', torch.Size([256, 256, 3, 3]))
Fri 22/Dec/2017 14:01:06: ('layer4 x: ', torch.Size([256, 512, 2, 2]))
Fri 22/Dec/2017 14:01:06: ('avgpl x: ', torch.Size([256, 512, 1, 1]))
Fri 22/Dec/2017 14:01:06: ('xview x: ', torch.Size([256, 512]))
Fri 22/Dec/2017 14:01:06: ('yview y: ', torch.Size([256, 512]))
Fri 22/Dec/2017 14:01:07: ('fc x: ', torch.Size([256, 8470]))
Fri 22/Dec/2017 14:01:07: ('return y(feature), x(predict)',)
Fri 22/Dec/2017 14:01:07: ('\n=================================================================\n',)
Fri 22/Dec/2017 14:01:27: ('Train [1|2304000] lr: 0.020000 Loss: 4.3802 Acc: 0.2109 UseTime: 687.293454',)
Fri 22/Dec/2017 14:01:45: ('Train [1|128000] lr: 0.020000 Loss: 8.5712 Acc: 0.0039 UseTime: 44.829796',)
Fri 22/Dec/2017 14:02:05: ('Train [1|2432000] lr: 0.020000 Loss: 4.5681 Acc: 0.1602 UseTime: 725.403050',)
Fri 22/Dec/2017 14:02:23: ('Train [1|256000] lr: 0.020000 Loss: 8.5380 Acc: 0.0000 UseTime: 82.820218',)
Fri 22/Dec/2017 14:02:43: ('Train [1|2560000] lr: 0.020000 Loss: 4.3333 Acc: 0.2070 UseTime: 763.646571',)
Fri 22/Dec/2017 14:03:01: ('Train [1|384000] lr: 0.020000 Loss: 8.4054 Acc: 0.0039 UseTime: 120.872142',)
Fri 22/Dec/2017 14:03:21: ('Train [1|2688000] lr: 0.020000 Loss: 4.3914 Acc: 0.2109 UseTime: 801.752478',)
Fri 22/Dec/2017 14:03:39: ('Train [1|512000] lr: 0.020000 Loss: 7.8379 Acc: 0.0039 UseTime: 159.027681',)
Fri 22/Dec/2017 14:03:59: ('Train [1|2816000] lr: 0.020000 Loss: 4.2075 Acc: 0.2109 UseTime: 839.850976',)
Fri 22/Dec/2017 14:04:17: ('Train [1|640000] lr: 0.020000 Loss: 7.5947 Acc: 0.0156 UseTime: 197.016877',)
Fri 22/Dec/2017 14:04:37: ('Train [1|2944000] lr: 0.020000 Loss: 3.8103 Acc: 0.2422 UseTime: 877.873984',)
Fri 22/Dec/2017 14:04:55: ('Train [1|768000] lr: 0.020000 Loss: 7.2592 Acc: 0.0039 UseTime: 235.098675',)
Fri 22/Dec/2017 14:05:15: ('Train [1|3072000] lr: 0.020000 Loss: 4.2617 Acc: 0.1992 UseTime: 915.890647',)
Fri 22/Dec/2017 14:05:33: ('Train [1|896000] lr: 0.020000 Loss: 6.6547 Acc: 0.0273 UseTime: 273.185473',)
Fri 22/Dec/2017 14:05:53: ('Train [1|3200000] lr: 0.020000 Loss: 3.8746 Acc: 0.2695 UseTime: 953.979791',)
Fri 22/Dec/2017 14:06:11: ('Train [1|1024000] lr: 0.020000 Loss: 6.4609 Acc: 0.0234 UseTime: 311.176720',)
Fri 22/Dec/2017 14:06:32: ('Train [1|3328000] lr: 0.020000 Loss: 4.0514 Acc: 0.2266 UseTime: 992.173856',)
Fri 22/Dec/2017 14:06:42: ('/home/lj/work/voice/model/resnet34/epoch.0.model',)
Fri 22/Dec/2017 14:06:42: ('  [LoadModelData /home/lj/work/voice/data/far-am-kaldi/train/train.1.dict]',)
Fri 22/Dec/2017 14:06:42: ('----------------------------------------------------------------',)
Fri 22/Dec/2017 14:06:42: ('  Load Dataset from [/home/lj/work/voice/data/far-am-kaldi/train/train.1.dict] & mode:train',)
Fri 22/Dec/2017 14:06:49: ('Train [1|1152000] lr: 0.020000 Loss: 6.0550 Acc: 0.0625 UseTime: 349.303024',)
Fri 22/Dec/2017 14:07:09: ('  Load Dataset [usetime: 27.770449] & [length: 8470] & slip-window-sample...',)
Fri 22/Dec/2017 14:07:27: ('Train [1|1280000] lr: 0.020000 Loss: 5.9947 Acc: 0.0469 UseTime: 387.703079',)
Fri 22/Dec/2017 14:07:55: ('  Slip-window-sample usetime: 45.729255',)
Fri 22/Dec/2017 14:07:55: ('  [data: 3339936  shape: (1, 40, 40)]',)
Fri 22/Dec/2017 14:07:55: ('  [labs: 3339936  minVal:0.000000  maxVal:8469.000000',)
Fri 22/Dec/2017 14:07:55: ('',)
Fri 22/Dec/2017 14:08:06: ('Train [1|1408000] lr: 0.020000 Loss: 5.6780 Acc: 0.0742 UseTime: 426.078280',)
Fri 22/Dec/2017 14:08:44: ('Train [1|1536000] lr: 0.020000 Loss: 5.7351 Acc: 0.0664 UseTime: 464.345681',)
Fri 22/Dec/2017 14:08:51: ('Train [1|128000] lr: 0.020000 Loss: 3.8388 Acc: 0.2656 UseTime: 55.538042',)
Fri 22/Dec/2017 14:09:22: ('Train [1|1664000] lr: 0.020000 Loss: 5.3190 Acc: 0.0742 UseTime: 502.609895',)
Fri 22/Dec/2017 14:09:29: ('Train [1|256000] lr: 0.020000 Loss: 3.9241 Acc: 0.2500 UseTime: 93.662666',)
Fri 22/Dec/2017 14:10:01: ('Train [1|1792000] lr: 0.020000 Loss: 4.7552 Acc: 0.1328 UseTime: 540.823788',)
Fri 22/Dec/2017 14:10:08: ('Train [1|384000] lr: 0.020000 Loss: 3.7160 Acc: 0.2617 UseTime: 131.940044',)
Fri 22/Dec/2017 14:10:39: ('Train [1|1920000] lr: 0.020000 Loss: 4.7008 Acc: 0.1758 UseTime: 579.153759',)
Fri 22/Dec/2017 14:10:46: ('Train [1|512000] lr: 0.020000 Loss: 3.7723 Acc: 0.2617 UseTime: 170.424505',)
Fri 22/Dec/2017 14:11:17: ('Train [1|2048000] lr: 0.020000 Loss: 4.8206 Acc: 0.1641 UseTime: 617.350456',)
Fri 22/Dec/2017 14:11:25: ('Train [1|640000] lr: 0.020000 Loss: 3.8110 Acc: 0.3008 UseTime: 208.827662',)
Fri 22/Dec/2017 14:11:55: ('Train [1|2176000] lr: 0.020000 Loss: 4.3230 Acc: 0.2148 UseTime: 655.680003',)
Fri 22/Dec/2017 14:12:03: ('Train [1|768000] lr: 0.020000 Loss: 3.6347 Acc: 0.3008 UseTime: 247.285422',)
Fri 22/Dec/2017 14:12:34: ('Train [1|2304000] lr: 0.020000 Loss: 4.7303 Acc: 0.1641 UseTime: 693.862614',)
Fri 22/Dec/2017 14:12:42: ('Train [1|896000] lr: 0.020000 Loss: 3.5856 Acc: 0.3281 UseTime: 285.772695',)
Fri 22/Dec/2017 14:13:12: ('Train [1|2432000] lr: 0.020000 Loss: 4.2716 Acc: 0.1992 UseTime: 732.199920',)
Fri 22/Dec/2017 14:13:20: ('Train [1|1024000] lr: 0.020000 Loss: 3.5067 Acc: 0.3398 UseTime: 324.303370',)
Fri 22/Dec/2017 14:13:50: ('Train [1|2560000] lr: 0.020000 Loss: 4.4870 Acc: 0.1719 UseTime: 770.614528',)
Fri 22/Dec/2017 14:13:59: ('Train [1|1152000] lr: 0.020000 Loss: 3.4175 Acc: 0.3320 UseTime: 362.876438',)
Fri 22/Dec/2017 14:14:29: ('Train [1|2688000] lr: 0.020000 Loss: 4.0426 Acc: 0.2344 UseTime: 808.873465',)
Fri 22/Dec/2017 14:14:37: ('Train [1|1280000] lr: 0.020000 Loss: 3.5355 Acc: 0.3164 UseTime: 401.208625',)
Fri 22/Dec/2017 14:15:07: ('Train [1|2816000] lr: 0.020000 Loss: 3.9746 Acc: 0.2344 UseTime: 847.277235',)
Fri 22/Dec/2017 14:15:16: ('Train [1|1408000] lr: 0.020000 Loss: 3.5051 Acc: 0.3203 UseTime: 439.985072',)
Fri 22/Dec/2017 14:15:46: ('Train [1|2944000] lr: 0.020000 Loss: 3.7640 Acc: 0.2852 UseTime: 885.856956',)
Fri 22/Dec/2017 14:15:54: ('Train [1|1536000] lr: 0.020000 Loss: 3.3549 Acc: 0.3477 UseTime: 478.632536',)
Fri 22/Dec/2017 14:16:24: ('Train [1|3072000] lr: 0.020000 Loss: 3.9013 Acc: 0.2227 UseTime: 924.259896',)
Fri 22/Dec/2017 14:16:33: ('Train [1|1664000] lr: 0.020000 Loss: 3.5665 Acc: 0.2930 UseTime: 517.438925',)
Fri 22/Dec/2017 14:17:02: ('Train [1|3200000] lr: 0.020000 Loss: 4.1385 Acc: 0.2188 UseTime: 962.735144',)
Fri 22/Dec/2017 14:17:12: ('Train [1|1792000] lr: 0.020000 Loss: 3.2040 Acc: 0.3438 UseTime: 556.187583',)
Fri 22/Dec/2017 14:17:41: ('Train [1|3328000] lr: 0.020000 Loss: 3.7641 Acc: 0.2930 UseTime: 1001.165113',)
Fri 22/Dec/2017 14:17:51: ('Train [1|1920000] lr: 0.020000 Loss: 3.3333 Acc: 0.3477 UseTime: 594.840654',)
Fri 22/Dec/2017 14:17:51: ('/home/lj/work/voice/model/resnet34/epoch.0.model',)
Fri 22/Dec/2017 14:17:51: ('  [LoadModelData /home/lj/work/voice/data/far-am-speech-float/train/train.1.dict]',)
Fri 22/Dec/2017 14:17:51: ('----------------------------------------------------------------',)
Fri 22/Dec/2017 14:17:51: ('  Load Dataset from [/home/lj/work/voice/data/far-am-speech-float/train/train.1.dict] & mode:train',)
Fri 22/Dec/2017 14:18:20: ('  Load Dataset [usetime: 29.395280] & [length: 8470] & slip-window-sample...',)
Fri 22/Dec/2017 14:18:30: ('Train [1|2048000] lr: 0.020000 Loss: 3.1151 Acc: 0.3672 UseTime: 633.748945',)
Fri 22/Dec/2017 14:19:08: ('Train [1|2176000] lr: 0.020000 Loss: 2.9184 Acc: 0.4375 UseTime: 672.552057',)
Fri 22/Dec/2017 14:19:10: ('  Slip-window-sample usetime: 49.338706',)
Fri 22/Dec/2017 14:19:10: ('  [data: 3339936  shape: (1, 40, 40)]',)
Fri 22/Dec/2017 14:19:10: ('  [labs: 3339936  minVal:0  maxVal:8469',)
Fri 22/Dec/2017 14:19:10: ('',)
Fri 22/Dec/2017 14:19:47: ('Train [1|2304000] lr: 0.020000 Loss: 2.7981 Acc: 0.4023 UseTime: 711.379659',)
Fri 22/Dec/2017 14:20:05: ('Train [1|128000] lr: 0.020000 Loss: 3.9708 Acc: 0.2695 UseTime: 54.669493',)
Fri 22/Dec/2017 14:20:26: ('Train [1|2432000] lr: 0.020000 Loss: 3.2051 Acc: 0.3320 UseTime: 750.044585',)
Fri 22/Dec/2017 14:20:43: ('Train [1|256000] lr: 0.020000 Loss: 3.8745 Acc: 0.2266 UseTime: 92.688279',)
Fri 22/Dec/2017 14:21:04: ('Train [1|2560000] lr: 0.020000 Loss: 2.9177 Acc: 0.3789 UseTime: 788.639986',)
Fri 22/Dec/2017 14:21:43: ('Train [1|2688000] lr: 0.020000 Loss: 3.0143 Acc: 0.3906 UseTime: 826.958791',)
Fri 22/Dec/2017 14:22:22: ('Train [1|2816000] lr: 0.020000 Loss: 2.8989 Acc: 0.3789 UseTime: 865.793679',)
Fri 22/Dec/2017 14:23:00: ('Train [1|2944000] lr: 0.020000 Loss: 3.3653 Acc: 0.3086 UseTime: 904.459682',)
Fri 22/Dec/2017 14:23:39: ('Train [1|3072000] lr: 0.020000 Loss: 2.8978 Acc: 0.4180 UseTime: 942.881791',)
Fri 22/Dec/2017 14:24:17: ('Train [1|3200000] lr: 0.020000 Loss: 2.8316 Acc: 0.3594 UseTime: 981.335925',)
Fri 22/Dec/2017 14:24:55: ('Train [1|3328000] lr: 0.020000 Loss: 2.7090 Acc: 0.4219 UseTime: 1019.661522',)
Fri 22/Dec/2017 14:25:00: ('/home/lj/work/voice/model/resnet34/epoch.0.model',)
Fri 22/Dec/2017 14:25:00: ('  [LoadModelData /home/lj/work/voice/data/far-am-kaldi/train/train.2.dict]',)
Fri 22/Dec/2017 14:25:00: ('----------------------------------------------------------------',)
Fri 22/Dec/2017 14:25:00: ('  Load Dataset from [/home/lj/work/voice/data/far-am-kaldi/train/train.2.dict] & mode:train',)
Fri 22/Dec/2017 14:25:27: ('  Load Dataset [usetime: 26.914756] & [length: 8470] & slip-window-sample...',)
Fri 22/Dec/2017 14:26:13: ('  Slip-window-sample usetime: 46.185285',)
Fri 22/Dec/2017 14:26:13: ('  [data: 3318167  shape: (1, 40, 40)]',)
Fri 22/Dec/2017 14:26:13: ('  [labs: 3318167  minVal:0.000000  maxVal:8469.000000',)
Fri 22/Dec/2017 14:26:13: ('',)
Fri 22/Dec/2017 14:27:04: ('Train [1|128000] lr: 0.020000 Loss: 2.9806 Acc: 0.3906 UseTime: 50.622006',)
Fri 22/Dec/2017 14:27:42: ('Train [1|256000] lr: 0.020000 Loss: 3.1506 Acc: 0.3438 UseTime: 88.652127',)
Fri 22/Dec/2017 14:28:20: ('Train [1|384000] lr: 0.020000 Loss: 2.8046 Acc: 0.4219 UseTime: 126.675025',)
Fri 22/Dec/2017 14:28:59: ('Train [1|512000] lr: 0.020000 Loss: 2.9174 Acc: 0.3828 UseTime: 164.849051',)
Fri 22/Dec/2017 14:29:37: ('Train [1|640000] lr: 0.020000 Loss: 2.6636 Acc: 0.4336 UseTime: 202.979202',)
Fri 22/Dec/2017 14:30:15: ('Train [1|768000] lr: 0.020000 Loss: 3.1504 Acc: 0.3672 UseTime: 240.982850',)
Fri 22/Dec/2017 14:30:53: ('Train [1|896000] lr: 0.020000 Loss: 3.1329 Acc: 0.3594 UseTime: 279.069228',)
Fri 22/Dec/2017 14:31:31: ('Train [1|1024000] lr: 0.020000 Loss: 2.7937 Acc: 0.3828 UseTime: 317.204156',)
Fri 22/Dec/2017 14:32:09: ('Train [1|1152000] lr: 0.020000 Loss: 2.7389 Acc: 0.4336 UseTime: 355.445385',)
Fri 22/Dec/2017 14:32:48: ('Train [1|1280000] lr: 0.020000 Loss: 2.4912 Acc: 0.4766 UseTime: 393.770268',)
Fri 22/Dec/2017 14:33:26: ('Train [1|1408000] lr: 0.020000 Loss: 2.4152 Acc: 0.4883 UseTime: 432.096825',)
Fri 22/Dec/2017 14:34:04: ('Train [1|1536000] lr: 0.020000 Loss: 2.5644 Acc: 0.4609 UseTime: 470.338417',)
Fri 22/Dec/2017 14:34:42: ('Train [1|1664000] lr: 0.020000 Loss: 2.6123 Acc: 0.4258 UseTime: 508.570253',)
Fri 22/Dec/2017 14:35:20: ('Train [1|1792000] lr: 0.020000 Loss: 2.5197 Acc: 0.4492 UseTime: 546.743482',)
Fri 22/Dec/2017 14:35:59: ('Train [1|1920000] lr: 0.020000 Loss: 2.5634 Acc: 0.4258 UseTime: 584.920865',)
Fri 22/Dec/2017 14:36:37: ('Train [1|2048000] lr: 0.020000 Loss: 2.4990 Acc: 0.4688 UseTime: 623.106653',)
Fri 22/Dec/2017 14:37:15: ('Train [1|2176000] lr: 0.020000 Loss: 2.8303 Acc: 0.4219 UseTime: 661.298362',)
Fri 22/Dec/2017 14:37:53: ('Train [1|2304000] lr: 0.020000 Loss: 2.7221 Acc: 0.4648 UseTime: 699.553318',)
Fri 22/Dec/2017 14:38:32: ('Train [1|2432000] lr: 0.020000 Loss: 2.3852 Acc: 0.4766 UseTime: 738.399766',)
Fri 22/Dec/2017 14:39:11: ('Train [1|2560000] lr: 0.020000 Loss: 2.4319 Acc: 0.4570 UseTime: 776.893515',)
Fri 22/Dec/2017 14:39:49: ('Train [1|2688000] lr: 0.020000 Loss: 2.6445 Acc: 0.4414 UseTime: 815.176469',)
Fri 22/Dec/2017 14:40:28: ('Train [1|2816000] lr: 0.020000 Loss: 2.2936 Acc: 0.5273 UseTime: 853.802508',)
Fri 22/Dec/2017 14:41:06: ('Train [1|2944000] lr: 0.020000 Loss: 2.5184 Acc: 0.4766 UseTime: 892.548610',)
Fri 22/Dec/2017 14:41:45: ('Train [1|3072000] lr: 0.020000 Loss: 2.3913 Acc: 0.4609 UseTime: 931.679693',)
Fri 22/Dec/2017 14:42:24: ('Train [1|3200000] lr: 0.020000 Loss: 2.3416 Acc: 0.4609 UseTime: 970.317951',)
Fri 22/Dec/2017 14:43:00: ('/home/lj/work/voice/model/resnet34/epoch.0.model',)
Fri 22/Dec/2017 14:43:00: ('  [LoadModelData /home/lj/work/voice/data/far-am-kaldi/train/train.3.dict]',)
Fri 22/Dec/2017 14:43:00: ('----------------------------------------------------------------',)
Fri 22/Dec/2017 14:43:00: ('  Load Dataset from [/home/lj/work/voice/data/far-am-kaldi/train/train.3.dict] & mode:train',)
Fri 22/Dec/2017 14:43:29: ('  Load Dataset [usetime: 28.881852] & [length: 8470] & slip-window-sample...',)
Fri 22/Dec/2017 14:44:36: ('  Slip-window-sample usetime: 67.140749',)
Fri 22/Dec/2017 14:44:36: ('  [data: 3303926  shape: (1, 40, 40)]',)
Fri 22/Dec/2017 14:44:36: ('  [labs: 3303926  minVal:0.000000  maxVal:8469.000000',)
Fri 22/Dec/2017 14:44:36: ('',)
Fri 22/Dec/2017 14:45:56: ('Train [1|128000] lr: 0.020000 Loss: 2.6697 Acc: 0.4492 UseTime: 78.778099',)
Fri 22/Dec/2017 14:46:34: ('Train [1|256000] lr: 0.020000 Loss: 2.9699 Acc: 0.4102 UseTime: 116.812842',)
Fri 22/Dec/2017 14:47:12: ('Train [1|384000] lr: 0.020000 Loss: 2.7079 Acc: 0.4297 UseTime: 154.914276',)
Fri 22/Dec/2017 14:47:50: ('Train [1|512000] lr: 0.020000 Loss: 2.4973 Acc: 0.4258 UseTime: 193.105730',)
Fri 22/Dec/2017 14:48:29: ('Train [1|640000] lr: 0.020000 Loss: 2.9276 Acc: 0.4062 UseTime: 231.248485',)
Fri 22/Dec/2017 14:49:07: ('Train [1|768000] lr: 0.020000 Loss: 2.4869 Acc: 0.4766 UseTime: 269.377489',)
Fri 22/Dec/2017 14:49:45: ('Train [1|896000] lr: 0.020000 Loss: 2.5984 Acc: 0.4648 UseTime: 307.697809',)
Fri 22/Dec/2017 14:50:23: ('Train [1|1024000] lr: 0.020000 Loss: 2.4402 Acc: 0.4688 UseTime: 346.005054',)
Fri 22/Dec/2017 14:51:02: ('Train [1|1152000] lr: 0.020000 Loss: 2.3096 Acc: 0.5078 UseTime: 384.254141',)
Fri 22/Dec/2017 14:51:40: ('Train [1|1280000] lr: 0.020000 Loss: 2.3822 Acc: 0.4727 UseTime: 422.563657',)
Fri 22/Dec/2017 14:52:18: ('Train [1|1408000] lr: 0.020000 Loss: 2.0065 Acc: 0.5430 UseTime: 460.860884',)
Fri 22/Dec/2017 14:52:56: ('Train [1|1536000] lr: 0.020000 Loss: 2.4734 Acc: 0.4531 UseTime: 499.084296',)
Fri 22/Dec/2017 14:53:35: ('Train [1|1664000] lr: 0.020000 Loss: 2.2826 Acc: 0.5156 UseTime: 537.372781',)
Fri 22/Dec/2017 14:54:13: ('Train [1|1792000] lr: 0.020000 Loss: 2.5354 Acc: 0.4453 UseTime: 575.651014',)
Fri 22/Dec/2017 14:54:51: ('Train [1|1920000] lr: 0.020000 Loss: 2.4241 Acc: 0.4688 UseTime: 613.930120',)
