2017-12-19 11:11:18,721 : -----------------------------------------------------------------
2017-12-19 11:11:18,721 : Namespace(batch_size=512, epochs=50, log_interval=100, lr=0.01, momentum=0.9, seed=1, weight_decay=1e-06)
2017-12-19 11:12:48,692 : Train [1|51200] lr: 0.010000 Loss: 8.4459 Acc: 0.0059 BatchTime: 40.759334
2017-12-19 11:12:57,948 : Train [1|102400] lr: 0.010000 Loss: 8.2326 Acc: 0.0078 BatchTime: 50.015210
2017-12-19 11:13:07,180 : Train [1|153600] lr: 0.010000 Loss: 8.0833 Acc: 0.0039 BatchTime: 59.247232
2017-12-19 11:13:16,651 : Train [1|204800] lr: 0.010000 Loss: 7.7467 Acc: 0.0254 BatchTime: 68.718411
2017-12-19 11:13:25,842 : Train [1|256000] lr: 0.010000 Loss: 7.4693 Acc: 0.0273 BatchTime: 77.909683
2017-12-19 11:13:35,105 : Train [1|307200] lr: 0.010000 Loss: 7.0823 Acc: 0.0371 BatchTime: 87.172983
2017-12-19 11:13:44,458 : Train [1|358400] lr: 0.010000 Loss: 6.6844 Acc: 0.0508 BatchTime: 96.525012
2017-12-19 11:13:53,854 : Train [1|409600] lr: 0.010000 Loss: 6.5111 Acc: 0.0527 BatchTime: 105.921801
2017-12-19 11:14:03,162 : Train [1|460800] lr: 0.010000 Loss: 6.1603 Acc: 0.0840 BatchTime: 115.230159
2017-12-19 11:14:12,513 : Train [1|512000] lr: 0.010000 Loss: 5.9813 Acc: 0.0703 BatchTime: 124.580527
2017-12-19 11:14:21,782 : Train [1|563200] lr: 0.010000 Loss: 5.7327 Acc: 0.0977 BatchTime: 133.849770
2017-12-19 11:14:31,214 : Train [1|614400] lr: 0.010000 Loss: 5.5198 Acc: 0.1113 BatchTime: 143.281762
2017-12-19 11:14:40,540 : Train [1|665600] lr: 0.010000 Loss: 5.3606 Acc: 0.1055 BatchTime: 152.607086
2017-12-19 11:14:49,833 : Train [1|716800] lr: 0.010000 Loss: 5.0795 Acc: 0.1367 BatchTime: 161.901027
2017-12-19 11:14:59,065 : Train [1|768000] lr: 0.010000 Loss: 4.9919 Acc: 0.1680 BatchTime: 171.132397
2017-12-19 11:15:08,274 : Train [1|819200] lr: 0.010000 Loss: 4.6359 Acc: 0.1738 BatchTime: 180.341808
2017-12-19 11:15:17,769 : Train [1|870400] lr: 0.010000 Loss: 4.4754 Acc: 0.1992 BatchTime: 189.836579
2017-12-19 11:15:27,031 : Train [1|921600] lr: 0.010000 Loss: 4.3099 Acc: 0.2402 BatchTime: 199.098278
2017-12-19 11:15:36,240 : Train [1|972800] lr: 0.010000 Loss: 4.0834 Acc: 0.2266 BatchTime: 208.307658
2017-12-19 11:15:45,563 : Train [1|1024000] lr: 0.010000 Loss: 4.0136 Acc: 0.2617 BatchTime: 217.630617
2017-12-19 11:15:54,899 : Train [1|1075200] lr: 0.010000 Loss: 4.0584 Acc: 0.2734 BatchTime: 226.966058
2017-12-19 11:16:04,126 : Train [1|1126400] lr: 0.010000 Loss: 3.8583 Acc: 0.3047 BatchTime: 236.194208
2017-12-19 11:16:13,326 : Train [1|1177600] lr: 0.010000 Loss: 3.5180 Acc: 0.3691 BatchTime: 245.393948
2017-12-19 11:16:23,282 : Train [1|1228800] lr: 0.010000 Loss: 3.5107 Acc: 0.3477 BatchTime: 255.350197
2017-12-19 11:16:32,483 : Train [1|1280000] lr: 0.010000 Loss: 3.3244 Acc: 0.3770 BatchTime: 264.550954
2017-12-19 11:16:41,695 : Train [1|1331200] lr: 0.010000 Loss: 3.2684 Acc: 0.3887 BatchTime: 273.762431
2017-12-19 11:16:50,826 : Train [1|1382400] lr: 0.010000 Loss: 3.3082 Acc: 0.4062 BatchTime: 282.893499
2017-12-19 11:17:00,041 : Train [1|1433600] lr: 0.010000 Loss: 2.9308 Acc: 0.4316 BatchTime: 292.108709
2017-12-19 11:17:09,214 : Train [1|1484800] lr: 0.010000 Loss: 3.0514 Acc: 0.4023 BatchTime: 301.281473
2017-12-19 11:17:18,426 : Train [1|1536000] lr: 0.010000 Loss: 2.8858 Acc: 0.4727 BatchTime: 310.493490
2017-12-19 11:17:27,615 : Train [1|1587200] lr: 0.010000 Loss: 2.9342 Acc: 0.4336 BatchTime: 319.682477
2017-12-19 11:17:37,133 : Train [1|1638400] lr: 0.010000 Loss: 2.6886 Acc: 0.4531 BatchTime: 329.200949
2017-12-19 11:17:46,360 : Train [1|1689600] lr: 0.010000 Loss: 2.5471 Acc: 0.4883 BatchTime: 338.427909
2017-12-19 11:17:55,569 : Train [1|1740800] lr: 0.010000 Loss: 2.6249 Acc: 0.4863 BatchTime: 347.636403
2017-12-19 11:18:04,900 : Train [1|1792000] lr: 0.010000 Loss: 2.5689 Acc: 0.5098 BatchTime: 356.967343
2017-12-19 11:18:14,081 : Train [1|1843200] lr: 0.010000 Loss: 2.5151 Acc: 0.5020 BatchTime: 366.148447
2017-12-19 11:18:23,278 : Train [1|1894400] lr: 0.010000 Loss: 2.4595 Acc: 0.4805 BatchTime: 375.345491
2017-12-19 11:18:32,515 : Train [1|1945600] lr: 0.010000 Loss: 2.3563 Acc: 0.5176 BatchTime: 384.582836
2017-12-19 11:18:41,704 : Train [1|1996800] lr: 0.010000 Loss: 2.3034 Acc: 0.5254 BatchTime: 393.771689
2017-12-19 11:18:50,849 : Train [1|2048000] lr: 0.010000 Loss: 2.2418 Acc: 0.5449 BatchTime: 402.916666
2017-12-19 11:19:00,028 : Train [1|2099200] lr: 0.010000 Loss: 2.3335 Acc: 0.5137 BatchTime: 412.095813
2017-12-19 11:19:09,338 : Train [1|2150400] lr: 0.010000 Loss: 2.1292 Acc: 0.5742 BatchTime: 421.405985
2017-12-19 11:19:18,643 : Train [1|2201600] lr: 0.010000 Loss: 2.2567 Acc: 0.5547 BatchTime: 430.711226
2017-12-19 11:19:27,894 : Train [1|2252800] lr: 0.010000 Loss: 2.2657 Acc: 0.5625 BatchTime: 439.961483
2017-12-19 11:19:37,143 : Train [1|2304000] lr: 0.010000 Loss: 2.1047 Acc: 0.5469 BatchTime: 449.210982
2017-12-19 11:19:46,508 : Train [1|2355200] lr: 0.010000 Loss: 2.1728 Acc: 0.5469 BatchTime: 458.575877
2017-12-19 11:19:55,696 : Train [1|2406400] lr: 0.010000 Loss: 2.0472 Acc: 0.5703 BatchTime: 467.763757
2017-12-19 11:20:28,295 : EvalTotal acc: 0.468609 loss: 2.760496
2017-12-19 11:20:28,296 : -----------------------------------------------------------------
2017-12-19 11:20:40,170 : Train [2|51200] lr: 0.010000 Loss: 2.0646 Acc: 0.5801 BatchTime: 11.872729
2017-12-19 11:20:49,413 : Train [2|102400] lr: 0.010000 Loss: 1.8713 Acc: 0.5977 BatchTime: 21.116309
2017-12-19 11:20:58,624 : Train [2|153600] lr: 0.010000 Loss: 1.8526 Acc: 0.6152 BatchTime: 30.326628
2017-12-19 11:21:07,853 : Train [2|204800] lr: 0.010000 Loss: 1.8480 Acc: 0.6367 BatchTime: 39.555435
2017-12-19 11:21:17,106 : Train [2|256000] lr: 0.010000 Loss: 1.8101 Acc: 0.6270 BatchTime: 48.809394
2017-12-19 11:21:26,303 : Train [2|307200] lr: 0.010000 Loss: 1.7890 Acc: 0.6348 BatchTime: 58.005932
2017-12-19 11:21:35,410 : Train [2|358400] lr: 0.010000 Loss: 1.7241 Acc: 0.6465 BatchTime: 67.113330
2017-12-19 11:21:44,598 : Train [2|409600] lr: 0.010000 Loss: 1.8380 Acc: 0.6172 BatchTime: 76.301313
2017-12-19 11:21:53,765 : Train [2|460800] lr: 0.010000 Loss: 1.6759 Acc: 0.6562 BatchTime: 85.468097
2017-12-19 11:22:02,910 : Train [2|512000] lr: 0.010000 Loss: 1.7071 Acc: 0.6367 BatchTime: 94.612600
2017-12-19 11:22:12,122 : Train [2|563200] lr: 0.010000 Loss: 1.7332 Acc: 0.6387 BatchTime: 103.824871
2017-12-19 11:22:21,371 : Train [2|614400] lr: 0.010000 Loss: 1.6045 Acc: 0.6465 BatchTime: 113.074385
2017-12-19 11:22:30,586 : Train [2|665600] lr: 0.010000 Loss: 1.6479 Acc: 0.6582 BatchTime: 122.289151
2017-12-19 11:22:39,832 : Train [2|716800] lr: 0.010000 Loss: 1.8380 Acc: 0.6270 BatchTime: 131.535043
2017-12-19 11:22:49,066 : Train [2|768000] lr: 0.010000 Loss: 1.6546 Acc: 0.6621 BatchTime: 140.768814
2017-12-19 11:22:58,316 : Train [2|819200] lr: 0.010000 Loss: 1.5886 Acc: 0.6621 BatchTime: 150.019487
2017-12-19 11:23:07,668 : Train [2|870400] lr: 0.010000 Loss: 1.6090 Acc: 0.6660 BatchTime: 159.370922
2017-12-19 11:23:17,220 : Train [2|921600] lr: 0.010000 Loss: 1.5098 Acc: 0.6602 BatchTime: 168.922873
2017-12-19 11:23:26,409 : Train [2|972800] lr: 0.010000 Loss: 1.5954 Acc: 0.6582 BatchTime: 178.112253
2017-12-19 11:23:35,683 : Train [2|1024000] lr: 0.010000 Loss: 1.4965 Acc: 0.6641 BatchTime: 187.386055
2017-12-19 11:23:44,981 : Train [2|1075200] lr: 0.010000 Loss: 1.4280 Acc: 0.6816 BatchTime: 196.684249
2017-12-19 11:23:54,221 : Train [2|1126400] lr: 0.010000 Loss: 1.5097 Acc: 0.6973 BatchTime: 205.924416
2017-12-19 11:24:03,460 : Train [2|1177600] lr: 0.010000 Loss: 1.4958 Acc: 0.6816 BatchTime: 215.163511
2017-12-19 11:24:12,600 : Train [2|1228800] lr: 0.010000 Loss: 1.4794 Acc: 0.6953 BatchTime: 224.302643
2017-12-19 11:24:21,762 : Train [2|1280000] lr: 0.010000 Loss: 1.4715 Acc: 0.6934 BatchTime: 233.465372
2017-12-19 11:24:31,050 : Train [2|1331200] lr: 0.010000 Loss: 1.4024 Acc: 0.6934 BatchTime: 242.752788
2017-12-19 11:24:40,196 : Train [2|1382400] lr: 0.010000 Loss: 1.3800 Acc: 0.7090 BatchTime: 251.899438
2017-12-19 11:24:49,392 : Train [2|1433600] lr: 0.010000 Loss: 1.4278 Acc: 0.6719 BatchTime: 261.095178
2017-12-19 11:24:58,502 : Train [2|1484800] lr: 0.010000 Loss: 1.3581 Acc: 0.7031 BatchTime: 270.205459
2017-12-19 11:25:07,765 : Train [2|1536000] lr: 0.010000 Loss: 1.2379 Acc: 0.7168 BatchTime: 279.468353
2017-12-19 11:25:16,997 : Train [2|1587200] lr: 0.010000 Loss: 1.4701 Acc: 0.6680 BatchTime: 288.700143
2017-12-19 11:25:26,237 : Train [2|1638400] lr: 0.010000 Loss: 1.2043 Acc: 0.7383 BatchTime: 297.940381
2017-12-19 11:25:35,401 : Train [2|1689600] lr: 0.010000 Loss: 1.3921 Acc: 0.6934 BatchTime: 307.103953
2017-12-19 11:25:44,672 : Train [2|1740800] lr: 0.010000 Loss: 1.2184 Acc: 0.7090 BatchTime: 316.375391
2017-12-19 11:25:54,081 : Train [2|1792000] lr: 0.010000 Loss: 1.1662 Acc: 0.7324 BatchTime: 325.783718
2017-12-19 11:26:03,349 : Train [2|1843200] lr: 0.010000 Loss: 1.3135 Acc: 0.7109 BatchTime: 335.051607
2017-12-19 11:26:12,574 : Train [2|1894400] lr: 0.010000 Loss: 1.2900 Acc: 0.7207 BatchTime: 344.276817
2017-12-19 11:26:21,797 : Train [2|1945600] lr: 0.010000 Loss: 1.3626 Acc: 0.7246 BatchTime: 353.500005
2017-12-19 11:26:31,051 : Train [2|1996800] lr: 0.010000 Loss: 1.2739 Acc: 0.7441 BatchTime: 362.754390
2017-12-19 11:26:40,281 : Train [2|2048000] lr: 0.010000 Loss: 1.1659 Acc: 0.7402 BatchTime: 371.984457
2017-12-19 11:26:49,628 : Train [2|2099200] lr: 0.010000 Loss: 1.2341 Acc: 0.7090 BatchTime: 381.330623
2017-12-19 11:26:58,966 : Train [2|2150400] lr: 0.010000 Loss: 1.3648 Acc: 0.7012 BatchTime: 390.669260
2017-12-19 11:27:08,271 : Train [2|2201600] lr: 0.010000 Loss: 1.2356 Acc: 0.7129 BatchTime: 399.974171
2017-12-19 11:27:17,516 : Train [2|2252800] lr: 0.010000 Loss: 1.1309 Acc: 0.7480 BatchTime: 409.219157
2017-12-19 11:27:26,815 : Train [2|2304000] lr: 0.010000 Loss: 1.2724 Acc: 0.7148 BatchTime: 418.518412
2017-12-19 11:27:36,090 : Train [2|2355200] lr: 0.010000 Loss: 1.1204 Acc: 0.7656 BatchTime: 427.792798
2017-12-19 11:27:45,295 : Train [2|2406400] lr: 0.010000 Loss: 0.9985 Acc: 0.7656 BatchTime: 436.998287
2017-12-19 11:28:18,014 : EvalTotal acc: 0.499475 loss: 2.522791
2017-12-19 11:28:18,017 : -----------------------------------------------------------------
2017-12-19 11:28:29,896 : Train [3|51200] lr: 0.010000 Loss: 1.0693 Acc: 0.7539 BatchTime: 11.876888
2017-12-19 11:28:39,103 : Train [3|102400] lr: 0.010000 Loss: 1.0992 Acc: 0.7500 BatchTime: 21.083970
2017-12-19 11:28:48,309 : Train [3|153600] lr: 0.010000 Loss: 1.1492 Acc: 0.7383 BatchTime: 30.290427
2017-12-19 11:28:57,564 : Train [3|204800] lr: 0.010000 Loss: 1.1372 Acc: 0.7539 BatchTime: 39.545224
2017-12-19 11:29:07,077 : Train [3|256000] lr: 0.010000 Loss: 1.0320 Acc: 0.7793 BatchTime: 49.058005
2017-12-19 11:29:16,295 : Train [3|307200] lr: 0.010000 Loss: 1.0043 Acc: 0.7734 BatchTime: 58.276188
2017-12-19 11:29:25,469 : Train [3|358400] lr: 0.010000 Loss: 0.8307 Acc: 0.7988 BatchTime: 67.450521
2017-12-19 11:29:34,836 : Train [3|409600] lr: 0.010000 Loss: 1.1218 Acc: 0.7363 BatchTime: 76.817194
2017-12-19 11:29:44,116 : Train [3|460800] lr: 0.010000 Loss: 1.0695 Acc: 0.7637 BatchTime: 86.097713
2017-12-19 11:29:53,386 : Train [3|512000] lr: 0.010000 Loss: 0.9333 Acc: 0.8027 BatchTime: 95.367635
2017-12-19 11:30:02,620 : Train [3|563200] lr: 0.010000 Loss: 1.0072 Acc: 0.7930 BatchTime: 104.601326
2017-12-19 11:30:11,881 : Train [3|614400] lr: 0.010000 Loss: 1.0341 Acc: 0.7637 BatchTime: 113.862520
2017-12-19 11:30:21,067 : Train [3|665600] lr: 0.010000 Loss: 1.1368 Acc: 0.7578 BatchTime: 123.048181
2017-12-19 11:30:30,265 : Train [3|716800] lr: 0.010000 Loss: 0.9089 Acc: 0.7773 BatchTime: 132.246493
2017-12-19 11:30:39,483 : Train [3|768000] lr: 0.010000 Loss: 0.9124 Acc: 0.7891 BatchTime: 141.464149
2017-12-19 11:30:48,697 : Train [3|819200] lr: 0.010000 Loss: 0.8708 Acc: 0.8027 BatchTime: 150.678161
2017-12-19 11:30:57,996 : Train [3|870400] lr: 0.010000 Loss: 1.0031 Acc: 0.7656 BatchTime: 159.977930
2017-12-19 11:31:07,388 : Train [3|921600] lr: 0.010000 Loss: 1.0319 Acc: 0.7539 BatchTime: 169.369010
2017-12-19 11:31:16,561 : Train [3|972800] lr: 0.010000 Loss: 0.9307 Acc: 0.8047 BatchTime: 178.542579
2017-12-19 11:31:25,883 : Train [3|1024000] lr: 0.010000 Loss: 0.8277 Acc: 0.8105 BatchTime: 187.864558
2017-12-19 11:31:35,085 : Train [3|1075200] lr: 0.010000 Loss: 0.8167 Acc: 0.8164 BatchTime: 197.066765
2017-12-19 11:31:44,288 : Train [3|1126400] lr: 0.010000 Loss: 0.9921 Acc: 0.7812 BatchTime: 206.269898
2017-12-19 11:31:53,481 : Train [3|1177600] lr: 0.010000 Loss: 0.9711 Acc: 0.7852 BatchTime: 215.462781
2017-12-19 11:32:02,737 : Train [3|1228800] lr: 0.010000 Loss: 0.9835 Acc: 0.7695 BatchTime: 224.718497
2017-12-19 11:32:11,958 : Train [3|1280000] lr: 0.010000 Loss: 0.8988 Acc: 0.7793 BatchTime: 233.939539
2017-12-19 11:32:21,203 : Train [3|1331200] lr: 0.010000 Loss: 0.9797 Acc: 0.7891 BatchTime: 243.184180
2017-12-19 11:32:30,412 : Train [3|1382400] lr: 0.010000 Loss: 0.7765 Acc: 0.8262 BatchTime: 252.393920
2017-12-19 11:32:39,552 : Train [3|1433600] lr: 0.010000 Loss: 0.8527 Acc: 0.8145 BatchTime: 261.533250
2017-12-19 11:32:48,734 : Train [3|1484800] lr: 0.010000 Loss: 0.8858 Acc: 0.7969 BatchTime: 270.715317
2017-12-19 11:32:57,931 : Train [3|1536000] lr: 0.010000 Loss: 0.8758 Acc: 0.7891 BatchTime: 279.912190
2017-12-19 11:33:07,098 : Train [3|1587200] lr: 0.010000 Loss: 0.9226 Acc: 0.7930 BatchTime: 289.079980
2017-12-19 11:33:16,738 : Train [3|1638400] lr: 0.010000 Loss: 0.7604 Acc: 0.8281 BatchTime: 298.719712
2017-12-19 11:33:25,992 : Train [3|1689600] lr: 0.010000 Loss: 0.8071 Acc: 0.8203 BatchTime: 307.973264
2017-12-19 11:33:35,275 : Train [3|1740800] lr: 0.010000 Loss: 1.0674 Acc: 0.7441 BatchTime: 317.256595
2017-12-19 11:33:44,530 : Train [3|1792000] lr: 0.010000 Loss: 0.8015 Acc: 0.8262 BatchTime: 326.511861
2017-12-19 11:33:53,688 : Train [3|1843200] lr: 0.010000 Loss: 0.7874 Acc: 0.8203 BatchTime: 335.669617
2017-12-19 11:34:02,959 : Train [3|1894400] lr: 0.010000 Loss: 0.9108 Acc: 0.7949 BatchTime: 344.940375
2017-12-19 11:34:12,191 : Train [3|1945600] lr: 0.010000 Loss: 0.9312 Acc: 0.8047 BatchTime: 354.172425
2017-12-19 11:34:21,383 : Train [3|1996800] lr: 0.010000 Loss: 0.7708 Acc: 0.8281 BatchTime: 363.364173
2017-12-19 11:34:30,612 : Train [3|2048000] lr: 0.010000 Loss: 0.7826 Acc: 0.8066 BatchTime: 372.593647
2017-12-19 11:34:39,837 : Train [3|2099200] lr: 0.010000 Loss: 0.8237 Acc: 0.8320 BatchTime: 381.818458
2017-12-19 11:34:49,105 : Train [3|2150400] lr: 0.010000 Loss: 0.7979 Acc: 0.8184 BatchTime: 391.086670
2017-12-19 11:34:58,293 : Train [3|2201600] lr: 0.010000 Loss: 0.8453 Acc: 0.8086 BatchTime: 400.274155
2017-12-19 11:35:07,620 : Train [3|2252800] lr: 0.010000 Loss: 0.9163 Acc: 0.7871 BatchTime: 409.601656
2017-12-19 11:35:16,883 : Train [3|2304000] lr: 0.010000 Loss: 0.8495 Acc: 0.8086 BatchTime: 418.864120
2017-12-19 11:35:26,150 : Train [3|2355200] lr: 0.010000 Loss: 0.7421 Acc: 0.8262 BatchTime: 428.131206
2017-12-19 11:35:35,314 : Train [3|2406400] lr: 0.010000 Loss: 0.7428 Acc: 0.8242 BatchTime: 437.295665
2017-12-19 11:36:08,902 : EvalTotal acc: 0.656607 loss: 1.717675
2017-12-19 11:36:08,903 : -----------------------------------------------------------------
2017-12-19 11:36:20,913 : Train [4|51200] lr: 0.010000 Loss: 0.6703 Acc: 0.8398 BatchTime: 12.007430
2017-12-19 11:36:30,149 : Train [4|102400] lr: 0.010000 Loss: 0.7838 Acc: 0.8105 BatchTime: 21.243343
2017-12-19 11:36:39,461 : Train [4|153600] lr: 0.010000 Loss: 0.6713 Acc: 0.8418 BatchTime: 30.555452
2017-12-19 11:36:48,701 : Train [4|204800] lr: 0.010000 Loss: 0.5689 Acc: 0.8594 BatchTime: 39.795867
2017-12-19 11:36:58,089 : Train [4|256000] lr: 0.010000 Loss: 0.6848 Acc: 0.8516 BatchTime: 49.183425
2017-12-19 11:37:07,342 : Train [4|307200] lr: 0.010000 Loss: 0.7494 Acc: 0.8281 BatchTime: 58.436138
2017-12-19 11:37:16,701 : Train [4|358400] lr: 0.010000 Loss: 0.6731 Acc: 0.8477 BatchTime: 67.793683
2017-12-19 11:37:25,887 : Train [4|409600] lr: 0.010000 Loss: 0.7448 Acc: 0.8438 BatchTime: 76.981492
2017-12-19 11:37:35,285 : Train [4|460800] lr: 0.010000 Loss: 0.6151 Acc: 0.8633 BatchTime: 86.379828
2017-12-19 11:37:44,557 : Train [4|512000] lr: 0.010000 Loss: 0.6884 Acc: 0.8379 BatchTime: 95.651885
2017-12-19 11:37:53,815 : Train [4|563200] lr: 0.010000 Loss: 0.5875 Acc: 0.8633 BatchTime: 104.909908
2017-12-19 11:38:03,035 : Train [4|614400] lr: 0.010000 Loss: 0.7366 Acc: 0.8223 BatchTime: 114.129720
2017-12-19 11:38:12,288 : Train [4|665600] lr: 0.010000 Loss: 0.7146 Acc: 0.8320 BatchTime: 123.382082
2017-12-19 11:38:21,546 : Train [4|716800] lr: 0.010000 Loss: 0.7386 Acc: 0.8613 BatchTime: 132.640103
2017-12-19 11:38:30,774 : Train [4|768000] lr: 0.010000 Loss: 0.7452 Acc: 0.8398 BatchTime: 141.868037
2017-12-19 11:38:40,018 : Train [4|819200] lr: 0.010000 Loss: 0.6232 Acc: 0.8555 BatchTime: 151.112487
2017-12-19 11:38:49,300 : Train [4|870400] lr: 0.010000 Loss: 0.6993 Acc: 0.8477 BatchTime: 160.394809
2017-12-19 11:38:58,665 : Train [4|921600] lr: 0.010000 Loss: 0.6562 Acc: 0.8438 BatchTime: 169.759795
2017-12-19 11:39:07,928 : Train [4|972800] lr: 0.010000 Loss: 0.7541 Acc: 0.8418 BatchTime: 179.022112
2017-12-19 11:39:17,131 : Train [4|1024000] lr: 0.010000 Loss: 0.7012 Acc: 0.8398 BatchTime: 188.225805
2017-12-19 11:39:26,371 : Train [4|1075200] lr: 0.010000 Loss: 0.6794 Acc: 0.8379 BatchTime: 197.465566
2017-12-19 11:39:35,671 : Train [4|1126400] lr: 0.010000 Loss: 0.6451 Acc: 0.8613 BatchTime: 206.765485
2017-12-19 11:39:45,356 : Train [4|1177600] lr: 0.010000 Loss: 0.8178 Acc: 0.8066 BatchTime: 216.450598
2017-12-19 11:39:54,561 : Train [4|1228800] lr: 0.010000 Loss: 0.6429 Acc: 0.8594 BatchTime: 225.655901
2017-12-19 11:40:03,781 : Train [4|1280000] lr: 0.010000 Loss: 0.6170 Acc: 0.8516 BatchTime: 234.875052
2017-12-19 11:40:12,997 : Train [4|1331200] lr: 0.010000 Loss: 0.6955 Acc: 0.8438 BatchTime: 244.091899
2017-12-19 11:40:22,223 : Train [4|1382400] lr: 0.010000 Loss: 0.6855 Acc: 0.8398 BatchTime: 253.318044
2017-12-19 11:40:31,475 : Train [4|1433600] lr: 0.010000 Loss: 0.6885 Acc: 0.8281 BatchTime: 262.569990
2017-12-19 11:40:40,757 : Train [4|1484800] lr: 0.010000 Loss: 0.7013 Acc: 0.8145 BatchTime: 271.851888
2017-12-19 11:40:50,037 : Train [4|1536000] lr: 0.010000 Loss: 0.6511 Acc: 0.8438 BatchTime: 281.131682
2017-12-19 11:40:59,187 : Train [4|1587200] lr: 0.010000 Loss: 0.7268 Acc: 0.8438 BatchTime: 290.281493
2017-12-19 11:41:08,396 : Train [4|1638400] lr: 0.010000 Loss: 0.6210 Acc: 0.8516 BatchTime: 299.491025
2017-12-19 11:41:17,673 : Train [4|1689600] lr: 0.010000 Loss: 0.5866 Acc: 0.8691 BatchTime: 308.767328
2017-12-19 11:41:26,868 : Train [4|1740800] lr: 0.010000 Loss: 0.7847 Acc: 0.8223 BatchTime: 317.962589
2017-12-19 11:41:36,088 : Train [4|1792000] lr: 0.010000 Loss: 0.5273 Acc: 0.8770 BatchTime: 327.182516
2017-12-19 11:41:45,436 : Train [4|1843200] lr: 0.010000 Loss: 0.6197 Acc: 0.8594 BatchTime: 336.531018
2017-12-19 11:41:54,615 : Train [4|1894400] lr: 0.010000 Loss: 0.5750 Acc: 0.8809 BatchTime: 345.709035
2017-12-19 11:42:03,840 : Train [4|1945600] lr: 0.010000 Loss: 0.5842 Acc: 0.8594 BatchTime: 354.934718
2017-12-19 11:42:12,971 : Train [4|1996800] lr: 0.010000 Loss: 0.5620 Acc: 0.8672 BatchTime: 364.065668
2017-12-19 11:42:22,411 : Train [4|2048000] lr: 0.010000 Loss: 0.6361 Acc: 0.8398 BatchTime: 373.505171
2017-12-19 11:42:31,639 : Train [4|2099200] lr: 0.010000 Loss: 0.5540 Acc: 0.8672 BatchTime: 382.733944
2017-12-19 11:42:40,847 : Train [4|2150400] lr: 0.010000 Loss: 0.5305 Acc: 0.8809 BatchTime: 391.941445
2017-12-19 11:42:50,035 : Train [4|2201600] lr: 0.010000 Loss: 0.5867 Acc: 0.8652 BatchTime: 401.129037
2017-12-19 11:42:59,235 : Train [4|2252800] lr: 0.010000 Loss: 0.5457 Acc: 0.8711 BatchTime: 410.329003
2017-12-19 11:43:08,452 : Train [4|2304000] lr: 0.010000 Loss: 0.5132 Acc: 0.8730 BatchTime: 419.546398
2017-12-19 11:43:17,671 : Train [4|2355200] lr: 0.010000 Loss: 0.5816 Acc: 0.8672 BatchTime: 428.765354
2017-12-19 11:43:26,854 : Train [4|2406400] lr: 0.010000 Loss: 0.6434 Acc: 0.8477 BatchTime: 437.948882
2017-12-19 11:43:59,640 : EvalTotal acc: 0.685311 loss: 1.572644
2017-12-19 11:43:59,641 : -----------------------------------------------------------------
2017-12-19 11:44:11,558 : Train [5|51200] lr: 0.010000 Loss: 0.5149 Acc: 0.8887 BatchTime: 11.916228
2017-12-19 11:44:20,827 : Train [5|102400] lr: 0.010000 Loss: 0.4861 Acc: 0.8984 BatchTime: 21.184963
2017-12-19 11:44:29,990 : Train [5|153600] lr: 0.010000 Loss: 0.4677 Acc: 0.8887 BatchTime: 30.348526
2017-12-19 11:44:39,221 : Train [5|204800] lr: 0.010000 Loss: 0.5488 Acc: 0.8828 BatchTime: 39.579454
2017-12-19 11:44:48,555 : Train [5|256000] lr: 0.010000 Loss: 0.5628 Acc: 0.8613 BatchTime: 48.913426
2017-12-19 11:44:57,758 : Train [5|307200] lr: 0.010000 Loss: 0.5292 Acc: 0.8789 BatchTime: 58.116131
2017-12-19 11:45:06,993 : Train [5|358400] lr: 0.010000 Loss: 0.5011 Acc: 0.8652 BatchTime: 67.351056
2017-12-19 11:45:16,182 : Train [5|409600] lr: 0.010000 Loss: 0.4460 Acc: 0.8926 BatchTime: 76.540166
2017-12-19 11:45:25,695 : Train [5|460800] lr: 0.010000 Loss: 0.5703 Acc: 0.8711 BatchTime: 86.052997
2017-12-19 11:45:34,920 : Train [5|512000] lr: 0.010000 Loss: 0.5011 Acc: 0.8867 BatchTime: 95.277817
2017-12-19 11:45:44,116 : Train [5|563200] lr: 0.010000 Loss: 0.5051 Acc: 0.8711 BatchTime: 104.474022
2017-12-19 11:45:53,325 : Train [5|614400] lr: 0.010000 Loss: 0.5325 Acc: 0.8594 BatchTime: 113.683461
2017-12-19 11:46:02,567 : Train [5|665600] lr: 0.010000 Loss: 0.4828 Acc: 0.9004 BatchTime: 122.925639
2017-12-19 11:46:11,809 : Train [5|716800] lr: 0.010000 Loss: 0.4616 Acc: 0.8828 BatchTime: 132.167288
2017-12-19 11:46:21,090 : Train [5|768000] lr: 0.010000 Loss: 0.5653 Acc: 0.8750 BatchTime: 141.448186
2017-12-19 11:46:30,303 : Train [5|819200] lr: 0.010000 Loss: 0.4798 Acc: 0.8750 BatchTime: 150.661172
2017-12-19 11:46:39,560 : Train [5|870400] lr: 0.010000 Loss: 0.5300 Acc: 0.8828 BatchTime: 159.918601
2017-12-19 11:46:48,750 : Train [5|921600] lr: 0.010000 Loss: 0.5079 Acc: 0.8926 BatchTime: 169.108626
2017-12-19 11:46:58,073 : Train [5|972800] lr: 0.010000 Loss: 0.5127 Acc: 0.8750 BatchTime: 178.431793
2017-12-19 11:47:07,272 : Train [5|1024000] lr: 0.010000 Loss: 0.5028 Acc: 0.8770 BatchTime: 187.630614
2017-12-19 11:47:16,663 : Train [5|1075200] lr: 0.010000 Loss: 0.5911 Acc: 0.8594 BatchTime: 197.021469
2017-12-19 11:47:26,081 : Train [5|1126400] lr: 0.010000 Loss: 0.4657 Acc: 0.8906 BatchTime: 206.439242
2017-12-19 11:47:35,290 : Train [5|1177600] lr: 0.010000 Loss: 0.4475 Acc: 0.8789 BatchTime: 215.648044
2017-12-19 11:47:44,560 : Train [5|1228800] lr: 0.010000 Loss: 0.4380 Acc: 0.8906 BatchTime: 224.918627
2017-12-19 11:47:53,767 : Train [5|1280000] lr: 0.010000 Loss: 0.4466 Acc: 0.8848 BatchTime: 234.124746
2017-12-19 11:48:03,011 : Train [5|1331200] lr: 0.010000 Loss: 0.5270 Acc: 0.8750 BatchTime: 243.369190
2017-12-19 11:48:12,212 : Train [5|1382400] lr: 0.010000 Loss: 0.4878 Acc: 0.8887 BatchTime: 252.569826
2017-12-19 11:48:21,380 : Train [5|1433600] lr: 0.010000 Loss: 0.4645 Acc: 0.8945 BatchTime: 261.737846
2017-12-19 11:48:30,705 : Train [5|1484800] lr: 0.010000 Loss: 0.4209 Acc: 0.9062 BatchTime: 271.063444
2017-12-19 11:48:39,913 : Train [5|1536000] lr: 0.010000 Loss: 0.3989 Acc: 0.8965 BatchTime: 280.270981
2017-12-19 11:48:49,117 : Train [5|1587200] lr: 0.010000 Loss: 0.4599 Acc: 0.8867 BatchTime: 289.475148
2017-12-19 11:48:58,305 : Train [5|1638400] lr: 0.010000 Loss: 0.4652 Acc: 0.8848 BatchTime: 298.663206
2017-12-19 11:49:07,812 : Train [5|1689600] lr: 0.010000 Loss: 0.4688 Acc: 0.8926 BatchTime: 308.170721
2017-12-19 11:49:17,226 : Train [5|1740800] lr: 0.010000 Loss: 0.3691 Acc: 0.9082 BatchTime: 317.584305
2017-12-19 11:49:26,474 : Train [5|1792000] lr: 0.010000 Loss: 0.3431 Acc: 0.9219 BatchTime: 326.832480
2017-12-19 11:49:35,634 : Train [5|1843200] lr: 0.010000 Loss: 0.4549 Acc: 0.8848 BatchTime: 335.992438
2017-12-19 11:49:44,866 : Train [5|1894400] lr: 0.010000 Loss: 0.4079 Acc: 0.8828 BatchTime: 345.223848
2017-12-19 11:49:54,337 : Train [5|1945600] lr: 0.010000 Loss: 0.4633 Acc: 0.8945 BatchTime: 354.695028
2017-12-19 11:50:03,654 : Train [5|1996800] lr: 0.010000 Loss: 0.3999 Acc: 0.8945 BatchTime: 364.012129
2017-12-19 11:50:13,118 : Train [5|2048000] lr: 0.010000 Loss: 0.4606 Acc: 0.8945 BatchTime: 373.476504
2017-12-19 11:50:22,314 : Train [5|2099200] lr: 0.010000 Loss: 0.4666 Acc: 0.8828 BatchTime: 382.672439
2017-12-19 11:50:31,514 : Train [5|2150400] lr: 0.010000 Loss: 0.4157 Acc: 0.8945 BatchTime: 391.872143
2017-12-19 11:50:40,720 : Train [5|2201600] lr: 0.010000 Loss: 0.4322 Acc: 0.8965 BatchTime: 401.078256
2017-12-19 11:50:50,404 : Train [5|2252800] lr: 0.010000 Loss: 0.4851 Acc: 0.8867 BatchTime: 410.761983
2017-12-19 11:50:59,722 : Train [5|2304000] lr: 0.010000 Loss: 0.4116 Acc: 0.9004 BatchTime: 420.080610
2017-12-19 11:51:09,011 : Train [5|2355200] lr: 0.010000 Loss: 0.4192 Acc: 0.9023 BatchTime: 429.369067
2017-12-19 11:51:18,261 : Train [5|2406400] lr: 0.010000 Loss: 0.3813 Acc: 0.9082 BatchTime: 438.619393
2017-12-19 11:51:51,703 : EvalTotal acc: 0.687771 loss: 1.634177
2017-12-19 11:51:51,704 : -----------------------------------------------------------------
2017-12-19 11:52:03,714 : Train [6|51200] lr: 0.010000 Loss: 0.3819 Acc: 0.9102 BatchTime: 12.009572
2017-12-19 11:52:13,063 : Train [6|102400] lr: 0.010000 Loss: 0.4126 Acc: 0.8984 BatchTime: 21.358050
2017-12-19 11:52:22,395 : Train [6|153600] lr: 0.010000 Loss: 0.3755 Acc: 0.9023 BatchTime: 30.690187
2017-12-19 11:52:31,767 : Train [6|204800] lr: 0.010000 Loss: 0.3400 Acc: 0.9238 BatchTime: 40.062015
2017-12-19 11:52:40,990 : Train [6|256000] lr: 0.010000 Loss: 0.3899 Acc: 0.9004 BatchTime: 49.285585
2017-12-19 11:52:50,561 : Train [6|307200] lr: 0.010000 Loss: 0.3300 Acc: 0.9160 BatchTime: 58.854390
2017-12-19 11:52:59,972 : Train [6|358400] lr: 0.010000 Loss: 0.2869 Acc: 0.9297 BatchTime: 68.267330
2017-12-19 11:53:09,255 : Train [6|409600] lr: 0.010000 Loss: 0.2876 Acc: 0.9355 BatchTime: 77.550017
2017-12-19 11:53:18,905 : Train [6|460800] lr: 0.010000 Loss: 0.4115 Acc: 0.8926 BatchTime: 87.200715
2017-12-19 11:53:28,212 : Train [6|512000] lr: 0.010000 Loss: 0.3857 Acc: 0.9102 BatchTime: 96.506866
2017-12-19 11:53:37,460 : Train [6|563200] lr: 0.010000 Loss: 0.3778 Acc: 0.9023 BatchTime: 105.755597
2017-12-19 11:53:46,781 : Train [6|614400] lr: 0.010000 Loss: 0.3031 Acc: 0.9355 BatchTime: 115.075838
2017-12-19 11:53:56,135 : Train [6|665600] lr: 0.010000 Loss: 0.3824 Acc: 0.9004 BatchTime: 124.430563
2017-12-19 11:54:05,461 : Train [6|716800] lr: 0.010000 Loss: 0.3912 Acc: 0.8945 BatchTime: 133.756155
2017-12-19 11:54:14,691 : Train [6|768000] lr: 0.010000 Loss: 0.3030 Acc: 0.9258 BatchTime: 142.986301
2017-12-19 11:54:23,909 : Train [6|819200] lr: 0.010000 Loss: 0.3675 Acc: 0.9180 BatchTime: 152.204515
2017-12-19 11:54:33,073 : Train [6|870400] lr: 0.010000 Loss: 0.3887 Acc: 0.9160 BatchTime: 161.367884
2017-12-19 11:54:42,313 : Train [6|921600] lr: 0.010000 Loss: 0.3644 Acc: 0.9043 BatchTime: 170.608019
2017-12-19 11:54:51,651 : Train [6|972800] lr: 0.010000 Loss: 0.3734 Acc: 0.9199 BatchTime: 179.946083
2017-12-19 11:55:00,975 : Train [6|1024000] lr: 0.010000 Loss: 0.3786 Acc: 0.9082 BatchTime: 189.269830
2017-12-19 11:55:10,272 : Train [6|1075200] lr: 0.010000 Loss: 0.3957 Acc: 0.9102 BatchTime: 198.567546
2017-12-19 11:55:19,534 : Train [6|1126400] lr: 0.010000 Loss: 0.3327 Acc: 0.9180 BatchTime: 207.828750
2017-12-19 11:55:28,742 : Train [6|1177600] lr: 0.010000 Loss: 0.3541 Acc: 0.9121 BatchTime: 217.037593
2017-12-19 11:55:37,979 : Train [6|1228800] lr: 0.010000 Loss: 0.3779 Acc: 0.9141 BatchTime: 226.274208
2017-12-19 11:55:47,262 : Train [6|1280000] lr: 0.010000 Loss: 0.4013 Acc: 0.8984 BatchTime: 235.557505
2017-12-19 11:55:56,566 : Train [6|1331200] lr: 0.010000 Loss: 0.2878 Acc: 0.9336 BatchTime: 244.861574
2017-12-19 11:56:05,735 : Train [6|1382400] lr: 0.010000 Loss: 0.4061 Acc: 0.8965 BatchTime: 254.030202
2017-12-19 11:56:15,027 : Train [6|1433600] lr: 0.010000 Loss: 0.3171 Acc: 0.9121 BatchTime: 263.322551
2017-12-19 11:56:24,201 : Train [6|1484800] lr: 0.010000 Loss: 0.3758 Acc: 0.9082 BatchTime: 272.496598
2017-12-19 11:56:33,405 : Train [6|1536000] lr: 0.010000 Loss: 0.3374 Acc: 0.9219 BatchTime: 281.699987
2017-12-19 11:56:42,636 : Train [6|1587200] lr: 0.010000 Loss: 0.2533 Acc: 0.9355 BatchTime: 290.931067
2017-12-19 11:56:51,831 : Train [6|1638400] lr: 0.010000 Loss: 0.4086 Acc: 0.8887 BatchTime: 300.126302
2017-12-19 11:57:01,094 : Train [6|1689600] lr: 0.010000 Loss: 0.3612 Acc: 0.9102 BatchTime: 309.389232
2017-12-19 11:57:10,317 : Train [6|1740800] lr: 0.010000 Loss: 0.2855 Acc: 0.9277 BatchTime: 318.612165
2017-12-19 11:57:19,562 : Train [6|1792000] lr: 0.010000 Loss: 0.3281 Acc: 0.9277 BatchTime: 327.857576
2017-12-19 11:57:28,917 : Train [6|1843200] lr: 0.010000 Loss: 0.3391 Acc: 0.9258 BatchTime: 337.212523
2017-12-19 11:57:38,137 : Train [6|1894400] lr: 0.010000 Loss: 0.3285 Acc: 0.9160 BatchTime: 346.432405
2017-12-19 11:57:47,503 : Train [6|1945600] lr: 0.010000 Loss: 0.3243 Acc: 0.9277 BatchTime: 355.798617
2017-12-19 11:57:56,724 : Train [6|1996800] lr: 0.010000 Loss: 0.3232 Acc: 0.9238 BatchTime: 365.019748
2017-12-19 11:58:05,981 : Train [6|2048000] lr: 0.010000 Loss: 0.4025 Acc: 0.9004 BatchTime: 374.276058
2017-12-19 11:58:15,209 : Train [6|2099200] lr: 0.010000 Loss: 0.3617 Acc: 0.9199 BatchTime: 383.503820
2017-12-19 11:58:24,505 : Train [6|2150400] lr: 0.010000 Loss: 0.4426 Acc: 0.8867 BatchTime: 392.800254
2017-12-19 11:58:33,869 : Train [6|2201600] lr: 0.010000 Loss: 0.3812 Acc: 0.8926 BatchTime: 402.164168
2017-12-19 11:58:43,222 : Train [6|2252800] lr: 0.010000 Loss: 0.3402 Acc: 0.9004 BatchTime: 411.517087
2017-12-19 11:58:52,496 : Train [6|2304000] lr: 0.010000 Loss: 0.3258 Acc: 0.9336 BatchTime: 420.790883
2017-12-19 11:59:01,795 : Train [6|2355200] lr: 0.010000 Loss: 0.3130 Acc: 0.9238 BatchTime: 430.089871
2017-12-19 11:59:11,047 : Train [6|2406400] lr: 0.010000 Loss: 0.2880 Acc: 0.9316 BatchTime: 439.341855
2017-12-19 11:59:44,476 : EvalTotal acc: 0.720739 loss: 1.471240
2017-12-19 11:59:44,477 : -----------------------------------------------------------------
2017-12-19 11:59:56,510 : Train [7|51200] lr: 0.010000 Loss: 0.2309 Acc: 0.9395 BatchTime: 12.029687
2017-12-19 12:00:05,677 : Train [7|102400] lr: 0.010000 Loss: 0.2437 Acc: 0.9473 BatchTime: 21.197103
2017-12-19 12:00:14,861 : Train [7|153600] lr: 0.010000 Loss: 0.3076 Acc: 0.9316 BatchTime: 30.380986
2017-12-19 12:00:23,933 : Train [7|204800] lr: 0.010000 Loss: 0.2486 Acc: 0.9355 BatchTime: 39.453434
2017-12-19 12:00:33,103 : Train [7|256000] lr: 0.010000 Loss: 0.2923 Acc: 0.9316 BatchTime: 48.623413
2017-12-19 12:00:42,356 : Train [7|307200] lr: 0.010000 Loss: 0.2697 Acc: 0.9355 BatchTime: 57.875710
2017-12-19 12:00:51,696 : Train [7|358400] lr: 0.010000 Loss: 0.2671 Acc: 0.9395 BatchTime: 67.216219
2017-12-19 12:01:00,967 : Train [7|409600] lr: 0.010000 Loss: 0.2686 Acc: 0.9375 BatchTime: 76.486884
2017-12-19 12:01:10,326 : Train [7|460800] lr: 0.010000 Loss: 0.2505 Acc: 0.9492 BatchTime: 85.845779
2017-12-19 12:01:19,483 : Train [7|512000] lr: 0.010000 Loss: 0.2790 Acc: 0.9375 BatchTime: 95.002947
2017-12-19 12:01:28,685 : Train [7|563200] lr: 0.010000 Loss: 0.2998 Acc: 0.9316 BatchTime: 104.204838
2017-12-19 12:01:37,881 : Train [7|614400] lr: 0.010000 Loss: 0.3256 Acc: 0.9316 BatchTime: 113.401266
2017-12-19 12:01:47,077 : Train [7|665600] lr: 0.010000 Loss: 0.2558 Acc: 0.9355 BatchTime: 122.597033
2017-12-19 12:01:56,257 : Train [7|716800] lr: 0.010000 Loss: 0.3092 Acc: 0.9297 BatchTime: 131.776939
2017-12-19 12:02:05,486 : Train [7|768000] lr: 0.010000 Loss: 0.2511 Acc: 0.9414 BatchTime: 141.006302
2017-12-19 12:02:14,862 : Train [7|819200] lr: 0.010000 Loss: 0.2252 Acc: 0.9434 BatchTime: 150.382674
2017-12-19 12:02:24,562 : Train [7|870400] lr: 0.010000 Loss: 0.2752 Acc: 0.9238 BatchTime: 160.081867
2017-12-19 12:02:33,849 : Train [7|921600] lr: 0.010000 Loss: 0.2257 Acc: 0.9492 BatchTime: 169.369032
2017-12-19 12:02:43,089 : Train [7|972800] lr: 0.010000 Loss: 0.2468 Acc: 0.9316 BatchTime: 178.609487
2017-12-19 12:02:52,433 : Train [7|1024000] lr: 0.010000 Loss: 0.2876 Acc: 0.9160 BatchTime: 187.953255
2017-12-19 12:03:01,614 : Train [7|1075200] lr: 0.010000 Loss: 0.3224 Acc: 0.9219 BatchTime: 197.133953
2017-12-19 12:03:10,815 : Train [7|1126400] lr: 0.010000 Loss: 0.2579 Acc: 0.9336 BatchTime: 206.335257
2017-12-19 12:03:20,021 : Train [7|1177600] lr: 0.010000 Loss: 0.3393 Acc: 0.9238 BatchTime: 215.541099
2017-12-19 12:03:29,207 : Train [7|1228800] lr: 0.010000 Loss: 0.2922 Acc: 0.9258 BatchTime: 224.727559
2017-12-19 12:03:38,545 : Train [7|1280000] lr: 0.010000 Loss: 0.2594 Acc: 0.9395 BatchTime: 234.065403
2017-12-19 12:03:47,726 : Train [7|1331200] lr: 0.010000 Loss: 0.2297 Acc: 0.9473 BatchTime: 243.246554
2017-12-19 12:03:56,978 : Train [7|1382400] lr: 0.010000 Loss: 0.2967 Acc: 0.9297 BatchTime: 252.498604
2017-12-19 12:04:06,179 : Train [7|1433600] lr: 0.010000 Loss: 0.2836 Acc: 0.9355 BatchTime: 261.698757
2017-12-19 12:04:15,386 : Train [7|1484800] lr: 0.010000 Loss: 0.2727 Acc: 0.9316 BatchTime: 270.906101
2017-12-19 12:04:24,622 : Train [7|1536000] lr: 0.010000 Loss: 0.3230 Acc: 0.9297 BatchTime: 280.142140
2017-12-19 12:04:33,805 : Train [7|1587200] lr: 0.010000 Loss: 0.2337 Acc: 0.9395 BatchTime: 289.324928
2017-12-19 12:04:43,070 : Train [7|1638400] lr: 0.010000 Loss: 0.2355 Acc: 0.9453 BatchTime: 298.590415
2017-12-19 12:04:52,274 : Train [7|1689600] lr: 0.010000 Loss: 0.3419 Acc: 0.9180 BatchTime: 307.793755
2017-12-19 12:05:01,599 : Train [7|1740800] lr: 0.010000 Loss: 0.2277 Acc: 0.9590 BatchTime: 317.119212
2017-12-19 12:05:10,770 : Train [7|1792000] lr: 0.010000 Loss: 0.2830 Acc: 0.9316 BatchTime: 326.290426
2017-12-19 12:05:19,928 : Train [7|1843200] lr: 0.010000 Loss: 0.2223 Acc: 0.9512 BatchTime: 335.448486
2017-12-19 12:05:29,239 : Train [7|1894400] lr: 0.010000 Loss: 0.2779 Acc: 0.9336 BatchTime: 344.759228
2017-12-19 12:05:38,466 : Train [7|1945600] lr: 0.010000 Loss: 0.2395 Acc: 0.9531 BatchTime: 353.985924
2017-12-19 12:05:47,613 : Train [7|1996800] lr: 0.010000 Loss: 0.2177 Acc: 0.9570 BatchTime: 363.133415
2017-12-19 12:05:56,874 : Train [7|2048000] lr: 0.010000 Loss: 0.2091 Acc: 0.9531 BatchTime: 372.393772
2017-12-19 12:06:06,043 : Train [7|2099200] lr: 0.010000 Loss: 0.2553 Acc: 0.9395 BatchTime: 381.563284
2017-12-19 12:06:15,309 : Train [7|2150400] lr: 0.010000 Loss: 0.2539 Acc: 0.9336 BatchTime: 390.828720
2017-12-19 12:06:24,452 : Train [7|2201600] lr: 0.010000 Loss: 0.2425 Acc: 0.9434 BatchTime: 399.972467
2017-12-19 12:06:33,728 : Train [7|2252800] lr: 0.010000 Loss: 0.2492 Acc: 0.9473 BatchTime: 409.248345
2017-12-19 12:06:42,909 : Train [7|2304000] lr: 0.010000 Loss: 0.2432 Acc: 0.9434 BatchTime: 418.428803
2017-12-19 12:06:52,219 : Train [7|2355200] lr: 0.010000 Loss: 0.2493 Acc: 0.9414 BatchTime: 427.738949
2017-12-19 12:07:01,424 : Train [7|2406400] lr: 0.010000 Loss: 0.1842 Acc: 0.9648 BatchTime: 436.944196
2017-12-19 12:07:34,258 : EvalTotal acc: 0.726701 loss: 1.495829
2017-12-19 12:07:34,259 : -----------------------------------------------------------------
2017-12-19 12:07:46,338 : Train [8|51200] lr: 0.010000 Loss: 0.1977 Acc: 0.9531 BatchTime: 12.077729
2017-12-19 12:07:55,578 : Train [8|102400] lr: 0.010000 Loss: 0.2346 Acc: 0.9473 BatchTime: 21.317930
2017-12-19 12:08:04,884 : Train [8|153600] lr: 0.010000 Loss: 0.2301 Acc: 0.9453 BatchTime: 30.624518
2017-12-19 12:08:14,181 : Train [8|204800] lr: 0.010000 Loss: 0.1852 Acc: 0.9531 BatchTime: 39.921261
2017-12-19 12:08:23,448 : Train [8|256000] lr: 0.010000 Loss: 0.1525 Acc: 0.9551 BatchTime: 49.188117
2017-12-19 12:08:32,710 : Train [8|307200] lr: 0.010000 Loss: 0.2374 Acc: 0.9531 BatchTime: 58.449655
2017-12-19 12:08:41,905 : Train [8|358400] lr: 0.010000 Loss: 0.2240 Acc: 0.9473 BatchTime: 67.644850
2017-12-19 12:08:51,159 : Train [8|409600] lr: 0.010000 Loss: 0.1647 Acc: 0.9609 BatchTime: 76.898730
2017-12-19 12:09:00,547 : Train [8|460800] lr: 0.010000 Loss: 0.1718 Acc: 0.9551 BatchTime: 86.287028
2017-12-19 12:09:09,794 : Train [8|512000] lr: 0.010000 Loss: 0.1698 Acc: 0.9648 BatchTime: 95.533815
2017-12-19 12:09:18,988 : Train [8|563200] lr: 0.010000 Loss: 0.1558 Acc: 0.9688 BatchTime: 104.728483
2017-12-19 12:09:28,272 : Train [8|614400] lr: 0.010000 Loss: 0.1959 Acc: 0.9570 BatchTime: 114.012377
2017-12-19 12:09:37,493 : Train [8|665600] lr: 0.010000 Loss: 0.1630 Acc: 0.9609 BatchTime: 123.233098
2017-12-19 12:09:46,672 : Train [8|716800] lr: 0.010000 Loss: 0.2353 Acc: 0.9316 BatchTime: 132.412226
2017-12-19 12:09:55,861 : Train [8|768000] lr: 0.010000 Loss: 0.1783 Acc: 0.9531 BatchTime: 141.601098
2017-12-19 12:10:05,013 : Train [8|819200] lr: 0.010000 Loss: 0.1746 Acc: 0.9609 BatchTime: 150.752971
2017-12-19 12:10:14,229 : Train [8|870400] lr: 0.010000 Loss: 0.1660 Acc: 0.9609 BatchTime: 159.969547
2017-12-19 12:10:23,587 : Train [8|921600] lr: 0.010000 Loss: 0.2374 Acc: 0.9512 BatchTime: 169.327444
2017-12-19 12:10:32,750 : Train [8|972800] lr: 0.010000 Loss: 0.1581 Acc: 0.9746 BatchTime: 178.490526
2017-12-19 12:10:41,941 : Train [8|1024000] lr: 0.010000 Loss: 0.1426 Acc: 0.9707 BatchTime: 187.680797
2017-12-19 12:10:51,206 : Train [8|1075200] lr: 0.010000 Loss: 0.1666 Acc: 0.9648 BatchTime: 196.946130
2017-12-19 12:11:00,443 : Train [8|1126400] lr: 0.010000 Loss: 0.1768 Acc: 0.9629 BatchTime: 206.183037
2017-12-19 12:11:09,678 : Train [8|1177600] lr: 0.010000 Loss: 0.1730 Acc: 0.9648 BatchTime: 215.418411
2017-12-19 12:11:18,864 : Train [8|1228800] lr: 0.010000 Loss: 0.1766 Acc: 0.9551 BatchTime: 224.603981
2017-12-19 12:11:28,101 : Train [8|1280000] lr: 0.010000 Loss: 0.1960 Acc: 0.9473 BatchTime: 233.841357
2017-12-19 12:11:37,346 : Train [8|1331200] lr: 0.010000 Loss: 0.1243 Acc: 0.9707 BatchTime: 243.086124
2017-12-19 12:11:46,556 : Train [8|1382400] lr: 0.010000 Loss: 0.1511 Acc: 0.9688 BatchTime: 252.295710
2017-12-19 12:11:55,721 : Train [8|1433600] lr: 0.010000 Loss: 0.2251 Acc: 0.9453 BatchTime: 261.460735
2017-12-19 12:12:04,939 : Train [8|1484800] lr: 0.010000 Loss: 0.1776 Acc: 0.9590 BatchTime: 270.679272
2017-12-19 12:12:14,094 : Train [8|1536000] lr: 0.010000 Loss: 0.1562 Acc: 0.9551 BatchTime: 279.833727
2017-12-19 12:12:23,269 : Train [8|1587200] lr: 0.010000 Loss: 0.1736 Acc: 0.9551 BatchTime: 289.009741
2017-12-19 12:12:32,431 : Train [8|1638400] lr: 0.010000 Loss: 0.2130 Acc: 0.9492 BatchTime: 298.170712
2017-12-19 12:12:41,622 : Train [8|1689600] lr: 0.010000 Loss: 0.2189 Acc: 0.9434 BatchTime: 307.362434
2017-12-19 12:12:50,835 : Train [8|1740800] lr: 0.010000 Loss: 0.2176 Acc: 0.9492 BatchTime: 316.574864
2017-12-19 12:12:59,983 : Train [8|1792000] lr: 0.010000 Loss: 0.1271 Acc: 0.9746 BatchTime: 325.723632
2017-12-19 12:13:09,179 : Train [8|1843200] lr: 0.010000 Loss: 0.1970 Acc: 0.9434 BatchTime: 334.918864
2017-12-19 12:13:18,387 : Train [8|1894400] lr: 0.010000 Loss: 0.2042 Acc: 0.9512 BatchTime: 344.127364
2017-12-19 12:13:27,576 : Train [8|1945600] lr: 0.010000 Loss: 0.1978 Acc: 0.9512 BatchTime: 353.316425
2017-12-19 12:13:36,751 : Train [8|1996800] lr: 0.010000 Loss: 0.1642 Acc: 0.9551 BatchTime: 362.491053
2017-12-19 12:13:46,375 : Train [8|2048000] lr: 0.010000 Loss: 0.2229 Acc: 0.9551 BatchTime: 372.115295
2017-12-19 12:13:55,516 : Train [8|2099200] lr: 0.010000 Loss: 0.1858 Acc: 0.9609 BatchTime: 381.256009
2017-12-19 12:14:04,665 : Train [8|2150400] lr: 0.010000 Loss: 0.1446 Acc: 0.9668 BatchTime: 390.405583
2017-12-19 12:14:13,954 : Train [8|2201600] lr: 0.010000 Loss: 0.1733 Acc: 0.9512 BatchTime: 399.694291
2017-12-19 12:14:23,316 : Train [8|2252800] lr: 0.010000 Loss: 0.1497 Acc: 0.9629 BatchTime: 409.056154
2017-12-19 12:14:32,572 : Train [8|2304000] lr: 0.010000 Loss: 0.2091 Acc: 0.9531 BatchTime: 418.312423
2017-12-19 12:14:41,776 : Train [8|2355200] lr: 0.010000 Loss: 0.1815 Acc: 0.9531 BatchTime: 427.515792
2017-12-19 12:14:51,102 : Train [8|2406400] lr: 0.010000 Loss: 0.2277 Acc: 0.9512 BatchTime: 436.842195
2017-12-19 12:15:23,728 : EvalTotal acc: 0.732224 loss: 1.507778
2017-12-19 12:15:23,729 : -----------------------------------------------------------------
2017-12-19 12:15:35,976 : Train [9|51200] lr: 0.010000 Loss: 0.1398 Acc: 0.9746 BatchTime: 12.246149
2017-12-19 12:15:45,188 : Train [9|102400] lr: 0.010000 Loss: 0.1678 Acc: 0.9629 BatchTime: 21.458839
2017-12-19 12:15:54,573 : Train [9|153600] lr: 0.010000 Loss: 0.1316 Acc: 0.9648 BatchTime: 30.843853
2017-12-19 12:16:03,958 : Train [9|204800] lr: 0.010000 Loss: 0.1252 Acc: 0.9727 BatchTime: 40.228756
2017-12-19 12:16:13,369 : Train [9|256000] lr: 0.010000 Loss: 0.1628 Acc: 0.9551 BatchTime: 49.638935
2017-12-19 12:16:22,632 : Train [9|307200] lr: 0.010000 Loss: 0.1276 Acc: 0.9766 BatchTime: 58.902919
2017-12-19 12:16:31,851 : Train [9|358400] lr: 0.010000 Loss: 0.1603 Acc: 0.9648 BatchTime: 68.121198
2017-12-19 12:16:41,087 : Train [9|409600] lr: 0.010000 Loss: 0.1490 Acc: 0.9668 BatchTime: 77.357115
2017-12-19 12:16:50,315 : Train [9|460800] lr: 0.010000 Loss: 0.1066 Acc: 0.9746 BatchTime: 86.585302
2017-12-19 12:16:59,580 : Train [9|512000] lr: 0.010000 Loss: 0.1251 Acc: 0.9805 BatchTime: 95.850493
2017-12-19 12:17:08,746 : Train [9|563200] lr: 0.010000 Loss: 0.1212 Acc: 0.9805 BatchTime: 105.016598
2017-12-19 12:17:17,988 : Train [9|614400] lr: 0.010000 Loss: 0.1196 Acc: 0.9766 BatchTime: 114.258571
2017-12-19 12:17:27,403 : Train [9|665600] lr: 0.010000 Loss: 0.1414 Acc: 0.9688 BatchTime: 123.673917
2017-12-19 12:17:36,597 : Train [9|716800] lr: 0.010000 Loss: 0.1245 Acc: 0.9707 BatchTime: 132.867875
2017-12-19 12:17:45,844 : Train [9|768000] lr: 0.010000 Loss: 0.1545 Acc: 0.9629 BatchTime: 142.114578
2017-12-19 12:17:55,017 : Train [9|819200] lr: 0.010000 Loss: 0.1404 Acc: 0.9688 BatchTime: 151.287051
2017-12-19 12:18:04,184 : Train [9|870400] lr: 0.010000 Loss: 0.1362 Acc: 0.9727 BatchTime: 160.454543
2017-12-19 12:18:13,342 : Train [9|921600] lr: 0.010000 Loss: 0.1695 Acc: 0.9590 BatchTime: 169.612243
2017-12-19 12:18:22,564 : Train [9|972800] lr: 0.010000 Loss: 0.1468 Acc: 0.9668 BatchTime: 178.834605
2017-12-19 12:18:32,104 : Train [9|1024000] lr: 0.010000 Loss: 0.1136 Acc: 0.9785 BatchTime: 188.374035
2017-12-19 12:18:41,369 : Train [9|1075200] lr: 0.010000 Loss: 0.1201 Acc: 0.9707 BatchTime: 197.639798
2017-12-19 12:18:50,616 : Train [9|1126400] lr: 0.010000 Loss: 0.1346 Acc: 0.9727 BatchTime: 206.886262
2017-12-19 12:18:59,994 : Train [9|1177600] lr: 0.010000 Loss: 0.1116 Acc: 0.9766 BatchTime: 216.264835
2017-12-19 12:19:09,378 : Train [9|1228800] lr: 0.010000 Loss: 0.1729 Acc: 0.9609 BatchTime: 225.648958
2017-12-19 12:19:18,590 : Train [9|1280000] lr: 0.010000 Loss: 0.1238 Acc: 0.9746 BatchTime: 234.860894
2017-12-19 12:19:27,805 : Train [9|1331200] lr: 0.010000 Loss: 0.1313 Acc: 0.9668 BatchTime: 244.075136
2017-12-19 12:19:36,983 : Train [9|1382400] lr: 0.010000 Loss: 0.1443 Acc: 0.9727 BatchTime: 253.253197
2017-12-19 12:19:46,143 : Train [9|1433600] lr: 0.010000 Loss: 0.1083 Acc: 0.9766 BatchTime: 262.413987
2017-12-19 12:19:55,375 : Train [9|1484800] lr: 0.010000 Loss: 0.1238 Acc: 0.9727 BatchTime: 271.645123
2017-12-19 12:20:04,520 : Train [9|1536000] lr: 0.010000 Loss: 0.1528 Acc: 0.9570 BatchTime: 280.790237
2017-12-19 12:20:13,728 : Train [9|1587200] lr: 0.010000 Loss: 0.1000 Acc: 0.9863 BatchTime: 289.998529
2017-12-19 12:20:22,932 : Train [9|1638400] lr: 0.010000 Loss: 0.1525 Acc: 0.9648 BatchTime: 299.202441
2017-12-19 12:20:32,151 : Train [9|1689600] lr: 0.010000 Loss: 0.1372 Acc: 0.9688 BatchTime: 308.421394
2017-12-19 12:20:41,407 : Train [9|1740800] lr: 0.010000 Loss: 0.2221 Acc: 0.9355 BatchTime: 317.677010
2017-12-19 12:20:50,607 : Train [9|1792000] lr: 0.010000 Loss: 0.1559 Acc: 0.9629 BatchTime: 326.877617
2017-12-19 12:21:00,141 : Train [9|1843200] lr: 0.010000 Loss: 0.1665 Acc: 0.9648 BatchTime: 336.411507
2017-12-19 12:21:09,837 : Train [9|1894400] lr: 0.010000 Loss: 0.1279 Acc: 0.9688 BatchTime: 346.107024
2017-12-19 12:21:19,077 : Train [9|1945600] lr: 0.010000 Loss: 0.1397 Acc: 0.9688 BatchTime: 355.347816
2017-12-19 12:21:28,284 : Train [9|1996800] lr: 0.010000 Loss: 0.1000 Acc: 0.9766 BatchTime: 364.554931
2017-12-19 12:21:37,491 : Train [9|2048000] lr: 0.010000 Loss: 0.1391 Acc: 0.9707 BatchTime: 373.761286
2017-12-19 12:21:46,639 : Train [9|2099200] lr: 0.010000 Loss: 0.1671 Acc: 0.9551 BatchTime: 382.909211
2017-12-19 12:21:55,826 : Train [9|2150400] lr: 0.010000 Loss: 0.1280 Acc: 0.9688 BatchTime: 392.096340
2017-12-19 12:22:05,062 : Train [9|2201600] lr: 0.010000 Loss: 0.1545 Acc: 0.9648 BatchTime: 401.332853
2017-12-19 12:22:14,230 : Train [9|2252800] lr: 0.010000 Loss: 0.1136 Acc: 0.9824 BatchTime: 410.500967
2017-12-19 12:22:23,496 : Train [9|2304000] lr: 0.010000 Loss: 0.1100 Acc: 0.9785 BatchTime: 419.766840
2017-12-19 12:22:32,880 : Train [9|2355200] lr: 0.010000 Loss: 0.1339 Acc: 0.9727 BatchTime: 429.150852
2017-12-19 12:22:42,060 : Train [9|2406400] lr: 0.010000 Loss: 0.1553 Acc: 0.9609 BatchTime: 438.330269
2017-12-19 12:23:14,469 : EvalTotal acc: 0.735763 loss: 1.531358
2017-12-19 12:23:14,471 : -----------------------------------------------------------------
2017-12-19 12:23:26,227 : Train [10|51200] lr: 0.010000 Loss: 0.0768 Acc: 0.9863 BatchTime: 11.755395
2017-12-19 12:23:35,456 : Train [10|102400] lr: 0.010000 Loss: 0.0930 Acc: 0.9824 BatchTime: 20.985090
2017-12-19 12:23:44,654 : Train [10|153600] lr: 0.010000 Loss: 0.0805 Acc: 0.9883 BatchTime: 30.182972
2017-12-19 12:23:53,836 : Train [10|204800] lr: 0.010000 Loss: 0.1220 Acc: 0.9766 BatchTime: 39.364682
2017-12-19 12:24:03,050 : Train [10|256000] lr: 0.010000 Loss: 0.0889 Acc: 0.9863 BatchTime: 48.578359
2017-12-19 12:24:12,403 : Train [10|307200] lr: 0.010000 Loss: 0.1247 Acc: 0.9766 BatchTime: 57.931675
2017-12-19 12:24:21,701 : Train [10|358400] lr: 0.010000 Loss: 0.0945 Acc: 0.9805 BatchTime: 67.229782
2017-12-19 12:24:30,867 : Train [10|409600] lr: 0.010000 Loss: 0.1444 Acc: 0.9668 BatchTime: 76.395793
2017-12-19 12:24:40,088 : Train [10|460800] lr: 0.010000 Loss: 0.0909 Acc: 0.9824 BatchTime: 85.616320
2017-12-19 12:24:49,472 : Train [10|512000] lr: 0.010000 Loss: 0.0617 Acc: 0.9941 BatchTime: 95.000972
2017-12-19 12:24:58,864 : Train [10|563200] lr: 0.010000 Loss: 0.0637 Acc: 0.9902 BatchTime: 104.392565
2017-12-19 12:25:08,110 : Train [10|614400] lr: 0.010000 Loss: 0.0817 Acc: 0.9844 BatchTime: 113.638876
2017-12-19 12:25:17,274 : Train [10|665600] lr: 0.010000 Loss: 0.0861 Acc: 0.9766 BatchTime: 122.803030
2017-12-19 12:25:26,727 : Train [10|716800] lr: 0.010000 Loss: 0.0869 Acc: 0.9824 BatchTime: 132.255465
2017-12-19 12:25:35,932 : Train [10|768000] lr: 0.010000 Loss: 0.1066 Acc: 0.9707 BatchTime: 141.460754
2017-12-19 12:25:45,155 : Train [10|819200] lr: 0.010000 Loss: 0.0906 Acc: 0.9785 BatchTime: 150.683861
2017-12-19 12:25:54,427 : Train [10|870400] lr: 0.010000 Loss: 0.0853 Acc: 0.9805 BatchTime: 159.955502
2017-12-19 12:26:03,591 : Train [10|921600] lr: 0.010000 Loss: 0.0775 Acc: 0.9805 BatchTime: 169.120190
2017-12-19 12:26:12,797 : Train [10|972800] lr: 0.010000 Loss: 0.0974 Acc: 0.9766 BatchTime: 178.325447
2017-12-19 12:26:22,069 : Train [10|1024000] lr: 0.010000 Loss: 0.0858 Acc: 0.9824 BatchTime: 187.598109
2017-12-19 12:26:31,290 : Train [10|1075200] lr: 0.010000 Loss: 0.1307 Acc: 0.9629 BatchTime: 196.818383
2017-12-19 12:26:40,451 : Train [10|1126400] lr: 0.010000 Loss: 0.0814 Acc: 0.9805 BatchTime: 205.979687
2017-12-19 12:26:49,742 : Train [10|1177600] lr: 0.010000 Loss: 0.1217 Acc: 0.9785 BatchTime: 215.270720
2017-12-19 12:26:58,884 : Train [10|1228800] lr: 0.010000 Loss: 0.0726 Acc: 0.9863 BatchTime: 224.412559
2017-12-19 12:27:08,396 : Train [10|1280000] lr: 0.010000 Loss: 0.0763 Acc: 0.9805 BatchTime: 233.924606
2017-12-19 12:27:17,611 : Train [10|1331200] lr: 0.010000 Loss: 0.0930 Acc: 0.9883 BatchTime: 243.139735
2017-12-19 12:27:26,881 : Train [10|1382400] lr: 0.010000 Loss: 0.0860 Acc: 0.9863 BatchTime: 252.409238
2017-12-19 12:27:36,192 : Train [10|1433600] lr: 0.010000 Loss: 0.1024 Acc: 0.9766 BatchTime: 261.720863
2017-12-19 12:27:45,379 : Train [10|1484800] lr: 0.010000 Loss: 0.1011 Acc: 0.9805 BatchTime: 270.907645
2017-12-19 12:27:54,617 : Train [10|1536000] lr: 0.010000 Loss: 0.0658 Acc: 0.9883 BatchTime: 280.145687
2017-12-19 12:28:03,834 : Train [10|1587200] lr: 0.010000 Loss: 0.0761 Acc: 0.9863 BatchTime: 289.362705
2017-12-19 12:28:13,089 : Train [10|1638400] lr: 0.010000 Loss: 0.1002 Acc: 0.9785 BatchTime: 298.617682
2017-12-19 12:28:22,388 : Train [10|1689600] lr: 0.010000 Loss: 0.0708 Acc: 0.9902 BatchTime: 307.916703
2017-12-19 12:28:31,565 : Train [10|1740800] lr: 0.010000 Loss: 0.0721 Acc: 0.9863 BatchTime: 317.093892
2017-12-19 12:28:40,754 : Train [10|1792000] lr: 0.010000 Loss: 0.1198 Acc: 0.9648 BatchTime: 326.283167
2017-12-19 12:28:50,031 : Train [10|1843200] lr: 0.010000 Loss: 0.0724 Acc: 0.9844 BatchTime: 335.559812
2017-12-19 12:28:59,244 : Train [10|1894400] lr: 0.010000 Loss: 0.1187 Acc: 0.9688 BatchTime: 344.773248
2017-12-19 12:29:08,553 : Train [10|1945600] lr: 0.010000 Loss: 0.0952 Acc: 0.9727 BatchTime: 354.082055
2017-12-19 12:29:17,775 : Train [10|1996800] lr: 0.010000 Loss: 0.0983 Acc: 0.9785 BatchTime: 363.303653
2017-12-19 12:29:26,987 : Train [10|2048000] lr: 0.010000 Loss: 0.0860 Acc: 0.9863 BatchTime: 372.515287
2017-12-19 12:29:36,151 : Train [10|2099200] lr: 0.010000 Loss: 0.1704 Acc: 0.9590 BatchTime: 381.679664
2017-12-19 12:29:45,342 : Train [10|2150400] lr: 0.010000 Loss: 0.1595 Acc: 0.9629 BatchTime: 390.870417
2017-12-19 12:29:54,451 : Train [10|2201600] lr: 0.010000 Loss: 0.0841 Acc: 0.9805 BatchTime: 399.979742
2017-12-19 12:30:03,662 : Train [10|2252800] lr: 0.010000 Loss: 0.0891 Acc: 0.9746 BatchTime: 409.190521
2017-12-19 12:30:12,802 : Train [10|2304000] lr: 0.010000 Loss: 0.0778 Acc: 0.9805 BatchTime: 418.330745
2017-12-19 12:30:21,989 : Train [10|2355200] lr: 0.010000 Loss: 0.1309 Acc: 0.9668 BatchTime: 427.518122
2017-12-19 12:30:31,225 : Train [10|2406400] lr: 0.010000 Loss: 0.1104 Acc: 0.9727 BatchTime: 436.753909
2017-12-19 12:31:03,310 : EvalTotal acc: 0.738802 loss: 1.558503
2017-12-19 12:31:03,312 : -----------------------------------------------------------------
2017-12-19 12:31:15,420 : Train [11|51200] lr: 0.010000 Loss: 0.0751 Acc: 0.9824 BatchTime: 12.107498
2017-12-19 12:31:24,624 : Train [11|102400] lr: 0.010000 Loss: 0.0628 Acc: 0.9902 BatchTime: 21.310117
2017-12-19 12:31:33,844 : Train [11|153600] lr: 0.010000 Loss: 0.0482 Acc: 0.9941 BatchTime: 30.531773
2017-12-19 12:31:43,019 : Train [11|204800] lr: 0.010000 Loss: 0.0560 Acc: 0.9883 BatchTime: 39.706463
2017-12-19 12:31:52,190 : Train [11|256000] lr: 0.010000 Loss: 0.0511 Acc: 0.9902 BatchTime: 48.877106
2017-12-19 12:32:01,359 : Train [11|307200] lr: 0.010000 Loss: 0.0652 Acc: 0.9902 BatchTime: 58.046241
2017-12-19 12:32:10,576 : Train [11|358400] lr: 0.010000 Loss: 0.0498 Acc: 0.9941 BatchTime: 67.263218
2017-12-19 12:32:19,980 : Train [11|409600] lr: 0.010000 Loss: 0.0796 Acc: 0.9824 BatchTime: 76.667540
2017-12-19 12:32:29,228 : Train [11|460800] lr: 0.010000 Loss: 0.0606 Acc: 0.9941 BatchTime: 85.915235
2017-12-19 12:32:38,577 : Train [11|512000] lr: 0.010000 Loss: 0.0646 Acc: 0.9844 BatchTime: 95.264296
2017-12-19 12:32:47,809 : Train [11|563200] lr: 0.010000 Loss: 0.0421 Acc: 0.9961 BatchTime: 104.496450
2017-12-19 12:32:57,225 : Train [11|614400] lr: 0.010000 Loss: 0.0709 Acc: 0.9883 BatchTime: 113.912063
2017-12-19 12:33:06,556 : Train [11|665600] lr: 0.010000 Loss: 0.0670 Acc: 0.9863 BatchTime: 123.243292
2017-12-19 12:33:15,777 : Train [11|716800] lr: 0.010000 Loss: 0.0454 Acc: 0.9922 BatchTime: 132.464817
2017-12-19 12:33:25,070 : Train [11|768000] lr: 0.010000 Loss: 0.0636 Acc: 0.9902 BatchTime: 141.757707
2017-12-19 12:33:34,381 : Train [11|819200] lr: 0.010000 Loss: 0.0753 Acc: 0.9844 BatchTime: 151.068418
2017-12-19 12:33:43,608 : Train [11|870400] lr: 0.010000 Loss: 0.0932 Acc: 0.9766 BatchTime: 160.295677
2017-12-19 12:33:52,856 : Train [11|921600] lr: 0.010000 Loss: 0.0655 Acc: 0.9922 BatchTime: 169.543849
2017-12-19 12:34:02,203 : Train [11|972800] lr: 0.010000 Loss: 0.0852 Acc: 0.9785 BatchTime: 178.890151
2017-12-19 12:34:11,773 : Train [11|1024000] lr: 0.010000 Loss: 0.0459 Acc: 0.9922 BatchTime: 188.460700
2017-12-19 12:34:21,268 : Train [11|1075200] lr: 0.010000 Loss: 0.0745 Acc: 0.9824 BatchTime: 197.955164
2017-12-19 12:34:30,588 : Train [11|1126400] lr: 0.010000 Loss: 0.0407 Acc: 0.9980 BatchTime: 207.275660
2017-12-19 12:34:39,950 : Train [11|1177600] lr: 0.010000 Loss: 0.0670 Acc: 0.9902 BatchTime: 216.637431
2017-12-19 12:34:49,205 : Train [11|1228800] lr: 0.010000 Loss: 0.0677 Acc: 0.9883 BatchTime: 225.892359
2017-12-19 12:34:58,373 : Train [11|1280000] lr: 0.010000 Loss: 0.0771 Acc: 0.9844 BatchTime: 235.060697
2017-12-19 12:35:07,672 : Train [11|1331200] lr: 0.010000 Loss: 0.0743 Acc: 0.9902 BatchTime: 244.359333
2017-12-19 12:35:16,891 : Train [11|1382400] lr: 0.010000 Loss: 0.0607 Acc: 0.9902 BatchTime: 253.578056
2017-12-19 12:35:26,425 : Train [11|1433600] lr: 0.010000 Loss: 0.0732 Acc: 0.9863 BatchTime: 263.112476
2017-12-19 12:35:35,740 : Train [11|1484800] lr: 0.010000 Loss: 0.0787 Acc: 0.9805 BatchTime: 272.427223
2017-12-19 12:35:44,892 : Train [11|1536000] lr: 0.010000 Loss: 0.0563 Acc: 0.9883 BatchTime: 281.579836
2017-12-19 12:35:54,076 : Train [11|1587200] lr: 0.010000 Loss: 0.0434 Acc: 0.9980 BatchTime: 290.763806
2017-12-19 12:36:03,281 : Train [11|1638400] lr: 0.010000 Loss: 0.0587 Acc: 0.9883 BatchTime: 299.968562
2017-12-19 12:36:12,456 : Train [11|1689600] lr: 0.010000 Loss: 0.0586 Acc: 0.9902 BatchTime: 309.143952
2017-12-19 12:36:21,614 : Train [11|1740800] lr: 0.010000 Loss: 0.0756 Acc: 0.9824 BatchTime: 318.301358
2017-12-19 12:36:30,797 : Train [11|1792000] lr: 0.010000 Loss: 0.0528 Acc: 0.9922 BatchTime: 327.483967
2017-12-19 12:36:39,981 : Train [11|1843200] lr: 0.010000 Loss: 0.0545 Acc: 0.9941 BatchTime: 336.668392
2017-12-19 12:36:49,168 : Train [11|1894400] lr: 0.010000 Loss: 0.0455 Acc: 0.9922 BatchTime: 345.855780
2017-12-19 12:36:58,375 : Train [11|1945600] lr: 0.010000 Loss: 0.0654 Acc: 0.9902 BatchTime: 355.062300
2017-12-19 12:37:07,836 : Train [11|1996800] lr: 0.010000 Loss: 0.0750 Acc: 0.9883 BatchTime: 364.522934
2017-12-19 12:37:17,054 : Train [11|2048000] lr: 0.010000 Loss: 0.0646 Acc: 0.9863 BatchTime: 373.741104
2017-12-19 12:37:26,235 : Train [11|2099200] lr: 0.010000 Loss: 0.0625 Acc: 0.9863 BatchTime: 382.922281
2017-12-19 12:37:35,439 : Train [11|2150400] lr: 0.010000 Loss: 0.0685 Acc: 0.9805 BatchTime: 392.126935
2017-12-19 12:37:44,618 : Train [11|2201600] lr: 0.010000 Loss: 0.0551 Acc: 0.9902 BatchTime: 401.305156
2017-12-19 12:37:53,824 : Train [11|2252800] lr: 0.010000 Loss: 0.0835 Acc: 0.9746 BatchTime: 410.511825
2017-12-19 12:38:02,984 : Train [11|2304000] lr: 0.010000 Loss: 0.0766 Acc: 0.9824 BatchTime: 419.671036
2017-12-19 12:38:12,333 : Train [11|2355200] lr: 0.010000 Loss: 0.1022 Acc: 0.9746 BatchTime: 429.020134
2017-12-19 12:38:21,544 : Train [11|2406400] lr: 0.010000 Loss: 0.0834 Acc: 0.9805 BatchTime: 438.231089
2017-12-19 12:38:54,589 : EvalTotal acc: 0.745871 loss: 1.559942
2017-12-19 12:38:54,590 : -----------------------------------------------------------------
2017-12-19 12:39:07,176 : Train [12|51200] lr: 0.010000 Loss: 0.0701 Acc: 0.9824 BatchTime: 12.585621
2017-12-19 12:39:16,427 : Train [12|102400] lr: 0.010000 Loss: 0.0421 Acc: 0.9922 BatchTime: 21.836721
2017-12-19 12:39:25,964 : Train [12|153600] lr: 0.010000 Loss: 0.0384 Acc: 0.9941 BatchTime: 31.373709
2017-12-19 12:39:35,226 : Train [12|204800] lr: 0.010000 Loss: 0.0516 Acc: 0.9902 BatchTime: 40.635728
2017-12-19 12:39:44,481 : Train [12|256000] lr: 0.010000 Loss: 0.0529 Acc: 0.9902 BatchTime: 49.891019
2017-12-19 12:39:53,776 : Train [12|307200] lr: 0.010000 Loss: 0.0386 Acc: 0.9980 BatchTime: 59.185963
2017-12-19 12:40:03,025 : Train [12|358400] lr: 0.010000 Loss: 0.0535 Acc: 0.9922 BatchTime: 68.434145
2017-12-19 12:40:12,269 : Train [12|409600] lr: 0.010000 Loss: 0.0420 Acc: 0.9980 BatchTime: 77.678267
2017-12-19 12:40:21,486 : Train [12|460800] lr: 0.010000 Loss: 0.0391 Acc: 0.9922 BatchTime: 86.895226
2017-12-19 12:40:30,910 : Train [12|512000] lr: 0.010000 Loss: 0.0709 Acc: 0.9824 BatchTime: 96.319583
2017-12-19 12:40:40,046 : Train [12|563200] lr: 0.010000 Loss: 0.0291 Acc: 0.9980 BatchTime: 105.455738
2017-12-19 12:40:49,604 : Train [12|614400] lr: 0.010000 Loss: 0.0418 Acc: 0.9961 BatchTime: 115.013513
2017-12-19 12:40:59,173 : Train [12|665600] lr: 0.010000 Loss: 0.0353 Acc: 0.9941 BatchTime: 124.582880
2017-12-19 12:41:08,486 : Train [12|716800] lr: 0.010000 Loss: 0.0371 Acc: 0.9922 BatchTime: 133.895143
2017-12-19 12:41:17,709 : Train [12|768000] lr: 0.010000 Loss: 0.0524 Acc: 0.9941 BatchTime: 143.118723
2017-12-19 12:41:27,180 : Train [12|819200] lr: 0.010000 Loss: 0.0478 Acc: 0.9883 BatchTime: 152.589172
2017-12-19 12:41:36,439 : Train [12|870400] lr: 0.010000 Loss: 0.0390 Acc: 0.9941 BatchTime: 161.849128
2017-12-19 12:41:45,761 : Train [12|921600] lr: 0.010000 Loss: 0.0534 Acc: 0.9883 BatchTime: 171.170552
2017-12-19 12:41:55,226 : Train [12|972800] lr: 0.010000 Loss: 0.0428 Acc: 0.9961 BatchTime: 180.635612
2017-12-19 12:42:04,470 : Train [12|1024000] lr: 0.010000 Loss: 0.0525 Acc: 0.9922 BatchTime: 189.879206
2017-12-19 12:42:14,442 : Train [12|1075200] lr: 0.010000 Loss: 0.0479 Acc: 0.9902 BatchTime: 199.850939
2017-12-19 12:42:23,664 : Train [12|1126400] lr: 0.010000 Loss: 0.0435 Acc: 0.9961 BatchTime: 209.073267
2017-12-19 12:42:32,901 : Train [12|1177600] lr: 0.010000 Loss: 0.0355 Acc: 0.9922 BatchTime: 218.310986
2017-12-19 12:42:42,152 : Train [12|1228800] lr: 0.010000 Loss: 0.0440 Acc: 0.9922 BatchTime: 227.561634
2017-12-19 12:42:51,329 : Train [12|1280000] lr: 0.010000 Loss: 0.0485 Acc: 0.9961 BatchTime: 236.738155
2017-12-19 12:43:00,526 : Train [12|1331200] lr: 0.010000 Loss: 0.0485 Acc: 0.9902 BatchTime: 245.935529
2017-12-19 12:43:09,714 : Train [12|1382400] lr: 0.010000 Loss: 0.0452 Acc: 0.9961 BatchTime: 255.123832
2017-12-19 12:43:18,858 : Train [12|1433600] lr: 0.010000 Loss: 0.0399 Acc: 0.9961 BatchTime: 264.267232
2017-12-19 12:43:28,119 : Train [12|1484800] lr: 0.010000 Loss: 0.0442 Acc: 0.9883 BatchTime: 273.528039
2017-12-19 12:43:37,291 : Train [12|1536000] lr: 0.010000 Loss: 0.0469 Acc: 0.9922 BatchTime: 282.700569
2017-12-19 12:43:46,481 : Train [12|1587200] lr: 0.010000 Loss: 0.0444 Acc: 0.9941 BatchTime: 291.890872
2017-12-19 12:43:55,787 : Train [12|1638400] lr: 0.010000 Loss: 0.0418 Acc: 0.9941 BatchTime: 301.196975
2017-12-19 12:44:05,031 : Train [12|1689600] lr: 0.010000 Loss: 0.0474 Acc: 0.9941 BatchTime: 310.440049
2017-12-19 12:44:14,177 : Train [12|1740800] lr: 0.010000 Loss: 0.0413 Acc: 0.9961 BatchTime: 319.586580
2017-12-19 12:44:23,372 : Train [12|1792000] lr: 0.010000 Loss: 0.0438 Acc: 0.9961 BatchTime: 328.781525
2017-12-19 12:44:32,567 : Train [12|1843200] lr: 0.010000 Loss: 0.0632 Acc: 0.9863 BatchTime: 337.976685
2017-12-19 12:44:41,774 : Train [12|1894400] lr: 0.010000 Loss: 0.0389 Acc: 0.9961 BatchTime: 347.183299
2017-12-19 12:44:51,003 : Train [12|1945600] lr: 0.010000 Loss: 0.0393 Acc: 0.9922 BatchTime: 356.412746
2017-12-19 12:45:00,205 : Train [12|1996800] lr: 0.010000 Loss: 0.0413 Acc: 0.9941 BatchTime: 365.614768
2017-12-19 12:45:09,477 : Train [12|2048000] lr: 0.010000 Loss: 0.0563 Acc: 0.9883 BatchTime: 374.886491
2017-12-19 12:45:18,726 : Train [12|2099200] lr: 0.010000 Loss: 0.0372 Acc: 0.9961 BatchTime: 384.135962
2017-12-19 12:45:28,027 : Train [12|2150400] lr: 0.010000 Loss: 0.0440 Acc: 0.9961 BatchTime: 393.436925
2017-12-19 12:45:37,257 : Train [12|2201600] lr: 0.010000 Loss: 0.0480 Acc: 0.9961 BatchTime: 402.666742
2017-12-19 12:45:46,486 : Train [12|2252800] lr: 0.010000 Loss: 0.0475 Acc: 0.9883 BatchTime: 411.895682
2017-12-19 12:45:55,740 : Train [12|2304000] lr: 0.010000 Loss: 0.0296 Acc: 0.9961 BatchTime: 421.149233
2017-12-19 12:46:04,954 : Train [12|2355200] lr: 0.010000 Loss: 0.0477 Acc: 0.9922 BatchTime: 430.363599
2017-12-19 12:46:14,524 : Train [12|2406400] lr: 0.010000 Loss: 0.0571 Acc: 0.9883 BatchTime: 439.933265
2017-12-19 12:46:47,395 : EvalTotal acc: 0.742827 loss: 1.629378
2017-12-19 12:46:47,396 : -----------------------------------------------------------------
2017-12-19 12:46:59,036 : Train [13|51200] lr: 0.007000 Loss: 0.0242 Acc: 1.0000 BatchTime: 11.639054
2017-12-19 12:47:08,218 : Train [13|102400] lr: 0.007000 Loss: 0.0238 Acc: 0.9980 BatchTime: 20.821511
2017-12-19 12:47:17,538 : Train [13|153600] lr: 0.007000 Loss: 0.0270 Acc: 0.9941 BatchTime: 30.141013
2017-12-19 12:47:26,923 : Train [13|204800] lr: 0.007000 Loss: 0.0250 Acc: 0.9961 BatchTime: 39.526507
2017-12-19 12:47:36,148 : Train [13|256000] lr: 0.007000 Loss: 0.0237 Acc: 0.9980 BatchTime: 48.751043
2017-12-19 12:47:45,595 : Train [13|307200] lr: 0.007000 Loss: 0.0158 Acc: 1.0000 BatchTime: 58.197954
2017-12-19 12:47:54,781 : Train [13|358400] lr: 0.007000 Loss: 0.0277 Acc: 0.9961 BatchTime: 67.383782
2017-12-19 12:48:03,956 : Train [13|409600] lr: 0.007000 Loss: 0.0214 Acc: 0.9980 BatchTime: 76.559028
2017-12-19 12:48:13,211 : Train [13|460800] lr: 0.007000 Loss: 0.0166 Acc: 1.0000 BatchTime: 85.814447
2017-12-19 12:48:22,394 : Train [13|512000] lr: 0.007000 Loss: 0.0172 Acc: 1.0000 BatchTime: 94.996975
2017-12-19 12:48:31,654 : Train [13|563200] lr: 0.007000 Loss: 0.0148 Acc: 1.0000 BatchTime: 104.257179
2017-12-19 12:48:40,823 : Train [13|614400] lr: 0.007000 Loss: 0.0219 Acc: 0.9961 BatchTime: 113.426187
2017-12-19 12:48:50,127 : Train [13|665600] lr: 0.007000 Loss: 0.0286 Acc: 0.9980 BatchTime: 122.729928
2017-12-19 12:48:59,369 : Train [13|716800] lr: 0.007000 Loss: 0.0187 Acc: 0.9980 BatchTime: 131.971998
2017-12-19 12:49:08,577 : Train [13|768000] lr: 0.007000 Loss: 0.0180 Acc: 1.0000 BatchTime: 141.179762
2017-12-19 12:49:17,839 : Train [13|819200] lr: 0.007000 Loss: 0.0201 Acc: 0.9980 BatchTime: 150.442232
2017-12-19 12:49:27,013 : Train [13|870400] lr: 0.007000 Loss: 0.0172 Acc: 1.0000 BatchTime: 159.615774
2017-12-19 12:49:36,303 : Train [13|921600] lr: 0.007000 Loss: 0.0240 Acc: 1.0000 BatchTime: 168.906416
2017-12-19 12:49:45,482 : Train [13|972800] lr: 0.007000 Loss: 0.0259 Acc: 0.9980 BatchTime: 178.085259
2017-12-19 12:49:54,681 : Train [13|1024000] lr: 0.007000 Loss: 0.0144 Acc: 1.0000 BatchTime: 187.284042
2017-12-19 12:50:04,211 : Train [13|1075200] lr: 0.007000 Loss: 0.0240 Acc: 0.9961 BatchTime: 196.814134
2017-12-19 12:50:13,389 : Train [13|1126400] lr: 0.007000 Loss: 0.0183 Acc: 0.9980 BatchTime: 205.992103
2017-12-19 12:50:22,578 : Train [13|1177600] lr: 0.007000 Loss: 0.0153 Acc: 1.0000 BatchTime: 215.181311
2017-12-19 12:50:31,921 : Train [13|1228800] lr: 0.007000 Loss: 0.0237 Acc: 0.9961 BatchTime: 224.523714
2017-12-19 12:50:41,502 : Train [13|1280000] lr: 0.007000 Loss: 0.0256 Acc: 0.9980 BatchTime: 234.104635
2017-12-19 12:50:50,561 : Train [13|1331200] lr: 0.007000 Loss: 0.0223 Acc: 0.9980 BatchTime: 243.164520
2017-12-19 12:50:59,674 : Train [13|1382400] lr: 0.007000 Loss: 0.0356 Acc: 0.9941 BatchTime: 252.277568
2017-12-19 12:51:08,865 : Train [13|1433600] lr: 0.007000 Loss: 0.0147 Acc: 1.0000 BatchTime: 261.468277
2017-12-19 12:51:18,023 : Train [13|1484800] lr: 0.007000 Loss: 0.0133 Acc: 1.0000 BatchTime: 270.626367
2017-12-19 12:51:27,357 : Train [13|1536000] lr: 0.007000 Loss: 0.0227 Acc: 0.9980 BatchTime: 279.959587
2017-12-19 12:51:36,536 : Train [13|1587200] lr: 0.007000 Loss: 0.0136 Acc: 1.0000 BatchTime: 289.138800
2017-12-19 12:51:45,851 : Train [13|1638400] lr: 0.007000 Loss: 0.0159 Acc: 0.9980 BatchTime: 298.453579
2017-12-19 12:51:55,216 : Train [13|1689600] lr: 0.007000 Loss: 0.0202 Acc: 0.9980 BatchTime: 307.818785
2017-12-19 12:52:04,793 : Train [13|1740800] lr: 0.007000 Loss: 0.0181 Acc: 1.0000 BatchTime: 317.396201
2017-12-19 12:52:14,039 : Train [13|1792000] lr: 0.007000 Loss: 0.0170 Acc: 0.9980 BatchTime: 326.641893
2017-12-19 12:52:23,298 : Train [13|1843200] lr: 0.007000 Loss: 0.0183 Acc: 0.9980 BatchTime: 335.901422
2017-12-19 12:52:32,492 : Train [13|1894400] lr: 0.007000 Loss: 0.0176 Acc: 1.0000 BatchTime: 345.095429
2017-12-19 12:52:41,699 : Train [13|1945600] lr: 0.007000 Loss: 0.0128 Acc: 1.0000 BatchTime: 354.302352
2017-12-19 12:52:51,179 : Train [13|1996800] lr: 0.007000 Loss: 0.0132 Acc: 1.0000 BatchTime: 363.781949
2017-12-19 12:53:00,360 : Train [13|2048000] lr: 0.007000 Loss: 0.0316 Acc: 0.9961 BatchTime: 372.963011
2017-12-19 12:53:09,647 : Train [13|2099200] lr: 0.007000 Loss: 0.0163 Acc: 1.0000 BatchTime: 382.250514
2017-12-19 12:53:19,249 : Train [13|2150400] lr: 0.007000 Loss: 0.0138 Acc: 1.0000 BatchTime: 391.852427
2017-12-19 12:53:28,490 : Train [13|2201600] lr: 0.007000 Loss: 0.0317 Acc: 0.9980 BatchTime: 401.092922
2017-12-19 12:53:37,671 : Train [13|2252800] lr: 0.007000 Loss: 0.0226 Acc: 0.9961 BatchTime: 410.273894
2017-12-19 12:53:46,867 : Train [13|2304000] lr: 0.007000 Loss: 0.0215 Acc: 0.9980 BatchTime: 419.469993
2017-12-19 12:53:56,090 : Train [13|2355200] lr: 0.007000 Loss: 0.0211 Acc: 0.9980 BatchTime: 428.693348
2017-12-19 12:54:05,388 : Train [13|2406400] lr: 0.007000 Loss: 0.0225 Acc: 0.9961 BatchTime: 437.991086
2017-12-19 12:54:38,709 : EvalTotal acc: 0.763161 loss: 1.509218
2017-12-19 12:54:38,710 : -----------------------------------------------------------------
2017-12-19 12:54:50,689 : Train [14|51200] lr: 0.007000 Loss: 0.0235 Acc: 0.9961 BatchTime: 11.977559
2017-12-19 12:54:59,897 : Train [14|102400] lr: 0.007000 Loss: 0.0162 Acc: 0.9980 BatchTime: 21.186447
2017-12-19 12:55:09,105 : Train [14|153600] lr: 0.007000 Loss: 0.0142 Acc: 0.9980 BatchTime: 30.393919
2017-12-19 12:55:18,418 : Train [14|204800] lr: 0.007000 Loss: 0.0124 Acc: 1.0000 BatchTime: 39.707395
2017-12-19 12:55:27,774 : Train [14|256000] lr: 0.007000 Loss: 0.0140 Acc: 1.0000 BatchTime: 49.062601
2017-12-19 12:55:37,222 : Train [14|307200] lr: 0.007000 Loss: 0.0143 Acc: 0.9980 BatchTime: 58.510858
2017-12-19 12:55:46,428 : Train [14|358400] lr: 0.007000 Loss: 0.0159 Acc: 1.0000 BatchTime: 67.717575
2017-12-19 12:55:55,572 : Train [14|409600] lr: 0.007000 Loss: 0.0158 Acc: 1.0000 BatchTime: 76.861456
2017-12-19 12:56:05,154 : Train [14|460800] lr: 0.007000 Loss: 0.0214 Acc: 0.9980 BatchTime: 86.443560
2017-12-19 12:56:14,307 : Train [14|512000] lr: 0.007000 Loss: 0.0128 Acc: 1.0000 BatchTime: 95.596134
2017-12-19 12:56:23,353 : Train [14|563200] lr: 0.007000 Loss: 0.0193 Acc: 0.9980 BatchTime: 104.641787
2017-12-19 12:56:32,446 : Train [14|614400] lr: 0.007000 Loss: 0.0155 Acc: 1.0000 BatchTime: 113.734799
2017-12-19 12:56:41,675 : Train [14|665600] lr: 0.007000 Loss: 0.0189 Acc: 0.9980 BatchTime: 122.964264
2017-12-19 12:56:50,850 : Train [14|716800] lr: 0.007000 Loss: 0.0102 Acc: 1.0000 BatchTime: 132.139461
2017-12-19 12:57:00,084 : Train [14|768000] lr: 0.007000 Loss: 0.0111 Acc: 1.0000 BatchTime: 141.372803
2017-12-19 12:57:09,261 : Train [14|819200] lr: 0.007000 Loss: 0.0100 Acc: 1.0000 BatchTime: 150.550037
2017-12-19 12:57:18,749 : Train [14|870400] lr: 0.007000 Loss: 0.0125 Acc: 1.0000 BatchTime: 160.037590
2017-12-19 12:57:27,936 : Train [14|921600] lr: 0.007000 Loss: 0.0220 Acc: 0.9980 BatchTime: 169.224795
2017-12-19 12:57:37,062 : Train [14|972800] lr: 0.007000 Loss: 0.0122 Acc: 1.0000 BatchTime: 178.351244
2017-12-19 12:57:46,218 : Train [14|1024000] lr: 0.007000 Loss: 0.0188 Acc: 0.9980 BatchTime: 187.506743
2017-12-19 12:57:55,426 : Train [14|1075200] lr: 0.007000 Loss: 0.0152 Acc: 1.0000 BatchTime: 196.715556
2017-12-19 12:58:04,639 : Train [14|1126400] lr: 0.007000 Loss: 0.0276 Acc: 0.9961 BatchTime: 205.927544
2017-12-19 12:58:13,802 : Train [14|1177600] lr: 0.007000 Loss: 0.0134 Acc: 1.0000 BatchTime: 215.090970
2017-12-19 12:58:23,012 : Train [14|1228800] lr: 0.007000 Loss: 0.0142 Acc: 1.0000 BatchTime: 224.301299
2017-12-19 12:58:32,227 : Train [14|1280000] lr: 0.007000 Loss: 0.0122 Acc: 1.0000 BatchTime: 233.516548
2017-12-19 12:58:41,366 : Train [14|1331200] lr: 0.007000 Loss: 0.0170 Acc: 0.9980 BatchTime: 242.655565
2017-12-19 12:58:50,577 : Train [14|1382400] lr: 0.007000 Loss: 0.0191 Acc: 0.9961 BatchTime: 251.866411
2017-12-19 12:58:59,808 : Train [14|1433600] lr: 0.007000 Loss: 0.0138 Acc: 1.0000 BatchTime: 261.097544
2017-12-19 12:59:09,261 : Train [14|1484800] lr: 0.007000 Loss: 0.0287 Acc: 0.9961 BatchTime: 270.550344
2017-12-19 12:59:18,391 : Train [14|1536000] lr: 0.007000 Loss: 0.0163 Acc: 1.0000 BatchTime: 279.680343
2017-12-19 12:59:27,620 : Train [14|1587200] lr: 0.007000 Loss: 0.0157 Acc: 0.9980 BatchTime: 288.908993
2017-12-19 12:59:36,870 : Train [14|1638400] lr: 0.007000 Loss: 0.0205 Acc: 0.9980 BatchTime: 298.159305
2017-12-19 12:59:46,304 : Train [14|1689600] lr: 0.007000 Loss: 0.0124 Acc: 1.0000 BatchTime: 307.593108
2017-12-19 12:59:55,474 : Train [14|1740800] lr: 0.007000 Loss: 0.0213 Acc: 0.9980 BatchTime: 316.763224
2017-12-19 13:00:04,844 : Train [14|1792000] lr: 0.007000 Loss: 0.0130 Acc: 1.0000 BatchTime: 326.133114
2017-12-19 13:00:14,168 : Train [14|1843200] lr: 0.007000 Loss: 0.0134 Acc: 1.0000 BatchTime: 335.457470
2017-12-19 13:00:23,387 : Train [14|1894400] lr: 0.007000 Loss: 0.0194 Acc: 0.9980 BatchTime: 344.675827
2017-12-19 13:00:32,600 : Train [14|1945600] lr: 0.007000 Loss: 0.0109 Acc: 1.0000 BatchTime: 353.888656
2017-12-19 13:00:41,874 : Train [14|1996800] lr: 0.007000 Loss: 0.0109 Acc: 1.0000 BatchTime: 363.163205
2017-12-19 13:00:51,143 : Train [14|2048000] lr: 0.007000 Loss: 0.0164 Acc: 1.0000 BatchTime: 372.432572
2017-12-19 13:01:00,328 : Train [14|2099200] lr: 0.007000 Loss: 0.0128 Acc: 1.0000 BatchTime: 381.617318
2017-12-19 13:01:09,577 : Train [14|2150400] lr: 0.007000 Loss: 0.0186 Acc: 0.9980 BatchTime: 390.865787
2017-12-19 13:01:18,971 : Train [14|2201600] lr: 0.007000 Loss: 0.0116 Acc: 1.0000 BatchTime: 400.259999
2017-12-19 13:01:28,124 : Train [14|2252800] lr: 0.007000 Loss: 0.0125 Acc: 1.0000 BatchTime: 409.412848
2017-12-19 13:01:37,201 : Train [14|2304000] lr: 0.007000 Loss: 0.0116 Acc: 1.0000 BatchTime: 418.490333
2017-12-19 13:01:46,519 : Train [14|2355200] lr: 0.007000 Loss: 0.0197 Acc: 0.9980 BatchTime: 427.808112
2017-12-19 13:01:55,789 : Train [14|2406400] lr: 0.007000 Loss: 0.0114 Acc: 1.0000 BatchTime: 437.077953
2017-12-19 13:02:28,258 : EvalTotal acc: 0.764257 loss: 1.528027
2017-12-19 13:02:28,259 : -----------------------------------------------------------------
2017-12-19 13:02:40,216 : Train [15|51200] lr: 0.007000 Loss: 0.0097 Acc: 1.0000 BatchTime: 11.956280
2017-12-19 13:02:49,525 : Train [15|102400] lr: 0.007000 Loss: 0.0180 Acc: 0.9980 BatchTime: 21.265830
2017-12-19 13:02:58,724 : Train [15|153600] lr: 0.007000 Loss: 0.0142 Acc: 0.9980 BatchTime: 30.464837
2017-12-19 13:03:07,935 : Train [15|204800] lr: 0.007000 Loss: 0.0097 Acc: 1.0000 BatchTime: 39.675883
2017-12-19 13:03:17,085 : Train [15|256000] lr: 0.007000 Loss: 0.0096 Acc: 1.0000 BatchTime: 48.825625
2017-12-19 13:03:26,428 : Train [15|307200] lr: 0.007000 Loss: 0.0086 Acc: 1.0000 BatchTime: 58.168549
2017-12-19 13:03:35,644 : Train [15|358400] lr: 0.007000 Loss: 0.0127 Acc: 0.9980 BatchTime: 67.384793
2017-12-19 13:03:44,990 : Train [15|409600] lr: 0.007000 Loss: 0.0158 Acc: 0.9980 BatchTime: 76.730283
2017-12-19 13:03:54,184 : Train [15|460800] lr: 0.007000 Loss: 0.0100 Acc: 1.0000 BatchTime: 85.924863
2017-12-19 13:04:03,321 : Train [15|512000] lr: 0.007000 Loss: 0.0100 Acc: 1.0000 BatchTime: 95.061779
2017-12-19 13:04:12,692 : Train [15|563200] lr: 0.007000 Loss: 0.0128 Acc: 1.0000 BatchTime: 104.432834
2017-12-19 13:04:22,013 : Train [15|614400] lr: 0.007000 Loss: 0.0099 Acc: 1.0000 BatchTime: 113.753272
2017-12-19 13:04:31,188 : Train [15|665600] lr: 0.007000 Loss: 0.0357 Acc: 0.9961 BatchTime: 122.928767
2017-12-19 13:04:40,524 : Train [15|716800] lr: 0.007000 Loss: 0.0208 Acc: 0.9980 BatchTime: 132.264323
2017-12-19 13:04:49,849 : Train [15|768000] lr: 0.007000 Loss: 0.0100 Acc: 1.0000 BatchTime: 141.589034
2017-12-19 13:04:59,081 : Train [15|819200] lr: 0.007000 Loss: 0.0085 Acc: 1.0000 BatchTime: 150.821120
2017-12-19 13:05:08,275 : Train [15|870400] lr: 0.007000 Loss: 0.0107 Acc: 1.0000 BatchTime: 160.015179
2017-12-19 13:05:17,515 : Train [15|921600] lr: 0.007000 Loss: 0.0197 Acc: 0.9980 BatchTime: 169.255378
2017-12-19 13:05:26,733 : Train [15|972800] lr: 0.007000 Loss: 0.0085 Acc: 1.0000 BatchTime: 178.473730
2017-12-19 13:05:36,215 : Train [15|1024000] lr: 0.007000 Loss: 0.0216 Acc: 0.9980 BatchTime: 187.955543
2017-12-19 13:05:45,467 : Train [15|1075200] lr: 0.007000 Loss: 0.0102 Acc: 1.0000 BatchTime: 197.207632
2017-12-19 13:05:54,800 : Train [15|1126400] lr: 0.007000 Loss: 0.0261 Acc: 0.9961 BatchTime: 206.540623
2017-12-19 13:06:04,033 : Train [15|1177600] lr: 0.007000 Loss: 0.0099 Acc: 1.0000 BatchTime: 215.773989
2017-12-19 13:06:13,212 : Train [15|1228800] lr: 0.007000 Loss: 0.0096 Acc: 1.0000 BatchTime: 224.952173
2017-12-19 13:06:22,407 : Train [15|1280000] lr: 0.007000 Loss: 0.0158 Acc: 0.9980 BatchTime: 234.147336
2017-12-19 13:06:31,578 : Train [15|1331200] lr: 0.007000 Loss: 0.0171 Acc: 0.9980 BatchTime: 243.319025
2017-12-19 13:06:40,895 : Train [15|1382400] lr: 0.007000 Loss: 0.0115 Acc: 0.9980 BatchTime: 252.635484
2017-12-19 13:06:50,167 : Train [15|1433600] lr: 0.007000 Loss: 0.0096 Acc: 1.0000 BatchTime: 261.907394
2017-12-19 13:06:59,326 : Train [15|1484800] lr: 0.007000 Loss: 0.0117 Acc: 1.0000 BatchTime: 271.066837
2017-12-19 13:07:08,553 : Train [15|1536000] lr: 0.007000 Loss: 0.0091 Acc: 1.0000 BatchTime: 280.293366
2017-12-19 13:07:17,845 : Train [15|1587200] lr: 0.007000 Loss: 0.0094 Acc: 1.0000 BatchTime: 289.585902
2017-12-19 13:07:27,057 : Train [15|1638400] lr: 0.007000 Loss: 0.0075 Acc: 1.0000 BatchTime: 298.797155
2017-12-19 13:07:36,400 : Train [15|1689600] lr: 0.007000 Loss: 0.0236 Acc: 0.9980 BatchTime: 308.140622
2017-12-19 13:07:45,627 : Train [15|1740800] lr: 0.007000 Loss: 0.0107 Acc: 1.0000 BatchTime: 317.367751
2017-12-19 13:07:54,875 : Train [15|1792000] lr: 0.007000 Loss: 0.0310 Acc: 0.9961 BatchTime: 326.615467
2017-12-19 13:08:04,206 : Train [15|1843200] lr: 0.007000 Loss: 0.0196 Acc: 0.9980 BatchTime: 335.946980
2017-12-19 13:08:13,568 : Train [15|1894400] lr: 0.007000 Loss: 0.0133 Acc: 0.9980 BatchTime: 345.308469
2017-12-19 13:08:23,137 : Train [15|1945600] lr: 0.007000 Loss: 0.0109 Acc: 1.0000 BatchTime: 354.877921
2017-12-19 13:08:32,319 : Train [15|1996800] lr: 0.007000 Loss: 0.0212 Acc: 0.9980 BatchTime: 364.059985
2017-12-19 13:08:41,558 : Train [15|2048000] lr: 0.007000 Loss: 0.0171 Acc: 0.9980 BatchTime: 373.298144
2017-12-19 13:08:50,795 : Train [15|2099200] lr: 0.007000 Loss: 0.0201 Acc: 0.9980 BatchTime: 382.535595
2017-12-19 13:09:00,232 : Train [15|2150400] lr: 0.007000 Loss: 0.0108 Acc: 0.9980 BatchTime: 391.972628
2017-12-19 13:09:09,453 : Train [15|2201600] lr: 0.007000 Loss: 0.0100 Acc: 1.0000 BatchTime: 401.193685
2017-12-19 13:09:18,697 : Train [15|2252800] lr: 0.007000 Loss: 0.0096 Acc: 1.0000 BatchTime: 410.437781
2017-12-19 13:09:27,948 : Train [15|2304000] lr: 0.007000 Loss: 0.0100 Acc: 1.0000 BatchTime: 419.688651
2017-12-19 13:09:37,300 : Train [15|2355200] lr: 0.007000 Loss: 0.0117 Acc: 1.0000 BatchTime: 429.041014
2017-12-19 13:09:46,498 : Train [15|2406400] lr: 0.007000 Loss: 0.0085 Acc: 1.0000 BatchTime: 438.238574
2017-12-19 13:10:19,005 : EvalTotal acc: 0.765635 loss: 1.522317
2017-12-19 13:10:19,006 : -----------------------------------------------------------------
2017-12-19 13:10:30,746 : Train [16|51200] lr: 0.007000 Loss: 0.0098 Acc: 1.0000 BatchTime: 11.739150
2017-12-19 13:10:39,872 : Train [16|102400] lr: 0.007000 Loss: 0.0080 Acc: 1.0000 BatchTime: 20.864562
2017-12-19 13:10:49,112 : Train [16|153600] lr: 0.007000 Loss: 0.0108 Acc: 1.0000 BatchTime: 30.104659
2017-12-19 13:10:58,509 : Train [16|204800] lr: 0.007000 Loss: 0.0134 Acc: 0.9980 BatchTime: 39.501746
2017-12-19 13:11:07,703 : Train [16|256000] lr: 0.007000 Loss: 0.0086 Acc: 1.0000 BatchTime: 48.696158
2017-12-19 13:11:16,863 : Train [16|307200] lr: 0.007000 Loss: 0.0099 Acc: 1.0000 BatchTime: 57.856118
2017-12-19 13:11:26,026 : Train [16|358400] lr: 0.007000 Loss: 0.0099 Acc: 1.0000 BatchTime: 67.018681
2017-12-19 13:11:35,394 : Train [16|409600] lr: 0.007000 Loss: 0.0096 Acc: 0.9980 BatchTime: 76.386463
2017-12-19 13:11:44,588 : Train [16|460800] lr: 0.007000 Loss: 0.0072 Acc: 1.0000 BatchTime: 85.580885
2017-12-19 13:11:53,952 : Train [16|512000] lr: 0.007000 Loss: 0.0096 Acc: 1.0000 BatchTime: 94.944598
2017-12-19 13:12:03,117 : Train [16|563200] lr: 0.007000 Loss: 0.0159 Acc: 0.9980 BatchTime: 104.110055
2017-12-19 13:12:12,259 : Train [16|614400] lr: 0.007000 Loss: 0.0092 Acc: 1.0000 BatchTime: 113.252261
2017-12-19 13:12:21,346 : Train [16|665600] lr: 0.007000 Loss: 0.0106 Acc: 1.0000 BatchTime: 122.339072
2017-12-19 13:12:30,801 : Train [16|716800] lr: 0.007000 Loss: 0.0067 Acc: 1.0000 BatchTime: 131.793555
2017-12-19 13:12:40,015 : Train [16|768000] lr: 0.007000 Loss: 0.0141 Acc: 0.9980 BatchTime: 141.007698
2017-12-19 13:12:49,208 : Train [16|819200] lr: 0.007000 Loss: 0.0093 Acc: 1.0000 BatchTime: 150.200703
2017-12-19 13:12:58,542 : Train [16|870400] lr: 0.007000 Loss: 0.0087 Acc: 1.0000 BatchTime: 159.534936
2017-12-19 13:13:07,872 : Train [16|921600] lr: 0.007000 Loss: 0.0075 Acc: 1.0000 BatchTime: 168.864545
2017-12-19 13:13:17,417 : Train [16|972800] lr: 0.007000 Loss: 0.0070 Acc: 1.0000 BatchTime: 178.409501
2017-12-19 13:13:26,905 : Train [16|1024000] lr: 0.007000 Loss: 0.0074 Acc: 1.0000 BatchTime: 187.898133
2017-12-19 13:13:36,563 : Train [16|1075200] lr: 0.007000 Loss: 0.0081 Acc: 1.0000 BatchTime: 197.556186
2017-12-19 13:13:45,814 : Train [16|1126400] lr: 0.007000 Loss: 0.0241 Acc: 0.9961 BatchTime: 206.806595
2017-12-19 13:13:55,042 : Train [16|1177600] lr: 0.007000 Loss: 0.0234 Acc: 0.9980 BatchTime: 216.034755
2017-12-19 13:14:04,344 : Train [16|1228800] lr: 0.007000 Loss: 0.0066 Acc: 1.0000 BatchTime: 225.336595
2017-12-19 13:14:13,542 : Train [16|1280000] lr: 0.007000 Loss: 0.0161 Acc: 0.9980 BatchTime: 234.534508
2017-12-19 13:14:22,768 : Train [16|1331200] lr: 0.007000 Loss: 0.0209 Acc: 0.9980 BatchTime: 243.760722
2017-12-19 13:14:31,950 : Train [16|1382400] lr: 0.007000 Loss: 0.0120 Acc: 0.9980 BatchTime: 252.942966
2017-12-19 13:14:41,303 : Train [16|1433600] lr: 0.007000 Loss: 0.0080 Acc: 1.0000 BatchTime: 262.296094
2017-12-19 13:14:50,508 : Train [16|1484800] lr: 0.007000 Loss: 0.0151 Acc: 0.9980 BatchTime: 271.501092
